
> restaurant-os-client@6.0.3 typecheck
> tsc -p tsconfig.json --noEmit


> restaurant-os-server@6.0.3 typecheck
> tsc -p tsconfig.json --noEmit

src/ai/functions/realtime-menu-tools.test.ts(19,11): error TS6133: '_mockContext' is declared but its value is never read.
src/ai/functions/realtime-menu-tools.test.ts(30,13): error TS6133: '_mockStoreData' is declared but its value is never read.
src/ai/functions/realtime-menu-tools.test.ts(45,13): error TS6133: '_mockStoreData' is declared but its value is never read.
src/ai/functions/realtime-menu-tools.ts(211,17): error TS2532: Object is possibly 'undefined'.
src/config/environment.ts(86,5): error TS2375: Type '{ apiKey: string | undefined; }' is not assignable to type '{ apiKey?: string; }' with 'exactOptionalPropertyTypes: true'. Consider adding 'undefined' to the types of the target's properties.
  Types of property 'apiKey' are incompatible.
    Type 'string | undefined' is not assignable to type 'string'.
      Type 'undefined' is not assignable to type 'string'.
src/middleware/__tests__/auth.test.ts(38,5): error TS2322: Type 'Mock<[deferToNext: "route"], void>' is not assignable to type 'NextFunction'.
  Types of parameters 'deferToNext' and 'deferToNext' are incompatible.
    Type '"router"' is not assignable to type '"route"'.
src/middleware/__tests__/restaurantAccess.test.ts(20,5): error TS2375: Type '{ headers: {}; user: undefined; restaurantId: undefined; }' is not assignable to type 'Partial<AuthenticatedRequest>' with 'exactOptionalPropertyTypes: true'. Consider adding 'undefined' to the types of the target's properties.
  Types of property 'user' are incompatible.
    Type 'undefined' is not assignable to type '{ id: string; email?: string; role?: string; scopes?: string[]; restaurant_id?: string; }'.
src/middleware/__tests__/restaurantAccess.test.ts(187,7): error TS2412: Type 'undefined' is not assignable to type 'string' with 'exactOptionalPropertyTypes: true'. Consider adding 'undefined' to the type of the target.
src/middleware/authRateLimiter.ts(235,9): error TS6133: 'oneHourAgo' is declared but its value is never read.
src/middleware/errorHandler.ts(19,5): error TS2412: Type 'string | undefined' is not assignable to type 'string' with 'exactOptionalPropertyTypes: true'. Consider adding 'undefined' to the type of the target.
  Type 'undefined' is not assignable to type 'string'.
src/middleware/metrics.ts(50,8): error TS7017: Element implicitly has an 'any' type because type 'typeof globalThis' has no index signature.
src/middleware/rateLimiter.ts(19,10): error TS6133: 'req' is declared but its value is never read.
src/middleware/rateLimiter.ts(33,10): error TS6133: 'req' is declared but its value is never read.
src/middleware/rateLimiter.ts(68,10): error TS6133: 'req' is declared but its value is never read.
src/middleware/rateLimiter.ts(90,10): error TS6133: 'req' is declared but its value is never read.
src/middleware/security.ts(16,33): error TS6133: 'req' is declared but its value is never read.
src/middleware/security.ts(33,25): error TS6133: 'req' is declared but its value is never read.
src/middleware/security.ts(90,10): error TS7030: Not all code paths return a value.
src/middleware/security.ts(122,21): error TS2345: Argument of type 'string | undefined' is not assignable to parameter of type 'string'.
  Type 'undefined' is not assignable to type 'string'.
src/middleware/security.ts(208,41): error TS7030: Not all code paths return a value.
src/middleware/validate.ts(5,3): error TS7030: Not all code paths return a value.
src/routes/__tests__/orders.rctx.test.ts(5,8): error TS1192: Module '"/Users/mikeyoung/CODING/rebuild-6.0/server/src/routes/orders.routes"' has no default export.
src/routes/__tests__/orders.rctx.test.ts(8,1): error TS6133: 'rateLimiter' is declared but its value is never read.
src/routes/__tests__/orders.rctx.test.ts(8,10): error TS2724: '"../../middleware/rateLimiter"' has no exported member named 'rateLimiter'. Did you mean 'authLimiter'?
src/routes/__tests__/payments.test.ts(4,1): error TS6133: 'jwt' is declared but its value is never read.
src/routes/__tests__/payments.test.ts(46,24): error TS6133: 'res' is declared but its value is never read.
src/routes/__tests__/payments.test.ts(99,51): error TS2554: Expected 1 arguments, but got 0.
src/routes/__tests__/payments.test.ts(193,26): error TS6133: 'res' is declared but its value is never read.
src/routes/__tests__/payments.test.ts(217,32): error TS2339: Property 'getPaymentDetails' does not exist on type 'typeof PaymentService'.
src/routes/__tests__/payments.test.ts(237,26): error TS6133: 'res' is declared but its value is never read.
src/routes/__tests__/payments.test.ts(262,26): error TS6133: 'res' is declared but its value is never read.
src/routes/__tests__/payments.test.ts(275,32): error TS2339: Property 'processRefund' does not exist on type 'typeof PaymentService'.
src/routes/__tests__/payments.test.ts(323,32): error TS2339: Property 'verifyWebhookSignature' does not exist on type 'typeof PaymentService'.
src/routes/__tests__/payments.test.ts(324,32): error TS2339: Property 'processWebhook' does not exist on type 'typeof PaymentService'.
src/routes/__tests__/payments.test.ts(332,29): error TS2339: Property 'verifyWebhookSignature' does not exist on type 'typeof PaymentService'.
src/routes/__tests__/payments.test.ts(339,32): error TS2339: Property 'verifyWebhookSignature' does not exist on type 'typeof PaymentService'.
src/routes/__tests__/rctx-comprehensive.test.ts(7,8): error TS1192: Module '"/Users/mikeyoung/CODING/rebuild-6.0/server/src/routes/menu.routes"' has no default export.
src/routes/__tests__/rctx-comprehensive.test.ts(8,8): error TS1192: Module '"/Users/mikeyoung/CODING/rebuild-6.0/server/src/routes/tables.routes"' has no default export.
src/routes/__tests__/rctx-comprehensive.test.ts(9,8): error TS1192: Module '"/Users/mikeyoung/CODING/rebuild-6.0/server/src/routes/restaurants.routes"' has no default export.
src/routes/__tests__/rctx-comprehensive.test.ts(10,8): error TS1192: Module '"/Users/mikeyoung/CODING/rebuild-6.0/server/src/routes/auth.routes"' has no default export.
src/routes/__tests__/rctx-comprehensive.test.ts(11,8): error TS1192: Module '"/Users/mikeyoung/CODING/rebuild-6.0/server/src/routes/realtime.routes"' has no default export.
src/routes/__tests__/rctx-comprehensive.test.ts(12,8): error TS1192: Module '"/Users/mikeyoung/CODING/rebuild-6.0/server/src/routes/terminal.routes"' has no default export.
src/routes/__tests__/security.test.ts(52,32): error TS4111: Property 'SUPABASE_JWT_SECRET' comes from an index signature, so it must be accessed with ['SUPABASE_JWT_SECRET'].
src/routes/__tests__/security.test.ts(124,39): error TS4111: Property 'NODE_ENV' comes from an index signature, so it must be accessed with ['NODE_ENV'].
src/routes/__tests__/security.test.ts(125,19): error TS4111: Property 'NODE_ENV' comes from an index signature, so it must be accessed with ['NODE_ENV'].
src/routes/__tests__/security.test.ts(133,19): error TS4111: Property 'NODE_ENV' comes from an index signature, so it must be accessed with ['NODE_ENV'].
src/routes/__tests__/security.test.ts(145,21): error TS4111: Property 'SUPABASE_JWT_SECRET' comes from an index signature, so it must be accessed with ['SUPABASE_JWT_SECRET'].
src/routes/__tests__/security.test.ts(154,21): error TS4111: Property 'SUPABASE_JWT_SECRET' comes from an index signature, so it must be accessed with ['SUPABASE_JWT_SECRET'].
src/routes/__tests__/security.test.ts(275,21): error TS4111: Property 'SUPABASE_JWT_SECRET' comes from an index signature, so it must be accessed with ['SUPABASE_JWT_SECRET'].
src/routes/ai.routes.ts(68,40): error TS2339: Property 'restaurantId' does not exist on type '{ menu?: { id: string; name: string; price: number; category: string; description?: string; }[]; }'.
src/routes/ai.routes.ts(329,40): error TS2339: Property 'respond' does not exist on type 'Chat'.
src/routes/ai.routes.ts(480,36): error TS2339: Property 'respond' does not exist on type 'Chat'.
src/routes/ai.routes.ts(603,24): error TS2339: Property 'duration' does not exist on type 'TranscriptionResult'.
src/routes/auth.routes.ts(8,30): error TS6133: 'validateStationToken' is declared but its value is never read.
src/routes/auth.routes.ts(17,7): error TS6133: 'config' is declared but its value is never read.
src/routes/auth.routes.ts(343,35): error TS6133: 'profileError' is declared but its value is never read.
src/routes/auth.routes.ts(350,36): error TS6133: 'roleError' is declared but its value is never read.
src/routes/health.routes.ts(117,11): error TS2375: Type '{ status: "healthy"; timestamp: string; uptime: number; environment: string; version: string | undefined; services: { database: { status: "error" | "connected" | "disconnected"; latency?: number; error?: string; }; cache: { ...; }; ai: { ...; }; }; }' is not assignable to type 'HealthStatus' with 'exactOptionalPropertyTypes: true'. Consider adding 'undefined' to the types of the target's properties.
  Types of property 'version' are incompatible.
    Type 'string | undefined' is not assignable to type 'string'.
      Type 'undefined' is not assignable to type 'string'.
src/routes/orders.routes.ts(10,30): error TS2307: Cannot find module 'shared/contracts/order' or its corresponding type declarations.
src/routes/orders.routes.ts(31,64): error TS2379: Argument of type '{ status: OrderStatus | undefined; type: OrderType | undefined; startDate: string; endDate: string; limit: number; offset: number; }' is not assignable to parameter of type 'OrderFilters' with 'exactOptionalPropertyTypes: true'. Consider adding 'undefined' to the types of the target's properties.
  Types of property 'type' are incompatible.
    Type 'OrderType | undefined' is not assignable to type 'OrderType | OrderType[]'.
      Type 'undefined' is not assignable to type 'OrderType | OrderType[]'.
src/routes/payments.routes.ts(12,32): error TS2307: Cannot find module 'shared/contracts/payment' or its corresponding type declarations.
src/routes/realtime.routes.ts(32,26): error TS2551: Property 'category' does not exist on type 'MenuItem'. Did you mean 'categoryId'?
src/routes/realtime.routes.ts(40,11): error TS2532: Object is possibly 'undefined'.
src/routes/realtime.routes.ts(49,15): error TS6133: 'allergenNotes' is declared but its value is never read.
src/routes/realtime.routes.ts(139,7): error TS2698: Spread types may only be created from object types.
src/routes/realtime.routes.ts(146,18): error TS18046: 'data' is of type 'unknown'.
src/routes/security.routes.ts(15,24): error TS2554: Expected 1 arguments, but got 2.
src/routes/security.routes.ts(37,24): error TS2554: Expected 1 arguments, but got 2.
src/routes/security.routes.ts(38,4): error TS6133: 'req' is declared but its value is never read.
src/routes/security.routes.ts(51,15): error TS2345: Argument of type 'string' is not assignable to parameter of type 'string[]'.
src/routes/security.routes.ts(52,3): error TS7030: Not all code paths return a value.
src/routes/security.routes.ts(83,15): error TS2345: Argument of type 'string' is not assignable to parameter of type 'string[]'.
src/routes/security.routes.ts(84,4): error TS6133: 'req' is declared but its value is never read.
src/routes/tables.routes.ts(1,18): error TS6133: 'Request' is declared but its value is never read.
src/routes/tables.routes.ts(6,10): error TS6133: 'Table' is declared but its value is never read.
src/routes/tables.routes.ts(154,17): error TS4111: Property 'x_pos' comes from an index signature, so it must be accessed with ['x_pos'].
src/routes/tables.routes.ts(155,24): error TS4111: Property 'x' comes from an index signature, so it must be accessed with ['x'].
src/routes/tables.routes.ts(158,17): error TS4111: Property 'y_pos' comes from an index signature, so it must be accessed with ['y_pos'].
src/routes/tables.routes.ts(159,24): error TS4111: Property 'y' comes from an index signature, so it must be accessed with ['y'].
src/routes/tables.routes.ts(162,17): error TS4111: Property 'shape' comes from an index signature, so it must be accessed with ['shape'].
src/routes/tables.routes.ts(163,24): error TS4111: Property 'type' comes from an index signature, so it must be accessed with ['type'].
src/routes/tables.routes.ts(232,15): error TS4111: Property 'current_order_id' comes from an index signature, so it must be accessed with ['current_order_id'].
src/routes/tables.routes.ts(234,15): error TS4111: Property 'current_order_id' comes from an index signature, so it must be accessed with ['current_order_id'].
src/routes/tables.routes.ts(313,21): error TS4111: Property 'x_pos' comes from an index signature, so it must be accessed with ['x_pos'].
src/routes/tables.routes.ts(314,28): error TS4111: Property 'x' comes from an index signature, so it must be accessed with ['x'].
src/routes/tables.routes.ts(317,21): error TS4111: Property 'y_pos' comes from an index signature, so it must be accessed with ['y_pos'].
src/routes/tables.routes.ts(318,28): error TS4111: Property 'y' comes from an index signature, so it must be accessed with ['y'].
src/routes/tables.routes.ts(321,21): error TS4111: Property 'shape' comes from an index signature, so it must be accessed with ['shape'].
src/routes/tables.routes.ts(322,28): error TS4111: Property 'type' comes from an index signature, so it must be accessed with ['type'].
src/routes/tables.routes.ts(371,16): error TS18046: 'error' is of type 'unknown'.
src/routes/tables.routes.ts(372,16): error TS18046: 'error' is of type 'unknown'.
src/routes/tables.routes.ts(378,18): error TS18046: 'error' is of type 'unknown'.
src/routes/terminal.routes.ts(116,9): error TS2322: Type 'Response<any, Record<string, any>, number>' is not assignable to type 'void'.
src/routes/terminal.routes.ts(144,9): error TS2322: Type 'Response<any, Record<string, any>, number>' is not assignable to type 'void'.
src/routes/terminal.routes.ts(155,59): error TS2551: Property 'paymentsApi' does not exist on type 'SquareClient'. Did you mean 'payments'?
src/routes/terminal.routes.ts(184,9): error TS2322: Type 'Response<any, Record<string, any>, number>' is not assignable to type 'void'.
src/routes/terminal.routes.ts(231,9): error TS2322: Type 'Response<any, Record<string, any>, number>' is not assignable to type 'void'.
src/routes/terminal.routes.ts(313,71): error TS6133: 'req' is declared but its value is never read.
src/routes/terminal.routes.ts(318,44): error TS2339: Property 'listDeviceCodes' does not exist on type 'Terminal'.
src/routes/terminal.routes.ts(330,30): error TS7006: Parameter 'device' implicitly has an 'any' type.
src/routes/terminal.routes.ts(347,9): error TS2322: Type 'Response<any, Record<string, any>, number>' is not assignable to type 'void'.
src/server.ts(12,1): error TS6133: 'helmet' is declared but its value is never read.
src/server.ts(32,25): error TS6133: 'securityMonitor' is declared but its value is never read.
src/server.ts(33,27): error TS6133: 'strictSanitize' is declared but its value is never read.
src/services/ai.service.ts(3,14): error TS6133: 'checkAIHealth' is declared but its value is never read.
src/services/ai.service.ts(89,45): error TS6133: 'restaurantId' is declared but its value is never read.
src/services/ai.service.ts(208,68): error TS6133: 'restaurantId' is declared but its value is never read.
src/services/ai.service.ts(255,42): error TS2339: Property 'respond' does not exist on type 'Chat'.
src/services/ai.service.ts(300,9): error TS2322: Type 'MenuItem[]' is not assignable to type '{ id: string; name: string; price: number; category: string; description?: string; }[]'.
  Property 'category' is missing in type 'MenuItem' but required in type '{ id: string; name: string; price: number; category: string; description?: string; }'.
src/services/ai.service.ts(319,38): error TS2339: Property 'respond' does not exist on type 'Chat'.
src/services/auth/pinAuth.test.ts(3,10): error TS2305: Module '"./pinAuth"' has no exported member 'PinAuthService'.
src/services/auth/pinAuth.ts(235,9): error TS2375: Type '{ isValid: true; userId: any; userEmail: string | undefined; role: any; restaurantId: string; }' is not assignable to type 'PinValidationResult' with 'exactOptionalPropertyTypes: true'. Consider adding 'undefined' to the types of the target's properties.
  Types of property 'userEmail' are incompatible.
    Type 'string | undefined' is not assignable to type 'string'.
      Type 'undefined' is not assignable to type 'string'.
src/services/auth/pinAuth.ts(238,23): error TS2352: Conversion of type '{ id: any; user_id: any; pin_hash: any; salt: any; attempts: any; locked_until: any; users: { id: any; email: any; }[]; }' to type '{ users?: { email: string; }; }' may be a mistake because neither type sufficiently overlaps with the other. If this was intentional, convert the expression to 'unknown' first.
  Types of property 'users' are incompatible.
    Property 'email' is missing in type '{ id: any; email: any; }[]' but required in type '{ email: string; }'.
src/services/auth/pinAuth.ts(254,19): error TS4111: Property 'locked_until' comes from an index signature, so it must be accessed with ['locked_until'].
src/services/menu.service.ts(6,23): error TS6133: 'mapMenuCategory' is declared but its value is never read.
src/services/OrderMatchingService.ts(19,14): error TS2322: Type '{ draftName: string; quantity: number; modifications: string[] | undefined; specialInstructions: string | undefined; candidates: { menuItemId: string; name: string; score: number; }[]; }[]' is not assignable to type 'Candidate[]'.
  Type '{ draftName: string; quantity: number; modifications: string[] | undefined; specialInstructions: string | undefined; candidates: { menuItemId: string; name: string; score: number; }[]; }' is not assignable to type 'Candidate' with 'exactOptionalPropertyTypes: true'. Consider adding 'undefined' to the types of the target's properties.
    Types of property 'modifications' are incompatible.
      Type 'string[] | undefined' is not assignable to type 'string[]'.
        Type 'undefined' is not assignable to type 'string[]'.
src/services/orders.service.ts(291,18): error TS4111: Property 'preparing_at' comes from an index signature, so it must be accessed with ['preparing_at'].
src/services/orders.service.ts(294,18): error TS4111: Property 'ready_at' comes from an index signature, so it must be accessed with ['ready_at'].
src/services/orders.service.ts(297,18): error TS4111: Property 'completed_at' comes from an index signature, so it must be accessed with ['completed_at'].
src/services/orders.service.ts(300,18): error TS4111: Property 'cancelled_at' comes from an index signature, so it must be accessed with ['cancelled_at'].
src/services/orders.service.ts(369,16): error TS4111: Property 'payment' comes from an index signature, so it must be accessed with ['payment'].
src/services/orders.service.ts(384,16): error TS4111: Property 'status' comes from an index signature, so it must be accessed with ['status'].
src/services/orders.service.ts(447,13): error TS2322: Type '{ id: `${string}-${string}-${string}-${string}-${string}`; name: string; quantity: number; price: number; modifiers: any; notes: string | undefined; }[]' is not assignable to type 'OrderItem[]'.
  Type '{ id: `${string}-${string}-${string}-${string}-${string}`; name: string; quantity: number; price: number; modifiers: any; notes: string | undefined; }' is not assignable to type 'OrderItem' with 'exactOptionalPropertyTypes: true'. Consider adding 'undefined' to the types of the target's properties.
    Types of property 'notes' are incompatible.
      Type 'string | undefined' is not assignable to type 'string'.
        Type 'undefined' is not assignable to type 'string'.
src/services/orders.service.ts(452,25): error TS2339: Property 'modifiers' does not exist on type '{ name: string; quantity: number; price?: number; notes?: string; }'.
src/services/orderStateMachine.ts(70,11): error TS2375: Type '{ from: OrderStatus; to: OrderStatus; timestamp: Date; userId: string | undefined; reason: string | undefined; }' is not assignable to type 'StateTransition' with 'exactOptionalPropertyTypes: true'. Consider adding 'undefined' to the types of the target's properties.
  Types of property 'userId' are incompatible.
    Type 'string | undefined' is not assignable to type 'string'.
      Type 'undefined' is not assignable to type 'string'.
src/services/orderStateMachine.ts(131,18): error TS18046: 'error' is of type 'unknown'.
src/services/orderStateMachine.ts(241,55): error TS6133: 'transition' is declared but its value is never read.
src/services/orderStateMachine.ts(246,51): error TS6133: 'transition' is declared but its value is never read.
src/services/orderStateMachine.ts(251,55): error TS6133: 'transition' is declared but its value is never read.
src/test-utils/index.ts(148,15): error TS4111: Property 'NODE_ENV' comes from an index signature, so it must be accessed with ['NODE_ENV'].
src/test-utils/index.ts(149,15): error TS4111: Property 'SUPABASE_URL' comes from an index signature, so it must be accessed with ['SUPABASE_URL'].
src/test-utils/index.ts(150,15): error TS4111: Property 'SUPABASE_ANON_KEY' comes from an index signature, so it must be accessed with ['SUPABASE_ANON_KEY'].
src/test-utils/index.ts(151,15): error TS4111: Property 'SUPABASE_SERVICE_KEY' comes from an index signature, so it must be accessed with ['SUPABASE_SERVICE_KEY'].
src/test-utils/index.ts(152,15): error TS4111: Property 'OPENAI_API_KEY' comes from an index signature, so it must be accessed with ['OPENAI_API_KEY'].
src/test-utils/index.ts(153,15): error TS4111: Property 'DEFAULT_RESTAURANT_ID' comes from an index signature, so it must be accessed with ['DEFAULT_RESTAURANT_ID'].
src/utils/websocket.ts(59,7): error TS2412: Type 'string | undefined' is not assignable to type 'string' with 'exactOptionalPropertyTypes: true'. Consider adding 'undefined' to the type of the target.
  Type 'undefined' is not assignable to type 'string'.
src/voice/debug-dashboard.ts(3,1): error TS6133: 'logger' is declared but its value is never read.
src/voice/debug-dashboard.ts(4,1): error TS6133: 'fs' is declared but its value is never read.
src/voice/debug-dashboard.ts(5,1): error TS6133: 'path' is declared but its value is never read.
src/voice/debug-dashboard.ts(36,41): error TS6133: 'req' is declared but its value is never read.
src/voice/debug-dashboard.ts(405,44): error TS6133: 'req' is declared but its value is never read.
src/voice/debug-dashboard.ts(416,43): error TS6133: 'req' is declared but its value is never read.
src/voice/debug-dashboard.ts(423,47): error TS6133: 'req' is declared but its value is never read.
src/voice/debug-dashboard.ts(439,45): error TS6133: 'req' is declared but its value is never read.
src/voice/debug-dashboard.ts(450,42): error TS6133: 'req' is declared but its value is never read.
src/voice/debug-dashboard.ts(461,47): error TS6133: 'req' is declared but its value is never read.
src/voice/debug-dashboard.ts(468,21): error TS4111: Property 'RESTAURANT_ID' comes from an index signature, so it must be accessed with ['RESTAURANT_ID'].
src/voice/debug-dashboard.ts(481,18): error TS18046: 'error' is of type 'unknown'.
src/voice/debug-dashboard.ts(504,42): error TS6133: 'req' is declared but its value is never read.
src/voice/debug-dashboard.ts(516,48): error TS6133: 'req' is declared but its value is never read.
src/voice/debug-dashboard.ts(536,51): error TS7030: Not all code paths return a value.
src/voice/debug-dashboard.ts(538,53): error TS2345: Argument of type 'string | undefined' is not assignable to parameter of type 'string'.
  Type 'undefined' is not assignable to type 'string'.
src/voice/debug-dashboard.ts(621,19): error TS4111: Property 'VOICE_RECORD_AUDIO' comes from an index signature, so it must be accessed with ['VOICE_RECORD_AUDIO'].
src/voice/openai-adapter.ts(54,32): error TS4111: Property 'OPENAI_API_KEY' comes from an index signature, so it must be accessed with ['OPENAI_API_KEY'].
src/voice/openai-adapter.ts(60,31): error TS4111: Property 'OPENAI_REALTIME_MODEL' comes from an index signature, so it must be accessed with ['OPENAI_REALTIME_MODEL'].
src/voice/openai-adapter.ts(222,30): error TS4111: Property 'transcript' comes from an index signature, so it must be accessed with ['transcript'].
src/voice/openai-adapter.ts(238,15): error TS4111: Property 'delta' comes from an index signature, so it must be accessed with ['delta'].
src/voice/openai-adapter.ts(239,38): error TS4111: Property 'delta' comes from an index signature, so it must be accessed with ['delta'].
src/voice/openai-adapter.ts(256,34): error TS6133: 'event' is declared but its value is never read.
src/voice/openai-adapter.ts(266,22): error TS4111: Property 'error' comes from an index signature, so it must be accessed with ['error'].
src/voice/openai-adapter.ts(268,22): error TS4111: Property 'error' comes from an index signature, so it must be accessed with ['error'].
src/voice/openai-adapter.ts(408,7): error TS2412: Type 'undefined' is not assignable to type 'WebSocket' with 'exactOptionalPropertyTypes: true'. Consider adding 'undefined' to the type of the target.
src/voice/twilio-bridge.ts(88,33): error TS4111: Property 'RESTAURANT_ID' comes from an index signature, so it must be accessed with ['RESTAURANT_ID'].
src/voice/twilio-bridge.ts(137,32): error TS6133: 'req' is declared but its value is never read.
src/voice/twilio-bridge.ts(148,34): error TS6133: 'req' is declared but its value is never read.
src/voice/twilio-bridge.ts(177,36): error TS4111: Property 'RESTAURANT_ID' comes from an index signature, so it must be accessed with ['RESTAURANT_ID'].
src/voice/twilio-bridge.ts(196,49): error TS4111: Property 'restaurantId' comes from an index signature, so it must be accessed with ['restaurantId'].
src/voice/twilio-bridge.ts(197,61): error TS4111: Property 'restaurantId' comes from an index signature, so it must be accessed with ['restaurantId'].
src/voice/twilio-bridge.ts(232,21): error TS2445: Property 'sendToOpenAI' is protected and only accessible within class 'OpenAIAdapter' and its subclasses.
src/voice/voice-routes.ts(22,18): error TS6133: 'req' is declared but its value is never read.
src/voice/voice-routes.ts(86,29): error TS7030: Not all code paths return a value.
src/voice/voice-routes.ts(127,49): error TS7030: Not all code paths return a value.
src/voice/voice-routes.ts(138,44): error TS2345: Argument of type 'string | undefined' is not assignable to parameter of type 'string'.
  Type 'undefined' is not assignable to type 'string'.
src/voice/voice-routes.ts(156,31): error TS7030: Not all code paths return a value.
src/voice/voice-routes.ts(158,29): error TS4111: Property 'OPENAI_REALTIME_MODEL' comes from an index signature, so it must be accessed with ['OPENAI_REALTIME_MODEL'].
src/voice/voice-routes.ts(159,30): error TS4111: Property 'OPENAI_API_KEY' comes from an index signature, so it must be accessed with ['OPENAI_API_KEY'].
src/voice/voice-routes.ts(241,33): error TS7030: Not all code paths return a value.
src/voice/websocket-server.test.ts(38,7): error TS2322: Type 'Mock<[data: BufferLike, options: { mask?: boolean | undefined; binary?: boolean | undefined; compress?: boolean | undefined; fin?: boolean | undefined; }, cb?: ((err?: Error | undefined) => void) | undefined], void>' is not assignable to type '{ (data: BufferLike, cb?: ((err?: Error | undefined) => void) | undefined): void; (data: BufferLike, options: { mask?: boolean | undefined; binary?: boolean | undefined; compress?: boolean | undefined; fin?: boolean | undefined; }, cb?: ((err?: Error | undefined) => void) | undefined): void; }'.
  Types of parameters 'options' and 'cb' are incompatible.
    Type '((err?: Error | undefined) => void) | undefined' is not assignable to type '{ mask?: boolean | undefined; binary?: boolean | undefined; compress?: boolean | undefined; fin?: boolean | undefined; }'.
      Type 'undefined' is not assignable to type '{ mask?: boolean | undefined; binary?: boolean | undefined; compress?: boolean | undefined; fin?: boolean | undefined; }'.
src/voice/websocket-server.ts(43,82): error TS2345: Argument of type 'RawData' is not assignable to parameter of type 'string | ArrayBufferView | ArrayBuffer | SharedArrayBuffer'.
  Type 'Buffer[]' is not assignable to type 'string | ArrayBufferView | ArrayBuffer | SharedArrayBuffer'.
    Type 'Buffer[]' is missing the following properties from type 'Float64Array': BYTES_PER_ELEMENT, buffer, byteLength, byteOffset, and 3 more.
../shared/config/index.ts(65,11): error TS2375: Type '{ nodeEnv: "development" | "test" | "production"; isDevelopment: boolean; isProduction: boolean; isTest: boolean; apiBaseUrl: string; frontendUrl: string; port: number; databaseUrl: string; ... 17 more ...; useRealtimeVoice: boolean; }' is not assignable to type 'AppConfig' with 'exactOptionalPropertyTypes: true'. Consider adding 'undefined' to the types of the target's properties.
  Types of property 'openaiApiKey' are incompatible.
    Type 'string | undefined' is not assignable to type 'string'.
      Type 'undefined' is not assignable to type 'string'.
../shared/monitoring/error-tracker.ts(44,5): error TS2412: Type 'string | undefined' is not assignable to type 'string' with 'exactOptionalPropertyTypes: true'. Consider adding 'undefined' to the type of the target.
  Type 'undefined' is not assignable to type 'string'.
../shared/monitoring/error-tracker.ts(118,5): error TS2532: Object is possibly 'undefined'.
../shared/monitoring/error-tracker.ts(118,27): error TS2379: Argument of type '{ timestamp: number; category: string; message: string; level: "info" | "error" | "warning"; data: Record<string, any> | undefined; }' is not assignable to parameter of type '{ timestamp: number; category: string; message: string; level: string; data?: Record<string, any>; }' with 'exactOptionalPropertyTypes: true'. Consider adding 'undefined' to the types of the target's properties.
  Types of property 'data' are incompatible.
    Type 'Record<string, any> | undefined' is not assignable to type 'Record<string, any>'.
      Type 'undefined' is not assignable to type 'Record<string, any>'.
../shared/monitoring/error-tracker.ts(121,9): error TS2532: Object is possibly 'undefined'.
../shared/monitoring/error-tracker.ts(122,26): error TS2532: Object is possibly 'undefined'.
../shared/monitoring/error-tracker.ts(131,11): error TS2375: Type '{ id: string; timestamp: number; level: "info" | "error" | "warning"; message: string; stack: string | undefined; url: string; userAgent: string; sessionId: string; userId: string | undefined; context: { ...; }; breadcrumbs: any[]; tags: { ...; }; }' is not assignable to type 'ErrorReport' with 'exactOptionalPropertyTypes: true'. Consider adding 'undefined' to the types of the target's properties.
  Types of property 'stack' are incompatible.
    Type 'string | undefined' is not assignable to type 'string'.
      Type 'undefined' is not assignable to type 'string'.
../shared/monitoring/error-tracker.ts(142,24): error TS2488: Type '{ timestamp: number; category: string; message: string; level: string; data?: Record<string, any>; }[] | undefined' must have a '[Symbol.iterator]()' method that returns an iterator.
../shared/monitoring/error-tracker.ts(160,11): error TS2375: Type '{ id: string; timestamp: number; level: "info" | "error" | "warning"; message: string; url: string; userAgent: string; sessionId: string; userId: string | undefined; context: { [x: string]: any; }; breadcrumbs: any[]; tags: { ...; }; }' is not assignable to type 'ErrorReport' with 'exactOptionalPropertyTypes: true'. Consider adding 'undefined' to the types of the target's properties.
  Types of property 'userId' are incompatible.
    Type 'string | undefined' is not assignable to type 'string'.
      Type 'undefined' is not assignable to type 'string'.
../shared/monitoring/performance-monitor.ts(107,11): error TS2375: Type '{ id: string; timestamp: number; type: "page_load"; name: string; duration: number; sessionId: string; url: string | undefined; status: "success"; metadata: { domContentLoaded: number; firstPaint: number; ... 6 more ...; decodedSize: number; }; }' is not assignable to type 'PerformanceMetric' with 'exactOptionalPropertyTypes: true'. Consider adding 'undefined' to the types of the target's properties.
  Types of property 'url' are incompatible.
    Type 'string | undefined' is not assignable to type 'string'.
      Type 'undefined' is not assignable to type 'string'.
../shared/monitoring/performance-monitor.ts(180,15): error TS2375: Type '{ id: string; timestamp: number; type: "api_request"; name: string; duration: number; sessionId: string; url: string; method: string; endpoint: string; status: "error" | "success"; statusCode: number | undefined; errorMessage: string | undefined; metadata: { ...; }; }' is not assignable to type 'APIPerformanceMetric' with 'exactOptionalPropertyTypes: true'. Consider adding 'undefined' to the types of the target's properties.
  Types of property 'statusCode' are incompatible.
    Type 'number | undefined' is not assignable to type 'number'.
      Type 'undefined' is not assignable to type 'number'.
../shared/monitoring/performance-monitor.ts(229,39): error TS2345: Argument of type '[string, string | URL, ...any[]]' is not assignable to parameter of type '[method: string, url: string | URL, async: boolean, username?: string | null | undefined, password?: string | null | undefined]'.
  Target requires 3 element(s) but source may have fewer.
../shared/monitoring/performance-monitor.ts(268,11): error TS2375: Type '{ id: string; timestamp: number; type: "user_interaction"; name: string; duration: number; sessionId: string; url: string | undefined; status: "success"; metadata: Record<string, any> | undefined; }' is not assignable to type 'PerformanceMetric' with 'exactOptionalPropertyTypes: true'. Consider adding 'undefined' to the types of the target's properties.
  Types of property 'metadata' are incompatible.
    Type 'Record<string, any> | undefined' is not assignable to type 'Record<string, any>'.
      Type 'undefined' is not assignable to type 'Record<string, any>'.
../shared/types/transformers.ts(15,1): error TS6133: 'SharedCustomer' is declared but its value is never read.
../shared/types/transformers.ts(151,5): error TS2375: Type '{ id: string; orderNumber: string; restaurantId: string; customerId: string | undefined; tableNumber: string | undefined; status: OrderStatus; type: OrderType; ... 11 more ...; updatedAt: Date; }' is not assignable to type 'ClientOrder' with 'exactOptionalPropertyTypes: true'. Consider adding 'undefined' to the types of the target's properties.
  Types of property 'customerId' are incompatible.
    Type 'string | undefined' is not assignable to type 'string'.
      Type 'undefined' is not assignable to type 'string'.
../shared/types/transformers.ts(186,5): error TS2375: Type '{ id: string; order_number: string; restaurant_id: string; table_number: string | undefined; status: OrderStatus; type: OrderType; items: SharedOrderItem[]; ... 9 more ...; updated_at: string; }' is not assignable to type 'Order' with 'exactOptionalPropertyTypes: true'. Consider adding 'undefined' to the types of the target's properties.
  Types of property 'tip' are incompatible.
    Type 'number | undefined' is not assignable to type 'number'.
      Type 'undefined' is not assignable to type 'number'.
../shared/types/transformers.ts(220,5): error TS2375: Type '{ id: string; menuItemId: string; quantity: number; unitPrice: number; subtotal: number; modifiers: { id: string; name: string; price: number; }[] | undefined; specialInstructions: string | undefined; }' is not assignable to type 'ClientOrderItem' with 'exactOptionalPropertyTypes: true'. Consider adding 'undefined' to the types of the target's properties.
  Types of property 'modifiers' are incompatible.
    Type '{ id: string; name: string; price: number; }[] | undefined' is not assignable to type 'ClientModifier[]'.
      Type 'undefined' is not assignable to type 'ClientModifier[]'.
../shared/types/transformers.ts(247,5): error TS2375: Type '{ id: string; menu_item_id: string; name: string; quantity: number; price: number; subtotal: number; modifiers: { id: string; name: string; price: number; }[] | undefined; special_instructions: string | undefined; }' is not assignable to type 'OrderItem' with 'exactOptionalPropertyTypes: true'. Consider adding 'undefined' to the types of the target's properties.
  Types of property 'modifiers' are incompatible.
    Type '{ id: string; name: string; price: number; }[] | undefined' is not assignable to type 'OrderItemModifier[]'.
      Type 'undefined' is not assignable to type 'OrderItemModifier[]'.
../shared/types/transformers.ts(276,5): error TS2375: Type '{ id: string; restaurantId: string; name: string; description: string | undefined; price: number; category: string; available: boolean; imageUrl: string | undefined; prepTimeMinutes: number | undefined; createdAt: Date; updatedAt: Date; }' is not assignable to type 'ClientMenuItem' with 'exactOptionalPropertyTypes: true'. Consider adding 'undefined' to the types of the target's properties.
  Types of property 'description' are incompatible.
    Type 'string | undefined' is not assignable to type 'string'.
      Type 'undefined' is not assignable to type 'string'.
../shared/types/transformers.ts(365,5): error TS2375: Type '{ id: string; restaurant_id: string; table_number: string; capacity: number; status: TableStatus; position: { x: number; y: number; }; shape: "square" | "round" | "rectangle" | "circle" | "chip_monkey" | undefined; created_at: string; updated_at: string; }' is not assignable to type 'Table' with 'exactOptionalPropertyTypes: true'. Consider adding 'undefined' to the types of the target's properties.
  Types of property 'shape' are incompatible.
    Type '"square" | "round" | "rectangle" | "circle" | "chip_monkey" | undefined' is not assignable to type '"square" | "round" | "rectangle" | "circle" | "chip_monkey"'.
      Type 'undefined' is not assignable to type '"square" | "round" | "rectangle" | "circle" | "chip_monkey"'.
../shared/types/validation.ts(288,9): error TS2532: Object is possibly 'undefined'.
../shared/utils/error-handling.ts(335,11): error TS2375: Type '{ id: string; type: ErrorType; severity: ErrorSeverity; message: string; originalError: Error; timestamp: string; stack: string | undefined; cause: string | undefined; ... 14 more ...; url: string | undefined; }' is not assignable to type 'EnterpriseError' with 'exactOptionalPropertyTypes: true'. Consider adding 'undefined' to the types of the target's properties.
  Types of property 'component' are incompatible.
    Type 'string | undefined' is not assignable to type 'string'.
      Type 'undefined' is not assignable to type 'string'.
../shared/utils/error-handling.ts(529,85): error TS4111: Property 'redirectUrl' comes from an index signature, so it must be accessed with ['redirectUrl'].
../shared/utils/error-handling.ts(530,48): error TS4111: Property 'redirectUrl' comes from an index signature, so it must be accessed with ['redirectUrl'].
../shared/utils/memory-monitoring.ts(65,20): error TS6133: 'leakThreshold' is declared but its value is never read.
../shared/utils/memory-monitoring.ts(171,29): error TS18048: 'current' is possibly 'undefined'.
../shared/utils/memory-monitoring.ts(174,7): error TS2322: Type 'MemorySnapshot | undefined' is not assignable to type 'MemorySnapshot'.
  Type 'undefined' is not assignable to type 'MemorySnapshot'.
../shared/utils/memory-monitoring.ts(186,44): error TS18048: 'current' is possibly 'undefined'.
../shared/utils/performance-hooks.ts(19,11): error TS6198: All destructured elements are unused.
../shared/utils/performance-hooks.ts(164,25): error TS2347: Untyped function calls may not accept type arguments.
../shared/utils/performance-hooks.ts(177,41): error TS7006: Parameter 'update' implicitly has an 'any' type.
../shared/utils/react-performance.ts(46,29): error TS18048: 'React' is possibly 'undefined'.
../shared/utils/react-performance.ts(49,3): error TS2322: Type 'ForwardRefExoticComponent<Omit<any, "ref"> & RefAttributes<any>> | undefined' is not assignable to type 'ForwardRefExoticComponent<P & RefAttributes<any>>'.
  Type 'undefined' is not assignable to type 'ForwardRefExoticComponent<P & RefAttributes<any>>'.
../shared/utils/react-performance.ts(62,12): error TS18048: 'React' is possibly 'undefined'.
../shared/utils/react-performance.ts(69,40): error TS6133: 'P' is declared but its value is never read.
../shared/utils/websocket-pool.browser.ts(42,7): error TS6133: '_MemoryMonitor' is declared but its value is never read.
../shared/utils/websocket-pool.browser.ts(331,13): error TS6133: '_newConnection' is declared but its value is never read.
../shared/utils/websocket-pool.browser.ts(386,28): error TS6133: 'message' is declared but its value is never read.
../shared/utils/websocket-pool.browser.ts(410,5): error TS2322: Type 'PooledWebSocketConnection | undefined' is not assignable to type 'PooledWebSocketConnection'.
  Type 'undefined' is not assignable to type 'PooledWebSocketConnection'.
npm error Lifecycle script `typecheck` failed with error:
npm error code 2
npm error path /Users/mikeyoung/CODING/rebuild-6.0/server
npm error workspace restaurant-os-server@6.0.3
npm error location /Users/mikeyoung/CODING/rebuild-6.0/server
npm error command failed
npm error command sh -c tsc -p tsconfig.json --noEmit


> @rebuild/shared@1.0.0 typecheck
> tsc --noEmit

monitoring/error-tracker.ts(118,5): error TS2532: Object is possibly 'undefined'.
monitoring/error-tracker.ts(121,9): error TS2532: Object is possibly 'undefined'.
monitoring/error-tracker.ts(122,26): error TS2532: Object is possibly 'undefined'.
monitoring/error-tracker.ts(142,24): error TS2488: Type '{ timestamp: number; category: string; message: string; level: string; data?: Record<string, any> | undefined; }[] | undefined' must have a '[Symbol.iterator]()' method that returns an iterator.
monitoring/performance-monitor.ts(229,39): error TS2345: Argument of type '[string, string | URL, ...any[]]' is not assignable to parameter of type '[method: string, url: string | URL, async: boolean, username?: string | null | undefined, password?: string | null | undefined]'.
  Target requires 3 element(s) but source may have fewer.
utils/cleanup-manager.ts(358,9): error TS2532: Object is possibly 'undefined'.
utils/cleanup-manager.ts(361,9): error TS2532: Object is possibly 'undefined'.
utils/memory-monitoring.ts(171,29): error TS18048: 'current' is possibly 'undefined'.
utils/memory-monitoring.ts(174,7): error TS2322: Type 'MemorySnapshot | undefined' is not assignable to type 'MemorySnapshot'.
  Type 'undefined' is not assignable to type 'MemorySnapshot'.
utils/memory-monitoring.ts(186,44): error TS18048: 'current' is possibly 'undefined'.
utils/performance-hooks.ts(164,25): error TS2347: Untyped function calls may not accept type arguments.
utils/performance-hooks.ts(177,41): error TS7006: Parameter 'update' implicitly has an 'any' type.
utils/react-performance.ts(46,29): error TS18048: 'React' is possibly 'undefined'.
utils/react-performance.ts(49,3): error TS2322: Type 'ForwardRefExoticComponent<Omit<any, "ref"> & RefAttributes<any>> | undefined' is not assignable to type 'ForwardRefExoticComponent<P & RefAttributes<any>>'.
  Type 'undefined' is not assignable to type 'ForwardRefExoticComponent<P & RefAttributes<any>>'.
utils/websocket-pool.browser.ts(410,5): error TS2322: Type 'PooledWebSocketConnection | undefined' is not assignable to type 'PooledWebSocketConnection'.
  Type 'undefined' is not assignable to type 'PooledWebSocketConnection'.
npm error Lifecycle script `typecheck` failed with error:
npm error code 2
npm error path /Users/mikeyoung/CODING/rebuild-6.0/shared
npm error workspace @rebuild/shared@1.0.0
npm error location /Users/mikeyoung/CODING/rebuild-6.0/shared
npm error command failed
npm error command sh -c tsc --noEmit
