{"/Users/mikeyoung/CODING/rebuild-6.0/src/App.tsx": {"path":"/Users/mikeyoung/CODING/rebuild-6.0/src/App.tsx","statementMap":{"0":{"start":{"line":1,"column":0},"end":{"line":1,"column":39}},"1":{"start":{"line":2,"column":0},"end":{"line":2,"column":58}},"2":{"start":{"line":3,"column":0},"end":{"line":3,"column":61}},"3":{"start":{"line":4,"column":0},"end":{"line":4,"column":72}},"4":{"start":{"line":5,"column":0},"end":{"line":5,"column":59}},"5":{"start":{"line":6,"column":0},"end":{"line":6,"column":51}},"6":{"start":{"line":7,"column":0},"end":{"line":7,"column":18}},"7":{"start":{"line":10,"column":24},"end":{"line":10,"column":62}},"8":{"start":{"line":11,"column":38},"end":{"line":11,"column":52}},"9":{"start":{"line":13,"column":34},"end":{"line":15,"column":3}},"10":{"start":{"line":14,"column":4},"end":{"line":14,"column":null}},"11":{"start":{"line":17,"column":2},"end":{"line":19,"column":3}},"12":{"start":{"line":18,"column":4},"end":{"line":18,"column":null}},"13":{"start":{"line":21,"column":2},"end":{"line":35,"column":null}},"14":{"start":{"line":26,"column":8},"end":{"line":26,"column":null}},"15":{"start":{"line":38,"column":0},"end":{"line":38,"column":null}}},"fnMap":{"0":{"name":"App","decl":{"start":{"line":9,"column":9},"end":{"line":9,"column":12}},"loc":{"start":{"line":9,"column":12},"end":{"line":36,"column":1}}},"1":{"name":"(anonymous_10)","decl":{"start":{"line":13,"column":34},"end":{"line":13,"column":37}},"loc":{"start":{"line":13,"column":39},"end":{"line":15,"column":3}}},"2":{"name":"(anonymous_11)","decl":{"start":{"line":24,"column":15},"end":{"line":24,"column":16}},"loc":{"start":{"line":24,"column":36},"end":{"line":27,"column":7}}}},"branchMap":{"0":{"loc":{"start":{"line":17,"column":2},"end":{"line":19,"column":3}},"type":"if","locations":[{"start":{"line":17,"column":2},"end":{"line":19,"column":3}},{"start":{},"end":{}}]}},"s":{"0":0,"1":0,"2":0,"3":0,"4":0,"5":0,"6":0,"7":0,"8":0,"9":0,"10":0,"11":0,"12":0,"13":0,"14":0,"15":0},"f":{"0":0,"1":0,"2":0},"b":{"0":[0,0]}}
,"/Users/mikeyoung/CODING/rebuild-6.0/src/main.performance.tsx": {"path":"/Users/mikeyoung/CODING/rebuild-6.0/src/main.performance.tsx","statementMap":{"0":{"start":{"line":1,"column":0},"end":{"line":1,"column":45}},"1":{"start":{"line":2,"column":0},"end":{"line":2,"column":20}},"2":{"start":{"line":3,"column":0},"end":{"line":3,"column":27}},"3":{"start":{"line":7,"column":0},"end":{"line":9,"column":null}}},"fnMap":{},"branchMap":{},"s":{"0":0,"1":0,"2":0,"3":0},"f":{},"b":{}}
,"/Users/mikeyoung/CODING/rebuild-6.0/src/components/brand/MaconLogo.tsx": {"path":"/Users/mikeyoung/CODING/rebuild-6.0/src/components/brand/MaconLogo.tsx","statementMap":{"0":{"start":{"line":1,"column":0},"end":{"line":1,"column":25}},"1":{"start":{"line":2,"column":0},"end":{"line":2,"column":28}},"2":{"start":{"line":10,"column":16},"end":{"line":15,"column":null}},"3":{"start":{"line":17,"column":51},"end":{"line":36,"column":1}},"4":{"start":{"line":22,"column":21},"end":{"line":22,"column":34}},"5":{"start":{"line":25,"column":18},"end":{"line":25,"column":84}},"6":{"start":{"line":27,"column":2},"end":{"line":35,"column":null}},"7":{"start":{"line":17,"column":13},"end":{"line":17,"column":51}}},"fnMap":{"0":{"name":"(anonymous_1)","decl":{"start":{"line":17,"column":51},"end":{"line":17,"column":52}},"loc":{"start":{"line":21,"column":5},"end":{"line":36,"column":1}}}},"branchMap":{"0":{"loc":{"start":{"line":18,"column":2},"end":{"line":18,"column":18}},"type":"default-arg","locations":[{"start":{"line":18,"column":12},"end":{"line":18,"column":18}}]},"1":{"loc":{"start":{"line":19,"column":2},"end":{"line":19,"column":13}},"type":"default-arg","locations":[{"start":{"line":19,"column":9},"end":{"line":19,"column":13}}]},"2":{"loc":{"start":{"line":25,"column":18},"end":{"line":25,"column":84}},"type":"cond-expr","locations":[{"start":{"line":25,"column":46},"end":{"line":25,"column":64}},{"start":{"line":25,"column":67},"end":{"line":25,"column":84}}]}},"s":{"0":0,"1":0,"2":0,"3":0,"4":0,"5":0,"6":0,"7":0},"f":{"0":0},"b":{"0":[0],"1":[0],"2":[0,0]}}
,"/Users/mikeyoung/CODING/rebuild-6.0/src/components/layout/AppContent.tsx": {"path":"/Users/mikeyoung/CODING/rebuild-6.0/src/components/layout/AppContent.tsx","statementMap":{"0":{"start":{"line":14,"column":0},"end":{"line":14,"column":16}},"1":{"start":{"line":1,"column":0},"end":{"line":1,"column":25}},"2":{"start":{"line":2,"column":0},"end":{"line":2,"column":41}},"3":{"start":{"line":3,"column":0},"end":{"line":3,"column":46}},"4":{"start":{"line":4,"column":0},"end":{"line":4,"column":81}},"5":{"start":{"line":5,"column":0},"end":{"line":5,"column":81}},"6":{"start":{"line":6,"column":0},"end":{"line":6,"column":79}},"7":{"start":{"line":7,"column":0},"end":{"line":7,"column":41}},"8":{"start":{"line":8,"column":0},"end":{"line":8,"column":39}},"9":{"start":{"line":15,"column":2},"end":{"line":15,"column":null}},"10":{"start":{"line":16,"column":19},"end":{"line":16,"column":32}},"11":{"start":{"line":18,"column":25},"end":{"line":18,"column":50}},"12":{"start":{"line":20,"column":2},"end":{"line":32,"column":null}}},"fnMap":{"0":{"name":"AppContent","decl":{"start":{"line":14,"column":16},"end":{"line":14,"column":26}},"loc":{"start":{"line":14,"column":61},"end":{"line":33,"column":1}}}},"branchMap":{"0":{"loc":{"start":{"line":24,"column":9},"end":{"line":24,"column":41}},"type":"binary-expr","locations":[{"start":{"line":24,"column":9},"end":{"line":24,"column":23}},{"start":{"line":24,"column":27},"end":{"line":24,"column":41}}]},"1":{"loc":{"start":{"line":25,"column":24},"end":{"line":25,"column":53}},"type":"cond-expr","locations":[{"start":{"line":25,"column":41},"end":{"line":25,"column":48}},{"start":{"line":25,"column":51},"end":{"line":25,"column":53}}]},"2":{"loc":{"start":{"line":29,"column":9},"end":{"line":29,"column":48}},"type":"binary-expr","locations":[{"start":{"line":29,"column":9},"end":{"line":29,"column":22}},{"start":{"line":29,"column":26},"end":{"line":29,"column":48}}]}},"s":{"0":0,"1":0,"2":0,"3":0,"4":0,"5":0,"6":0,"7":0,"8":0,"9":0,"10":0,"11":0,"12":0},"f":{"0":0},"b":{"0":[0,0],"1":[0,0],"2":[0,0]}}
,"/Users/mikeyoung/CODING/rebuild-6.0/src/components/layout/AppRoutes.tsx": {"path":"/Users/mikeyoung/CODING/rebuild-6.0/src/components/layout/AppRoutes.tsx","statementMap":{"0":{"start":{"line":23,"column":0},"end":{"line":23,"column":16}},"1":{"start":{"line":1,"column":0},"end":{"line":1,"column":39}},"2":{"start":{"line":2,"column":0},"end":{"line":2,"column":48}},"3":{"start":{"line":3,"column":0},"end":{"line":3,"column":72}},"4":{"start":{"line":4,"column":0},"end":{"line":4,"column":45}},"5":{"start":{"line":5,"column":0},"end":{"line":5,"column":43}},"6":{"start":{"line":6,"column":0},"end":{"line":6,"column":55}},"7":{"start":{"line":7,"column":0},"end":{"line":7,"column":45}},"8":{"start":{"line":8,"column":0},"end":{"line":8,"column":51}},"9":{"start":{"line":9,"column":0},"end":{"line":9,"column":67}},"10":{"start":{"line":10,"column":0},"end":{"line":10,"column":47}},"11":{"start":{"line":11,"column":0},"end":{"line":11,"column":55}},"12":{"start":{"line":12,"column":0},"end":{"line":12,"column":78}},"13":{"start":{"line":15,"column":25},"end":{"line":21,"column":1}},"14":{"start":{"line":20,"column":2},"end":{"line":20,"column":null}},"15":{"start":{"line":24,"column":2},"end":{"line":68,"column":null}}},"fnMap":{"0":{"name":"(anonymous_9)","decl":{"start":{"line":15,"column":25},"end":{"line":15,"column":null}},"loc":{"start":{"line":19,"column":4},"end":{"line":21,"column":1}}},"1":{"name":"AppRoutes","decl":{"start":{"line":23,"column":16},"end":{"line":23,"column":25}},"loc":{"start":{"line":23,"column":25},"end":{"line":69,"column":1}}}},"branchMap":{},"s":{"0":0,"1":0,"2":0,"3":0,"4":0,"5":0,"6":0,"7":0,"8":0,"9":0,"10":0,"11":0,"12":0,"13":0,"14":0,"15":0},"f":{"0":0,"1":0},"b":{}}
,"/Users/mikeyoung/CODING/rebuild-6.0/src/components/layout/Navigation.tsx": {"path":"/Users/mikeyoung/CODING/rebuild-6.0/src/components/layout/Navigation.tsx","statementMap":{"0":{"start":{"line":6,"column":0},"end":{"line":6,"column":16}},"1":{"start":{"line":1,"column":0},"end":{"line":1,"column":25}},"2":{"start":{"line":2,"column":0},"end":{"line":2,"column":39}},"3":{"start":{"line":3,"column":0},"end":{"line":3,"column":69}},"4":{"start":{"line":4,"column":0},"end":{"line":4,"column":56}},"5":{"start":{"line":7,"column":2},"end":{"line":70,"column":null}}},"fnMap":{"0":{"name":"Navigation","decl":{"start":{"line":6,"column":16},"end":{"line":6,"column":26}},"loc":{"start":{"line":6,"column":26},"end":{"line":71,"column":1}}}},"branchMap":{},"s":{"0":0,"1":0,"2":0,"3":0,"4":0,"5":0},"f":{"0":0},"b":{}}
,"/Users/mikeyoung/CODING/rebuild-6.0/src/components/shared/accessibility/SkipNavigation.tsx": {"path":"/Users/mikeyoung/CODING/rebuild-6.0/src/components/shared/accessibility/SkipNavigation.tsx","statementMap":{"0":{"start":{"line":1,"column":0},"end":{"line":1,"column":25}},"1":{"start":{"line":12,"column":33},"end":{"line":16,"column":null}},"2":{"start":{"line":18,"column":61},"end":{"line":36,"column":1}},"3":{"start":{"line":21,"column":2},"end":{"line":35,"column":null}},"4":{"start":{"line":25,"column":10},"end":{"line":26,"column":null}},"5":{"start":{"line":18,"column":13},"end":{"line":18,"column":61}}},"fnMap":{"0":{"name":"(anonymous_1)","decl":{"start":{"line":18,"column":61},"end":{"line":18,"column":62}},"loc":{"start":{"line":20,"column":5},"end":{"line":36,"column":1}}},"1":{"name":"(anonymous_2)","decl":{"start":{"line":24,"column":19},"end":{"line":24,"column":23}},"loc":{"start":{"line":25,"column":10},"end":{"line":26,"column":null}}}},"branchMap":{"0":{"loc":{"start":{"line":19,"column":2},"end":{"line":19,"column":22}},"type":"default-arg","locations":[{"start":{"line":19,"column":10},"end":{"line":19,"column":22}}]}},"s":{"0":0,"1":0,"2":0,"3":0,"4":0,"5":0},"f":{"0":0,"1":0},"b":{"0":[0]}}
,"/Users/mikeyoung/CODING/rebuild-6.0/src/components/shared/badges/index.tsx": {"path":"/Users/mikeyoung/CODING/rebuild-6.0/src/components/shared/badges/index.tsx","statementMap":{"0":{"start":{"line":1,"column":0},"end":{"line":1,"column":50}},"1":{"start":{"line":2,"column":0},"end":{"line":2,"column":45}},"2":{"start":{"line":3,"column":0},"end":{"line":3,"column":61}},"3":{"start":{"line":4,"column":0},"end":{"line":4,"column":28}},"4":{"start":{"line":12,"column":57},"end":{"line":24,"column":1}},"5":{"start":{"line":13,"column":17},"end":{"line":13,"column":44}},"6":{"start":{"line":15,"column":2},"end":{"line":23,"column":null}},"7":{"start":{"line":12,"column":13},"end":{"line":12,"column":57}},"8":{"start":{"line":33,"column":22},"end":{"line":54,"column":null}},"9":{"start":{"line":56,"column":55},"end":{"line":74,"column":1}},"10":{"start":{"line":61,"column":17},"end":{"line":61,"column":38}},"11":{"start":{"line":63,"column":2},"end":{"line":73,"column":null}},"12":{"start":{"line":56,"column":13},"end":{"line":56,"column":55}},"13":{"start":{"line":83,"column":71},"end":{"line":124,"column":1}},"14":{"start":{"line":88,"column":40},"end":{"line":88,"column":55}},"15":{"start":{"line":89,"column":44},"end":{"line":89,"column":60}},"16":{"start":{"line":91,"column":2},"end":{"line":107,"column":null}},"17":{"start":{"line":92,"column":4},"end":{"line":106,"column":5}},"18":{"start":{"line":93,"column":6},"end":{"line":93,"column":null}},"19":{"start":{"line":95,"column":20},"end":{"line":101,"column":13}},"20":{"start":{"line":96,"column":8},"end":{"line":96,"column":null}},"21":{"start":{"line":98,"column":8},"end":{"line":100,"column":null}},"22":{"start":{"line":99,"column":10},"end":{"line":99,"column":null}},"23":{"start":{"line":103,"column":6},"end":{"line":103,"column":null}},"24":{"start":{"line":103,"column":19},"end":{"line":103,"column":38}},"25":{"start":{"line":105,"column":6},"end":{"line":105,"column":null}},"26":{"start":{"line":109,"column":27},"end":{"line":112,"column":null}},"27":{"start":{"line":115,"column":2},"end":{"line":123,"column":null}},"28":{"start":{"line":83,"column":13},"end":{"line":83,"column":71}}},"fnMap":{"0":{"name":"(anonymous_9)","decl":{"start":{"line":12,"column":57},"end":{"line":12,"column":58}},"loc":{"start":{"line":12,"column":88},"end":{"line":24,"column":1}}},"1":{"name":"(anonymous_10)","decl":{"start":{"line":56,"column":55},"end":{"line":56,"column":56}},"loc":{"start":{"line":60,"column":5},"end":{"line":74,"column":1}}},"2":{"name":"(anonymous_11)","decl":{"start":{"line":83,"column":71},"end":{"line":83,"column":72}},"loc":{"start":{"line":87,"column":5},"end":{"line":124,"column":1}}},"3":{"name":"(anonymous_12)","decl":{"start":{"line":91,"column":12},"end":{"line":91,"column":15}},"loc":{"start":{"line":91,"column":17},"end":{"line":107,"column":3}}},"4":{"name":"(anonymous_13)","decl":{"start":{"line":95,"column":31},"end":{"line":95,"column":34}},"loc":{"start":{"line":95,"column":36},"end":{"line":101,"column":7}}},"5":{"name":"(anonymous_14)","decl":{"start":{"line":98,"column":19},"end":{"line":98,"column":22}},"loc":{"start":{"line":98,"column":24},"end":{"line":100,"column":9}}},"6":{"name":"(anonymous_15)","decl":{"start":{"line":103,"column":13},"end":{"line":103,"column":16}},"loc":{"start":{"line":103,"column":19},"end":{"line":103,"column":38}}}},"branchMap":{"0":{"loc":{"start":{"line":18,"column":36},"end":{"line":18,"column":51}},"type":"binary-expr","locations":[{"start":{"line":18,"column":36},"end":{"line":18,"column":45}},{"start":{"line":18,"column":49},"end":{"line":18,"column":51}}]},"1":{"loc":{"start":{"line":58,"column":2},"end":{"line":58,"column":21}},"type":"default-arg","locations":[{"start":{"line":58,"column":12},"end":{"line":58,"column":21}}]},"2":{"loc":{"start":{"line":67,"column":8},"end":{"line":67,"column":54}},"type":"binary-expr","locations":[{"start":{"line":67,"column":8},"end":{"line":67,"column":29}},{"start":{"line":67,"column":33},"end":{"line":67,"column":54}}]},"3":{"loc":{"start":{"line":92,"column":4},"end":{"line":106,"column":5}},"type":"if","locations":[{"start":{"line":92,"column":4},"end":{"line":106,"column":5}},{"start":{"line":104,"column":11},"end":{"line":106,"column":5}}]},"4":{"loc":{"start":{"line":92,"column":8},"end":{"line":92,"column":51}},"type":"binary-expr","locations":[{"start":{"line":92,"column":8},"end":{"line":92,"column":22}},{"start":{"line":92,"column":26},"end":{"line":92,"column":51}}]},"5":{"loc":{"start":{"line":110,"column":4},"end":{"line":110,"column":37}},"type":"binary-expr","locations":[{"start":{"line":110,"column":4},"end":{"line":110,"column":15}},{"start":{"line":110,"column":19},"end":{"line":110,"column":37}}]},"6":{"loc":{"start":{"line":111,"column":4},"end":{"line":111,"column":70}},"type":"binary-expr","locations":[{"start":{"line":111,"column":4},"end":{"line":111,"column":26}},{"start":{"line":111,"column":30},"end":{"line":111,"column":41}},{"start":{"line":111,"column":45},"end":{"line":111,"column":70}}]},"7":{"loc":{"start":{"line":112,"column":4},"end":{"line":112,"column":76}},"type":"binary-expr","locations":[{"start":{"line":112,"column":4},"end":{"line":112,"column":22}},{"start":{"line":112,"column":26},"end":{"line":112,"column":37}},{"start":{"line":112,"column":41},"end":{"line":112,"column":76}}]},"8":{"loc":{"start":{"line":119,"column":7},"end":{"line":120,"column":null}},"type":"binary-expr","locations":[{"start":{"line":119,"column":7},"end":{"line":119,"column":25}},{"start":{"line":119,"column":29},"end":{"line":119,"column":40}},{"start":{"line":120,"column":8},"end":{"line":120,"column":94}}]}},"s":{"0":1,"1":1,"2":1,"3":1,"4":1,"5":20,"6":20,"7":1,"8":1,"9":1,"10":10,"11":10,"12":1,"13":1,"14":0,"15":0,"16":0,"17":0,"18":0,"19":0,"20":0,"21":0,"22":0,"23":0,"24":0,"25":0,"26":0,"27":0,"28":1},"f":{"0":20,"1":10,"2":0,"3":0,"4":0,"5":0,"6":0},"b":{"0":[20,0],"1":[10],"2":[10,0],"3":[0,0],"4":[0,0],"5":[0,0],"6":[0,0,0],"7":[0,0,0],"8":[0,0,0]}}
,"/Users/mikeyoung/CODING/rebuild-6.0/src/components/shared/buttons/StatusActionButton.tsx": {"path":"/Users/mikeyoung/CODING/rebuild-6.0/src/components/shared/buttons/StatusActionButton.tsx","statementMap":{"0":{"start":{"line":1,"column":0},"end":{"line":1,"column":25}},"1":{"start":{"line":2,"column":0},"end":{"line":2,"column":47}},"2":{"start":{"line":3,"column":0},"end":{"line":3,"column":42}},"3":{"start":{"line":4,"column":0},"end":{"line":4,"column":28}},"4":{"start":{"line":17,"column":22},"end":{"line":33,"column":null}},"5":{"start":{"line":35,"column":69},"end":{"line":73,"column":1}},"6":{"start":{"line":45,"column":17},"end":{"line":45,"column":38}},"7":{"start":{"line":46,"column":15},"end":{"line":46,"column":26}},"8":{"start":{"line":47,"column":21},"end":{"line":47,"column":62}},"9":{"start":{"line":49,"column":2},"end":{"line":72,"column":null}},"10":{"start":{"line":35,"column":13},"end":{"line":35,"column":69}}},"fnMap":{"0":{"name":"(anonymous_1)","decl":{"start":{"line":35,"column":69},"end":{"line":35,"column":70}},"loc":{"start":{"line":44,"column":5},"end":{"line":73,"column":1}}}},"branchMap":{"0":{"loc":{"start":{"line":38,"column":2},"end":{"line":38,"column":18}},"type":"default-arg","locations":[{"start":{"line":38,"column":13},"end":{"line":38,"column":18}}]},"1":{"loc":{"start":{"line":39,"column":2},"end":{"line":39,"column":17}},"type":"default-arg","locations":[{"start":{"line":39,"column":12},"end":{"line":39,"column":17}}]},"2":{"loc":{"start":{"line":47,"column":21},"end":{"line":47,"column":62}},"type":"binary-expr","locations":[{"start":{"line":47,"column":21},"end":{"line":47,"column":29}},{"start":{"line":47,"column":33},"end":{"line":47,"column":40}},{"start":{"line":47,"column":44},"end":{"line":47,"column":62}}]},"3":{"loc":{"start":{"line":56,"column":8},"end":{"line":56,"column":58}},"type":"binary-expr","locations":[{"start":{"line":56,"column":8},"end":{"line":56,"column":26}},{"start":{"line":56,"column":30},"end":{"line":56,"column":58}}]},"4":{"loc":{"start":{"line":59,"column":18},"end":{"line":59,"column":43}},"type":"binary-expr","locations":[{"start":{"line":59,"column":18},"end":{"line":59,"column":27}},{"start":{"line":59,"column":31},"end":{"line":59,"column":43}}]},"5":{"loc":{"start":{"line":64,"column":7},"end":{"line":64,"column":67}},"type":"binary-expr","locations":[{"start":{"line":64,"column":7},"end":{"line":64,"column":11}},{"start":{"line":64,"column":15},"end":{"line":64,"column":67}}]},"6":{"loc":{"start":{"line":65,"column":23},"end":{"line":65,"column":54}},"type":"cond-expr","locations":[{"start":{"line":65,"column":33},"end":{"line":65,"column":42}},{"start":{"line":65,"column":45},"end":{"line":65,"column":54}}]},"7":{"loc":{"start":{"line":68,"column":7},"end":{"line":69,"column":null}},"type":"binary-expr","locations":[{"start":{"line":68,"column":7},"end":{"line":68,"column":14}},{"start":{"line":69,"column":8},"end":{"line":69,"column":50}}]}},"s":{"0":1,"1":1,"2":1,"3":1,"4":1,"5":1,"6":10,"7":10,"8":10,"9":10,"10":1},"f":{"0":10},"b":{"0":[10],"1":[10],"2":[10,10,10],"3":[10,1],"4":[10,0],"5":[10,2],"6":[0,10],"7":[10,0]}}
,"/Users/mikeyoung/CODING/rebuild-6.0/src/components/shared/controls/SoundControl.tsx": {"path":"/Users/mikeyoung/CODING/rebuild-6.0/src/components/shared/controls/SoundControl.tsx","statementMap":{"0":{"start":{"line":1,"column":0},"end":{"line":1,"column":25}},"1":{"start":{"line":2,"column":0},"end":{"line":2,"column":47}},"2":{"start":{"line":3,"column":0},"end":{"line":3,"column":47}},"3":{"start":{"line":4,"column":0},"end":{"line":4,"column":47}},"4":{"start":{"line":5,"column":0},"end":{"line":5,"column":null}},"5":{"start":{"line":10,"column":0},"end":{"line":10,"column":28}},"6":{"start":{"line":24,"column":57},"end":{"line":80,"column":1}},"7":{"start":{"line":31,"column":2},"end":{"line":79,"column":null}},"8":{"start":{"line":68,"column":44},"end":{"line":68,"column":65}},"9":{"start":{"line":24,"column":13},"end":{"line":24,"column":57}}},"fnMap":{"0":{"name":"(anonymous_1)","decl":{"start":{"line":24,"column":57},"end":{"line":24,"column":58}},"loc":{"start":{"line":30,"column":5},"end":{"line":80,"column":1}}},"1":{"name":"(anonymous_2)","decl":{"start":{"line":68,"column":31},"end":{"line":68,"column":32}},"loc":{"start":{"line":68,"column":44},"end":{"line":68,"column":65}}}},"branchMap":{"0":{"loc":{"start":{"line":38,"column":22},"end":{"line":38,"column":66}},"type":"cond-expr","locations":[{"start":{"line":38,"column":32},"end":{"line":38,"column":47}},{"start":{"line":38,"column":50},"end":{"line":38,"column":66}}]},"1":{"loc":{"start":{"line":40,"column":11},"end":{"line":43,"column":null}},"type":"cond-expr","locations":[{"start":{"line":41,"column":12},"end":{"line":41,"column":43}},{"start":{"line":43,"column":12},"end":{"line":43,"column":43}}]},"2":{"loc":{"start":{"line":52,"column":23},"end":{"line":52,"column":54}},"type":"cond-expr","locations":[{"start":{"line":52,"column":33},"end":{"line":52,"column":42}},{"start":{"line":52,"column":45},"end":{"line":52,"column":54}}]},"3":{"loc":{"start":{"line":56,"column":15},"end":{"line":56,"column":37}},"type":"cond-expr","locations":[{"start":{"line":56,"column":25},"end":{"line":56,"column":29}},{"start":{"line":56,"column":32},"end":{"line":56,"column":37}}]},"4":{"loc":{"start":{"line":60,"column":11},"end":{"line":74,"column":null}},"type":"binary-expr","locations":[{"start":{"line":60,"column":11},"end":{"line":60,"column":18}},{"start":{"line":61,"column":12},"end":{"line":73,"column":null}}]}},"s":{"0":1,"1":1,"2":1,"3":1,"4":1,"5":1,"6":1,"7":9,"8":0,"9":1},"f":{"0":9,"1":0},"b":{"0":[6,3],"1":[6,3],"2":[6,3],"3":[6,3],"4":[9,6]}}
,"/Users/mikeyoung/CODING/rebuild-6.0/src/components/shared/debug/PerformanceOverlay.tsx": {"path":"/Users/mikeyoung/CODING/rebuild-6.0/src/components/shared/debug/PerformanceOverlay.tsx","statementMap":{"0":{"start":{"line":1,"column":0},"end":{"line":1,"column":39}},"1":{"start":{"line":2,"column":0},"end":{"line":2,"column":53}},"2":{"start":{"line":3,"column":0},"end":{"line":3,"column":47}},"3":{"start":{"line":4,"column":0},"end":{"line":4,"column":43}},"4":{"start":{"line":5,"column":0},"end":{"line":5,"column":45}},"5":{"start":{"line":6,"column":0},"end":{"line":6,"column":69}},"6":{"start":{"line":7,"column":0},"end":{"line":7,"column":28}},"7":{"start":{"line":13,"column":69},"end":{"line":189,"column":1}},"8":{"start":{"line":14,"column":40},"end":{"line":14,"column":55}},"9":{"start":{"line":15,"column":36},"end":{"line":15,"column":53}},"10":{"start":{"line":16,"column":67},"end":{"line":16,"column":90}},"11":{"start":{"line":18,"column":2},"end":{"line":18,"column":null}},"12":{"start":{"line":18,"column":18},"end":{"line":18,"column":null}},"13":{"start":{"line":20,"column":18},"end":{"line":20,"column":37}},"14":{"start":{"line":21,"column":22},"end":{"line":21,"column":39}},"15":{"start":{"line":22,"column":24},"end":{"line":22,"column":90}},"16":{"start":{"line":23,"column":27},"end":{"line":25,"column":9}},"17":{"start":{"line":28,"column":24},"end":{"line":28,"column":50}},"18":{"start":{"line":29,"column":24},"end":{"line":31,"column":9}},"19":{"start":{"line":30,"column":40},"end":{"line":30,"column":56}},"20":{"start":{"line":34,"column":21},"end":{"line":34,"column":48}},"21":{"start":{"line":35,"column":21},"end":{"line":37,"column":9}},"22":{"start":{"line":36,"column":37},"end":{"line":36,"column":53}},"23":{"start":{"line":39,"column":20},"end":{"line":41,"column":9}},"24":{"start":{"line":40,"column":31},"end":{"line":40,"column":51}},"25":{"start":{"line":43,"column":2},"end":{"line":56,"column":3}},"26":{"start":{"line":44,"column":4},"end":{"line":55,"column":null}},"27":{"start":{"line":49,"column":25},"end":{"line":49,"column":46}},"28":{"start":{"line":58,"column":2},"end":{"line":188,"column":null}},"29":{"start":{"line":70,"column":27},"end":{"line":70,"column":47}},"30":{"start":{"line":78,"column":27},"end":{"line":78,"column":46}},"31":{"start":{"line":154,"column":30},"end":{"line":154,"column":73}},"32":{"start":{"line":157,"column":16},"end":{"line":157,"column":32}},"33":{"start":{"line":180,"column":27},"end":{"line":180,"column":64}},"34":{"start":{"line":13,"column":13},"end":{"line":13,"column":69}}},"fnMap":{"0":{"name":"(anonymous_9)","decl":{"start":{"line":13,"column":69},"end":{"line":13,"column":70}},"loc":{"start":{"line":13,"column":92},"end":{"line":189,"column":1}}},"1":{"name":"(anonymous_10)","decl":{"start":{"line":30,"column":28},"end":{"line":30,"column":29}},"loc":{"start":{"line":30,"column":40},"end":{"line":30,"column":56}}},"2":{"name":"(anonymous_11)","decl":{"start":{"line":36,"column":25},"end":{"line":36,"column":26}},"loc":{"start":{"line":36,"column":37},"end":{"line":36,"column":53}}},"3":{"name":"(anonymous_12)","decl":{"start":{"line":40,"column":26},"end":{"line":40,"column":27}},"loc":{"start":{"line":40,"column":31},"end":{"line":40,"column":51}}},"4":{"name":"(anonymous_13)","decl":{"start":{"line":49,"column":19},"end":{"line":49,"column":22}},"loc":{"start":{"line":49,"column":25},"end":{"line":49,"column":46}}},"5":{"name":"(anonymous_14)","decl":{"start":{"line":70,"column":21},"end":{"line":70,"column":24}},"loc":{"start":{"line":70,"column":27},"end":{"line":70,"column":47}}},"6":{"name":"(anonymous_15)","decl":{"start":{"line":78,"column":21},"end":{"line":78,"column":24}},"loc":{"start":{"line":78,"column":27},"end":{"line":78,"column":46}}},"7":{"name":"(anonymous_16)","decl":{"start":{"line":154,"column":20},"end":{"line":154,"column":21}},"loc":{"start":{"line":154,"column":30},"end":{"line":154,"column":73}}},"8":{"name":"(anonymous_17)","decl":{"start":{"line":156,"column":19},"end":{"line":156,"column":20}},"loc":{"start":{"line":157,"column":16},"end":{"line":157,"column":32}}},"9":{"name":"(anonymous_18)","decl":{"start":{"line":180,"column":21},"end":{"line":180,"column":24}},"loc":{"start":{"line":180,"column":27},"end":{"line":180,"column":64}}}},"branchMap":{"0":{"loc":{"start":{"line":13,"column":72},"end":{"line":13,"column":86}},"type":"default-arg","locations":[{"start":{"line":13,"column":82},"end":{"line":13,"column":86}}]},"1":{"loc":{"start":{"line":18,"column":2},"end":{"line":18,"column":null}},"type":"if","locations":[{"start":{"line":18,"column":2},"end":{"line":18,"column":null}},{"start":{},"end":{}}]},"2":{"loc":{"start":{"line":22,"column":24},"end":{"line":22,"column":90}},"type":"cond-expr","locations":[{"start":{"line":22,"column":38},"end":{"line":22,"column":84}},{"start":{"line":22,"column":87},"end":{"line":22,"column":90}}]},"3":{"loc":{"start":{"line":23,"column":27},"end":{"line":25,"column":9}},"type":"cond-expr","locations":[{"start":{"line":24,"column":6},"end":{"line":24,"column":66}},{"start":{"line":25,"column":6},"end":{"line":25,"column":9}}]},"4":{"loc":{"start":{"line":29,"column":24},"end":{"line":31,"column":9}},"type":"cond-expr","locations":[{"start":{"line":30,"column":6},"end":{"line":30,"column":95}},{"start":{"line":31,"column":6},"end":{"line":31,"column":9}}]},"5":{"loc":{"start":{"line":35,"column":21},"end":{"line":37,"column":9}},"type":"cond-expr","locations":[{"start":{"line":36,"column":6},"end":{"line":36,"column":89}},{"start":{"line":37,"column":6},"end":{"line":37,"column":9}}]},"6":{"loc":{"start":{"line":39,"column":20},"end":{"line":41,"column":9}},"type":"cond-expr","locations":[{"start":{"line":40,"column":6},"end":{"line":40,"column":98}},{"start":{"line":41,"column":6},"end":{"line":41,"column":9}}]},"7":{"loc":{"start":{"line":43,"column":2},"end":{"line":56,"column":3}},"type":"if","locations":[{"start":{"line":43,"column":2},"end":{"line":56,"column":3}},{"start":{},"end":{}}]},"8":{"loc":{"start":{"line":92,"column":14},"end":{"line":92,"column":65}},"type":"binary-expr","locations":[{"start":{"line":92,"column":14},"end":{"line":92,"column":47}},{"start":{"line":92,"column":51},"end":{"line":92,"column":65}}]},"9":{"loc":{"start":{"line":101,"column":16},"end":{"line":102,"column":84}},"type":"cond-expr","locations":[{"start":{"line":101,"column":52},"end":{"line":101,"column":64}},{"start":{"line":102,"column":16},"end":{"line":102,"column":84}}]},"10":{"loc":{"start":{"line":102,"column":16},"end":{"line":102,"column":84}},"type":"cond-expr","locations":[{"start":{"line":102,"column":52},"end":{"line":102,"column":67}},{"start":{"line":102,"column":70},"end":{"line":102,"column":84}}]},"11":{"loc":{"start":{"line":115,"column":14},"end":{"line":115,"column":65}},"type":"binary-expr","locations":[{"start":{"line":115,"column":14},"end":{"line":115,"column":44}},{"start":{"line":115,"column":48},"end":{"line":115,"column":65}}]},"12":{"loc":{"start":{"line":120,"column":11},"end":{"line":125,"column":null}},"type":"binary-expr","locations":[{"start":{"line":120,"column":11},"end":{"line":120,"column":37}},{"start":{"line":121,"column":12},"end":{"line":124,"column":null}}]},"13":{"loc":{"start":{"line":135,"column":14},"end":{"line":135,"column":64}},"type":"binary-expr","locations":[{"start":{"line":135,"column":14},"end":{"line":135,"column":43}},{"start":{"line":135,"column":47},"end":{"line":135,"column":64}}]},"14":{"loc":{"start":{"line":140,"column":11},"end":{"line":145,"column":null}},"type":"binary-expr","locations":[{"start":{"line":140,"column":11},"end":{"line":140,"column":36}},{"start":{"line":141,"column":12},"end":{"line":144,"column":null}}]}},"s":{"0":0,"1":0,"2":0,"3":0,"4":0,"5":0,"6":0,"7":0,"8":0,"9":0,"10":0,"11":0,"12":0,"13":0,"14":0,"15":0,"16":0,"17":0,"18":0,"19":0,"20":0,"21":0,"22":0,"23":0,"24":0,"25":0,"26":0,"27":0,"28":0,"29":0,"30":0,"31":0,"32":0,"33":0,"34":0},"f":{"0":0,"1":0,"2":0,"3":0,"4":0,"5":0,"6":0,"7":0,"8":0,"9":0},"b":{"0":[0],"1":[0,0],"2":[0,0],"3":[0,0],"4":[0,0],"5":[0,0],"6":[0,0],"7":[0,0],"8":[0,0],"9":[0,0],"10":[0,0],"11":[0,0],"12":[0,0],"13":[0,0],"14":[0,0]}}
,"/Users/mikeyoung/CODING/rebuild-6.0/src/components/shared/display/OrderIdentifiers.tsx": {"path":"/Users/mikeyoung/CODING/rebuild-6.0/src/components/shared/display/OrderIdentifiers.tsx","statementMap":{"0":{"start":{"line":1,"column":0},"end":{"line":1,"column":25}},"1":{"start":{"line":2,"column":0},"end":{"line":2,"column":40}},"2":{"start":{"line":13,"column":86},"end":{"line":25,"column":1}},"3":{"start":{"line":19,"column":22},"end":{"line":23,"column":null}},"4":{"start":{"line":24,"column":2},"end":{"line":24,"column":null}},"5":{"start":{"line":13,"column":13},"end":{"line":13,"column":86}},"6":{"start":{"line":27,"column":53},"end":{"line":33,"column":1}},"7":{"start":{"line":32,"column":2},"end":{"line":32,"column":null}},"8":{"start":{"line":27,"column":13},"end":{"line":27,"column":53}}},"fnMap":{"0":{"name":"(anonymous_1)","decl":{"start":{"line":13,"column":86},"end":{"line":13,"column":87}},"loc":{"start":{"line":18,"column":5},"end":{"line":25,"column":1}}},"1":{"name":"(anonymous_2)","decl":{"start":{"line":27,"column":53},"end":{"line":27,"column":54}},"loc":{"start":{"line":31,"column":5},"end":{"line":33,"column":1}}}},"branchMap":{"0":{"loc":{"start":{"line":15,"column":2},"end":{"line":15,"column":20}},"type":"default-arg","locations":[{"start":{"line":15,"column":11},"end":{"line":15,"column":20}}]},"1":{"loc":{"start":{"line":16,"column":2},"end":{"line":16,"column":13}},"type":"default-arg","locations":[{"start":{"line":16,"column":9},"end":{"line":16,"column":13}}]},"2":{"loc":{"start":{"line":29,"column":2},"end":{"line":29,"column":18}},"type":"default-arg","locations":[{"start":{"line":29,"column":11},"end":{"line":29,"column":18}}]}},"s":{"0":1,"1":1,"2":1,"3":10,"4":10,"5":1,"6":1,"7":10,"8":1},"f":{"0":10,"1":10},"b":{"0":[10],"1":[0],"2":[10]}}
,"/Users/mikeyoung/CODING/rebuild-6.0/src/components/shared/errors/ErrorBoundary.tsx": {"path":"/Users/mikeyoung/CODING/rebuild-6.0/src/components/shared/errors/ErrorBoundary.tsx","statementMap":{"0":{"start":{"line":85,"column":0},"end":{"line":85,"column":16}},"1":{"start":{"line":1,"column":0},"end":{"line":1,"column":62}},"2":{"start":{"line":2,"column":0},"end":{"line":2,"column":55}},"3":{"start":{"line":3,"column":0},"end":{"line":3,"column":56}},"4":{"start":{"line":4,"column":0},"end":{"line":4,"column":47}},"5":{"start":{"line":5,"column":0},"end":{"line":5,"column":63}},"6":{"start":{"line":20,"column":2},"end":{"line":20,"column":null}},"7":{"start":{"line":33,"column":2},"end":{"line":33,"column":null}},"8":{"start":{"line":33,"column":22},"end":{"line":33,"column":69}},"9":{"start":{"line":23,"column":4},"end":{"line":23,"column":null}},"10":{"start":{"line":27,"column":4},"end":{"line":29,"column":5}},"11":{"start":{"line":28,"column":6},"end":{"line":28,"column":null}},"12":{"start":{"line":30,"column":4},"end":{"line":30,"column":null}},"13":{"start":{"line":36,"column":32},"end":{"line":36,"column":42}},"14":{"start":{"line":37,"column":56},"end":{"line":37,"column":66}},"15":{"start":{"line":39,"column":4},"end":{"line":39,"column":null}},"16":{"start":{"line":39,"column":19},"end":{"line":39,"column":null}},"17":{"start":{"line":40,"column":4},"end":{"line":40,"column":null}},"18":{"start":{"line":40,"column":18},"end":{"line":40,"column":null}},"19":{"start":{"line":42,"column":21},"end":{"line":79,"column":null}},"20":{"start":{"line":49,"column":35},"end":{"line":49,"column":59}},"21":{"start":{"line":81,"column":4},"end":{"line":81,"column":null}},"22":{"start":{"line":19,"column":0},"end":{"line":19,"column":13}},"23":{"start":{"line":89,"column":2},"end":{"line":93,"column":null}},"24":{"start":{"line":90,"column":4},"end":{"line":91,"column":null}}},"fnMap":{"0":{"name":"(anonymous_9)","decl":{"start":{"line":19,"column":0},"end":{"line":19,"column":13}},"loc":{"start":{"line":19,"column":0},"end":{"line":83,"column":1}}},"1":{"name":"(anonymous_10)","decl":{"start":{"line":33,"column":16},"end":{"line":33,"column":19}},"loc":{"start":{"line":33,"column":22},"end":{"line":33,"column":69}}},"2":{"name":"(anonymous_11)","decl":{"start":{"line":22,"column":2},"end":{"line":22,"column":8}},"loc":{"start":{"line":22,"column":46},"end":{"line":24,"column":3}}},"3":{"name":"(anonymous_12)","decl":{"start":{"line":26,"column":2},"end":{"line":26,"column":19}},"loc":{"start":{"line":26,"column":54},"end":{"line":31,"column":3}}},"4":{"name":"(anonymous_13)","decl":{"start":{"line":35,"column":2},"end":{"line":35,"column":8}},"loc":{"start":{"line":35,"column":8},"end":{"line":82,"column":3}}},"5":{"name":"(anonymous_14)","decl":{"start":{"line":49,"column":29},"end":{"line":49,"column":32}},"loc":{"start":{"line":49,"column":35},"end":{"line":49,"column":59}}},"6":{"name":"withErrorBoundary","decl":{"start":{"line":85,"column":16},"end":{"line":85,"column":33}},"loc":{"start":{"line":87,"column":46},"end":{"line":94,"column":1}}},"7":{"name":"(anonymous_16)","decl":{"start":{"line":89,"column":9},"end":{"line":89,"column":10}},"loc":{"start":{"line":90,"column":4},"end":{"line":91,"column":null}}}},"branchMap":{"0":{"loc":{"start":{"line":27,"column":4},"end":{"line":29,"column":5}},"type":"if","locations":[{"start":{"line":27,"column":4},"end":{"line":29,"column":5}},{"start":{},"end":{}}]},"1":{"loc":{"start":{"line":30,"column":4},"end":{"line":30,"column":42}},"type":"cond-expr","locations":[{"start":{"line":30,"column":22},"end":{"line":30,"column":25}},{"start":{"line":30,"column":22},"end":{"line":30,"column":42}}]},"2":{"loc":{"start":{"line":30,"column":4},"end":{"line":30,"column":25}},"type":"binary-expr","locations":[{"start":{"line":30,"column":4},"end":{"line":30,"column":25}},{"start":{"line":30,"column":22},"end":{"line":30,"column":25}}]},"3":{"loc":{"start":{"line":37,"column":32},"end":{"line":37,"column":51}},"type":"default-arg","locations":[{"start":{"line":37,"column":40},"end":{"line":37,"column":51}}]},"4":{"loc":{"start":{"line":39,"column":4},"end":{"line":39,"column":null}},"type":"if","locations":[{"start":{"line":39,"column":4},"end":{"line":39,"column":null}},{"start":{},"end":{}}]},"5":{"loc":{"start":{"line":40,"column":4},"end":{"line":40,"column":null}},"type":"if","locations":[{"start":{"line":40,"column":4},"end":{"line":40,"column":null}},{"start":{},"end":{}}]},"6":{"loc":{"start":{"line":81,"column":11},"end":{"line":81,"column":48}},"type":"binary-expr","locations":[{"start":{"line":81,"column":11},"end":{"line":81,"column":26}},{"start":{"line":81,"column":30},"end":{"line":81,"column":48}}]}},"s":{"0":1,"1":1,"2":1,"3":1,"4":1,"5":1,"6":26,"7":26,"8":0,"9":26,"10":13,"11":4,"12":13,"13":54,"14":54,"15":54,"16":28,"17":26,"18":2,"19":24,"20":0,"21":24,"22":1,"23":2,"24":7},"f":{"0":27,"1":0,"2":26,"3":13,"4":54,"5":0,"6":2,"7":7},"b":{"0":[4,9],"1":[11,2],"2":[13,13],"3":[30],"4":[28,26],"5":[2,24],"6":[24,0]}}
,"/Users/mikeyoung/CODING/rebuild-6.0/src/components/shared/filters/FilterPanel.tsx": {"path":"/Users/mikeyoung/CODING/rebuild-6.0/src/components/shared/filters/FilterPanel.tsx","statementMap":{"0":{"start":{"line":1,"column":0},"end":{"line":1,"column":63}},"1":{"start":{"line":2,"column":0},"end":{"line":2,"column":48}},"2":{"start":{"line":3,"column":0},"end":{"line":3,"column":47}},"3":{"start":{"line":4,"column":0},"end":{"line":4,"column":45}},"4":{"start":{"line":5,"column":0},"end":{"line":5,"column":45}},"5":{"start":{"line":6,"column":0},"end":{"line":6,"column":43}},"6":{"start":{"line":7,"column":0},"end":{"line":7,"column":45}},"7":{"start":{"line":8,"column":0},"end":{"line":8,"column":28}},"8":{"start":{"line":11,"column":0},"end":{"line":11,"column":48}},"9":{"start":{"line":24,"column":78},"end":{"line":28,"column":null}},"10":{"start":{"line":30,"column":74},"end":{"line":35,"column":null}},"11":{"start":{"line":37,"column":55},"end":{"line":236,"column":1}},"12":{"start":{"line":47,"column":40},"end":{"line":47,"column":69}},"13":{"start":{"line":48,"column":38},"end":{"line":48,"column":53}},"14":{"start":{"line":51,"column":2},"end":{"line":57,"column":null}},"15":{"start":{"line":52,"column":18},"end":{"line":54,"column":11}},"16":{"start":{"line":53,"column":6},"end":{"line":53,"column":null}},"17":{"start":{"line":56,"column":4},"end":{"line":56,"column":null}},"18":{"start":{"line":56,"column":17},"end":{"line":56,"column":36}},"19":{"start":{"line":59,"column":29},"end":{"line":64,"column":38}},"20":{"start":{"line":60,"column":22},"end":{"line":62,"column":35}},"21":{"start":{"line":61,"column":35},"end":{"line":61,"column":47}},"22":{"start":{"line":63,"column":4},"end":{"line":63,"column":null}},"23":{"start":{"line":66,"column":30},"end":{"line":77,"column":41}},"24":{"start":{"line":67,"column":4},"end":{"line":76,"column":5}},"25":{"start":{"line":68,"column":6},"end":{"line":68,"column":null}},"26":{"start":{"line":70,"column":30},"end":{"line":70,"column":71}},"27":{"start":{"line":70,"column":59},"end":{"line":70,"column":70}},"28":{"start":{"line":71,"column":26},"end":{"line":73,"column":39}},"29":{"start":{"line":72,"column":38},"end":{"line":72,"column":51}},"30":{"start":{"line":75,"column":6},"end":{"line":75,"column":null}},"31":{"start":{"line":79,"column":2},"end":{"line":235,"column":null}},"32":{"start":{"line":110,"column":29},"end":{"line":110,"column":55}},"33":{"start":{"line":124,"column":29},"end":{"line":124,"column":59}},"34":{"start":{"line":143,"column":18},"end":{"line":144,"column":null}},"35":{"start":{"line":150,"column":38},"end":{"line":150,"column":63}},"36":{"start":{"line":175,"column":36},"end":{"line":175,"column":62}},"37":{"start":{"line":186,"column":18},"end":{"line":187,"column":null}},"38":{"start":{"line":193,"column":38},"end":{"line":193,"column":77}},"39":{"start":{"line":220,"column":33},"end":{"line":220,"column":101}},"40":{"start":{"line":225,"column":18},"end":{"line":225,"column":38}},"41":{"start":{"line":37,"column":13},"end":{"line":37,"column":55}}},"fnMap":{"0":{"name":"(anonymous_9)","decl":{"start":{"line":37,"column":55},"end":{"line":37,"column":56}},"loc":{"start":{"line":46,"column":5},"end":{"line":236,"column":1}}},"1":{"name":"(anonymous_10)","decl":{"start":{"line":51,"column":12},"end":{"line":51,"column":15}},"loc":{"start":{"line":51,"column":17},"end":{"line":57,"column":3}}},"2":{"name":"(anonymous_11)","decl":{"start":{"line":52,"column":29},"end":{"line":52,"column":32}},"loc":{"start":{"line":52,"column":34},"end":{"line":54,"column":5}}},"3":{"name":"(anonymous_12)","decl":{"start":{"line":56,"column":11},"end":{"line":56,"column":14}},"loc":{"start":{"line":56,"column":17},"end":{"line":56,"column":36}}},"4":{"name":"(anonymous_13)","decl":{"start":{"line":59,"column":41},"end":{"line":59,"column":42}},"loc":{"start":{"line":59,"column":65},"end":{"line":64,"column":3}}},"5":{"name":"(anonymous_14)","decl":{"start":{"line":61,"column":30},"end":{"line":61,"column":31}},"loc":{"start":{"line":61,"column":35},"end":{"line":61,"column":47}}},"6":{"name":"(anonymous_15)","decl":{"start":{"line":66,"column":42},"end":{"line":66,"column":43}},"loc":{"start":{"line":66,"column":75},"end":{"line":77,"column":3}}},"7":{"name":"(anonymous_16)","decl":{"start":{"line":70,"column":54},"end":{"line":70,"column":55}},"loc":{"start":{"line":70,"column":59},"end":{"line":70,"column":70}}},"8":{"name":"(anonymous_17)","decl":{"start":{"line":72,"column":33},"end":{"line":72,"column":34}},"loc":{"start":{"line":72,"column":38},"end":{"line":72,"column":51}}},"9":{"name":"(anonymous_18)","decl":{"start":{"line":110,"column":23},"end":{"line":110,"column":26}},"loc":{"start":{"line":110,"column":29},"end":{"line":110,"column":55}}},"10":{"name":"(anonymous_19)","decl":{"start":{"line":124,"column":22},"end":{"line":124,"column":23}},"loc":{"start":{"line":124,"column":29},"end":{"line":124,"column":59}}},"11":{"name":"(anonymous_20)","decl":{"start":{"line":142,"column":35},"end":{"line":142,"column":36}},"loc":{"start":{"line":143,"column":18},"end":{"line":144,"column":null}}},"12":{"name":"(anonymous_21)","decl":{"start":{"line":150,"column":32},"end":{"line":150,"column":35}},"loc":{"start":{"line":150,"column":38},"end":{"line":150,"column":63}}},"13":{"name":"(anonymous_22)","decl":{"start":{"line":175,"column":30},"end":{"line":175,"column":33}},"loc":{"start":{"line":175,"column":36},"end":{"line":175,"column":62}}},"14":{"name":"(anonymous_23)","decl":{"start":{"line":185,"column":52},"end":{"line":185,"column":53}},"loc":{"start":{"line":186,"column":18},"end":{"line":187,"column":null}}},"15":{"name":"(anonymous_24)","decl":{"start":{"line":193,"column":32},"end":{"line":193,"column":35}},"loc":{"start":{"line":193,"column":38},"end":{"line":193,"column":77}}},"16":{"name":"(anonymous_25)","decl":{"start":{"line":220,"column":26},"end":{"line":220,"column":27}},"loc":{"start":{"line":220,"column":33},"end":{"line":220,"column":101}}},"17":{"name":"(anonymous_26)","decl":{"start":{"line":224,"column":38},"end":{"line":224,"column":39}},"loc":{"start":{"line":225,"column":18},"end":{"line":225,"column":38}}}},"branchMap":{"0":{"loc":{"start":{"line":60,"column":22},"end":{"line":62,"column":35}},"type":"cond-expr","locations":[{"start":{"line":61,"column":8},"end":{"line":61,"column":48}},{"start":{"line":62,"column":8},"end":{"line":62,"column":35}}]},"1":{"loc":{"start":{"line":67,"column":4},"end":{"line":76,"column":5}},"type":"if","locations":[{"start":{"line":67,"column":4},"end":{"line":76,"column":5}},{"start":{"line":69,"column":11},"end":{"line":76,"column":5}}]},"2":{"loc":{"start":{"line":71,"column":26},"end":{"line":73,"column":39}},"type":"cond-expr","locations":[{"start":{"line":72,"column":10},"end":{"line":72,"column":52}},{"start":{"line":73,"column":10},"end":{"line":73,"column":39}}]},"3":{"loc":{"start":{"line":75,"column":22},"end":{"line":75,"column":70}},"type":"cond-expr","locations":[{"start":{"line":75,"column":49},"end":{"line":75,"column":56}},{"start":{"line":75,"column":59},"end":{"line":75,"column":70}}]},"4":{"loc":{"start":{"line":89,"column":13},"end":{"line":92,"column":null}},"type":"binary-expr","locations":[{"start":{"line":89,"column":13},"end":{"line":89,"column":29}},{"start":{"line":90,"column":14},"end":{"line":90,"column":null}}]},"5":{"loc":{"start":{"line":96,"column":13},"end":{"line":105,"column":null}},"type":"binary-expr","locations":[{"start":{"line":96,"column":13},"end":{"line":96,"column":29}},{"start":{"line":97,"column":14},"end":{"line":103,"column":null}}]},"6":{"loc":{"start":{"line":112,"column":15},"end":{"line":112,"column":49}},"type":"cond-expr","locations":[{"start":{"line":112,"column":28},"end":{"line":112,"column":38}},{"start":{"line":112,"column":41},"end":{"line":112,"column":49}}]},"7":{"loc":{"start":{"line":136,"column":9},"end":{"line":231,"column":null}},"type":"binary-expr","locations":[{"start":{"line":136,"column":9},"end":{"line":136,"column":19}},{"start":{"line":137,"column":10},"end":{"line":230,"column":null}}]},"8":{"loc":{"start":{"line":154,"column":31},"end":{"line":154,"column":85}},"type":"cond-expr","locations":[{"start":{"line":154,"column":64},"end":{"line":154,"column":73}},{"start":{"line":154,"column":76},"end":{"line":154,"column":85}}]},"9":{"loc":{"start":{"line":157,"column":24},"end":{"line":157,"column":91}},"type":"cond-expr","locations":[{"start":{"line":157,"column":57},"end":{"line":157,"column":62}},{"start":{"line":157,"column":65},"end":{"line":157,"column":91}}]},"10":{"loc":{"start":{"line":179,"column":29},"end":{"line":179,"column":85}},"type":"cond-expr","locations":[{"start":{"line":179,"column":64},"end":{"line":179,"column":73}},{"start":{"line":179,"column":76},"end":{"line":179,"column":85}}]},"11":{"loc":{"start":{"line":198,"column":31},"end":{"line":198,"column":100}},"type":"cond-expr","locations":[{"start":{"line":198,"column":79},"end":{"line":198,"column":88}},{"start":{"line":198,"column":91},"end":{"line":198,"column":100}}]},"12":{"loc":{"start":{"line":201,"column":24},"end":{"line":201,"column":131}},"type":"binary-expr","locations":[{"start":{"line":201,"column":24},"end":{"line":201,"column":69}},{"start":{"line":201,"column":73},"end":{"line":201,"column":131}}]},"13":{"loc":{"start":{"line":219,"column":23},"end":{"line":219,"column":58}},"type":"binary-expr","locations":[{"start":{"line":219,"column":23},"end":{"line":219,"column":47}},{"start":{"line":219,"column":51},"end":{"line":219,"column":58}}]}},"s":{"0":1,"1":1,"2":1,"3":1,"4":1,"5":1,"6":1,"7":1,"8":1,"9":1,"10":1,"11":1,"12":19,"13":19,"14":19,"15":12,"16":0,"17":12,"18":12,"19":19,"20":1,"21":3,"22":1,"23":19,"24":0,"25":0,"26":0,"27":0,"28":0,"29":0,"30":0,"31":19,"32":7,"33":1,"34":21,"35":1,"36":0,"37":49,"38":0,"39":0,"40":28,"41":1},"f":{"0":19,"1":12,"2":0,"3":12,"4":1,"5":3,"6":0,"7":0,"8":0,"9":7,"10":1,"11":21,"12":1,"13":0,"14":49,"15":0,"16":0,"17":28},"b":{"0":[1,0],"1":[0,0],"2":[0,0],"3":[0,0],"4":[19,2],"5":[19,2],"6":[7,12],"7":[19,7],"8":[20,1],"9":[20,1],"10":[7,0],"11":[0,49],"12":[49,0],"13":[7,0]}}
,"/Users/mikeyoung/CODING/rebuild-6.0/src/components/shared/filters/SortControl.tsx": {"path":"/Users/mikeyoung/CODING/rebuild-6.0/src/components/shared/filters/SortControl.tsx","statementMap":{"0":{"start":{"line":1,"column":0},"end":{"line":1,"column":25}},"1":{"start":{"line":2,"column":0},"end":{"line":2,"column":62}},"2":{"start":{"line":3,"column":0},"end":{"line":3,"column":47}},"3":{"start":{"line":4,"column":0},"end":{"line":4,"column":null}},"4":{"start":{"line":11,"column":0},"end":{"line":11,"column":28}},"5":{"start":{"line":21,"column":56},"end":{"line":27,"column":null}},"6":{"start":{"line":29,"column":55},"end":{"line":78,"column":1}},"7":{"start":{"line":36,"column":27},"end":{"line":36,"column":89}},"8":{"start":{"line":36,"column":51},"end":{"line":36,"column":71}},"9":{"start":{"line":38,"column":2},"end":{"line":77,"column":null}},"10":{"start":{"line":49,"column":12},"end":{"line":50,"column":null}},"11":{"start":{"line":51,"column":29},"end":{"line":51,"column":48}},"12":{"start":{"line":29,"column":13},"end":{"line":29,"column":55}}},"fnMap":{"0":{"name":"(anonymous_1)","decl":{"start":{"line":29,"column":55},"end":{"line":29,"column":56}},"loc":{"start":{"line":35,"column":5},"end":{"line":78,"column":1}}},"1":{"name":"(anonymous_2)","decl":{"start":{"line":36,"column":44},"end":{"line":36,"column":47}},"loc":{"start":{"line":36,"column":51},"end":{"line":36,"column":71}}},"2":{"name":"(anonymous_3)","decl":{"start":{"line":48,"column":27},"end":{"line":48,"column":28}},"loc":{"start":{"line":49,"column":12},"end":{"line":50,"column":null}}},"3":{"name":"(anonymous_4)","decl":{"start":{"line":51,"column":23},"end":{"line":51,"column":26}},"loc":{"start":{"line":51,"column":29},"end":{"line":51,"column":48}}}},"branchMap":{"0":{"loc":{"start":{"line":36,"column":27},"end":{"line":36,"column":89}},"type":"binary-expr","locations":[{"start":{"line":36,"column":27},"end":{"line":36,"column":79}},{"start":{"line":36,"column":83},"end":{"line":36,"column":89}}]},"1":{"loc":{"start":{"line":36,"column":27},"end":{"line":36,"column":79}},"type":"cond-expr","locations":[{"start":{"line":36,"column":72},"end":{"line":36,"column":74}},{"start":{"line":36,"column":72},"end":{"line":36,"column":79}}]},"2":{"loc":{"start":{"line":36,"column":27},"end":{"line":36,"column":74}},"type":"binary-expr","locations":[{"start":{"line":36,"column":27},"end":{"line":36,"column":74}},{"start":{"line":36,"column":72},"end":{"line":36,"column":74}}]},"3":{"loc":{"start":{"line":54,"column":16},"end":{"line":54,"column":51}},"type":"binary-expr","locations":[{"start":{"line":54,"column":16},"end":{"line":54,"column":32}},{"start":{"line":54,"column":36},"end":{"line":54,"column":51}}]},"4":{"loc":{"start":{"line":68,"column":28},"end":{"line":68,"column":80}},"type":"cond-expr","locations":[{"start":{"line":68,"column":54},"end":{"line":68,"column":65}},{"start":{"line":68,"column":68},"end":{"line":68,"column":80}}]},"5":{"loc":{"start":{"line":70,"column":9},"end":{"line":73,"column":null}},"type":"cond-expr","locations":[{"start":{"line":71,"column":10},"end":{"line":71,"column":41}},{"start":{"line":73,"column":10},"end":{"line":73,"column":43}}]}},"s":{"0":0,"1":0,"2":0,"3":0,"4":0,"5":0,"6":0,"7":0,"8":0,"9":0,"10":0,"11":0,"12":0},"f":{"0":0,"1":0,"2":0,"3":0},"b":{"0":[0,0],"1":[0,0],"2":[0,0],"3":[0,0],"4":[0,0],"5":[0,0]}}
,"/Users/mikeyoung/CODING/rebuild-6.0/src/components/shared/inputs/DateRangePicker.tsx": {"path":"/Users/mikeyoung/CODING/rebuild-6.0/src/components/shared/inputs/DateRangePicker.tsx","statementMap":{"0":{"start":{"line":1,"column":0},"end":{"line":1,"column":25}},"1":{"start":{"line":2,"column":0},"end":{"line":2,"column":47}},"2":{"start":{"line":3,"column":0},"end":{"line":3,"column":28}},"3":{"start":{"line":12,"column":63},"end":{"line":108,"column":1}},"4":{"start":{"line":18,"column":21},"end":{"line":20,"column":3}},"5":{"start":{"line":19,"column":4},"end":{"line":19,"column":null}},"6":{"start":{"line":22,"column":18},"end":{"line":60,"column":null}},"7":{"start":{"line":26,"column":22},"end":{"line":26,"column":32}},"8":{"start":{"line":27,"column":8},"end":{"line":27,"column":null}},"9":{"start":{"line":28,"column":20},"end":{"line":28,"column":30}},"10":{"start":{"line":29,"column":8},"end":{"line":29,"column":null}},"11":{"start":{"line":30,"column":8},"end":{"line":30,"column":null}},"12":{"start":{"line":36,"column":20},"end":{"line":36,"column":30}},"13":{"start":{"line":37,"column":22},"end":{"line":37,"column":32}},"14":{"start":{"line":38,"column":8},"end":{"line":38,"column":null}},"15":{"start":{"line":39,"column":8},"end":{"line":39,"column":null}},"16":{"start":{"line":45,"column":20},"end":{"line":45,"column":30}},"17":{"start":{"line":46,"column":22},"end":{"line":46,"column":32}},"18":{"start":{"line":47,"column":8},"end":{"line":47,"column":null}},"19":{"start":{"line":48,"column":8},"end":{"line":48,"column":null}},"20":{"start":{"line":54,"column":20},"end":{"line":54,"column":30}},"21":{"start":{"line":55,"column":22},"end":{"line":55,"column":68}},"22":{"start":{"line":56,"column":20},"end":{"line":56,"column":70}},"23":{"start":{"line":57,"column":8},"end":{"line":57,"column":null}},"24":{"start":{"line":62,"column":2},"end":{"line":107,"column":null}},"25":{"start":{"line":69,"column":29},"end":{"line":69,"column":53}},"26":{"start":{"line":70,"column":12},"end":{"line":72,"column":13}},"27":{"start":{"line":71,"column":14},"end":{"line":71,"column":null}},"28":{"start":{"line":81,"column":27},"end":{"line":81,"column":51}},"29":{"start":{"line":82,"column":12},"end":{"line":84,"column":13}},"30":{"start":{"line":83,"column":14},"end":{"line":83,"column":null}},"31":{"start":{"line":92,"column":10},"end":{"line":93,"column":null}},"32":{"start":{"line":97,"column":37},"end":{"line":97,"column":54}},"33":{"start":{"line":98,"column":14},"end":{"line":98,"column":null}},"34":{"start":{"line":12,"column":13},"end":{"line":12,"column":63}}},"fnMap":{"0":{"name":"(anonymous_1)","decl":{"start":{"line":12,"column":63},"end":{"line":12,"column":64}},"loc":{"start":{"line":17,"column":5},"end":{"line":108,"column":1}}},"1":{"name":"(anonymous_2)","decl":{"start":{"line":18,"column":21},"end":{"line":18,"column":22}},"loc":{"start":{"line":18,"column":36},"end":{"line":20,"column":3}}},"2":{"name":"(anonymous_3)","decl":{"start":{"line":25,"column":16},"end":{"line":25,"column":19}},"loc":{"start":{"line":25,"column":21},"end":{"line":31,"column":7}}},"3":{"name":"(anonymous_4)","decl":{"start":{"line":35,"column":16},"end":{"line":35,"column":19}},"loc":{"start":{"line":35,"column":21},"end":{"line":40,"column":7}}},"4":{"name":"(anonymous_5)","decl":{"start":{"line":44,"column":16},"end":{"line":44,"column":19}},"loc":{"start":{"line":44,"column":21},"end":{"line":49,"column":7}}},"5":{"name":"(anonymous_6)","decl":{"start":{"line":53,"column":16},"end":{"line":53,"column":19}},"loc":{"start":{"line":53,"column":21},"end":{"line":58,"column":7}}},"6":{"name":"(anonymous_7)","decl":{"start":{"line":68,"column":20},"end":{"line":68,"column":21}},"loc":{"start":{"line":68,"column":26},"end":{"line":73,"column":11}}},"7":{"name":"(anonymous_8)","decl":{"start":{"line":80,"column":20},"end":{"line":80,"column":21}},"loc":{"start":{"line":80,"column":26},"end":{"line":85,"column":11}}},"8":{"name":"(anonymous_9)","decl":{"start":{"line":91,"column":21},"end":{"line":91,"column":22}},"loc":{"start":{"line":92,"column":10},"end":{"line":93,"column":null}}},"9":{"name":"(anonymous_10)","decl":{"start":{"line":96,"column":21},"end":{"line":96,"column":24}},"loc":{"start":{"line":96,"column":26},"end":{"line":99,"column":13}}}},"branchMap":{"0":{"loc":{"start":{"line":70,"column":12},"end":{"line":72,"column":13}},"type":"if","locations":[{"start":{"line":70,"column":12},"end":{"line":72,"column":13}},{"start":{},"end":{}}]},"1":{"loc":{"start":{"line":82,"column":12},"end":{"line":84,"column":13}},"type":"if","locations":[{"start":{"line":82,"column":12},"end":{"line":84,"column":13}},{"start":{},"end":{}}]}},"s":{"0":0,"1":0,"2":0,"3":0,"4":0,"5":0,"6":0,"7":0,"8":0,"9":0,"10":0,"11":0,"12":0,"13":0,"14":0,"15":0,"16":0,"17":0,"18":0,"19":0,"20":0,"21":0,"22":0,"23":0,"24":0,"25":0,"26":0,"27":0,"28":0,"29":0,"30":0,"31":0,"32":0,"33":0,"34":0},"f":{"0":0,"1":0,"2":0,"3":0,"4":0,"5":0,"6":0,"7":0,"8":0,"9":0},"b":{"0":[0,0],"1":[0,0]}}
,"/Users/mikeyoung/CODING/rebuild-6.0/src/components/shared/lists/OrderItemRow.tsx": {"path":"/Users/mikeyoung/CODING/rebuild-6.0/src/components/shared/lists/OrderItemRow.tsx","statementMap":{"0":{"start":{"line":1,"column":0},"end":{"line":1,"column":25}},"1":{"start":{"line":2,"column":0},"end":{"line":2,"column":42}},"2":{"start":{"line":3,"column":0},"end":{"line":3,"column":40}},"3":{"start":{"line":5,"column":0},"end":{"line":5,"column":40}},"4":{"start":{"line":16,"column":57},"end":{"line":47,"column":1}},"5":{"start":{"line":24,"column":2},"end":{"line":46,"column":null}},"6":{"start":{"line":36,"column":30},"end":{"line":36,"column":43}},"7":{"start":{"line":16,"column":13},"end":{"line":16,"column":57}}},"fnMap":{"0":{"name":"(anonymous_1)","decl":{"start":{"line":16,"column":57},"end":{"line":16,"column":58}},"loc":{"start":{"line":23,"column":5},"end":{"line":47,"column":1}}},"1":{"name":"(anonymous_2)","decl":{"start":{"line":36,"column":25},"end":{"line":36,"column":26}},"loc":{"start":{"line":36,"column":30},"end":{"line":36,"column":43}}}},"branchMap":{"0":{"loc":{"start":{"line":30,"column":9},"end":{"line":31,"column":null}},"type":"binary-expr","locations":[{"start":{"line":30,"column":9},"end":{"line":30,"column":20}},{"start":{"line":31,"column":10},"end":{"line":31,"column":69}}]},"1":{"loc":{"start":{"line":34,"column":7},"end":{"line":37,"column":null}},"type":"binary-expr","locations":[{"start":{"line":34,"column":7},"end":{"line":34,"column":16}},{"start":{"line":34,"column":20},"end":{"line":34,"column":40}},{"start":{"line":35,"column":8},"end":{"line":36,"column":null}}]},"2":{"loc":{"start":{"line":39,"column":7},"end":{"line":43,"column":null}},"type":"binary-expr","locations":[{"start":{"line":39,"column":7},"end":{"line":39,"column":11}},{"start":{"line":40,"column":8},"end":{"line":42,"column":null}}]}},"s":{"0":1,"1":1,"2":1,"3":1,"4":1,"5":20,"6":20,"7":1},"f":{"0":20,"1":20},"b":{"0":[20,20],"1":[20,10,10],"2":[20,10]}}
,"/Users/mikeyoung/CODING/rebuild-6.0/src/components/shared/order/OrderActions.tsx": {"path":"/Users/mikeyoung/CODING/rebuild-6.0/src/components/shared/order/OrderActions.tsx","statementMap":{"0":{"start":{"line":1,"column":0},"end":{"line":1,"column":25}},"1":{"start":{"line":2,"column":0},"end":{"line":2,"column":66}},"2":{"start":{"line":3,"column":0},"end":{"line":3,"column":28}},"3":{"start":{"line":4,"column":0},"end":{"line":4,"column":46}},"4":{"start":{"line":14,"column":57},"end":{"line":86,"column":1}},"5":{"start":{"line":21,"column":19},"end":{"line":21,"column":32}},"6":{"start":{"line":23,"column":22},"end":{"line":39,"column":3}},"7":{"start":{"line":24,"column":4},"end":{"line":24,"column":31}},"8":{"start":{"line":24,"column":25},"end":{"line":24,"column":31}},"9":{"start":{"line":26,"column":4},"end":{"line":38,"column":5}},"10":{"start":{"line":27,"column":6},"end":{"line":27,"column":null}},"11":{"start":{"line":28,"column":6},"end":{"line":31,"column":null}},"12":{"start":{"line":32,"column":11},"end":{"line":38,"column":5}},"13":{"start":{"line":33,"column":6},"end":{"line":33,"column":null}},"14":{"start":{"line":34,"column":6},"end":{"line":37,"column":null}},"15":{"start":{"line":42,"column":24},"end":{"line":63,"column":3}},"16":{"start":{"line":43,"column":4},"end":{"line":62,"column":5}},"17":{"start":{"line":45,"column":8},"end":{"line":49,"column":null}},"18":{"start":{"line":51,"column":8},"end":{"line":55,"column":null}},"19":{"start":{"line":57,"column":8},"end":{"line":61,"column":null}},"20":{"start":{"line":65,"column":21},"end":{"line":65,"column":36}},"21":{"start":{"line":67,"column":2},"end":{"line":85,"column":null}},"22":{"start":{"line":14,"column":13},"end":{"line":14,"column":57}}},"fnMap":{"0":{"name":"(anonymous_1)","decl":{"start":{"line":14,"column":57},"end":{"line":14,"column":58}},"loc":{"start":{"line":20,"column":5},"end":{"line":86,"column":1}}},"1":{"name":"(anonymous_2)","decl":{"start":{"line":23,"column":22},"end":{"line":23,"column":25}},"loc":{"start":{"line":23,"column":27},"end":{"line":39,"column":3}}},"2":{"name":"(anonymous_3)","decl":{"start":{"line":42,"column":24},"end":{"line":42,"column":27}},"loc":{"start":{"line":42,"column":29},"end":{"line":63,"column":3}}}},"branchMap":{"0":{"loc":{"start":{"line":17,"column":2},"end":{"line":17,"column":21}},"type":"default-arg","locations":[{"start":{"line":17,"column":11},"end":{"line":17,"column":21}}]},"1":{"loc":{"start":{"line":24,"column":4},"end":{"line":24,"column":31}},"type":"if","locations":[{"start":{"line":24,"column":4},"end":{"line":24,"column":31}},{"start":{},"end":{}}]},"2":{"loc":{"start":{"line":26,"column":4},"end":{"line":38,"column":5}},"type":"if","locations":[{"start":{"line":26,"column":4},"end":{"line":38,"column":5}},{"start":{"line":32,"column":11},"end":{"line":38,"column":5}}]},"3":{"loc":{"start":{"line":29,"column":26},"end":{"line":29,"column":68}},"type":"cond-expr","locations":[{"start":{"line":29,"column":40},"end":{"line":29,"column":63}},{"start":{"line":29,"column":66},"end":{"line":29,"column":68}}]},"4":{"loc":{"start":{"line":32,"column":11},"end":{"line":38,"column":5}},"type":"if","locations":[{"start":{"line":32,"column":11},"end":{"line":38,"column":5}},{"start":{},"end":{}}]},"5":{"loc":{"start":{"line":35,"column":26},"end":{"line":35,"column":68}},"type":"cond-expr","locations":[{"start":{"line":35,"column":40},"end":{"line":35,"column":63}},{"start":{"line":35,"column":66},"end":{"line":35,"column":68}}]},"6":{"loc":{"start":{"line":43,"column":4},"end":{"line":62,"column":5}},"type":"switch","locations":[{"start":{"line":44,"column":6},"end":{"line":49,"column":null}},{"start":{"line":50,"column":6},"end":{"line":55,"column":null}},{"start":{"line":56,"column":6},"end":{"line":61,"column":null}}]},"7":{"loc":{"start":{"line":71,"column":8},"end":{"line":71,"column":57}},"type":"cond-expr","locations":[{"start":{"line":71,"column":34},"end":{"line":71,"column":44}},{"start":{"line":71,"column":47},"end":{"line":71,"column":57}}]},"8":{"loc":{"start":{"line":75,"column":34},"end":{"line":75,"column":80}},"type":"cond-expr","locations":[{"start":{"line":75,"column":48},"end":{"line":75,"column":75}},{"start":{"line":75,"column":78},"end":{"line":75,"column":80}}]}},"s":{"0":1,"1":1,"2":1,"3":1,"4":1,"5":10,"6":10,"7":1,"8":0,"9":1,"10":1,"11":1,"12":0,"13":0,"14":0,"15":10,"16":10,"17":8,"18":1,"19":1,"20":10,"21":10,"22":1},"f":{"0":10,"1":1,"2":10},"b":{"0":[0],"1":[0,1],"2":[1,0],"3":[1,0],"4":[0,0],"5":[0,0],"6":[8,1,1],"7":[10,0],"8":[10,0]}}
,"/Users/mikeyoung/CODING/rebuild-6.0/src/components/shared/order/OrderHeaders.tsx": {"path":"/Users/mikeyoung/CODING/rebuild-6.0/src/components/shared/order/OrderHeaders.tsx","statementMap":{"0":{"start":{"line":1,"column":0},"end":{"line":1,"column":25}},"1":{"start":{"line":2,"column":0},"end":{"line":2,"column":69}},"2":{"start":{"line":3,"column":0},"end":{"line":3,"column":60}},"3":{"start":{"line":4,"column":0},"end":{"line":4,"column":53}},"4":{"start":{"line":5,"column":0},"end":{"line":5,"column":28}},"5":{"start":{"line":14,"column":55},"end":{"line":25,"column":1}},"6":{"start":{"line":19,"column":2},"end":{"line":24,"column":null}},"7":{"start":{"line":14,"column":13},"end":{"line":14,"column":55}},"8":{"start":{"line":35,"column":71},"end":{"line":50,"column":1}},"9":{"start":{"line":41,"column":2},"end":{"line":49,"column":null}},"10":{"start":{"line":35,"column":13},"end":{"line":35,"column":71}},"11":{"start":{"line":59,"column":59},"end":{"line":70,"column":1}},"12":{"start":{"line":64,"column":2},"end":{"line":69,"column":null}},"13":{"start":{"line":59,"column":13},"end":{"line":59,"column":59}}},"fnMap":{"0":{"name":"(anonymous_1)","decl":{"start":{"line":14,"column":55},"end":{"line":14,"column":56}},"loc":{"start":{"line":18,"column":5},"end":{"line":25,"column":1}}},"1":{"name":"(anonymous_2)","decl":{"start":{"line":35,"column":71},"end":{"line":35,"column":72}},"loc":{"start":{"line":40,"column":5},"end":{"line":50,"column":1}}},"2":{"name":"(anonymous_3)","decl":{"start":{"line":59,"column":59},"end":{"line":59,"column":60}},"loc":{"start":{"line":63,"column":5},"end":{"line":70,"column":1}}}},"branchMap":{},"s":{"0":1,"1":1,"2":1,"3":1,"4":1,"5":1,"6":10,"7":1,"8":1,"9":0,"10":1,"11":1,"12":10,"13":1},"f":{"0":10,"1":0,"2":10},"b":{}}
,"/Users/mikeyoung/CODING/rebuild-6.0/src/components/shared/order/OrderItemsList.tsx": {"path":"/Users/mikeyoung/CODING/rebuild-6.0/src/components/shared/order/OrderItemsList.tsx","statementMap":{"0":{"start":{"line":1,"column":0},"end":{"line":1,"column":25}},"1":{"start":{"line":2,"column":0},"end":{"line":2,"column":52}},"2":{"start":{"line":3,"column":0},"end":{"line":3,"column":58}},"3":{"start":{"line":4,"column":0},"end":{"line":4,"column":28}},"4":{"start":{"line":19,"column":61},"end":{"line":41,"column":1}},"5":{"start":{"line":23,"column":2},"end":{"line":40,"column":null}},"6":{"start":{"line":26,"column":28},"end":{"line":26,"column":70}},"7":{"start":{"line":28,"column":8},"end":{"line":37,"column":null}},"8":{"start":{"line":19,"column":13},"end":{"line":19,"column":61}}},"fnMap":{"0":{"name":"(anonymous_1)","decl":{"start":{"line":19,"column":61},"end":{"line":19,"column":62}},"loc":{"start":{"line":22,"column":5},"end":{"line":41,"column":1}}},"1":{"name":"(anonymous_2)","decl":{"start":{"line":25,"column":17},"end":{"line":25,"column":18}},"loc":{"start":{"line":25,"column":26},"end":{"line":38,"column":7}}}},"branchMap":{"0":{"loc":{"start":{"line":35,"column":25},"end":{"line":35,"column":49}},"type":"binary-expr","locations":[{"start":{"line":35,"column":25},"end":{"line":35,"column":36}},{"start":{"line":35,"column":40},"end":{"line":35,"column":49}}]}},"s":{"0":1,"1":1,"2":1,"3":1,"4":1,"5":10,"6":20,"7":20,"8":1},"f":{"0":10,"1":20},"b":{"0":[20,0]}}
,"/Users/mikeyoung/CODING/rebuild-6.0/src/components/shared/timers/ElapsedTimer.tsx": {"path":"/Users/mikeyoung/CODING/rebuild-6.0/src/components/shared/timers/ElapsedTimer.tsx","statementMap":{"0":{"start":{"line":1,"column":0},"end":{"line":1,"column":38}},"1":{"start":{"line":2,"column":0},"end":{"line":2,"column":36}},"2":{"start":{"line":3,"column":0},"end":{"line":3,"column":28}},"3":{"start":{"line":12,"column":57},"end":{"line":48,"column":1}},"4":{"start":{"line":18,"column":18},"end":{"line":40,"column":25}},"5":{"start":{"line":19,"column":16},"end":{"line":19,"column":26}},"6":{"start":{"line":20,"column":18},"end":{"line":20,"column":37}},"7":{"start":{"line":21,"column":19},"end":{"line":21,"column":30}},"8":{"start":{"line":22,"column":24},"end":{"line":22,"column":49}},"9":{"start":{"line":23,"column":24},"end":{"line":23,"column":52}},"10":{"start":{"line":24,"column":18},"end":{"line":24,"column":46}},"11":{"start":{"line":25,"column":20},"end":{"line":25,"column":36}},"12":{"start":{"line":26,"column":20},"end":{"line":26,"column":36}},"13":{"start":{"line":28,"column":4},"end":{"line":39,"column":5}},"14":{"start":{"line":30,"column":8},"end":{"line":30,"column":null}},"15":{"start":{"line":32,"column":8},"end":{"line":34,"column":9}},"16":{"start":{"line":33,"column":10},"end":{"line":33,"column":null}},"17":{"start":{"line":35,"column":8},"end":{"line":35,"column":null}},"18":{"start":{"line":38,"column":8},"end":{"line":38,"column":null}},"19":{"start":{"line":42,"column":2},"end":{"line":47,"column":null}},"20":{"start":{"line":12,"column":13},"end":{"line":12,"column":57}}},"fnMap":{"0":{"name":"(anonymous_9)","decl":{"start":{"line":12,"column":57},"end":{"line":12,"column":58}},"loc":{"start":{"line":17,"column":5},"end":{"line":48,"column":1}}},"1":{"name":"(anonymous_10)","decl":{"start":{"line":18,"column":26},"end":{"line":18,"column":29}},"loc":{"start":{"line":18,"column":31},"end":{"line":40,"column":3}}}},"branchMap":{"0":{"loc":{"start":{"line":14,"column":2},"end":{"line":14,"column":20}},"type":"default-arg","locations":[{"start":{"line":14,"column":11},"end":{"line":14,"column":20}}]},"1":{"loc":{"start":{"line":15,"column":2},"end":{"line":15,"column":17}},"type":"default-arg","locations":[{"start":{"line":15,"column":13},"end":{"line":15,"column":17}}]},"2":{"loc":{"start":{"line":28,"column":4},"end":{"line":39,"column":5}},"type":"switch","locations":[{"start":{"line":29,"column":6},"end":{"line":30,"column":null}},{"start":{"line":31,"column":6},"end":{"line":35,"column":null}},{"start":{"line":36,"column":6},"end":{"line":36,"column":21}},{"start":{"line":37,"column":6},"end":{"line":38,"column":null}}]},"3":{"loc":{"start":{"line":32,"column":8},"end":{"line":34,"column":9}},"type":"if","locations":[{"start":{"line":32,"column":8},"end":{"line":34,"column":9}},{"start":{},"end":{}}]},"4":{"loc":{"start":{"line":44,"column":7},"end":{"line":44,"column":48}},"type":"binary-expr","locations":[{"start":{"line":44,"column":7},"end":{"line":44,"column":15}},{"start":{"line":44,"column":19},"end":{"line":44,"column":48}}]}},"s":{"0":2,"1":2,"2":2,"3":2,"4":17,"5":17,"6":17,"7":17,"8":17,"9":17,"10":17,"11":17,"12":17,"13":17,"14":1,"15":2,"16":1,"17":1,"18":14,"19":17,"20":2},"f":{"0":17,"1":17},"b":{"0":[14],"1":[6],"2":[1,2,14,14],"3":[1,1],"4":[17,16]}}
,"/Users/mikeyoung/CODING/rebuild-6.0/src/components/ui/alert.tsx": {"path":"/Users/mikeyoung/CODING/rebuild-6.0/src/components/ui/alert.tsx","statementMap":{"0":{"start":{"line":1,"column":0},"end":{"line":1,"column":30}},"1":{"start":{"line":2,"column":0},"end":{"line":2,"column":65}},"2":{"start":{"line":4,"column":0},"end":{"line":4,"column":28}},"3":{"start":{"line":6,"column":22},"end":{"line":19,"column":null}},"4":{"start":{"line":22,"column":14},"end":{"line":32,"column":2}},"5":{"start":{"line":25,"column":23},"end":{"line":25,"column":28}},"6":{"start":{"line":25,"column":33},"end":{"line":25,"column":37}},"7":{"start":{"line":25,"column":45},"end":{"line":32,"column":2}},"8":{"start":{"line":59,"column":9},"end":{"line":59,"column":14}},"9":{"start":{"line":33,"column":0},"end":{"line":33,"column":null}},"10":{"start":{"line":35,"column":19},"end":{"line":44,"column":2}},"11":{"start":{"line":38,"column":14},"end":{"line":38,"column":19}},"12":{"start":{"line":38,"column":24},"end":{"line":38,"column":28}},"13":{"start":{"line":38,"column":36},"end":{"line":44,"column":2}},"14":{"start":{"line":59,"column":16},"end":{"line":59,"column":26}},"15":{"start":{"line":45,"column":0},"end":{"line":45,"column":null}},"16":{"start":{"line":47,"column":25},"end":{"line":56,"column":2}},"17":{"start":{"line":50,"column":14},"end":{"line":50,"column":19}},"18":{"start":{"line":50,"column":24},"end":{"line":50,"column":28}},"19":{"start":{"line":50,"column":36},"end":{"line":56,"column":2}},"20":{"start":{"line":59,"column":28},"end":{"line":59,"column":44}},"21":{"start":{"line":57,"column":0},"end":{"line":57,"column":null}}},"fnMap":{"0":{"name":"(anonymous_10)","decl":{"start":{"line":25,"column":2},"end":{"line":25,"column":3}},"loc":{"start":{"line":25,"column":44},"end":{"line":32,"column":2}}},"1":{"name":"(anonymous_11)","decl":{"start":{"line":38,"column":2},"end":{"line":38,"column":3}},"loc":{"start":{"line":38,"column":35},"end":{"line":44,"column":2}}},"2":{"name":"(anonymous_12)","decl":{"start":{"line":50,"column":2},"end":{"line":50,"column":3}},"loc":{"start":{"line":50,"column":35},"end":{"line":56,"column":2}}}},"branchMap":{},"s":{"0":3,"1":3,"2":3,"3":3,"4":3,"5":31,"6":31,"7":31,"8":3,"9":3,"10":3,"11":0,"12":0,"13":0,"14":3,"15":3,"16":3,"17":31,"18":31,"19":31,"20":3,"21":3},"f":{"0":31,"1":0,"2":31},"b":{}}
,"/Users/mikeyoung/CODING/rebuild-6.0/src/components/ui/badge.tsx": {"path":"/Users/mikeyoung/CODING/rebuild-6.0/src/components/ui/badge.tsx","statementMap":{"0":{"start":{"line":60,"column":9},"end":{"line":60,"column":14}},"1":{"start":{"line":1,"column":0},"end":{"line":1,"column":30}},"2":{"start":{"line":2,"column":0},"end":{"line":2,"column":65}},"3":{"start":{"line":3,"column":0},"end":{"line":3,"column":28}},"4":{"start":{"line":5,"column":22},"end":{"line":47,"column":null}},"5":{"start":{"line":54,"column":35},"end":{"line":54,"column":40}},"6":{"start":{"line":54,"column":45},"end":{"line":54,"column":59}},"7":{"start":{"line":55,"column":2},"end":{"line":57,"column":null}}},"fnMap":{"0":{"name":"Badge","decl":{"start":{"line":54,"column":9},"end":{"line":54,"column":14}},"loc":{"start":{"line":54,"column":59},"end":{"line":58,"column":1}}}},"branchMap":{},"s":{"0":5,"1":5,"2":5,"3":5,"4":5,"5":122,"6":122,"7":122},"f":{"0":122},"b":{}}
,"/Users/mikeyoung/CODING/rebuild-6.0/src/components/ui/button.tsx": {"path":"/Users/mikeyoung/CODING/rebuild-6.0/src/components/ui/button.tsx","statementMap":{"0":{"start":{"line":1,"column":0},"end":{"line":1,"column":30}},"1":{"start":{"line":2,"column":0},"end":{"line":2,"column":43}},"2":{"start":{"line":3,"column":0},"end":{"line":3,"column":65}},"3":{"start":{"line":4,"column":0},"end":{"line":4,"column":28}},"4":{"start":{"line":6,"column":23},"end":{"line":66,"column":null}},"5":{"start":{"line":76,"column":15},"end":{"line":86,"column":null}},"6":{"start":{"line":77,"column":46},"end":{"line":77,"column":51}},"7":{"start":{"line":77,"column":56},"end":{"line":77,"column":60}},"8":{"start":{"line":78,"column":17},"end":{"line":78,"column":42}},"9":{"start":{"line":79,"column":4},"end":{"line":85,"column":null}},"10":{"start":{"line":90,"column":9},"end":{"line":90,"column":15}},"11":{"start":{"line":88,"column":0},"end":{"line":88,"column":null}}},"fnMap":{"0":{"name":"(anonymous_10)","decl":{"start":{"line":77,"column":2},"end":{"line":77,"column":3}},"loc":{"start":{"line":77,"column":67},"end":{"line":86,"column":3}}}},"branchMap":{"0":{"loc":{"start":{"line":77,"column":31},"end":{"line":77,"column":46}},"type":"default-arg","locations":[{"start":{"line":77,"column":41},"end":{"line":77,"column":46}}]},"1":{"loc":{"start":{"line":78,"column":17},"end":{"line":78,"column":42}},"type":"cond-expr","locations":[{"start":{"line":78,"column":27},"end":{"line":78,"column":31}},{"start":{"line":78,"column":34},"end":{"line":78,"column":42}}]}},"s":{"0":5,"1":5,"2":5,"3":5,"4":5,"5":5,"6":87,"7":87,"8":87,"9":87,"10":5,"11":5},"f":{"0":87},"b":{"0":[87],"1":[0,87]}}
,"/Users/mikeyoung/CODING/rebuild-6.0/src/components/ui/card.tsx": {"path":"/Users/mikeyoung/CODING/rebuild-6.0/src/components/ui/card.tsx","statementMap":{"0":{"start":{"line":1,"column":0},"end":{"line":1,"column":30}},"1":{"start":{"line":3,"column":0},"end":{"line":3,"column":28}},"2":{"start":{"line":5,"column":13},"end":{"line":24,"column":2}},"3":{"start":{"line":8,"column":14},"end":{"line":8,"column":19}},"4":{"start":{"line":8,"column":24},"end":{"line":8,"column":28}},"5":{"start":{"line":8,"column":36},"end":{"line":24,"column":2}},"6":{"start":{"line":86,"column":9},"end":{"line":86,"column":13}},"7":{"start":{"line":25,"column":0},"end":{"line":25,"column":null}},"8":{"start":{"line":27,"column":19},"end":{"line":36,"column":2}},"9":{"start":{"line":30,"column":14},"end":{"line":30,"column":19}},"10":{"start":{"line":30,"column":24},"end":{"line":30,"column":28}},"11":{"start":{"line":30,"column":36},"end":{"line":36,"column":2}},"12":{"start":{"line":86,"column":15},"end":{"line":86,"column":25}},"13":{"start":{"line":37,"column":0},"end":{"line":37,"column":null}},"14":{"start":{"line":39,"column":18},"end":{"line":51,"column":2}},"15":{"start":{"line":42,"column":14},"end":{"line":42,"column":19}},"16":{"start":{"line":42,"column":24},"end":{"line":42,"column":28}},"17":{"start":{"line":42,"column":36},"end":{"line":51,"column":2}},"18":{"start":{"line":86,"column":39},"end":{"line":86,"column":48}},"19":{"start":{"line":52,"column":0},"end":{"line":52,"column":null}},"20":{"start":{"line":54,"column":24},"end":{"line":63,"column":2}},"21":{"start":{"line":57,"column":14},"end":{"line":57,"column":19}},"22":{"start":{"line":57,"column":24},"end":{"line":57,"column":28}},"23":{"start":{"line":57,"column":36},"end":{"line":63,"column":2}},"24":{"start":{"line":86,"column":50},"end":{"line":86,"column":65}},"25":{"start":{"line":64,"column":0},"end":{"line":64,"column":null}},"26":{"start":{"line":66,"column":20},"end":{"line":71,"column":2}},"27":{"start":{"line":69,"column":14},"end":{"line":69,"column":19}},"28":{"start":{"line":69,"column":24},"end":{"line":69,"column":28}},"29":{"start":{"line":69,"column":36},"end":{"line":71,"column":2}},"30":{"start":{"line":86,"column":67},"end":{"line":86,"column":78}},"31":{"start":{"line":72,"column":0},"end":{"line":72,"column":null}},"32":{"start":{"line":74,"column":19},"end":{"line":83,"column":2}},"33":{"start":{"line":77,"column":14},"end":{"line":77,"column":19}},"34":{"start":{"line":77,"column":24},"end":{"line":77,"column":28}},"35":{"start":{"line":77,"column":36},"end":{"line":83,"column":2}},"36":{"start":{"line":86,"column":27},"end":{"line":86,"column":37}},"37":{"start":{"line":84,"column":0},"end":{"line":84,"column":null}}},"fnMap":{"0":{"name":"(anonymous_10)","decl":{"start":{"line":8,"column":2},"end":{"line":8,"column":3}},"loc":{"start":{"line":8,"column":35},"end":{"line":24,"column":2}}},"1":{"name":"(anonymous_11)","decl":{"start":{"line":30,"column":2},"end":{"line":30,"column":3}},"loc":{"start":{"line":30,"column":35},"end":{"line":36,"column":2}}},"2":{"name":"(anonymous_12)","decl":{"start":{"line":42,"column":2},"end":{"line":42,"column":3}},"loc":{"start":{"line":42,"column":35},"end":{"line":51,"column":2}}},"3":{"name":"(anonymous_13)","decl":{"start":{"line":57,"column":2},"end":{"line":57,"column":3}},"loc":{"start":{"line":57,"column":35},"end":{"line":63,"column":2}}},"4":{"name":"(anonymous_14)","decl":{"start":{"line":69,"column":2},"end":{"line":69,"column":3}},"loc":{"start":{"line":69,"column":35},"end":{"line":71,"column":2}}},"5":{"name":"(anonymous_15)","decl":{"start":{"line":77,"column":2},"end":{"line":77,"column":3}},"loc":{"start":{"line":77,"column":35},"end":{"line":83,"column":2}}}},"branchMap":{},"s":{"0":7,"1":7,"2":7,"3":111,"4":111,"5":111,"6":7,"7":7,"8":7,"9":72,"10":72,"11":72,"12":7,"13":7,"14":7,"15":48,"16":48,"17":48,"18":7,"19":7,"20":7,"21":0,"22":0,"23":0,"24":7,"25":7,"26":7,"27":86,"28":86,"29":86,"30":7,"31":7,"32":7,"33":0,"34":0,"35":0,"36":7,"37":7},"f":{"0":111,"1":72,"2":48,"3":0,"4":86,"5":0},"b":{}}
,"/Users/mikeyoung/CODING/rebuild-6.0/src/components/ui/dropdown-menu.tsx": {"path":"/Users/mikeyoung/CODING/rebuild-6.0/src/components/ui/dropdown-menu.tsx","statementMap":{"0":{"start":{"line":1,"column":0},"end":{"line":1,"column":30}},"1":{"start":{"line":2,"column":0},"end":{"line":2,"column":28}},"2":{"start":{"line":9,"column":28},"end":{"line":9,"column":95}},"3":{"start":{"line":11,"column":62},"end":{"line":21,"column":1}},"4":{"start":{"line":12,"column":26},"end":{"line":12,"column":47}},"5":{"start":{"line":14,"column":2},"end":{"line":20,"column":null}},"6":{"start":{"line":137,"column":9},"end":{"line":137,"column":21}},"7":{"start":{"line":28,"column":64},"end":{"line":49,"column":1}},"8":{"start":{"line":29,"column":18},"end":{"line":29,"column":55}},"9":{"start":{"line":30,"column":2},"end":{"line":30,"column":null}},"10":{"start":{"line":30,"column":16},"end":{"line":30,"column":null}},"11":{"start":{"line":32,"column":22},"end":{"line":34,"column":3}},"12":{"start":{"line":33,"column":4},"end":{"line":33,"column":null}},"13":{"start":{"line":36,"column":2},"end":{"line":42,"column":3}},"14":{"start":{"line":37,"column":4},"end":{"line":41,"column":null}},"15":{"start":{"line":44,"column":2},"end":{"line":48,"column":null}},"16":{"start":{"line":137,"column":23},"end":{"line":137,"column":42}},"17":{"start":{"line":57,"column":64},"end":{"line":100,"column":1}},"18":{"start":{"line":62,"column":18},"end":{"line":62,"column":55}},"19":{"start":{"line":63,"column":2},"end":{"line":63,"column":null}},"20":{"start":{"line":63,"column":16},"end":{"line":63,"column":null}},"21":{"start":{"line":65,"column":14},"end":{"line":65,"column":48}},"22":{"start":{"line":68,"column":2},"end":{"line":82,"column":null}},"23":{"start":{"line":69,"column":31},"end":{"line":73,"column":5}},"24":{"start":{"line":70,"column":6},"end":{"line":72,"column":7}},"25":{"start":{"line":71,"column":8},"end":{"line":71,"column":null}},"26":{"start":{"line":75,"column":4},"end":{"line":77,"column":5}},"27":{"start":{"line":76,"column":6},"end":{"line":76,"column":n
[...]
column":null}},"59":{"start":{"line":104,"column":35},"end":{"line":104,"column":69}},"60":{"start":{"line":113,"column":18},"end":{"line":113,"column":39}},"61":{"start":{"line":114,"column":4},"end":{"line":114,"column":null}},"62":{"start":{"line":115,"column":4},"end":{"line":115,"column":null}},"63":{"start":{"line":119,"column":4},"end":{"line":119,"column":null}},"64":{"start":{"line":123,"column":24},"end":{"line":123,"column":39}},"65":{"start":{"line":124,"column":4},"end":{"line":124,"column":null}},"66":{"start":{"line":128,"column":18},"end":{"line":128,"column":33}},"67":{"start":{"line":129,"column":4},"end":{"line":131,"column":5}},"68":{"start":{"line":130,"column":6},"end":{"line":130,"column":null}},"69":{"start":{"line":132,"column":4},"end":{"line":132,"column":null}},"70":{"start":{"line":108,"column":0},"end":{"line":108,"column":13}},"71":{"start":{"line":109,"column":17},"end":{"line":109,"column":null}},"72":{"start":{"line":110,"column":17},"end":{"line":110,"column":null}}},"fnMap":{"0":{"name":"cn","decl":{"start":{"line":6,"column":16},"end":{"line":6,"column":18}},"loc":{"start":{"line":6,"column":42},"end":{"line":8,"column":1}}},"1":{"name":"(anonymous_1)","decl":{"start":{"line":11,"column":29},"end":{"line":11,"column":30}},"loc":{"start":{"line":11,"column":55},"end":{"line":17,"column":1}}},"2":{"name":"(anonymous_2)","decl":{"start":{"line":19,"column":35},"end":{"line":19,"column":36}},"loc":{"start":{"line":19,"column":74},"end":{"line":22,"column":1}}},"3":{"name":"(anonymous_3)","decl":{"start":{"line":24,"column":35},"end":{"line":24,"column":36}},"loc":{"start":{"line":24,"column":74},"end":{"line":27,"column":1}}},"4":{"name":"(anonymous_4)","decl":{"start":{"line":29,"column":32},"end":{"line":29,"column":33}},"loc":{"start":{"line":29,"column":68},"end":{"line":31,"column":1}}},"5":{"name":"(anonymous_5)","decl":{"start":{"line":33,"column":29},"end":{"line":33,"column":30}},"loc":{"start":{"line":33,"column":62},"end":{"line":38,"column":1}}},"6":{"name":"(anonymous_6)","decl":{"start":{"line":40,"column":32},"end":{"line":40,"column":33}},"loc":{"start":{"line":40,"column":68},"end":{"line":43,"column":1}}},"7":{"name":"(anonymous_7)","decl":{"start":{"line":45,"column":33},"end":{"line":45,"column":34}},"loc":{"start":{"line":45,"column":67},"end":{"line":52,"column":1}}},"8":{"name":"(anonymous_8)","decl":{"start":{"line":47,"column":9},"end":{"line":47,"column":17}},"loc":{"start":{"line":47,"column":20},"end":{"line":50,"column":5}}},"9":{"name":"(anonymous_9)","decl":{"start":{"line":51,"column":12},"end":{"line":51,"column":13}},"loc":{"start":{"line":51,"column":46},"end":{"line":51,"column":63}}},"10":{"name":"(anonymous_10)","decl":{"start":{"line":54,"column":29},"end":{"line":54,"column":30}},"loc":{"start":{"line":54,"column":62},"end":{"line":57,"column":1}}},"11":{"name":"(anonymous_11)","decl":{"start":{"line":60,"column":26},"end":{"line":60,"column":27}},"loc":{"start":{"line":60,"column":51},"end":{"line":70,"column":1}}},"12":{"name":"(anonymous_12)","decl":{"start":{"line":69,"column":35},"end":{"line":69,"column":39}},"loc":{"start":{"line":69,"column":43},"end":{"line":69,"column":65}}},"13":{"name":"(anonymous_13)","decl":{"start":{"line":76,"column":2},"end":{"line":76,"column":null}},"loc":{"start":{"line":78,"column":28},"end":{"line":79,"column":6}}},"14":{"name":"(anonymous_14)","decl":{"start":{"line":81,"column":2},"end":{"line":81,"column":12}},"loc":{"start":{"line":81,"column":12},"end":{"line":93,"column":3}}},"15":{"name":"(anonymous_15)","decl":{"start":{"line":85,"column":41},"end":{"line":85,"column":50}},"loc":{"start":{"line":85,"column":54},"end":{"line":85,"column":77}}},"16":{"name":"(anonymous_16)","decl":{"start":{"line":95,"column":2},"end":{"line":95,"column":7}},"loc":{"start":{"line":95,"column":7},"end":{"line":97,"column":3}}},"17":{"name":"(anonymous_17)","decl":{"start":{"line":101,"column":28},"end":{"line":101,"column":29}},"loc":{"start":{"line":101,"column":60},"end":{"line":105,"column":1}}},"18":{"name":"(anonymous_18)","decl":{"start":{"line":104,"column":27},"end":{"line":104,"column":31}},"loc":{"start":{"line":104,"column":35},"end":{"line":104,"column":69}}},"19":{"name":"(anonymous_19)","decl":{"start":{"line":112,"column":2},"end":{"line":112,"column":8}},"loc":{"start":{"line":112,"column":22},"end":{"line":116,"column":3}}},"20":{"name":"(anonymous_20)","decl":{"start":{"line":118,"column":2},"end":{"line":118,"column":8}},"loc":{"start":{"line":118,"column":17},"end":{"line":120,"column":3}}},"21":{"name":"(anonymous_21)","decl":{"start":{"line":122,"column":2},"end":{"line":122,"column":8}},"loc":{"start":{"line":122,"column":36},"end":{"line":125,"column":3}}},"22":{"name":"(anonymous_22)","decl":{"start":{"line":127,"column":2},"end":{"line":127,"column":8}},"loc":{"start":{"line":127,"column":18},"end":{"line":133,"column":3}}}},"branchMap":{"0":{"loc":{"start":{"line":21,"column":9},"end":{"line":21,"column":87}},"type":"cond-expr","locations":[{"start":{"line":21,"column":71},"end":{"line":21,"column":80}},{"start":{"line":21,"column":83},"end":{"line":21,"column":87}}]},"1":{"loc":{"start":{"line":21,"column":9},"end":{"line":21,"column":68}},"type":"binary-expr","locations":[{"start":{"line":21,"column":9},"end":{"line":21,"column":42}},{"start":{"line":21,"column":46},"end":{"line":21,"column":68}}]},"2":{"loc":{"start":{"line":26,"column":9},"end":{"line":26,"column":86}},"type":"cond-expr","locations":[{"start":{"line":26,"column":70},"end":{"line":26,"column":79}},{"start":{"line":26,"column":82},"end":{"line":26,"column":86}}]},"3":{"loc":{"start":{"line":26,"column":9},"end":{"line":26,"column":67}},"type":"binary-expr","locations":[{"start":{"line":26,"column":9},"end":{"line":26,"column":41}},{"start":{"line":26,"column":45},"end":{"line":26,"column":67}}]},"4":{"loc":{"start":{"line":30,"column":9},"end":{"line":30,"column":89}},"type":"cond-expr","locations":[{"start":{"line":30,"column":74},"end":{"line":30,"column":82}},{"start":{"line":30,"column":85},"end":{"line":30,"column":89}}]},"5":{"loc":{"start":{"line":30,"column":9},"end":{"line":30,"column":71}},"type":"binary-expr","locations":[{"start":{"line":30,"column":9},"end":{"line":30,"column":35}},{"start":{"line":30,"column":39},"end":{"line":30,"column":52}},{"start":{"line":30,"column":56},"end":{"line":30,"column":71}}]},"6":{"loc":{"start":{"line":34,"column":2},"end":{"line":36,"column":3}},"type":"if","locations":[{"start":{"line":34,"column":2},"end":{"line":36,"column":3}},{"start":{},"end":{}}]},"7":{"loc":{"start":{"line":34,"column":6},"end":{"line":34,"column":80}},"type":"binary-expr","locations":[{"start":{"line":34,"column":6},"end":{"line":34,"column":31}},{"start":{"line":34,"column":35},"end":{"line":34,"column":44}},{"start":{"line":34,"column":48},"end":{"line":34,"column":60}},{"start":{"line":34,"column":64},"end":{"line":34,"column":80}}]},"8":{"loc":{"start":{"line":42,"column":9},"end":{"line":42,"column":97}},"type":"cond-expr","locations":[{"start":{"line":42,"column":81},"end":{"line":42,"column":90}},{"start":{"line":42,"column":93},"end":{"line":42,"column":97}}]},"9":{"loc":{"start":{"line":42,"column":9},"end":{"line":42,"column":78}},"type":"binary-expr","locations":[{"start":{"line":42,"column":9},"end":{"line":42,"column":51}},{"start":{"line":42,"column":55},"end":{"line":42,"column":78}}]},"10":{"loc":{"start":{"line":49,"column":13},"end":{"line":49,"column":99}},"type":"cond-expr","locations":[{"start":{"line":49,"column":83},"end":{"line":49,"column":92}},{"start":{"line":49,"column":95},"end":{"line":49,"column":99}}]},"11":{"loc":{"start":{"line":49,"column":13},"end":{"line":49,"column":80}},"type":"binary-expr","locations":[{"start":{"line":49,"column":13},"end":{"line":49,"column":54}},{"start":{"line":49,"column":58},"end":{"line":49,"column":80}}]},"12":{"loc":{"start":{"line":56,"column":9},"end":{"line":56,"column":101}},"type":"cond-expr","locations":[{"start":{"line":56,"column":85},"end":{"line":56,"column":94}},{"start":{"line":56,"column":97},"end":{"line":56,"column":101}}]},"13":{"loc":{"start":{"line":56,"column":9},"end":{"line":56,"column":82}},"type":"binary-expr","locations":[{"start":{"line":56,"column":9},"end":{"line":56,"column":55}},{"start":{"line":56,"column":59},"end":{"line":56,"column":82}}]},"14":{"loc":{"start":{"line":69,"column":43},"end":{"line":69,"column":65}},"type":"binary-expr","locations":[{"start":{"line":69,"column":43},"end":{"line":69,"column":57}},{"start":{"line":69,"column":61},"end":{"line":69,"column":65}}]},"15":{"loc":{"start":{"line":87,"column":4},"end":{"line":90,"column":5}},"type":"if","locations":[{"start":{"line":87,"column":4},"end":{"line":90,"column":5}},{"start":{},"end":{}}]},"16":{"loc":{"start":{"line":101,"column":29},"end":{"line":101,"column":48}},"type":"default-arg","locations":[{"start":{"line":101,"column":46},"end":{"line":101,"column":48}}]},"17":{"loc":{"start":{"line":124,"column":11},"end":{"line":124,"column":56}},"type":"binary-expr","locations":[{"start":{"line":124,"column":11},"end":{"line":124,"column":31}},{"start":{"line":124,"column":35},"end":{"line":124,"column":56}}]},"18":{"loc":{"start":{"line":129,"column":4},"end":{"line":131,"column":5}},"type":"if","locations":[{"start":{"line":129,"column":4},"end":{"line":131,"column":5}},{"start":{},"end":{}}]}},"s":{"0":15,"1":15,"2":15,"3":965,"4":15,"5":7,"6":15,"7":15,"8":0,"9":0,"10":15,"11":15,"12":4,"13":4,"14":15,"15":15,"16":3,"17":15,"18":15,"19":3,"20":0,"21":3,"22":15,"23":15,"24":3,"25":3,"26":15,"27":15,"28":0,"29":0,"30":0,"31":0,"32":15,"33":15,"34":0,"35":0,"36":15,"37":15,"38":70,"39":70,"40":0,"41":15,"42":14,"43":14,"44":14,"45":50,"46":50,"47":50,"48":131,"49":50,"50":45,"51":45,"52":5,"53":0,"54":15,"55":15,"56":0,"57":0,"58":0,"59":0,"60":0,"61":0,"62":0,"63":0,"64":0,"65":0,"66":0,"67":0,"68":0,"69":0,"70":15,"71":15,"72":15},"f":{"0":965,"1":7,"2":0,"3":4,"4":3,"5":3,"6":3,"7":0,"8":0,"9":0,"10":0,"11":70,"12":0,"13":14,"14":50,"15":131,"16":0,"17":0,"18":0,"19":0,"20":0,"21":0,"22":0},"b":{"0":[0,0],"1":[0,0],"2":[3,1],"3":[4,3],"4":[3,0],"5":[3,3,3],"6":[0,3],"7":[3,3,3,3],"8":[3,0],"9":[3,3],"10":[0,0],"11":[0,0],"12":[0,0],"13":[0,0],"14":[0,0],"15":[45,5],"16":[0],"17":[0,0],"18":[0,0]}}
,"/Users/mikeyoung/CODING/rebuild-6.0/src/utils/motion.ts": {"path":"/Users/mikeyoung/CODING/rebuild-6.0/src/utils/motion.ts","statementMap":{"0":{"start":{"line":4,"column":13},"end":{"line":8,"column":null}},"1":{"start":{"line":10,"column":13},"end":{"line":14,"column":null}},"2":{"start":{"line":16,"column":13},"end":{"line":20,"column":null}},"3":{"start":{"line":23,"column":13},"end":{"line":38,"column":null}},"4":{"start":{"line":40,"column":13},"end":{"line":55,"column":null}},"5":{"start":{"line":57,"column":13},"end":{"line":72,"column":null}},"6":{"start":{"line":75,"column":13},"end":{"line":83,"column":null}},"7":{"start":{"line":85,"column":13},"end":{"line":95,"column":null}},"8":{"start":{"line":98,"column":13},"end":{"line":116,"column":null}},"9":{"start":{"line":119,"column":13},"end":{"line":128,"column":null}},"10":{"start":{"line":131,"column":13},"end":{"line":140,"column":null}},"11":{"start":{"line":143,"column":13},"end":{"line":153,"column":null}},"12":{"start":{"line":156,"column":13},"end":{"line":177,"column":null}}},"fnMap":{},"branchMap":{},"s":{"0":0,"1":0,"2":0,"3":0,"4":0,"5":0,"6":0,"7":0,"8":0,"9":0,"10":0,"11":0,"12":0},"f":{},"b":{}}
,"/Users/mikeyoung/CODING/rebuild-6.0/src/utils/performanceDebugger.ts": {"path":"/Users/mikeyoung/CODING/rebuild-6.0/src/utils/performanceDebugger.ts","statementMap":{"0":{"start":{"line":112,"column":0},"end":{"line":112,"column":16}},"1":{"start":{"line":119,"column":0},"end":{"line":119,"column":16}},"2":{"start":{"line":13,"column":10},"end":{"line":13,"column":null}},"3":{"start":{"line":17,"column":4},"end":{"line":17,"column":null}},"4":{"start":{"line":18,"column":4},"end":{"line":18,"column":null}},"5":{"start":{"line":23,"column":4},"end":{"line":23,"column":53}},"6":{"start":{"line":23,"column":47},"end":{"line":23,"column":53}},"7":{"start":{"line":25,"column":4},"end":{"line":35,"column":null}},"8":{"start":{"line":26,"column":22},"end":{"line":26,"column":47}},"9":{"start":{"line":29,"column":6},"end":{"line":31,"column":7}},"10":{"start":{"line":30,"column":8},"end":{"line":30,"column":null}},"11":{"start":{"line":34,"column":6},"end":{"line":34,"column":null}},"12":{"start":{"line":39,"column":20},"end":{"line":44,"column":null}},"13":{"start":{"line":46,"column":4},"end":{"line":46,"column":null}},"14":{"start":{"line":47,"column":4},"end":{"line":47,"column":null}},"15":{"start":{"line":49,"column":4},"end":{"line":49,"column":null}},"16":{"start":{"line":52,"column":4},"end":{"line":54,"column":5}},"17":{"start":{"line":53,"column":6},"end":{"line":53,"column":null}},"18":{"start":{"line":58,"column":20},"end":{"line":63,"column":null}},"19":{"start":{"line":65,"column":4},"end":{"line":65,"column":null}},"20":{"start":{"line":66,"column":4},"end":{"line":66,"column":null}},"21":{"start":{"line":68,"column":4},"end":{"line":68,"column":null}},"22":{"start":{"line":72,"column":4},"end":{"line":79,"column":5}},"23":{"start":{"line":73,"column":6},"end":{"line":78,"column":null}},"24":{"start":{"line":80,"column":4},"end":{"line":80,"column":null}},"25":{"start":{"line":84,"column":4},"end":{"line":84,"column":null}},"26":{"start":{"line":88,"column":29},"end":{"line":88,"column":65}},"27":{"start":{"line":90,"column":4},"end":{"line":102,"column":null}},"28":{"start":{"line":91,"column":6},"end":{"line":91,"column":null}},"29":{"start":{"line":92,"column":6},"end":{"line":92,"column":null}},"30":{"start":{"line":93,"column":6},"end":{"line":93,"column":null}},"31":{"start":{"line":94,"column":6},"end":{"line":94,"column":null}},"32":{"start":{"line":96,"column":6},"end":{"line":101,"column":7}},"33":{"start":{"line":97,"column":8},"end":{"line":97,"column":null}},"34":{"start":{"line":98,"column":8},"end":{"line":100,"column":null}},"35":{"start":{"line":99,"column":10},"end":{"line":99,"column":null}},"36":{"start":{"line":104,"column":4},"end":{"line":104,"column":null}},"37":{"start":{"line":109,"column":13},"end":{"line":109,"column":null}},"38":{"start":{"line":113,"column":2},"end":{"line":115,"column":3}},"39":{"start":{"line":114,"column":4},"end":{"line":114,"column":null}},"40":{"start":{"line":120,"column":2},"end":{"line":122,"column":3}},"41":{"start":{"line":121,"column":4},"end":{"line":121,"column":null}}},"fnMap":{"0":{"name":"(anonymous_0)","decl":{"start":{"line":16,"column":2},"end":{"line":16,"column":null}},"loc":{"start":{"line":16,"column":2},"end":{"line":19,"column":3}}},"1":{"name":"(anonymous_1)","decl":{"start":{"line":21,"column":10},"end":{"line":21,"column":34}},"loc":{"start":{"line":21,"column":34},"end":{"line":36,"column":3}}},"2":{"name":"(anonymous_2)","decl":{"start":{"line":25,"column":20},"end":{"line":25,"column":21}},"loc":{"start":{"line":25,"column":39},"end":{"line":35,"column":5}}},"3":{"name":"(anonymous_3)","decl":{"start":{"line":38,"column":2},"end":{"line":38,"column":15}},"loc":{"start":{"line":38,"column":50},"end":{"line":55,"column":3}}},"4":{"name":"(anonymous_4)","decl":{"start":{"line":57,"column":2},"end":{"line":57,"column":14}},"loc":{"start":{"line":57,"column":32},"end":{"line":69,"column":3}}},"5":{"name":"(anonymous_5)","decl":{"start":{"line":71,"column":2},"end":{"line":71,"column":12}},"loc":{"start":{"line":71,"column":31},"end":{"line":81,"column":3}}},"6":{"name":"(anonymous_6)","decl":{"start":{"line":83,"column":2},"end":{"line":83,"column":14}},"loc":{"start":{"line":83,"column":14},"end":{"line":85,"column":3}}},"7":{"name":"(anonymous_7)","decl":{"start":{"line":87,"column":2},"end":{"line":87,"column":16}},"loc":{"start":{"line":87,"column":16},"end":{"line":105,"column":3}}},"8":{"name":"(anonymous_8)","decl":{"start":{"line":90,"column":25},"end":{"line":90,"column":26}},"loc":{"start":{"line":90,"column":48},"end":{"line":102,"column":5}}},"9":{"name":"(anonymous_9)","decl":{"start":{"line":98,"column":43},"end":{"line":98,"column":50}},"loc":{"start":{"line":98,"column":53},"end":{"line":100,"column":9}}},"10":{"name":"usePerformanceTracking","decl":{"start":{"line":112,"column":16},"end":{"line":112,"column":38}},"loc":{"start":{"line":112,"column":60},"end":{"line":116,"column":1}}},"11":{"name":"logPerformanceReport","decl":{"start":{"line":119,"column":16},"end":{"line":119,"column":36}},"loc":{"start":{"line":119,"column":36},"end":{"line":123,"column":1}}}},"branchMap":{"0":{"loc":{"start":{"line":23,"column":4},"end":{"line":23,"column":53}},"type":"if","locations":[{"start":{"line":23,"column":4},"end":{"line":23,"column":53}},{"start":{},"end":{}}]},"1":{"loc":{"start":{"line":26,"column":22},"end":{"line":26,"column":47}},"type":"binary-expr","locations":[{"start":{"line":26,"column":22},"end":{"line":26,"column":41}},{"start":{"line":26,"column":45},"end":{"line":26,"column":47}}]},"2":{"loc":{"start":{"line":26,"column":22},"end":{"line":26,"column":41}},"type":"cond-expr","locations":[{"start":{"line":26,"column":29},"end":{"line":26,"column":31}},{"start":{"line":26,"column":29},"end":{"line":26,"column":41}}]},"3":{"loc":{"start":{"line":26,"column":22},"end":{"line":26,"column":31}},"type":"binary-expr","locations":[{"start":{"line":26,"column":22},"end":{"line":26,"column":31}},{"start":{"line":26,"column":29},"end":{"line":26,"column":31}}]},"4":{"loc":{"start":{"line":29,"column":6},"end":{"line":31,"column":7}},"type":"if","locations":[{"start":{"line":29,"column":6},"end":{"line":31,"column":7}},{"start":{},"end":{}}]},"5":{"loc":{"start":{"line":39,"column":20},"end":{"line":44,"column":null}},"type":"binary-expr","locations":[{"start":{"line":39,"column":20},"end":{"line":39,"column":47}},{"start":{"line":39,"column":51},"end":{"line":44,"column":null}}]},"6":{"loc":{"start":{"line":52,"column":4},"end":{"line":54,"column":5}},"type":"if","locations":[{"start":{"line":52,"column":4},"end":{"line":54,"column":5}},{"start":{},"end":{}}]},"7":{"loc":{"start":{"line":58,"column":20},"end":{"line":63,"column":null}},"type":"binary-expr","locations":[{"start":{"line":58,"column":20},"end":{"line":58,"column":47}},{"start":{"line":58,"column":51},"end":{"line":63,"column":null}}]},"8":{"loc":{"start":{"line":72,"column":4},"end":{"line":79,"column":5}},"type":"if","locations":[{"start":{"line":72,"column":4},"end":{"line":79,"column":5}},{"start":{},"end":{}}]},"9":{"loc":{"start":{"line":73,"column":13},"end":{"line":78,"column":null}},"type":"binary-expr","locations":[{"start":{"line":73,"column":13},"end":{"line":73,"column":40}},{"start":{"line":73,"column":44},"end":{"line":78,"column":null}}]},"10":{"loc":{"start":{"line":96,"column":6},"end":{"line":101,"column":7}},"type":"if","locations":[{"start":{"line":96,"column":6},"end":{"line":101,"column":7}},{"start":{},"end":{}}]},"11":{"loc":{"start":{"line":113,"column":2},"end":{"line":115,"column":3}},"type":"if","locations":[{"start":{"line":113,"column":2},"end":{"line":115,"column":3}},{"start":{},"end":{}}]},"12":{"loc":{"start":{"line":120,"column":2},"end":{"line":122,"column":3}},"type":"if","locations":[{"start":{"line":120,"column":2},"end":{"line":122,"column":3}},{"start":{},"end":{}}]}},"s":{"0":0,"1":0,"2":0,"3":0,"4":0,"5":0,"6":0,"7":0,"8":0,"9":0,"10":0,"11":0,"12":0,"13":0,"14":0,"15":0,"16":0,"17":0,"18":0,"19":0,"20":0,"21":0,"22":0,"23":0,"24":0,"25":0,"26":0,"27":0,"28":0,"29":0,"30":0,"31":0,"32":0,"33":0,"34":0,"35":0,"36":0,"37":0,"38":0,"39":0,"40":0,"41":0},"f":{"0":0,"1":0,"2":0,"3":0,"4":0,"5":0,"6":0,"7":0,"8":0,"9":0,"10":0,"11":0},"b":{"0":[0,0],"1":[0,0],"2":[0,0],"3":[0,0],"4":[0,0],"5":[0,0],"6":[0,0],"7":[0,0],"8":[0,0],"9":[0,0],"10":[0,0],"11":[0,0],"12":[0,0]}}
}
