TN:
SF:src/App.tsx
FN:9,App
FN:13,(anonymous_10)
FN:24,(anonymous_11)
FNF:3
FNH:0
FNDA:0,App
FNDA:0,(anonymous_10)
FNDA:0,(anonymous_11)
DA:1,0
DA:2,0
DA:3,0
DA:4,0
DA:5,0
DA:6,0
DA:7,0
DA:10,0
DA:11,0
DA:13,0
DA:14,0
DA:17,0
DA:18,0
DA:21,0
DA:26,0
DA:38,0
LF:16
LH:0
BRDA:17,0,0,0
BRDA:17,0,1,0
BRF:2
BRH:0
end_of_record
TN:
SF:src/components/brand/MaconLogo.tsx
FN:17,(anonymous_1)
FNF:1
FNH:0
FNDA:0,(anonymous_1)
DA:1,0
DA:2,0
DA:10,0
DA:17,0
DA:22,0
DA:26,0
LF:6
LH:0
BRDA:18,0,0,0
BRDA:19,1,0,0
BRF:2
BRH:0
end_of_record
TN:
SF:src/components/layout/AppContent.tsx
FN:14,AppContent
FNF:1
FNH:0
FNDA:0,AppContent
DA:1,0
DA:2,0
DA:3,0
DA:4,0
DA:5,0
DA:6,0
DA:7,0
DA:8,0
DA:14,0
DA:15,0
DA:16,0
DA:18,0
DA:20,0
LF:13
LH:0
BRDA:24,0,0,0
BRDA:24,0,1,0
BRDA:25,1,0,0
BRDA:25,1,1,0
BRDA:28,2,0,0
BRDA:28,2,1,0
BRF:6
BRH:0
end_of_record
TN:
SF:src/components/layout/AppRoutes.tsx
FN:14,(anonymous_9)
FN:22,AppRoutes
FNF:2
FNH:0
FNDA:0,(anonymous_9)
FNDA:0,AppRoutes
DA:1,0
DA:2,0
DA:3,0
DA:5,0
DA:6,0
DA:7,0
DA:8,0
DA:9,0
DA:10,0
DA:11,0
DA:14,0
DA:19,0
DA:22,0
DA:23,0
LF:14
LH:0
BRF:0
BRH:0
end_of_record
TN:
SF:src/components/layout/Navigation.tsx
FN:6,Navigation
FNF:1
FNH:0
FNDA:0,Navigation
DA:1,0
DA:2,0
DA:3,0
DA:4,0
DA:6,0
DA:7,0
LF:6
LH:0
BRF:0
BRH:0
end_of_record
TN:
SF:src/components/shared/accessibility/SkipNavigation.tsx
FN:18,(anonymous_1)
FN:24,(anonymous_2)
FNF:2
FNH:0
FNDA:0,(anonymous_1)
FNDA:0,(anonymous_2)
DA:1,0
DA:12,0
DA:18,0
DA:21,0
DA:25,0
LF:5
LH:0
BRDA:19,0,0,0
BRF:1
BRH:0
end_of_record
TN:
SF:src/components/shared/badges/index.tsx
FN:12,(anonymous_9)
FN:56,(anonymous_10)
FN:83,(anonymous_11)
FN:91,(anonymous_12)
FN:95,(anonymous_13)
FN:98,(anonymous_14)
FN:103,(anonymous_15)
FNF:7
FNH:2
FNDA:20,(anonymous_9)
FNDA:10,(anonymous_10)
FNDA:0,(anonymous_11)
FNDA:0,(anonymous_12)
FNDA:0,(anonymous_13)
FNDA:0,(anonymous_14)
FNDA:0,(anonymous_15)
DA:1,1
DA:2,1
DA:3,1
DA:4,1
DA:12,1
DA:13,20
DA:15,20
DA:33,1
DA:56,1
DA:61,10
DA:63,10
DA:83,1
DA:88,0
DA:89,0
DA:91,0
DA:92,0
DA:93,0
DA:95,0
DA:96,0
DA:98,0
DA:99,0
DA:103,0
DA:105,0
DA:109,0
DA:115,0
LF:25
LH:12
BRDA:18,0,0,20
BRDA:18,0,1,0
BRDA:58,1,0,10
BRDA:67,2,0,10
BRDA:67,2,1,0
BRDA:92,3,0,0
BRDA:92,3,1,0
BRDA:92,4,0,0
BRDA:92,4,1,0
BRDA:110,5,0,0
BRDA:110,5,1,0
BRDA:111,6,0,0
BRDA:111,6,1,0
BRDA:111,6,2,0
BRDA:112,7,0,0
BRDA:112,7,1,0
BRDA:112,7,2,0
BRDA:119,8,0,0
BRDA:119,8,1,0
BRDA:119,8,2,0
BRF:20
BRH:3
end_of_record
TN:
SF:src/components/shared/buttons/StatusActionButton.tsx
FN:35,(anonymous_1)
FNF:1
FNH:1
FNDA:10,(anonymous_1)
DA:1,1
DA:2,1
DA:3,1
DA:4,1
DA:17,1
DA:35,1
DA:45,10
DA:46,10
DA:47,10
DA:49,10
LF:10
LH:10
BRDA:38,0,0,10
BRDA:39,1,0,10
BRDA:47,2,0,10
BRDA:47,2,1,10
BRDA:47,2,2,10
BRDA:55,3,0,10
BRDA:55,3,1,0
BRDA:60,4,0,10
BRDA:60,4,1,1
BRDA:61,5,0,0
BRDA:61,5,1,10
BRDA:64,6,0,10
BRDA:64,6,1,0
BRF:13
BRH:10
end_of_record
TN:
SF:src/components/shared/controls/SoundControl.tsx
FN:24,(anonymous_1)
FN:68,(anonymous_2)
FNF:2
FNH:1
FNDA:9,(anonymous_1)
FNDA:0,(anonymous_2)
DA:1,1
DA:2,1
DA:3,1
DA:4,1
DA:5,1
DA:10,1
DA:24,1
DA:31,9
DA:68,0
LF:9
LH:8
BRDA:38,0,0,6
BRDA:38,0,1,3
BRDA:40,1,0,6
BRDA:40,1,1,3
BRDA:52,2,0,6
BRDA:52,2,1,3
BRDA:56,3,0,6
BRDA:56,3,1,3
BRDA:60,4,0,9
BRDA:60,4,1,6
BRF:10
BRH:10
end_of_record
TN:
SF:src/components/shared/debug/PerformanceOverlay.tsx
FN:13,(anonymous_9)
FN:30,(anonymous_10)
FN:36,(anonymous_11)
FN:40,(anonymous_12)
FN:49,(anonymous_13)
FN:70,(anonymous_14)
FN:78,(anonymous_15)
FN:154,(anonymous_16)
FN:156,(anonymous_17)
FN:180,(anonymous_18)
FNF:10
FNH:0
FNDA:0,(anonymous_9)
FNDA:0,(anonymous_10)
FNDA:0,(anonymous_11)
FNDA:0,(anonymous_12)
FNDA:0,(anonymous_13)
FNDA:0,(anonymous_14)
FNDA:0,(anonymous_15)
FNDA:0,(anonymous_16)
FNDA:0,(anonymous_17)
FNDA:0,(anonymous_18)
DA:1,0
DA:2,0
DA:3,0
DA:4,0
DA:5,0
DA:6,0
DA:7,0
DA:13,0
DA:14,0
DA:15,0
DA:16,0
DA:18,0
DA:20,0
DA:21,0
DA:22,0
DA:23,0
DA:28,0
DA:29,0
DA:30,0
DA:34,0
DA:35,0
DA:36,0
DA:39,0
DA:40,0
DA:43,0
DA:44,0
DA:49,0
DA:58,0
DA:70,0
DA:78,0
DA:154,0
DA:157,0
DA:180,0
LF:33
LH:0
BRDA:13,0,0,0
BRDA:18,1,0,0
BRDA:18,1,1,0
BRDA:22,2,0,0
BRDA:22,2,1,0
BRDA:23,3,0,0
BRDA:23,3,1,0
BRDA:29,4,0,0
BRDA:29,4,1,0
BRDA:35,5,0,0
BRDA:35,5,1,0
BRDA:39,6,0,0
BRDA:39,6,1,0
BRDA:43,7,0,0
BRDA:43,7,1,0
BRDA:92,8,0,0
BRDA:92,8,1,0
BRDA:101,9,0,0
BRDA:101,9,1,0
BRDA:102,10,0,0
BRDA:102,10,1,0
BRDA:115,11,0,0
BRDA:115,11,1,0
BRDA:120,12,0,0
BRDA:120,12,1,0
BRDA:135,13,0,0
BRDA:135,13,1,0
BRDA:140,14,0,0
BRDA:140,14,1,0
BRF:29
BRH:0
end_of_record
TN:
SF:src/components/shared/display/OrderIdentifiers.tsx
FN:13,(anonymous_1)
FN:27,(anonymous_2)
FNF:2
FNH:2
FNDA:10,(anonymous_1)
FNDA:10,(anonymous_2)
DA:1,1
DA:2,1
DA:13,1
DA:19,10
DA:24,10
DA:27,1
DA:32,10
LF:7
LH:7
BRDA:15,0,0,10
BRDA:16,1,0,0
BRDA:29,2,0,10
BRF:3
BRH:2
end_of_record
TN:
SF:src/components/shared/errors/ErrorBoundary.tsx
FN:21,(anonymous_9)
FN:59,(anonymous_10)
FN:30,(anonymous_11)
FN:37,(anonymous_12)
FN:67,(anonymous_13)
FN:105,(anonymous_14)
FN:109,(anonymous_15)
FN:161,withErrorBoundary
FN:165,(anonymous_17)
FNF:9
FNH:7
FNDA:27,(anonymous_9)
FNDA:1,(anonymous_10)
FNDA:26,(anonymous_11)
FNDA:13,(anonymous_12)
FNDA:68,(anonymous_13)
FNDA:0,(anonymous_14)
FNDA:0,(anonymous_15)
FNDA:3,withErrorBoundary
FNDA:7,(anonymous_17)
DA:1,1
DA:2,1
DA:3,1
DA:4,1
DA:5,1
DA:20,1
DA:22,27
DA:23,26
DA:31,26
DA:39,13
DA:40,2
DA:44,13
DA:45,2
DA:49,13
DA:51,2
DA:54,13
DA:59,26
DA:60,1
DA:68,68
DA:69,68
DA:71,68
DA:73,39
DA:74,3
DA:78,36
DA:80,9
DA:105,0
DA:109,0
DA:119,9
DA:136,18
DA:156,29
DA:161,1
DA:165,3
DA:166,7
DA:171,3
DA:173,3
LF:35
LH:33
BRDA:39,0,0,2
BRDA:39,0,1,11
BRDA:44,1,0,2
BRDA:44,1,1,11
BRDA:49,2,0,2
BRDA:49,2,1,11
BRDA:69,3,0,38
BRDA:71,4,0,39
BRDA:71,4,1,29
BRDA:71,5,0,68
BRDA:71,5,1,39
BRDA:73,6,0,3
BRDA:73,6,1,36
BRDA:78,7,0,9
BRDA:78,7,1,9
BRDA:78,7,2,18
BRDA:78,7,3,18
BRDA:93,8,0,9
BRDA:93,8,1,3
BRDA:99,9,0,3
BRDA:99,9,1,1
BRDA:171,10,0,3
BRDA:171,10,1,2
BRF:23
BRH:23
end_of_record
TN:
SF:src/components/shared/filters/FilterPanel.tsx
FN:37,(anonymous_9)
FN:51,(anonymous_10)
FN:52,(anonymous_11)
FN:56,(anonymous_12)
FN:59,(anonymous_13)
FN:61,(anonymous_14)
FN:66,(anonymous_15)
FN:70,(anonymous_16)
FN:72,(anonymous_17)
FN:108,(anonymous_18)
FN:122,(anonymous_19)
FN:140,(anonymous_20)
FN:148,(anonymous_21)
FN:173,(anonymous_22)
FN:183,(anonymous_23)
FN:191,(anonymous_24)
FN:217,(anonymous_25)
FN:221,(anonymous_26)
FNF:18
FNH:11
FNDA:19,(anonymous_9)
FNDA:12,(anonymous_10)
FNDA:0,(anonymous_11)
FNDA:12,(anonymous_12)
FNDA:1,(anonymous_13)
FNDA:3,(anonymous_14)
FNDA:0,(anonymous_15)
FNDA:0,(anonymous_16)
FNDA:0,(anonymous_17)
FNDA:7,(anonymous_18)
FNDA:1,(anonymous_19)
FNDA:21,(anonymous_20)
FNDA:1,(anonymous_21)
FNDA:0,(anonymous_22)
FNDA:49,(anonymous_23)
FNDA:0,(anonymous_24)
FNDA:0,(anonymous_25)
FNDA:28,(anonymous_26)
DA:1,1
DA:2,1
DA:3,1
DA:4,1
DA:5,1
DA:6,1
DA:7,1
DA:8,1
DA:11,1
DA:24,1
DA:30,1
DA:37,1
DA:47,19
DA:48,19
DA:51,19
DA:52,12
DA:53,0
DA:56,12
DA:59,19
DA:60,1
DA:61,3
DA:63,1
DA:66,19
DA:67,0
DA:68,0
DA:70,0
DA:71,0
DA:72,0
DA:75,0
DA:79,19
DA:108,7
DA:122,1
DA:141,21
DA:148,1
DA:173,0
DA:184,49
DA:191,0
DA:217,0
DA:222,28
LF:39
LH:29
BRDA:60,0,0,1
BRDA:60,0,1,0
BRDA:67,1,0,0
BRDA:67,1,1,0
BRDA:71,2,0,0
BRDA:71,2,1,0
BRDA:75,3,0,0
BRDA:75,3,1,0
BRDA:87,4,0,19
BRDA:87,4,1,2
BRDA:94,5,0,19
BRDA:94,5,1,2
BRDA:110,6,0,7
BRDA:110,6,1,12
BRDA:134,7,0,19
BRDA:134,7,1,7
BRDA:152,8,0,20
BRDA:152,8,1,1
BRDA:155,9,0,21
BRDA:155,9,1,20
BRDA:177,10,0,7
BRDA:177,10,1,0
BRDA:196,11,0,0
BRDA:196,11,1,49
BRDA:199,12,0,49
BRDA:199,12,1,0
BRDA:216,13,0,7
BRDA:216,13,1,0
BRF:28
BRH:17
end_of_record
TN:
SF:src/components/shared/filters/SortControl.tsx
FN:29,(anonymous_1)
FN:36,(anonymous_2)
FN:48,(anonymous_3)
FN:51,(anonymous_4)
FNF:4
FNH:0
FNDA:0,(anonymous_1)
FNDA:0,(anonymous_2)
FNDA:0,(anonymous_3)
FNDA:0,(anonymous_4)
DA:1,0
DA:2,0
DA:3,0
DA:4,0
DA:11,0
DA:21,0
DA:29,0
DA:36,0
DA:38,0
DA:49,0
DA:51,0
LF:11
LH:0
BRDA:36,0,0,0
BRDA:36,0,1,0
BRDA:36,1,0,0
BRDA:36,1,1,0
BRDA:36,2,0,0
BRDA:36,2,1,0
BRDA:54,3,0,0
BRDA:54,3,1,0
BRDA:68,4,0,0
BRDA:68,4,1,0
BRDA:70,5,0,0
BRDA:70,5,1,0
BRF:12
BRH:0
end_of_record
TN:
SF:src/components/shared/inputs/DateRangePicker.tsx
FN:12,(anonymous_1)
FN:18,(anonymous_2)
FN:25,(anonymous_3)
FN:35,(anonymous_4)
FN:44,(anonymous_5)
FN:53,(anonymous_6)
FN:68,(anonymous_7)
FN:80,(anonymous_8)
FN:91,(anonymous_9)
FN:96,(anonymous_10)
FNF:10
FNH:0
FNDA:0,(anonymous_1)
FNDA:0,(anonymous_2)
FNDA:0,(anonymous_3)
FNDA:0,(anonymous_4)
FNDA:0,(anonymous_5)
FNDA:0,(anonymous_6)
FNDA:0,(anonymous_7)
FNDA:0,(anonymous_8)
FNDA:0,(anonymous_9)
FNDA:0,(anonymous_10)
DA:1,0
DA:2,0
DA:3,0
DA:12,0
DA:18,0
DA:19,0
DA:22,0
DA:26,0
DA:27,0
DA:28,0
DA:29,0
DA:30,0
DA:36,0
DA:37,0
DA:38,0
DA:39,0
DA:45,0
DA:46,0
DA:47,0
DA:48,0
DA:54,0
DA:55,0
DA:56,0
DA:57,0
DA:62,0
DA:69,0
DA:70,0
DA:71,0
DA:81,0
DA:82,0
DA:83,0
DA:92,0
DA:97,0
DA:98,0
LF:34
LH:0
BRDA:70,0,0,0
BRDA:70,0,1,0
BRDA:82,1,0,0
BRDA:82,1,1,0
BRF:4
BRH:0
end_of_record
TN:
SF:src/components/shared/lists/OrderItemRow.tsx
FN:16,(anonymous_1)
FN:36,(anonymous_2)
FNF:2
FNH:2
FNDA:20,(anonymous_1)
FNDA:20,(anonymous_2)
DA:1,1
DA:2,1
DA:3,1
DA:5,1
DA:16,1
DA:24,20
DA:36,20
LF:7
LH:7
BRDA:30,0,0,20
BRDA:30,0,1,20
BRDA:34,1,0,20
BRDA:34,1,1,10
BRDA:34,1,2,10
BRDA:39,2,0,20
BRDA:39,2,1,10
BRF:7
BRH:7
end_of_record
TN:
SF:src/components/shared/order/OrderActions.tsx
FN:14,(anonymous_1)
FN:23,(anonymous_2)
FN:42,(anonymous_3)
FNF:3
FNH:3
FNDA:10,(anonymous_1)
FNDA:1,(anonymous_2)
FNDA:10,(anonymous_3)
DA:1,1
DA:2,1
DA:3,1
DA:4,1
DA:14,1
DA:21,10
DA:23,10
DA:24,1
DA:26,1
DA:27,1
DA:28,1
DA:32,0
DA:33,0
DA:34,0
DA:42,10
DA:43,10
DA:45,8
DA:51,1
DA:57,1
DA:65,10
DA:67,10
LF:21
LH:18
BRDA:17,0,0,0
BRDA:24,1,0,0
BRDA:24,1,1,1
BRDA:26,2,0,1
BRDA:26,2,1,0
BRDA:29,3,0,1
BRDA:29,3,1,0
BRDA:32,4,0,0
BRDA:32,4,1,0
BRDA:35,5,0,0
BRDA:35,5,1,0
BRDA:43,6,0,8
BRDA:43,6,1,1
BRDA:43,6,2,1
BRDA:71,7,0,10
BRDA:71,7,1,0
BRDA:75,8,0,10
BRDA:75,8,1,0
BRF:18
BRH:8
end_of_record
TN:
SF:src/components/shared/order/OrderHeaders.tsx
FN:14,(anonymous_1)
FN:35,(anonymous_2)
FN:59,(anonymous_3)
FNF:3
FNH:2
FNDA:10,(anonymous_1)
FNDA:0,(anonymous_2)
FNDA:10,(anonymous_3)
DA:1,1
DA:2,1
DA:3,1
DA:4,1
DA:5,1
DA:14,1
DA:19,10
DA:35,1
DA:41,0
DA:59,1
DA:64,10
LF:11
LH:10
BRF:0
BRH:0
end_of_record
TN:
SF:src/components/shared/order/OrderItemsList.tsx
FN:19,(anonymous_1)
FN:25,(anonymous_2)
FNF:2
FNH:2
FNDA:10,(anonymous_1)
FNDA:20,(anonymous_2)
DA:1,1
DA:2,1
DA:3,1
DA:4,1
DA:19,1
DA:23,10
DA:26,20
DA:28,20
LF:8
LH:8
BRDA:35,0,0,20
BRDA:35,0,1,0
BRF:2
BRH:1
end_of_record
TN:
SF:src/components/shared/timers/ElapsedTimer.tsx
FN:12,(anonymous_9)
FN:18,(anonymous_10)
FNF:2
FNH:2
FNDA:17,(anonymous_9)
FNDA:17,(anonymous_10)
DA:1,2
DA:2,2
DA:3,2
DA:12,2
DA:18,17
DA:19,17
DA:20,17
DA:21,17
DA:22,17
DA:23,17
DA:24,17
DA:25,17
DA:26,17
DA:28,17
DA:30,1
DA:32,2
DA:33,1
DA:35,1
DA:38,14
DA:42,17
LF:20
LH:20
BRDA:14,0,0,14
BRDA:15,1,0,6
BRDA:28,2,0,1
BRDA:28,2,1,2
BRDA:28,2,2,14
BRDA:28,2,3,14
BRDA:32,3,0,1
BRDA:32,3,1,1
BRDA:44,4,0,17
BRDA:44,4,1,16
BRF:10
BRH:10
end_of_record
TN:
SF:src/components/ui/alert.tsx
FN:25,(anonymous_10)
FN:38,(anonymous_11)
FN:50,(anonymous_12)
FNF:3
FNH:3
FNDA:40,(anonymous_10)
FNDA:21,(anonymous_11)
FNDA:40,(anonymous_12)
DA:1,3
DA:2,3
DA:4,3
DA:6,3
DA:22,3
DA:25,40
DA:33,3
DA:35,3
DA:38,21
DA:45,3
DA:47,3
DA:50,40
DA:57,3
DA:59,3
LF:14
LH:14
BRF:0
BRH:0
end_of_record
TN:
SF:src/components/ui/badge.tsx
FN:29,Badge
FNF:1
FNH:1
FNDA:122,Badge
DA:1,5
DA:2,5
DA:3,5
DA:5,5
DA:29,122
DA:30,122
DA:35,5
LF:7
LH:7
BRF:0
BRH:0
end_of_record
TN:
SF:src/components/ui/button.tsx
FN:44,(anonymous_10)
FNF:1
FNH:1
FNDA:112,(anonymous_10)
DA:1,6
DA:2,6
DA:3,6
DA:4,6
DA:6,6
DA:43,6
DA:44,112
DA:45,112
DA:46,112
DA:55,6
DA:57,6
LF:11
LH:11
BRDA:44,0,0,112
BRDA:45,1,0,0
BRDA:45,1,1,112
BRF:3
BRH:2
end_of_record
TN:
SF:src/components/ui/card.tsx
FN:8,(anonymous_10)
FN:23,(anonymous_11)
FN:35,(anonymous_12)
FN:50,(anonymous_13)
FN:62,(anonymous_14)
FN:70,(anonymous_15)
FNF:6
FNH:4
FNDA:117,(anonymous_10)
FNDA:81,(anonymous_11)
FNDA:57,(anonymous_12)
FNDA:0,(anonymous_13)
FNDA:98,(anonymous_14)
FNDA:0,(anonymous_15)
DA:1,7
DA:3,7
DA:5,7
DA:8,117
DA:18,7
DA:20,7
DA:23,81
DA:30,7
DA:32,7
DA:35,57
DA:45,7
DA:47,7
DA:50,0
DA:57,7
DA:59,7
DA:62,98
DA:65,7
DA:67,7
DA:70,0
DA:77,7
DA:79,7
LF:21
LH:19
BRF:0
BRH:0
end_of_record
TN:
SF:src/components/ui/dropdown-menu.tsx
FN:11,(anonymous_9)
FN:28,(anonymous_10)
FN:32,(anonymous_11)
FN:57,(anonymous_12)
FN:68,(anonymous_13)
FN:69,(anonymous_14)
FN:79,(anonymous_15)
FN:108,(anonymous_16)
FN:116,(anonymous_17)
FNF:9
FNH:0
FNDA:0,(anonymous_9)
FNDA:0,(anonymous_10)
FNDA:0,(anonymous_11)
FNDA:0,(anonymous_12)
FNDA:0,(anonymous_13)
FNDA:0,(anonymous_14)
FNDA:0,(anonymous_15)
FNDA:0,(anonymous_16)
FNDA:0,(anonymous_17)
DA:1,0
DA:2,0
DA:9,0
DA:11,0
DA:12,0
DA:14,0
DA:28,0
DA:29,0
DA:30,0
DA:32,0
DA:33,0
DA:36,0
DA:37,0
DA:44,0
DA:57,0
DA:62,0
DA:63,0
DA:65,0
DA:68,0
DA:69,0
DA:70,0
DA:71,0
DA:75,0
DA:76,0
DA:79,0
DA:80,0
DA:84,0
DA:86,0
DA:108,0
DA:113,0
DA:114,0
DA:116,0
DA:117,0
DA:118,0
DA:121,0
DA:137,0
LF:36
LH:0
BRDA:30,0,0,0
BRDA:30,0,1,0
BRDA:36,1,0,0
BRDA:36,1,1,0
BRDA:36,2,0,0
BRDA:36,2,1,0
BRDA:58,3,0,0
BRDA:63,4,0,0
BRDA:63,4,1,0
BRDA:70,5,0,0
BRDA:70,5,1,0
BRDA:70,6,0,0
BRDA:70,6,1,0
BRDA:75,7,0,0
BRDA:75,7,1,0
BRDA:84,8,0,0
BRDA:84,8,1,0
BRDA:91,9,0,0
BRDA:91,9,1,0
BRDA:92,10,0,0
BRDA:92,10,1,0
BRDA:93,11,0,0
BRDA:93,11,1,0
BRDA:114,12,0,0
BRDA:114,12,1,0
BRDA:117,13,0,0
BRDA:117,13,1,0
BRDA:117,14,0,0
BRDA:117,14,1,0
BRF:29
BRH:0
end_of_record
TN:
SF:src/components/ui/input.tsx
FN:7,(anonymous_10)
FNF:1
FNH:1
FNDA:19,(anonymous_10)
DA:1,1
DA:2,1
DA:6,1
DA:7,19
DA:8,19
DA:21,1
DA:23,1
LF:7
LH:7
BRF:0
BRH:0
end_of_record
TN:
SF:src/components/ui/label.tsx
FN:7,(anonymous_10)
FNF:1
FNH:1
FNDA:21,(anonymous_10)
DA:1,1
DA:2,1
DA:6,1
DA:7,21
DA:8,21
DA:20,1
DA:22,1
LF:7
LH:7
BRF:0
BRH:0
end_of_record
TN:
SF:src/components/ui/popover.tsx
FN:17,(anonymous_9)
FN:21,(anonymous_10)
FN:43,(anonymous_11)
FN:47,(anonymous_12)
FN:70,(anonymous_13)
FN:80,(anonymous_14)
FNF:6
FNH:5
FNDA:15,(anonymous_9)
FNDA:6,(anonymous_10)
FNDA:15,(anonymous_11)
FNDA:6,(anonymous_12)
FNDA:15,(anonymous_13)
FNDA:0,(anonymous_14)
DA:1,1
DA:2,1
DA:9,1
DA:17,1
DA:18,15
DA:19,15
DA:21,15
DA:22,6
DA:23,0
DA:25,6
DA:29,15
DA:43,1
DA:44,15
DA:45,15
DA:47,15
DA:48,6
DA:51,15
DA:52,15
DA:57,0
DA:70,1
DA:71,15
DA:72,15
DA:74,15
DA:76,6
DA:80,0
DA:97,1
LF:26
LH:23
BRDA:19,0,0,0
BRDA:19,0,1,15
BRDA:22,1,0,0
BRDA:22,1,1,6
BRDA:45,2,0,0
BRDA:45,2,1,15
BRDA:51,3,0,15
BRDA:51,3,1,0
BRDA:51,4,0,15
BRDA:51,4,1,15
BRDA:70,5,0,0
BRDA:72,6,0,0
BRDA:72,6,1,15
BRDA:74,7,0,9
BRDA:74,7,1,6
BRDA:85,8,0,6
BRDA:85,8,1,0
BRDA:86,9,0,6
BRDA:86,9,1,0
BRDA:87,10,0,6
BRDA:87,10,1,6
BRF:21
BRH:13
end_of_record
TN:
SF:src/components/ui/select.tsx
FN:19,(anonymous_9)
FN:36,(anonymous_10)
FN:43,(anonymous_11)
FN:60,(anonymous_12)
FN:72,(anonymous_13)
FN:82,(anonymous_14)
FN:103,(anonymous_15)
FN:107,(anonymous_16)
FNF:8
FNH:0
FNDA:0,(anonymous_9)
FNDA:0,(anonymous_10)
FNDA:0,(anonymous_11)
FNDA:0,(anonymous_12)
FNDA:0,(anonymous_13)
FNDA:0,(anonymous_14)
FNDA:0,(anonymous_15)
FNDA:0,(anonymous_16)
DA:1,0
DA:2,0
DA:11,0
DA:19,0
DA:20,0
DA:22,0
DA:36,0
DA:37,0
DA:38,0
DA:40,0
DA:43,0
DA:60,0
DA:61,0
DA:62,0
DA:64,0
DA:72,0
DA:73,0
DA:74,0
DA:76,0
DA:78,0
DA:82,0
DA:103,0
DA:104,0
DA:105,0
DA:107,0
DA:108,0
DA:109,0
DA:112,0
DA:133,0
LF:29
LH:0
BRDA:38,0,0,0
BRDA:38,0,1,0
BRDA:62,1,0,0
BRDA:62,1,1,0
BRDA:64,2,0,0
BRDA:64,2,1,0
BRDA:74,3,0,0
BRDA:74,3,1,0
BRDA:76,4,0,0
BRDA:76,4,1,0
BRDA:105,5,0,0
BRDA:105,5,1,0
BRDA:116,6,0,0
BRDA:116,6,1,0
BRDA:123,7,0,0
BRDA:123,7,1,0
BRF:16
BRH:0
end_of_record
TN:
SF:src/components/ui/slider.tsx
FN:14,(anonymous_10)
FN:15,(anonymous_11)
FNF:2
FNH:1
FNDA:4,(anonymous_10)
FNDA:0,(anonymous_11)
DA:1,1
DA:2,1
DA:13,1
DA:14,4
DA:15,4
DA:16,0
DA:17,0
DA:20,4
DA:62,1
DA:64,1
LF:10
LH:8
BRDA:14,0,0,0
BRDA:14,1,0,4
BRDA:14,2,0,0
BRDA:17,3,0,0
BRDA:17,3,1,0
BRDA:17,4,0,0
BRDA:17,4,1,0
BRF:7
BRH:1
end_of_record
TN:
SF:src/core/RestaurantContext.tsx
FN:6,RestaurantProvider
FN:15,(anonymous_17)
FN:18,(anonymous_18)
FN:18,(anonymous_19)
FN:20,(anonymous_20)
FN:38,(anonymous_21)
FNF:6
FNH:0
FNDA:0,RestaurantProvider
FNDA:0,(anonymous_17)
FNDA:0,(anonymous_18)
FNDA:0,(anonymous_19)
FNDA:0,(anonymous_20)
FNDA:0,(anonymous_21)
DA:1,0
DA:2,0
DA:3,0
DA:6,0
DA:13,0
DA:15,0
DA:18,0
DA:20,0
DA:23,0
DA:35,0
DA:38,0
DA:39,0
DA:43,0
DA:50,0
LF:14
LH:0
BRDA:44,0,0,0
BRDA:44,0,1,0
BRDA:44,1,0,0
BRDA:44,1,1,0
BRF:4
BRH:0
end_of_record
TN:
SF:src/core/restaurant-context.ts
FNF:0
FNH:0
DA:1,0
DA:24,0
LF:2
LH:0
BRF:0
BRH:0
end_of_record
TN:
SF:src/core/restaurant-hooks.ts
FN:4,useRestaurant
FN:13,useRestaurantSettings
FNF:2
FNH:0
FNDA:0,useRestaurant
FNDA:0,useRestaurantSettings
DA:1,0
DA:2,0
DA:4,0
DA:5,0
DA:6,0
DA:7,0
DA:9,0
DA:13,0
DA:14,0
DA:16,0
LF:10
LH:0
BRDA:6,0,0,0
BRDA:6,0,1,0
BRDA:17,1,0,0
BRDA:17,1,1,0
BRDA:17,2,0,0
BRDA:17,2,1,0
BRDA:17,3,0,0
BRDA:17,3,1,0
BRDA:17,4,0,0
BRDA:17,4,1,0
BRDA:17,5,0,0
BRDA:17,5,1,0
BRDA:18,6,0,0
BRDA:18,6,1,0
BRDA:18,7,0,0
BRDA:18,7,1,0
BRDA:18,8,0,0
BRDA:18,8,1,0
BRDA:18,9,0,0
BRDA:18,9,1,0
BRDA:18,10,0,0
BRDA:18,10,1,0
BRDA:18,11,0,0
BRDA:18,11,1,0
BRDA:19,12,0,0
BRDA:19,12,1,0
BRDA:19,13,0,0
BRDA:19,13,1,0
BRDA:19,14,0,0
BRDA:19,14,1,0
BRDA:19,15,0,0
BRDA:19,15,1,0
BRDA:19,16,0,0
BRDA:19,16,1,0
BRDA:20,17,0,0
BRDA:20,17,1,0
BRDA:20,18,0,0
BRDA:20,18,1,0
BRDA:20,19,0,0
BRDA:20,19,1,0
BRDA:21,20,0,0
BRDA:21,20,1,0
BRDA:21,21,0,0
BRDA:21,21,1,0
BRDA:21,22,0,0
BRDA:21,22,1,0
BRF:46
BRH:0
end_of_record
TN:
SF:src/core/supabase.ts
FN:41,(anonymous_7)
FN:63,(anonymous_8)
FN:68,(anonymous_9)
FN:90,(anonymous_10)
FN:98,(anonymous_11)
FN:115,(anonymous_13)
FN:128,(anonymous_15)
FN:143,(anonymous_17)
FN:155,(anonymous_19)
FNF:9
FNH:0
FNDA:0,(anonymous_7)
FNDA:0,(anonymous_8)
FNDA:0,(anonymous_9)
FNDA:0,(anonymous_10)
FNDA:0,(anonymous_11)
FNDA:0,(anonymous_13)
FNDA:0,(anonymous_15)
FNDA:0,(anonymous_17)
FNDA:0,(anonymous_19)
DA:1,0
DA:4,0
DA:5,0
DA:8,0
DA:41,0
DA:49,0
DA:63,0
DA:64,0
DA:68,0
DA:76,0
DA:90,0
DA:91,0
DA:96,0
DA:99,0
DA:105,0
DA:106,0
DA:109,0
DA:110,0
DA:111,0
DA:116,0
DA:123,0
DA:124,0
DA:129,0
DA:135,0
DA:136,0
DA:141,0
DA:144,0
DA:150,0
DA:151,0
DA:156,0
DA:163,0
DA:164,0
LF:32
LH:0
BRDA:4,0,0,0
BRDA:4,0,1,0
BRDA:5,1,0,0
BRDA:5,1,1,0
BRDA:105,2,0,0
BRDA:105,2,1,0
BRDA:105,3,0,0
BRDA:105,3,1,0
BRDA:105,4,0,0
BRDA:105,4,1,0
BRDA:110,5,0,0
BRDA:110,5,1,0
BRDA:123,6,0,0
BRDA:123,6,1,0
BRDA:135,7,0,0
BRDA:135,7,1,0
BRDA:150,8,0,0
BRDA:150,8,1,0
BRDA:163,9,0,0
BRDA:163,9,1,0
BRF:20
BRH:0
end_of_record
TN:
SF:src/design-system/index.ts
FNF:0
FNH:0
DA:7,0
DA:10,0
LF:2
LH:0
BRF:0
BRH:0
end_of_record
TN:
SF:src/design-system/components/Box.tsx
FN:67,getSpacingValue
FN:86,getRadiusValue
FN:95,getElevationStyles
FN:105,(anonymous_13)
FNF:4
FNH:0
FNDA:0,getSpacingValue
FNDA:0,getRadiusValue
FNDA:0,getElevationStyles
FNDA:0,(anonymous_13)
DA:1,0
DA:2,0
DA:3,0
DA:68,0
DA:69,0
DA:71,0
DA:72,0
DA:73,0
DA:74,0
DA:75,0
DA:77,0
DA:79,0
DA:80,0
DA:81,0
DA:83,0
DA:87,0
DA:88,0
DA:89,0
DA:90,0
DA:92,0
DA:96,0
DA:97,0
DA:98,0
DA:99,0
DA:105,0
DA:150,0
DA:151,0
DA:154,0
DA:155,0
DA:156,0
DA:157,0
DA:160,0
DA:161,0
DA:162,0
DA:163,0
DA:166,0
DA:170,0
DA:222,0
DA:232,0
LF:39
LH:0
BRDA:68,0,0,0
BRDA:68,0,1,0
BRDA:69,1,0,0
BRDA:69,1,1,0
BRDA:69,2,0,0
BRDA:69,2,1,0
BRDA:71,3,0,0
BRDA:71,3,1,0
BRDA:71,3,2,0
BRDA:72,4,0,0
BRDA:72,4,1,0
BRDA:73,5,0,0
BRDA:73,5,1,0
BRDA:74,6,0,0
BRDA:74,6,1,0
BRDA:74,7,0,0
BRDA:74,7,1,0
BRDA:79,8,0,0
BRDA:79,8,1,0
BRDA:80,9,0,0
BRDA:80,9,1,0
BRDA:80,10,0,0
BRDA:80,10,1,0
BRDA:87,11,0,0
BRDA:87,11,1,0
BRDA:88,12,0,0
BRDA:88,12,1,0
BRDA:89,13,0,0
BRDA:89,13,1,0
BRDA:89,14,0,0
BRDA:89,14,1,0
BRDA:96,15,0,0
BRDA:96,15,1,0
BRDA:96,16,0,0
BRDA:96,16,1,0
BRDA:98,17,0,0
BRDA:98,17,1,0
BRDA:106,18,0,0
BRDA:154,19,0,0
BRDA:154,19,1,0
BRDA:154,20,0,0
BRDA:154,20,1,0
BRDA:154,21,0,0
BRDA:154,21,1,0
BRDA:154,22,0,0
BRDA:154,22,1,0
BRDA:155,23,0,0
BRDA:155,23,1,0
BRDA:155,24,0,0
BRDA:155,24,1,0
BRDA:155,25,0,0
BRDA:155,25,1,0
BRDA:155,26,0,0
BRDA:155,26,1,0
BRDA:156,27,0,0
BRDA:156,27,1,0
BRDA:156,28,0,0
BRDA:156,28,1,0
BRDA:156,29,0,0
BRDA:156,29,1,0
BRDA:156,30,0,0
BRDA:156,30,1,0
BRDA:157,31,0,0
BRDA:157,31,1,0
BRDA:157,32,0,0
BRDA:157,32,1,0
BRDA:157,33,0,0
BRDA:157,33,1,0
BRDA:157,34,0,0
BRDA:157,34,1,0
BRDA:160,35,0,0
BRDA:160,35,1,0
BRDA:160,36,0,0
BRDA:160,36,1,0
BRDA:160,37,0,0
BRDA:160,37,1,0
BRDA:160,38,0,0
BRDA:160,38,1,0
BRDA:161,39,0,0
BRDA:161,39,1,0
BRDA:161,40,0,0
BRDA:161,40,1,0
BRDA:161,41,0,0
BRDA:161,41,1,0
BRDA:161,42,0,0
BRDA:161,42,1,0
BRDA:162,43,0,0
BRDA:162,43,1,0
BRDA:162,44,0,0
BRDA:162,44,1,0
BRDA:162,45,0,0
BRDA:162,45,1,0
BRDA:162,46,0,0
BRDA:162,46,1,0
BRDA:163,47,0,0
BRDA:163,47,1,0
BRDA:163,48,0,0
BRDA:163,48,1,0
BRDA:163,49,0,0
BRDA:163,49,1,0
BRDA:163,50,0,0
BRDA:163,50,1,0
BRDA:166,51,0,0
BRDA:166,51,1,0
BRDA:166,52,0,0
BRDA:166,52,1,0
BRDA:166,52,2,0
BRF:107
BRH:0
end_of_record
TN:
SF:src/design-system/components/Button.tsx
FN:68,(anonymous_10)
FN:189,(anonymous_11)
FNF:2
FNH:0
FNDA:0,(anonymous_10)
FNDA:0,(anonymous_11)
DA:1,0
DA:2,0
DA:3,0
DA:27,0
DA:60,0
DA:68,0
DA:79,0
DA:80,0
DA:82,0
DA:83,0
DA:85,0
DA:181,0
DA:189,0
DA:193,0
DA:194,0
DA:196,0
DA:204,0
DA:221,0
LF:18
LH:0
BRDA:69,0,0,0
BRDA:70,1,0,0
BRDA:71,2,0,0
BRDA:72,3,0,0
BRDA:74,4,0,0
BRDA:75,5,0,0
BRDA:76,6,0,0
BRDA:83,7,0,0
BRDA:83,7,1,0
BRDA:98,8,0,0
BRDA:98,8,1,0
BRDA:104,9,0,0
BRDA:104,9,1,0
BRDA:105,10,0,0
BRDA:105,10,1,0
BRDA:106,11,0,0
BRDA:106,11,1,0
BRDA:107,12,0,0
BRDA:107,12,1,0
BRDA:108,13,0,0
BRDA:108,13,1,0
BRDA:111,14,0,0
BRDA:111,14,1,0
BRDA:112,15,0,0
BRDA:112,15,1,0
BRDA:115,16,0,0
BRDA:115,16,1,0
BRDA:115,16,2,0
BRDA:115,16,3,0
BRDA:116,17,0,0
BRDA:116,17,1,0
BRDA:116,17,2,0
BRDA:116,17,3,0
BRDA:117,18,0,0
BRDA:117,18,1,0
BRDA:117,18,2,0
BRDA:117,18,3,0
BRDA:127,19,0,0
BRDA:127,19,1,0
BRDA:132,20,0,0
BRDA:132,20,1,0
BRDA:161,21,0,0
BRDA:161,21,1,0
BRDA:165,22,0,0
BRDA:165,22,1,0
BRDA:165,22,2,0
BRDA:171,23,0,0
BRDA:171,23,1,0
BRDA:171,23,2,0
BRDA:190,24,0,0
BRF:50
BRH:0
end_of_record
TN:
SF:src/design-system/components/Navigation.tsx
FN:49,Navigation
FN:53,(anonymous_10)
FN:54,(anonymous_11)
FN:59,(anonymous_12)
FN:117,(anonymous_13)
FN:183,NavigationSpacer
FNF:6
FNH:0
FNDA:0,Navigation
FNDA:0,(anonymous_10)
FNDA:0,(anonymous_11)
FNDA:0,(anonymous_12)
FNDA:0,(anonymous_13)
FNDA:0,NavigationSpacer
DA:1,0
DA:2,0
DA:3,0
DA:4,0
DA:5,0
DA:6,0
DA:7,0
DA:16,0
DA:49,0
DA:50,0
DA:51,0
DA:53,0
DA:54,0
DA:55,0
DA:58,0
DA:59,0
DA:62,0
DA:118,0
DA:120,0
DA:183,0
DA:184,0
LF:21
LH:0
BRDA:80,0,0,0
BRDA:80,0,1,0
BRDA:87,1,0,0
BRDA:87,1,1,0
BRDA:88,2,0,0
BRDA:88,2,1,0
BRDA:129,3,0,0
BRDA:129,3,1,0
BRDA:133,4,0,0
BRDA:133,4,1,0
BRDA:137,5,0,0
BRDA:137,5,1,0
BRDA:146,6,0,0
BRDA:146,6,1,0
BRDA:147,7,0,0
BRDA:147,7,1,0
BRDA:155,8,0,0
BRDA:155,8,1,0
BRF:18
BRH:0
end_of_record
TN:
SF:src/design-system/components/Stack.tsx
FN:20,(anonymous_10)
FN:44,(anonymous_11)
FN:108,(anonymous_12)
FN:113,(anonymous_13)
FN:122,(anonymous_14)
FN:144,(anonymous_15)
FNF:6
FNH:0
FNDA:0,(anonymous_10)
FNDA:0,(anonymous_11)
FNDA:0,(anonymous_12)
FNDA:0,(anonymous_13)
FNDA:0,(anonymous_14)
FNDA:0,(anonymous_15)
DA:1,0
DA:2,0
DA:3,0
DA:20,0
DA:31,0
DA:32,0
DA:34,0
DA:36,0
DA:37,0
DA:38,0
DA:42,0
DA:43,0
DA:44,0
DA:45,0
DA:48,0
DA:59,0
DA:62,0
DA:83,0
DA:104,0
DA:107,0
DA:108,0
DA:110,0
DA:112,0
DA:113,0
DA:115,0
DA:122,0
DA:124,0
DA:125,0
DA:126,0
DA:136,0
DA:144,0
DA:145,0
DA:146,0
DA:149,0
DA:157,0
LF:35
LH:0
BRDA:21,0,0,0
BRDA:22,1,0,0
BRDA:23,2,0,0
BRDA:24,3,0,0
BRDA:25,4,0,0
BRDA:26,5,0,0
BRDA:28,6,0,0
BRDA:29,7,0,0
BRDA:36,8,0,0
BRDA:36,8,1,0
BRDA:37,9,0,0
BRDA:37,9,1,0
BRDA:38,10,0,0
BRDA:38,10,1,0
BRDA:42,11,0,0
BRDA:42,11,1,0
BRDA:45,12,0,0
BRDA:45,12,1,0
BRDA:51,13,0,0
BRDA:51,13,1,0
BRDA:70,14,0,0
BRDA:70,14,1,0
BRDA:71,15,0,0
BRDA:71,15,1,0
BRDA:73,16,0,0
BRDA:73,16,1,0
BRDA:91,17,0,0
BRDA:91,17,1,0
BRDA:92,18,0,0
BRDA:92,18,1,0
BRDA:94,19,0,0
BRDA:94,19,1,0
BRDA:123,20,0,0
BRDA:129,21,0,0
BRDA:129,21,1,0
BRDA:144,22,0,0
BRDA:145,23,0,0
BRDA:145,23,1,0
BRDA:151,24,0,0
BRDA:151,24,1,0
BRDA:152,25,0,0
BRDA:152,25,1,0
BRF:42
BRH:0
end_of_record
TN:
SF:src/design-system/components/Surface.tsx
FN:19,(anonymous_10)
FN:119,(anonymous_11)
FN:155,(anonymous_12)
FN:178,(anonymous_13)
FNF:4
FNH:0
FNDA:0,(anonymous_10)
FNDA:0,(anonymous_11)
FNDA:0,(anonymous_12)
FNDA:0,(anonymous_13)
DA:1,0
DA:2,0
DA:3,0
DA:4,0
DA:19,0
DA:31,0
DA:32,0
DA:35,0
DA:43,0
DA:47,0
DA:53,0
DA:60,0
DA:65,0
DA:66,0
DA:67,0
DA:70,0
DA:71,0
DA:72,0
DA:73,0
DA:75,0
DA:76,0
DA:81,0
DA:82,0
DA:83,0
DA:84,0
DA:85,0
DA:86,0
DA:89,0
DA:111,0
DA:119,0
DA:124,0
DA:125,0
DA:127,0
DA:148,0
DA:155,0
DA:159,0
DA:160,0
DA:162,0
DA:175,0
DA:178,0
DA:181,0
DA:182,0
DA:184,0
DA:199,0
LF:44
LH:0
BRDA:20,0,0,0
BRDA:22,1,0,0
BRDA:23,2,0,0
BRDA:24,3,0,0
BRDA:25,4,0,0
BRDA:26,5,0,0
BRDA:35,6,0,0
BRDA:35,6,1,0
BRDA:36,7,0,0
BRDA:36,7,1,0
BRDA:37,8,0,0
BRDA:37,8,1,0
BRDA:38,9,0,0
BRDA:38,9,1,0
BRDA:43,10,0,0
BRDA:43,10,1,0
BRDA:47,11,0,0
BRDA:47,11,1,0
BRDA:48,12,0,0
BRDA:48,12,1,0
BRDA:49,13,0,0
BRDA:49,13,1,0
BRDA:53,14,0,0
BRDA:53,14,1,0
BRDA:54,15,0,0
BRDA:54,15,1,0
BRDA:55,16,0,0
BRDA:55,16,1,0
BRDA:65,17,0,0
BRDA:65,17,1,0
BRDA:65,18,0,0
BRDA:65,18,1,0
BRDA:65,18,2,0
BRDA:67,19,0,0
BRDA:67,19,1,0
BRDA:70,20,0,0
BRDA:70,20,1,0
BRDA:70,21,0,0
BRDA:70,21,1,0
BRDA:72,22,0,0
BRDA:72,22,1,0
BRDA:72,23,0,0
BRDA:72,23,1,0
BRDA:75,24,0,0
BRDA:75,24,1,0
BRDA:75,25,0,0
BRDA:75,25,1,0
BRDA:81,26,0,0
BRDA:81,26,1,0
BRDA:82,27,0,0
BRDA:82,27,1,0
BRDA:83,28,0,0
BRDA:83,28,1,0
BRDA:84,29,0,0
BRDA:84,29,1,0
BRDA:85,30,0,0
BRDA:85,30,1,0
BRDA:86,31,0,0
BRDA:86,31,1,0
BRDA:92,32,0,0
BRDA:92,32,1,0
BRDA:92,33,0,0
BRDA:92,33,1,0
BRDA:94,34,0,0
BRDA:94,34,1,0
BRDA:94,35,0,0
BRDA:94,35,1,0
BRDA:97,36,0,0
BRDA:97,36,1,0
BRDA:120,37,0,0
BRDA:121,38,0,0
BRDA:122,39,0,0
BRDA:123,40,0,0
BRDA:123,41,0,0
BRDA:123,41,1,0
BRDA:133,42,0,0
BRDA:133,42,1,0
BRDA:137,43,0,0
BRDA:137,43,1,0
BRDA:156,44,0,0
BRDA:157,45,0,0
BRDA:158,46,0,0
BRDA:179,47,0,0
BRDA:180,48,0,0
BRF:84
BRH:0
end_of_record
TN:
SF:src/design-system/components/Text.tsx
FN:26,(anonymous_10)
FN:37,(anonymous_11)
FN:107,(anonymous_12)
FN:130,(anonymous_13)
FN:142,(anonymous_14)
FN:155,(anonymous_15)
FN:168,(anonymous_16)
FNF:7
FNH:0
FNDA:0,(anonymous_10)
FNDA:0,(anonymous_11)
FNDA:0,(anonymous_12)
FNDA:0,(anonymous_13)
FNDA:0,(anonymous_14)
FNDA:0,(anonymous_15)
FNDA:0,(anonymous_16)
DA:1,0
DA:2,0
DA:3,0
DA:4,0
DA:26,0
DA:27,0
DA:28,0
DA:29,0
DA:30,0
DA:31,0
DA:32,0
DA:33,0
DA:34,0
DA:37,0
DA:50,0
DA:51,0
DA:53,0
DA:56,0
DA:65,0
DA:72,0
DA:73,0
DA:74,0
DA:75,0
DA:79,0
DA:80,0
DA:81,0
DA:82,0
DA:83,0
DA:86,0
DA:103,0
DA:106,0
DA:107,0
DA:108,0
DA:117,0
DA:127,0
DA:129,0
DA:130,0
DA:139,0
DA:141,0
DA:143,0
DA:152,0
DA:154,0
DA:156,0
DA:165,0
DA:167,0
DA:168,0
DA:182,0
LF:47
LH:0
BRDA:27,0,0,0
BRDA:27,0,1,0
BRDA:28,1,0,0
BRDA:28,1,1,0
BRDA:29,2,0,0
BRDA:29,2,1,0
BRDA:30,3,0,0
BRDA:30,3,1,0
BRDA:31,4,0,0
BRDA:31,4,1,0
BRDA:32,5,0,0
BRDA:32,5,1,0
BRDA:33,6,0,0
BRDA:33,6,1,0
BRDA:33,7,0,0
BRDA:33,7,1,0
BRDA:39,8,0,0
BRDA:53,9,0,0
BRDA:53,9,1,0
BRDA:67,10,0,0
BRDA:67,10,1,0
BRDA:68,11,0,0
BRDA:68,11,1,0
BRDA:72,12,0,0
BRDA:72,12,1,0
BRDA:79,13,0,0
BRDA:79,13,1,0
BRDA:107,14,0,0
BRDA:130,15,0,0
BRDA:134,16,0,0
BRDA:134,16,1,0
BRDA:168,17,0,0
BRDA:171,18,0,0
BRDA:171,18,1,0
BRDA:175,19,0,0
BRDA:175,19,1,0
BRF:36
BRH:0
end_of_record
TN:
SF:src/design-system/components/index.ts
FN:6,(anonymous_0)
FN:10,(anonymous_1)
FN:11,(anonymous_2)
FN:12,(anonymous_3)
FN:13,(anonymous_4)
FN:14,(anonymous_5)
FN:15,(anonymous_6)
FN:20,(anonymous_7)
FN:21,(anonymous_8)
FN:22,(anonymous_9)
FN:23,(anonymous_10)
FN:24,(anonymous_11)
FN:29,(anonymous_12)
FN:30,(anonymous_13)
FN:31,(anonymous_14)
FN:32,(anonymous_15)
FN:36,(anonymous_16)
FN:36,(anonymous_17)
FN:39,(anonymous_18)
FN:39,(anonymous_19)
FNF:20
FNH:0
FNDA:0,(anonymous_0)
FNDA:0,(anonymous_1)
FNDA:0,(anonymous_2)
FNDA:0,(anonymous_3)
FNDA:0,(anonymous_4)
FNDA:0,(anonymous_5)
FNDA:0,(anonymous_6)
FNDA:0,(anonymous_7)
FNDA:0,(anonymous_8)
FNDA:0,(anonymous_9)
FNDA:0,(anonymous_10)
FNDA:0,(anonymous_11)
FNDA:0,(anonymous_12)
FNDA:0,(anonymous_13)
FNDA:0,(anonymous_14)
FNDA:0,(anonymous_15)
FNDA:0,(anonymous_16)
FNDA:0,(anonymous_17)
FNDA:0,(anonymous_18)
FNDA:0,(anonymous_19)
DA:6,0
DA:9,0
DA:10,0
DA:11,0
DA:12,0
DA:13,0
DA:14,0
DA:15,0
DA:19,0
DA:20,0
DA:21,0
DA:22,0
DA:23,0
DA:24,0
DA:28,0
DA:29,0
DA:30,0
DA:31,0
DA:32,0
DA:36,0
DA:39,0
LF:21
LH:0
BRF:0
BRH:0
end_of_record
TN:
SF:src/design-system/tokens/animation.ts
FN:271,(anonymous_0)
FN:290,(anonymous_1)
FN:295,(anonymous_2)
FN:318,(anonymous_3)
FN:330,(anonymous_4)
FNF:5
FNH:0
FNDA:0,(anonymous_0)
FNDA:0,(anonymous_1)
FNDA:0,(anonymous_2)
FNDA:0,(anonymous_3)
FNDA:0,(anonymous_4)
DA:7,0
DA:23,0
DA:53,0
DA:98,0
DA:186,0
DA:207,0
DA:271,0
DA:283,0
DA:285,0
DA:289,0
DA:290,0
DA:295,0
DA:307,0
DA:309,0
DA:318,0
DA:330,0
DA:343,0
LF:17
LH:0
BRDA:280,0,0,0
BRDA:281,1,0,0
BRDA:282,2,0,0
BRDA:283,3,0,0
BRDA:283,3,1,0
BRDA:285,4,0,0
BRDA:285,4,1,0
BRDA:285,5,0,0
BRDA:285,5,1,0
BRDA:304,6,0,0
BRDA:305,7,0,0
BRDA:306,8,0,0
BRDA:307,9,0,0
BRDA:307,9,1,0
BRDA:318,10,0,0
BRF:15
BRH:0
end_of_record
TN:
SF:src/design-system/tokens/colors.ts
FN:213,(anonymous_0)
FNF:1
FNH:0
FNDA:0,(anonymous_0)
DA:7,0
DA:47,0
DA:72,0
DA:156,0
DA:213,0
DA:215,0
DA:216,0
DA:217,0
DA:218,0
DA:219,0
DA:220,0
DA:223,0
DA:224,0
DA:225,0
DA:226,0
DA:229,0
DA:233,0
LF:17
LH:0
BRDA:215,0,0,0
BRDA:215,0,1,0
BRDA:223,1,0,0
BRDA:223,1,1,0
BRDA:225,2,0,0
BRDA:225,2,1,0
BRDA:225,3,0,0
BRDA:225,3,1,0
BRF:8
BRH:0
end_of_record
TN:
SF:src/design-system/tokens/elevation.ts
FN:220,(anonymous_0)
FN:226,(anonymous_1)
FN:234,(anonymous_2)
FN:245,(anonymous_3)
FN:257,(anonymous_4)
FN:270,(anonymous_5)
FNF:6
FNH:0
FNDA:0,(anonymous_0)
FNDA:0,(anonymous_1)
FNDA:0,(anonymous_2)
FNDA:0,(anonymous_3)
FNDA:0,(anonymous_4)
FNDA:0,(anonymous_5)
DA:6,0
DA:9,0
DA:23,0
DA:119,0
DA:175,0
DA:220,0
DA:221,0
DA:222,0
DA:223,0
DA:226,0
DA:232,0
DA:234,0
DA:235,0
DA:238,0
DA:245,0
DA:248,0
DA:257,0
DA:269,0
DA:271,0
DA:273,0
DA:278,0
LF:21
LH:0
BRDA:182,0,0,0
BRDA:182,0,1,0
BRDA:191,1,0,0
BRDA:191,1,1,0
BRDA:222,2,0,0
BRDA:222,2,1,0
BRDA:230,3,0,0
BRDA:231,4,0,0
BRDA:246,5,0,0
BRDA:247,6,0,0
BRDA:257,7,0,0
BRDA:271,8,0,0
BRDA:271,8,1,0
BRF:13
BRH:0
end_of_record
TN:
SF:src/design-system/tokens/index.ts
FN:13,(anonymous_4)
FN:13,(anonymous_5)
FN:13,(anonymous_6)
FN:14,(anonymous_7)
FN:14,(anonymous_8)
FN:14,(anonymous_9)
FN:14,(anonymous_10)
FN:15,(anonymous_11)
FN:15,(anonymous_12)
FN:15,(anonymous_13)
FN:15,(anonymous_14)
FN:15,(anonymous_15)
FN:15,(anonymous_16)
FN:16,(anonymous_17)
FN:16,(anonymous_18)
FN:16,(anonymous_19)
FN:16,(anonymous_20)
FN:17,(anonymous_21)
FN:17,(anonymous_22)
FN:17,(anonymous_23)
FN:17,(anonymous_24)
FN:17,(anonymous_25)
FN:17,(anonymous_26)
FNF:23
FNH:0
FNDA:0,(anonymous_4)
FNDA:0,(anonymous_5)
FNDA:0,(anonymous_6)
FNDA:0,(anonymous_7)
FNDA:0,(anonymous_8)
FNDA:0,(anonymous_9)
FNDA:0,(anonymous_10)
FNDA:0,(anonymous_11)
FNDA:0,(anonymous_12)
FNDA:0,(anonymous_13)
FNDA:0,(anonymous_14)
FNDA:0,(anonymous_15)
FNDA:0,(anonymous_16)
FNDA:0,(anonymous_17)
FNDA:0,(anonymous_18)
FNDA:0,(anonymous_19)
FNDA:0,(anonymous_20)
FNDA:0,(anonymous_21)
FNDA:0,(anonymous_22)
FNDA:0,(anonymous_23)
FNDA:0,(anonymous_24)
FNDA:0,(anonymous_25)
FNDA:0,(anonymous_26)
DA:6,0
DA:7,0
DA:8,0
DA:9,0
DA:10,0
DA:13,0
DA:14,0
DA:15,0
DA:16,0
DA:17,0
LF:10
LH:0
BRF:0
BRH:0
end_of_record
TN:
SF:src/design-system/tokens/spacing.ts
FN:194,(anonymous_0)
FN:195,(anonymous_1)
FN:197,(anonymous_2)
FN:229,(anonymous_3)
FN:247,(anonymous_4)
FN:254,(anonymous_5)
FN:262,(anonymous_6)
FNF:7
FNH:0
FNDA:0,(anonymous_0)
FNDA:0,(anonymous_1)
FNDA:0,(anonymous_2)
FNDA:0,(anonymous_3)
FNDA:0,(anonymous_4)
FNDA:0,(anonymous_5)
FNDA:0,(anonymous_6)
DA:7,0
DA:10,0
DA:51,0
DA:112,0
DA:124,0
DA:135,0
DA:150,0
DA:168,0
DA:184,0
DA:194,0
DA:195,0
DA:197,0
DA:201,0
DA:208,0
DA:227,0
DA:229,0
DA:247,0
DA:254,0
DA:262,0
LF:19
LH:0
BRDA:203,0,0,0
BRDA:203,0,1,0
BRDA:204,1,0,0
BRDA:204,1,1,0
BRDA:204,1,2,0
BRDA:229,2,0,0
BRDA:247,3,0,0
BRDA:254,4,0,0
BRDA:254,5,0,0
BRDA:262,6,0,0
BRDA:262,7,0,0
BRF:11
BRH:0
end_of_record
TN:
SF:src/design-system/tokens/typography.ts
FN:246,(anonymous_0)
FNF:1
FNH:0
FNDA:0,(anonymous_0)
DA:7,0
DA:31,0
DA:44,0
DA:53,0
DA:63,0
DA:199,0
DA:220,0
DA:238,0
DA:246,0
DA:256,0
DA:257,0
LF:11
LH:0
BRDA:259,0,0,0
BRDA:259,0,1,0
BRDA:259,1,0,0
BRDA:259,1,1,0
BRDA:259,2,0,0
BRDA:259,2,1,0
BRDA:260,3,0,0
BRDA:260,3,1,0
BRDA:260,4,0,0
BRDA:260,4,1,0
BRDA:260,5,0,0
BRDA:260,5,1,0
BRDA:261,6,0,0
BRDA:261,6,1,0
BRDA:261,7,0,0
BRDA:261,7,1,0
BRDA:261,8,0,0
BRDA:261,8,1,0
BRDA:262,9,0,0
BRDA:262,9,1,0
BRDA:262,10,0,0
BRDA:262,10,1,0
BRDA:262,11,0,0
BRDA:262,11,1,0
BRDA:263,12,0,0
BRDA:263,12,1,0
BRDA:263,13,0,0
BRDA:263,13,1,0
BRDA:263,14,0,0
BRDA:263,14,1,0
BRF:30
BRH:0
end_of_record
TN:
SF:src/hooks/useAsyncState.ts
FN:28,useAsyncState
FN:35,(anonymous_8)
FN:35,(anonymous_9)
FN:52,(anonymous_10)
FN:84,useAsyncOperations
FN:88,(anonymous_12)
FN:90,(anonymous_13)
FN:106,(anonymous_14)
FNF:8
FNH:8
FNDA:37,useAsyncState
FNDA:12,(anonymous_8)
FNDA:12,(anonymous_9)
FNDA:1,(anonymous_10)
FNDA:10,useAsyncOperations
FNDA:3,(anonymous_12)
FNDA:3,(anonymous_13)
FNDA:1,(anonymous_14)
DA:1,2
DA:28,2
DA:31,37
DA:32,37
DA:33,37
DA:35,37
DA:36,12
DA:37,12
DA:39,12
DA:40,12
DA:41,9
DA:42,9
DA:44,3
DA:45,3
DA:46,3
DA:48,12
DA:52,37
DA:53,1
DA:54,1
DA:55,1
DA:58,37
DA:84,2
DA:85,10
DA:86,10
DA:88,10
DA:90,3
DA:91,3
DA:92,3
DA:94,3
DA:95,3
DA:96,2
DA:98,1
DA:99,1
DA:100,1
DA:102,3
DA:106,10
DA:107,1
DA:108,1
DA:111,10
LF:39
LH:39
BRDA:44,0,0,2
BRDA:44,0,1,1
BRDA:98,1,0,1
BRDA:98,1,1,0
BRF:4
BRH:3
end_of_record
TN:
SF:src/hooks/useDebounce.ts
FN:3,useDebounce
FN:6,(anonymous_1)
FN:7,(anonymous_2)
FN:11,(anonymous_3)
FNF:4
FNH:0
FNDA:0,useDebounce
FNDA:0,(anonymous_1)
FNDA:0,(anonymous_2)
FNDA:0,(anonymous_3)
DA:1,0
DA:3,0
DA:4,0
DA:6,0
DA:7,0
DA:8,0
DA:11,0
DA:12,0
DA:16,0
LF:9
LH:0
BRF:0
BRH:0
end_of_record
TN:
SF:src/hooks/useErrorHandler.ts
FN:20,(anonymous_7)
FN:24,(anonymous_8)
FN:65,(anonymous_9)
FN:68,(anonymous_10)
FN:86,(anonymous_11)
FN:115,(anonymous_12)
FN:124,(anonymous_13)
FN:151,(anonymous_14)
FNF:8
FNH:0
FNDA:0,(anonymous_7)
FNDA:0,(anonymous_8)
FNDA:0,(anonymous_9)
FNDA:0,(anonymous_10)
FNDA:0,(anonymous_11)
FNDA:0,(anonymous_12)
FNDA:0,(anonymous_13)
FNDA:0,(anonymous_14)
DA:1,0
DA:2,0
DA:20,0
DA:21,0
DA:23,0
DA:31,0
DA:34,0
DA:39,0
DA:40,0
DA:44,0
DA:45,0
DA:51,0
DA:52,0
DA:56,0
DA:58,0
DA:64,0
DA:68,0
DA:69,0
DA:70,0
DA:72,0
DA:73,0
DA:79,0
DA:86,0
DA:87,0
DA:89,0
DA:90,0
DA:92,0
DA:94,0
DA:96,0
DA:98,0
DA:100,0
DA:102,0
DA:104,0
DA:106,0
DA:109,0
DA:111,0
DA:115,0
DA:124,0
DA:131,0
DA:135,0
DA:136,0
DA:137,0
DA:139,0
DA:141,0
DA:142,0
DA:147,0
DA:148,0
DA:151,0
DA:156,0
LF:49
LH:0
BRDA:24,0,0,0
BRDA:26,1,0,0
BRDA:27,2,0,0
BRDA:29,3,0,0
BRDA:34,4,0,0
BRDA:34,4,1,0
BRDA:36,5,0,0
BRDA:36,5,1,0
BRDA:39,6,0,0
BRDA:39,6,1,0
BRDA:44,7,0,0
BRDA:44,7,1,0
BRDA:45,8,0,0
BRDA:45,8,1,0
BRDA:51,9,0,0
BRDA:51,9,1,0
BRDA:56,10,0,0
BRDA:56,10,1,0
BRDA:87,11,0,0
BRDA:87,11,1,0
BRDA:89,12,0,0
BRDA:89,12,1,0
BRDA:89,13,0,0
BRDA:89,13,1,0
BRDA:90,14,0,0
BRDA:90,14,1,0
BRDA:90,14,2,0
BRDA:90,14,3,0
BRDA:90,14,4,0
BRDA:90,14,5,0
BRDA:90,14,6,0
BRDA:90,14,7,0
BRDA:106,15,0,0
BRDA:106,15,1,0
BRDA:117,16,0,0
BRDA:126,17,0,0
BRDA:127,18,0,0
BRDA:128,19,0,0
BRDA:129,20,0,0
BRDA:139,21,0,0
BRDA:139,21,1,0
BRDA:141,22,0,0
BRDA:141,22,1,0
BRDA:147,23,0,0
BRDA:147,23,1,0
BRF:45
BRH:0
end_of_record
TN:
SF:src/hooks/useFocusManagement.ts
FN:11,(anonymous_0)
FN:20,(anonymous_1)
FN:25,(anonymous_2)
FN:45,(anonymous_3)
FN:64,(anonymous_4)
FN:113,(anonymous_5)
FN:120,(anonymous_6)
FN:131,(anonymous_7)
FN:138,(anonymous_8)
FN:139,(anonymous_9)
FN:140,(anonymous_10)
FN:141,(anonymous_11)
FN:143,(anonymous_12)
FN:144,(anonymous_13)
FNF:14
FNH:0
FNDA:0,(anonymous_0)
FNDA:0,(anonymous_1)
FNDA:0,(anonymous_2)
FNDA:0,(anonymous_3)
FNDA:0,(anonymous_4)
FNDA:0,(anonymous_5)
FNDA:0,(anonymous_6)
FNDA:0,(anonymous_7)
FNDA:0,(anonymous_8)
FNDA:0,(anonymous_9)
FNDA:0,(anonymous_10)
FNDA:0,(anonymous_11)
FNDA:0,(anonymous_12)
FNDA:0,(anonymous_13)
DA:1,0
DA:11,0
DA:18,0
DA:20,0
DA:21,0
DA:22,0
DA:25,0
DA:26,0
DA:27,0
DA:30,0
DA:31,0
DA:32,0
DA:34,0
DA:37,0
DA:38,0
DA:39,0
DA:40,0
DA:41,0
DA:45,0
DA:46,0
DA:48,0
DA:49,0
DA:52,0
DA:53,0
DA:55,0
DA:56,0
DA:57,0
DA:58,0
DA:61,0
DA:64,0
DA:65,0
DA:66,0
DA:68,0
DA:69,0
DA:71,0
DA:73,0
DA:74,0
DA:75,0
DA:77,0
DA:79,0
DA:80,0
DA:81,0
DA:83,0
DA:85,0
DA:86,0
DA:87,0
DA:89,0
DA:91,0
DA:92,0
DA:93,0
DA:95,0
DA:97,0
DA:98,0
DA:99,0
DA:101,0
DA:102,0
DA:103,0
DA:106,0
DA:107,0
DA:108,0
DA:113,0
DA:114,0
DA:115,0
DA:117,0
DA:120,0
DA:121,0
DA:122,0
DA:123,0
DA:124,0
DA:125,0
DA:129,0
DA:131,0
DA:132,0
DA:133,0
DA:137,0
DA:138,0
DA:139,0
DA:140,0
DA:141,0
DA:143,0
DA:144,0
LF:81
LH:0
BRDA:14,0,0,0
BRDA:15,1,0,0
BRDA:21,2,0,0
BRDA:21,2,1,0
BRDA:27,3,0,0
BRDA:27,3,1,0
BRDA:31,4,0,0
BRDA:31,4,1,0
BRDA:38,5,0,0
BRDA:38,5,1,0
BRDA:41,6,0,0
BRDA:41,6,1,0
BRDA:41,7,0,0
BRDA:41,7,1,0
BRDA:46,8,0,0
BRDA:46,8,1,0
BRDA:46,9,0,0
BRDA:46,9,1,0
BRDA:49,10,0,0
BRDA:49,10,1,0
BRDA:57,11,0,0
BRDA:57,11,1,0
BRDA:66,12,0,0
BRDA:66,12,1,0
BRDA:71,13,0,0
BRDA:71,13,1,0
BRDA:71,13,2,0
BRDA:71,13,3,0
BRDA:71,13,4,0
BRDA:71,13,5,0
BRDA:73,14,0,0
BRDA:73,14,1,0
BRDA:73,15,0,0
BRDA:73,15,1,0
BRDA:74,16,0,0
BRDA:74,16,1,0
BRDA:79,17,0,0
BRDA:79,17,1,0
BRDA:79,18,0,0
BRDA:79,18,1,0
BRDA:80,19,0,0
BRDA:80,19,1,0
BRDA:85,20,0,0
BRDA:85,20,1,0
BRDA:85,21,0,0
BRDA:85,21,1,0
BRDA:91,22,0,0
BRDA:91,22,1,0
BRDA:91,23,0,0
BRDA:91,23,1,0
BRDA:106,24,0,0
BRDA:106,24,1,0
BRDA:115,25,0,0
BRDA:115,25,1,0
BRDA:124,26,0,0
BRDA:124,26,1,0
BRF:56
BRH:0
end_of_record
TN:
SF:src/hooks/useGlobalKeyboardShortcuts.tsx
FN:15,(anonymous_0)
FN:19,(anonymous_1)
FN:23,(anonymous_2)
FN:43,(anonymous_3)
FN:49,(anonymous_4)
FN:55,(anonymous_5)
FN:60,(anonymous_6)
FN:72,(anonymous_7)
FN:77,(anonymous_8)
FNF:9
FNH:0
FNDA:0,(anonymous_0)
FNDA:0,(anonymous_1)
FNDA:0,(anonymous_2)
FNDA:0,(anonymous_3)
FNDA:0,(anonymous_4)
FNDA:0,(anonymous_5)
FNDA:0,(anonymous_6)
FNDA:0,(anonymous_7)
FNDA:0,(anonymous_8)
DA:1,0
DA:2,0
DA:3,0
DA:4,0
DA:15,0
DA:16,0
DA:17,0
DA:19,0
DA:20,0
DA:24,0
DA:39,0
DA:43,0
DA:49,0
DA:55,0
DA:62,0
DA:63,0
DA:64,0
DA:72,0
DA:79,0
DA:80,0
DA:81,0
DA:82,0
DA:83,0
DA:91,0
DA:93,0
LF:25
LH:0
BRDA:26,0,0,0
BRDA:26,0,1,0
BRDA:27,1,0,0
BRDA:27,1,1,0
BRDA:28,2,0,0
BRDA:28,2,1,0
BRDA:63,3,0,0
BRDA:63,3,1,0
BRDA:80,4,0,0
BRDA:80,4,1,0
BRDA:82,5,0,0
BRDA:82,5,1,0
BRF:12
BRH:0
end_of_record
TN:
SF:src/hooks/useOrderFilters.ts
FN:21,(anonymous_0)
FN:23,(anonymous_1)
FN:39,(anonymous_2)
FN:48,(anonymous_3)
FN:49,(anonymous_4)
FN:53,(anonymous_5)
FN:54,(anonymous_6)
FN:59,(anonymous_7)
FN:67,(anonymous_8)
FN:68,(anonymous_9)
FN:72,(anonymous_10)
FN:73,(anonymous_11)
FN:77,(anonymous_12)
FN:78,(anonymous_13)
FN:82,(anonymous_14)
FN:83,(anonymous_15)
FN:91,(anonymous_16)
FN:92,(anonymous_17)
FN:99,(anonymous_18)
FNF:19
FNH:19
FNDA:25,(anonymous_0)
FNDA:12,(anonymous_1)
FNDA:25,(anonymous_2)
FNDA:4,(anonymous_3)
FNDA:4,(anonymous_4)
FNDA:2,(anonymous_5)
FNDA:2,(anonymous_6)
FNDA:3,(anonymous_7)
FNDA:1,(anonymous_8)
FNDA:1,(anonymous_9)
FNDA:1,(anonymous_10)
FNDA:1,(anonymous_11)
FNDA:2,(anonymous_12)
FNDA:2,(anonymous_13)
FNDA:2,(anonymous_14)
FNDA:2,(anonymous_15)
FNDA:2,(anonymous_16)
FNDA:2,(anonymous_17)
FNDA:1,(anonymous_18)
DA:1,1
DA:3,1
DA:6,1
DA:21,1
DA:23,25
DA:24,12
DA:25,12
DA:26,12
DA:27,1
DA:28,1
DA:31,0
DA:33,11
DA:36,25
DA:39,25
DA:40,25
DA:41,25
DA:43,0
DA:48,25
DA:49,4
DA:53,25
DA:54,2
DA:55,2
DA:56,2
DA:58,2
DA:59,3
DA:61,1
DA:67,25
DA:68,1
DA:72,25
DA:73,1
DA:77,25
DA:78,2
DA:82,25
DA:83,2
DA:91,25
DA:92,2
DA:99,25
DA:100,1
DA:105,25
DA:112,25
LF:40
LH:38
BRDA:26,0,0,1
BRDA:26,0,1,11
BRDA:58,1,0,1
BRDA:58,1,1,1
BRDA:86,2,0,2
BRDA:86,2,1,0
BRDA:94,3,0,1
BRDA:94,3,1,1
BRDA:105,4,0,25
BRDA:105,4,1,19
BRDA:105,4,2,18
BRDA:105,4,3,17
BRDA:105,4,4,16
BRDA:105,4,5,15
BRF:14
BRH:13
end_of_record
TN:
SF:src/hooks/useOrderHistory.ts
FN:32,(anonymous_7)
FN:49,(anonymous_8)
FN:49,(anonymous_9)
FN:74,(anonymous_10)
FN:74,(anonymous_11)
FN:87,(anonymous_12)
FN:93,(anonymous_13)
FN:100,(anonymous_14)
FN:106,(anonymous_15)
FN:111,(anonymous_16)
FN:114,(anonymous_17)
FNF:11
FNH:9
FNDA:25,(anonymous_7)
FNDA:12,(anonymous_8)
FNDA:12,(anonymous_9)
FNDA:12,(anonymous_10)
FNDA:12,(anonymous_11)
FNDA:11,(anonymous_12)
FNDA:1,(anonymous_13)
FNDA:1,(anonymous_14)
FNDA:1,(anonymous_15)
FNDA:0,(anonymous_16)
FNDA:0,(anonymous_17)
DA:1,1
DA:2,1
DA:32,1
DA:34,25
DA:35,25
DA:36,25
DA:38,25
DA:39,25
DA:40,25
DA:41,25
DA:42,25
DA:43,25
DA:44,25
DA:45,25
DA:46,25
DA:49,25
DA:50,12
DA:51,12
DA:52,12
DA:54,12
DA:62,11
DA:63,11
DA:65,1
DA:66,1
DA:67,1
DA:69,12
DA:74,25
DA:75,12
DA:76,12
DA:80,12
DA:82,0
DA:87,25
DA:88,11
DA:89,11
DA:93,25
DA:94,1
DA:95,1
DA:96,1
DA:100,25
DA:101,1
DA:102,1
DA:106,25
DA:107,1
DA:109,1
DA:111,0
DA:114,0
DA:123,1
DA:124,1
DA:125,1
DA:126,1
DA:127,1
DA:130,25
LF:52
LH:49
BRDA:57,0,0,12
BRDA:57,0,1,11
BRDA:117,1,0,0
BRDA:117,1,1,0
BRDA:118,2,0,0
BRDA:118,2,1,0
BRF:6
BRH:2
end_of_record
TN:
SF:src/hooks/useOrderSubscription.ts
FN:13,(anonymous_0)
FN:26,(anonymous_1)
FN:45,(anonymous_2)
FN:59,(anonymous_3)
FNF:4
FNH:0
FNDA:0,(anonymous_0)
FNDA:0,(anonymous_1)
FNDA:0,(anonymous_2)
FNDA:0,(anonymous_3)
DA:1,0
DA:3,0
DA:13,0
DA:20,0
DA:22,0
DA:23,0
DA:24,0
DA:26,0
DA:27,0
DA:29,0
DA:31,0
DA:32,0
DA:34,0
DA:35,0
DA:37,0
DA:38,0
DA:40,0
DA:41,0
DA:45,0
DA:46,0
DA:49,0
DA:52,0
DA:57,0
DA:59,0
DA:60,0
DA:61,0
DA:65,0
LF:27
LH:0
BRDA:13,0,0,0
BRDA:19,1,0,0
BRDA:29,2,0,0
BRDA:29,2,1,0
BRDA:29,2,2,0
BRDA:29,2,3,0
BRDA:31,3,0,0
BRDA:31,3,1,0
BRDA:31,4,0,0
BRDA:31,4,1,0
BRDA:34,5,0,0
BRDA:34,5,1,0
BRDA:34,6,0,0
BRDA:34,6,1,0
BRDA:37,7,0,0
BRDA:37,7,1,0
BRDA:37,8,0,0
BRDA:37,8,1,0
BRDA:40,9,0,0
BRDA:40,9,1,0
BRDA:40,10,0,0
BRDA:40,10,1,0
BRDA:46,11,0,0
BRDA:46,11,1,0
BRF:24
BRH:0
end_of_record
TN:
SF:src/hooks/usePerformanceMonitor.ts
FN:10,(anonymous_7)
FN:12,(anonymous_8)
FN:13,(anonymous_9)
FN:17,(anonymous_10)
FN:21,(anonymous_11)
FN:31,(anonymous_12)
FN:39,(anonymous_13)
FN:40,(anonymous_14)
FN:45,(anonymous_15)
FN:49,(anonymous_16)
FN:52,(anonymous_17)
FN:68,(anonymous_18)
FN:76,(anonymous_19)
FN:88,(anonymous_20)
FNF:14
FNH:0
FNDA:0,(anonymous_7)
FNDA:0,(anonymous_8)
FNDA:0,(anonymous_9)
FNDA:0,(anonymous_10)
FNDA:0,(anonymous_11)
FNDA:0,(anonymous_12)
FNDA:0,(anonymous_13)
FNDA:0,(anonymous_14)
FNDA:0,(anonymous_15)
FNDA:0,(anonymous_16)
FNDA:0,(anonymous_17)
FNDA:0,(anonymous_18)
FNDA:0,(anonymous_19)
FNDA:0,(anonymous_20)
DA:1,0
DA:2,0
DA:10,0
DA:11,0
DA:12,0
DA:13,0
DA:14,0
DA:17,0
DA:18,0
DA:19,0
DA:21,0
DA:22,0
DA:23,0
DA:24,0
DA:31,0
DA:32,0
DA:33,0
DA:34,0
DA:39,0
DA:40,0
DA:41,0
DA:42,0
DA:45,0
DA:49,0
DA:52,0
DA:53,0
DA:55,0
DA:56,0
DA:57,0
DA:58,0
DA:59,0
DA:61,0
DA:62,0
DA:63,0
DA:68,0
DA:69,0
DA:76,0
DA:77,0
DA:78,0
DA:79,0
DA:80,0
DA:81,0
DA:82,0
DA:83,0
DA:84,0
DA:88,0
DA:89,0
DA:90,0
DA:91,0
DA:94,0
LF:50
LH:0
BRDA:10,0,0,0
BRDA:11,1,0,0
BRDA:11,2,0,0
BRDA:18,3,0,0
BRDA:18,3,1,0
BRDA:22,4,0,0
BRDA:22,4,1,0
BRDA:32,5,0,0
BRDA:32,5,1,0
BRF:9
BRH:0
end_of_record
TN:
SF:src/hooks/useSoundNotifications.ts
FN:18,(anonymous_7)
FN:19,(anonymous_8)
FN:20,(anonymous_9)
FN:23,(anonymous_10)
FN:28,(anonymous_11)
FN:28,(anonymous_12)
FN:33,(anonymous_13)
FN:33,(anonymous_14)
FN:38,(anonymous_15)
FN:38,(anonymous_16)
FN:43,(anonymous_17)
FN:49,(anonymous_18)
FNF:12
FNH:12
FNDA:27,(anonymous_7)
FNDA:18,(anonymous_8)
FNDA:18,(anonymous_9)
FNDA:18,(anonymous_10)
FNDA:3,(anonymous_11)
FNDA:3,(anonymous_12)
FNDA:2,(anonymous_13)
FNDA:2,(anonymous_14)
FNDA:2,(anonymous_15)
FNDA:2,(anonymous_16)
FNDA:4,(anonymous_17)
FNDA:3,(anonymous_18)
DA:1,2
DA:2,2
DA:18,2
DA:19,27
DA:20,27
DA:23,27
DA:24,18
DA:28,27
DA:29,3
DA:33,27
DA:34,2
DA:38,27
DA:39,2
DA:43,27
DA:44,4
DA:45,4
DA:49,27
DA:50,3
DA:51,3
DA:52,3
DA:55,27
LF:21
LH:21
BRF:0
BRH:0
end_of_record
TN:
SF:src/hooks/useToast.ts
FN:3,(anonymous_1)
FN:6,(anonymous_2)
FN:7,(anonymous_3)
FN:8,(anonymous_4)
FN:9,(anonymous_5)
FNF:5
FNH:0
FNDA:0,(anonymous_1)
FNDA:0,(anonymous_2)
FNDA:0,(anonymous_3)
FNDA:0,(anonymous_4)
FNDA:0,(anonymous_5)
DA:1,0
DA:3,0
DA:4,0
DA:6,0
DA:7,0
DA:8,0
DA:9,0
LF:7
LH:0
BRF:0
BRH:0
end_of_record
TN:
SF:src/hooks/keyboard/index.ts
FN:1,(anonymous_0)
FN:2,(anonymous_1)
FN:3,(anonymous_2)
FN:4,(anonymous_3)
FN:4,(anonymous_4)
FN:5,(anonymous_5)
FNF:6
FNH:1
FNDA:0,(anonymous_0)
FNDA:0,(anonymous_1)
FNDA:10,(anonymous_2)
FNDA:0,(anonymous_3)
FNDA:0,(anonymous_4)
FNDA:0,(anonymous_5)
DA:1,1
DA:2,1
DA:3,11
DA:4,1
DA:5,1
LF:5
LH:5
BRF:0
BRH:0
end_of_record
TN:
SF:src/hooks/keyboard/useAriaLive.ts
FN:9,(anonymous_0)
FN:12,(anonymous_1)
FN:26,(anonymous_2)
FN:34,(anonymous_3)
FN:44,(anonymous_4)
FNF:5
FNH:5
FNDA:15,(anonymous_0)
FNDA:15,(anonymous_1)
FNDA:15,(anonymous_2)
FNDA:5,(anonymous_3)
FNDA:4,(anonymous_4)
DA:1,2
DA:9,2
DA:10,15
DA:12,15
DA:14,15
DA:15,15
DA:16,15
DA:17,15
DA:18,15
DA:19,15
DA:20,15
DA:21,15
DA:23,15
DA:24,15
DA:26,15
DA:27,15
DA:28,15
DA:33,15
DA:35,5
DA:38,5
DA:41,5
DA:44,5
DA:45,4
DA:46,4
DA:53,15
LF:25
LH:25
BRDA:27,0,0,15
BRDA:27,0,1,0
BRDA:34,1,0,3
BRDA:34,2,0,1
BRDA:35,3,0,0
BRDA:35,3,1,5
BRDA:45,4,0,4
BRDA:45,4,1,0
BRF:8
BRH:5
end_of_record
TN:
SF:src/hooks/keyboard/useArrowKeyNavigation.ts
FN:13,(anonymous_0)
FN:21,(anonymous_1)
FN:27,(anonymous_2)
FN:33,(anonymous_3)
FN:39,(anonymous_4)
FNF:5
FNH:0
FNDA:0,(anonymous_0)
FNDA:0,(anonymous_1)
FNDA:0,(anonymous_2)
FNDA:0,(anonymous_3)
FNDA:0,(anonymous_4)
DA:1,1
DA:2,1
DA:13,1
DA:21,0
DA:22,0
DA:23,0
DA:27,0
DA:28,0
DA:29,0
DA:33,0
DA:34,0
DA:35,0
DA:39,0
DA:40,0
DA:41,0
DA:45,0
LF:16
LH:3
BRDA:18,0,0,0
BRDA:19,1,0,0
BRDA:22,2,0,0
BRDA:22,2,1,0
BRDA:22,3,0,0
BRDA:22,3,1,0
BRDA:23,4,0,0
BRDA:23,4,1,0
BRDA:23,5,0,0
BRDA:23,5,1,0
BRDA:28,6,0,0
BRDA:28,6,1,0
BRDA:28,7,0,0
BRDA:28,7,1,0
BRDA:29,8,0,0
BRDA:29,8,1,0
BRDA:29,9,0,0
BRDA:29,9,1,0
BRDA:34,10,0,0
BRDA:34,10,1,0
BRDA:34,11,0,0
BRDA:34,11,1,0
BRDA:35,12,0,0
BRDA:35,12,1,0
BRDA:35,13,0,0
BRDA:35,13,1,0
BRDA:40,14,0,0
BRDA:40,14,1,0
BRDA:40,15,0,0
BRDA:40,15,1,0
BRDA:41,16,0,0
BRDA:41,16,1,0
BRDA:41,17,0,0
BRDA:41,17,1,0
BRF:34
BRH:0
end_of_record
TN:
SF:src/hooks/keyboard/useFocusTrap.ts
FN:10,(anonymous_0)
FN:18,(anonymous_1)
FN:36,(anonymous_2)
FN:40,(anonymous_3)
FN:67,(anonymous_4)
FN:84,(anonymous_5)
FN:92,(anonymous_6)
FNF:7
FNH:0
FNDA:0,(anonymous_0)
FNDA:0,(anonymous_1)
FNDA:0,(anonymous_2)
FNDA:0,(anonymous_3)
FNDA:0,(anonymous_4)
FNDA:0,(anonymous_5)
FNDA:0,(anonymous_6)
DA:1,1
DA:10,1
DA:16,0
DA:18,0
DA:19,0
DA:21,0
DA:32,0
DA:36,0
DA:39,0
DA:41,0
DA:43,0
DA:44,0
DA:46,0
DA:47,0
DA:48,0
DA:50,0
DA:52,0
DA:53,0
DA:54,0
DA:58,0
DA:59,0
DA:60,0
DA:67,0
DA:68,0
DA:71,0
DA:74,0
DA:75,0
DA:77,0
DA:78,0
DA:79,0
DA:84,0
DA:85,0
DA:86,0
DA:90,0
DA:92,0
DA:93,0
DA:96,0
DA:97,0
LF:38
LH:2
BRDA:12,0,0,0
BRDA:14,1,0,0
BRDA:19,2,0,0
BRDA:19,2,1,0
BRDA:41,3,0,0
BRDA:41,3,1,0
BRDA:41,4,0,0
BRDA:41,4,1,0
BRDA:44,5,0,0
BRDA:44,5,1,0
BRDA:50,6,0,0
BRDA:50,6,1,0
BRDA:52,7,0,0
BRDA:52,7,1,0
BRDA:58,8,0,0
BRDA:58,8,1,0
BRDA:68,9,0,0
BRDA:68,9,1,0
BRDA:74,10,0,0
BRDA:74,10,1,0
BRDA:74,11,0,0
BRDA:74,11,1,0
BRDA:74,12,0,0
BRDA:74,12,1,0
BRDA:78,13,0,0
BRDA:78,13,1,0
BRDA:85,14,0,0
BRDA:85,14,1,0
BRDA:96,15,0,0
BRDA:96,15,1,0
BRDA:96,16,0,0
BRDA:96,16,1,0
BRF:32
BRH:0
end_of_record
TN:
SF:src/hooks/keyboard/useKeyboardNavigation.ts
FN:16,(anonymous_0)
FN:33,(anonymous_1)
FN:103,(anonymous_2)
FN:107,(anonymous_3)
FNF:4
FNH:0
FNDA:0,(anonymous_0)
FNDA:0,(anonymous_1)
FNDA:0,(anonymous_2)
FNDA:0,(anonymous_3)
DA:1,1
DA:16,1
DA:30,0
DA:32,0
DA:34,0
DA:36,0
DA:38,0
DA:39,0
DA:40,0
DA:42,0
DA:45,0
DA:46,0
DA:47,0
DA:49,0
DA:51,0
DA:52,0
DA:53,0
DA:55,0
DA:57,0
DA:58,0
DA:59,0
DA:61,0
DA:63,0
DA:64,0
DA:65,0
DA:67,0
DA:69,0
DA:70,0
DA:71,0
DA:73,0
DA:75,0
DA:76,0
DA:77,0
DA:79,0
DA:81,0
DA:82,0
DA:83,0
DA:84,0
DA:86,0
DA:103,0
DA:104,0
DA:106,0
DA:107,0
LF:43
LH:2
BRDA:29,0,0,0
BRDA:34,1,0,0
BRDA:34,1,1,0
BRDA:36,2,0,0
BRDA:36,2,1,0
BRDA:36,2,2,0
BRDA:36,2,3,0
BRDA:36,2,4,0
BRDA:36,2,5,0
BRDA:36,2,6,0
BRDA:36,2,7,0
BRDA:36,2,8,0
BRDA:38,3,0,0
BRDA:38,3,1,0
BRDA:45,4,0,0
BRDA:45,4,1,0
BRDA:51,5,0,0
BRDA:51,5,1,0
BRDA:57,6,0,0
BRDA:57,6,1,0
BRDA:63,7,0,0
BRDA:63,7,1,0
BRDA:69,8,0,0
BRDA:69,8,1,0
BRDA:75,9,0,0
BRDA:75,9,1,0
BRDA:81,10,0,0
BRDA:81,10,1,0
BRDA:81,11,0,0
BRDA:81,11,1,0
BRDA:83,12,0,0
BRDA:83,12,1,0
BRDA:83,13,0,0
BRDA:83,13,1,0
BRDA:104,14,0,0
BRDA:104,14,1,0
BRF:36
BRH:0
end_of_record
TN:
SF:src/hooks/keyboard/useKeyboardShortcut.ts
FN:14,(anonymous_0)
FN:27,(anonymous_1)
FN:51,(anonymous_2)
FN:55,(anonymous_3)
FN:59,(anonymous_4)
FN:61,(anonymous_5)
FN:99,(anonymous_6)
FN:101,(anonymous_7)
FNF:8
FNH:8
FNDA:5,(anonymous_0)
FNDA:6,(anonymous_1)
FNDA:5,(anonymous_2)
FNDA:4,(anonymous_3)
FNDA:2,(anonymous_4)
FNDA:4,(anonymous_5)
FNDA:2,(anonymous_6)
FNDA:2,(anonymous_7)
DA:1,2
DA:14,2
DA:24,5
DA:26,5
DA:28,6
DA:30,6
DA:31,6
DA:32,6
DA:33,6
DA:35,6
DA:42,4
DA:43,4
DA:45,4
DA:51,5
DA:52,5
DA:54,4
DA:55,4
DA:59,2
DA:60,2
DA:63,4
DA:64,4
DA:70,1
DA:73,3
DA:74,4
DA:76,4
DA:77,4
DA:78,4
DA:79,4
DA:81,4
DA:88,3
DA:89,3
DA:91,3
DA:92,3
DA:99,2
DA:100,2
DA:101,2
LF:36
LH:36
BRDA:17,0,0,3
BRDA:18,1,0,5
BRDA:19,2,0,4
BRDA:20,3,0,5
BRDA:22,4,0,4
BRDA:23,5,0,4
BRDA:28,6,0,0
BRDA:28,6,1,6
BRDA:35,7,0,4
BRDA:35,7,1,2
BRDA:36,8,0,6
BRDA:36,8,1,6
BRDA:36,8,2,5
BRDA:36,8,3,5
BRDA:36,8,4,4
BRDA:42,9,0,4
BRDA:42,9,1,0
BRDA:52,10,0,1
BRDA:52,10,1,4
BRDA:64,11,0,1
BRDA:64,11,1,3
BRDA:65,12,0,4
BRDA:65,12,1,3
BRDA:65,12,2,3
BRDA:65,12,3,3
BRDA:74,13,0,0
BRDA:74,13,1,4
BRDA:76,14,0,4
BRDA:76,14,1,4
BRDA:77,15,0,4
BRDA:77,15,1,4
BRDA:78,16,0,4
BRDA:78,16,1,4
BRDA:79,17,0,4
BRDA:79,17,1,4
BRDA:81,18,0,3
BRDA:81,18,1,1
BRDA:82,19,0,4
BRDA:82,19,1,3
BRDA:82,19,2,3
BRDA:82,19,3,3
BRDA:82,19,4,3
BRDA:88,20,0,3
BRDA:88,20,1,0
BRDA:88,21,0,0
BRDA:88,21,1,3
BRDA:88,22,0,3
BRDA:88,22,1,3
BRF:48
BRH:43
end_of_record
TN:
SF:src/modules/analytics/components/APIMetricsTable.tsx
FN:10,(anonymous_1)
FN:12,(anonymous_2)
FN:38,(anonymous_3)
FNF:3
FNH:0
FNDA:0,(anonymous_1)
FNDA:0,(anonymous_2)
FNDA:0,(anonymous_3)
DA:1,0
DA:2,0
DA:4,0
DA:10,0
DA:11,0
DA:12,0
DA:14,0
DA:15,0
DA:22,0
DA:39,0
DA:40,0
DA:41,0
DA:42,0
DA:44,0
LF:14
LH:0
BRDA:14,0,0,0
BRDA:14,0,1,0
BRDA:59,1,0,0
BRDA:59,1,1,0
BRDA:62,2,0,0
BRDA:62,2,1,0
BRDA:70,3,0,0
BRDA:70,3,1,0
BRDA:79,4,0,0
BRDA:79,4,1,0
BRDA:84,5,0,0
BRDA:84,5,1,0
BRDA:88,6,0,0
BRDA:88,6,1,0
BRDA:92,7,0,0
BRDA:92,7,1,0
BRF:16
BRH:0
end_of_record
TN:
SF:src/modules/analytics/components/ComponentMetricsTable.tsx
FN:10,(anonymous_1)
FN:12,(anonymous_2)
FN:37,(anonymous_3)
FNF:3
FNH:0
FNDA:0,(anonymous_1)
FNDA:0,(anonymous_2)
FNDA:0,(anonymous_3)
DA:1,0
DA:2,0
DA:4,0
DA:10,0
DA:11,0
DA:12,0
DA:14,0
DA:15,0
DA:22,0
DA:38,0
DA:39,0
DA:41,0
LF:12
LH:0
BRDA:14,0,0,0
BRDA:14,0,1,0
BRDA:53,1,0,0
BRDA:53,1,1,0
BRDA:62,2,0,0
BRDA:62,2,1,0
BRDA:70,3,0,0
BRDA:70,3,1,0
BRDA:74,4,0,0
BRDA:74,4,1,0
BRF:10
BRH:0
end_of_record
TN:
SF:src/modules/analytics/components/OrderHistoryTable.tsx
FN:15,(anonymous_1)
FN:22,(anonymous_2)
FN:38,(anonymous_3)
FN:47,(anonymous_4)
FN:89,(anonymous_5)
FN:95,(anonymous_6)
FN:136,(anonymous_7)
FN:145,(anonymous_8)
FNF:8
FNH:0
FNDA:0,(anonymous_1)
FNDA:0,(anonymous_2)
FNDA:0,(anonymous_3)
FNDA:0,(anonymous_4)
FNDA:0,(anonymous_5)
FNDA:0,(anonymous_6)
FNDA:0,(anonymous_7)
FNDA:0,(anonymous_8)
DA:1,0
DA:2,0
DA:3,0
DA:4,0
DA:15,0
DA:22,0
DA:23,0
DA:29,0
DA:31,0
DA:38,0
DA:39,0
DA:47,0
DA:48,0
DA:54,0
DA:55,0
DA:63,0
DA:64,0
DA:71,0
DA:90,0
DA:96,0
DA:136,0
DA:145,0
LF:22
LH:0
BRDA:29,0,0,0
BRDA:29,0,1,0
BRDA:54,1,0,0
BRDA:54,1,1,0
BRDA:63,2,0,0
BRDA:63,2,1,0
BRDA:100,3,0,0
BRDA:100,3,1,0
BRDA:112,4,0,0
BRDA:112,4,1,0
BRDA:115,5,0,0
BRDA:115,5,1,0
BRDA:127,6,0,0
BRDA:127,6,1,0
BRF:14
BRH:0
end_of_record
TN:
SF:src/modules/analytics/components/OrderStatisticsCards.tsx
FN:19,(anonymous_1)
FN:20,(anonymous_2)
FN:55,(anonymous_3)
FN:56,(anonymous_4)
FN:56,(anonymous_5)
FN:64,(anonymous_6)
FNF:6
FNH:0
FNDA:0,(anonymous_1)
FNDA:0,(anonymous_2)
FNDA:0,(anonymous_3)
FNDA:0,(anonymous_4)
FNDA:0,(anonymous_5)
FNDA:0,(anonymous_6)
DA:1,0
DA:2,0
DA:3,0
DA:19,0
DA:20,0
DA:21,0
DA:27,0
DA:31,0
DA:55,0
DA:56,0
DA:62,0
DA:65,0
LF:12
LH:0
BRDA:27,0,0,0
BRDA:27,0,1,0
BRDA:56,1,0,0
BRDA:56,1,1,0
BRDA:56,2,0,0
BRDA:56,2,1,0
BRDA:56,3,0,0
BRDA:56,3,1,0
BRF:8
BRH:0
end_of_record
TN:
SF:src/modules/analytics/components/PerformanceChart.tsx
FN:9,(anonymous_1)
FN:26,(anonymous_2)
FN:27,(anonymous_3)
FN:28,(anonymous_4)
FN:36,(anonymous_5)
FN:44,(anonymous_6)
FN:52,(anonymous_7)
FN:60,(anonymous_8)
FN:105,(anonymous_9)
FN:126,(anonymous_10)
FNF:10
FNH:0
FNDA:0,(anonymous_1)
FNDA:0,(anonymous_2)
FNDA:0,(anonymous_3)
FNDA:0,(anonymous_4)
FNDA:0,(anonymous_5)
FNDA:0,(anonymous_6)
FNDA:0,(anonymous_7)
FNDA:0,(anonymous_8)
FNDA:0,(anonymous_9)
FNDA:0,(anonymous_10)
DA:1,0
DA:9,0
DA:10,0
DA:11,0
DA:19,0
DA:20,0
DA:21,0
DA:22,0
DA:23,0
DA:26,0
DA:27,0
DA:28,0
DA:29,0
DA:32,0
DA:35,0
DA:37,0
DA:38,0
DA:39,0
DA:44,0
DA:52,0
DA:57,0
DA:61,0
DA:106,0
DA:127,0
LF:24
LH:0
BRDA:10,0,0,0
BRDA:10,0,1,0
BRDA:29,1,0,0
BRDA:29,1,1,0
BRDA:32,2,0,0
BRDA:32,2,1,0
BRDA:39,3,0,0
BRDA:39,3,1,0
BRDA:48,4,0,0
BRDA:48,4,1,0
BRDA:133,5,0,0
BRDA:133,5,1,0
BRDA:135,6,0,0
BRDA:135,6,1,0
BRDA:151,7,0,0
BRDA:151,7,1,0
BRF:16
BRH:0
end_of_record
TN:
SF:src/modules/filters/components/FilterBar.tsx
FN:19,(anonymous_9)
FNF:1
FNH:0
FNDA:0,(anonymous_9)
DA:1,0
DA:2,0
DA:3,0
DA:4,0
DA:5,0
DA:8,0
DA:19,0
DA:27,0
DA:54,0
LF:9
LH:0
BRDA:30,0,0,0
BRDA:30,0,1,0
BRDA:35,1,0,0
BRDA:35,1,1,0
BRDA:39,2,0,0
BRDA:39,2,1,0
BRF:6
BRH:0
end_of_record
TN:
SF:src/modules/filters/components/SearchFilter.tsx
FN:13,(anonymous_9)
FN:22,(anonymous_10)
FN:28,(anonymous_11)
FN:38,(anonymous_12)
FNF:4
FNH:0
FNDA:0,(anonymous_9)
FNDA:0,(anonymous_10)
FNDA:0,(anonymous_11)
FNDA:0,(anonymous_12)
DA:1,0
DA:2,0
DA:3,0
DA:4,0
DA:13,0
DA:19,0
DA:20,0
DA:22,0
DA:23,0
DA:24,0
DA:28,0
DA:29,0
DA:32,0
DA:38,0
DA:46,0
LF:15
LH:0
BRDA:16,0,0,0
BRDA:17,1,0,0
BRDA:23,2,0,0
BRDA:23,2,1,0
BRF:4
BRH:0
end_of_record
TN:
SF:src/modules/filters/components/StatusFilter.tsx
FN:21,(anonymous_9)
FN:27,(anonymous_10)
FN:32,(anonymous_11)
FNF:3
FNH:0
FNDA:0,(anonymous_9)
FNDA:0,(anonymous_10)
FNDA:0,(anonymous_11)
DA:1,0
DA:2,0
DA:12,0
DA:21,0
DA:26,0
DA:27,0
DA:33,0
DA:47,0
LF:8
LH:0
BRDA:24,0,0,0
BRDA:35,1,0,0
BRDA:35,1,1,0
BRF:3
BRH:0
end_of_record
TN:
SF:src/modules/filters/hooks/useOrderFilters.ts
FN:21,(anonymous_0)
FN:27,(anonymous_1)
FN:28,(anonymous_2)
FN:31,(anonymous_3)
FN:32,(anonymous_4)
FN:35,(anonymous_5)
FN:36,(anonymous_6)
FN:39,(anonymous_7)
FN:40,(anonymous_8)
FN:43,(anonymous_9)
FN:47,(anonymous_10)
FNF:11
FNH:11
FNDA:17,(anonymous_0)
FNDA:4,(anonymous_1)
FNDA:4,(anonymous_2)
FNDA:3,(anonymous_3)
FNDA:3,(anonymous_4)
FNDA:1,(anonymous_5)
FNDA:1,(anonymous_6)
FNDA:3,(anonymous_7)
FNDA:3,(anonymous_8)
FNDA:1,(anonymous_9)
FNDA:17,(anonymous_10)
DA:1,1
DA:15,1
DA:21,1
DA:22,17
DA:27,17
DA:28,4
DA:31,17
DA:32,3
DA:35,17
DA:36,1
DA:39,17
DA:40,3
DA:43,17
DA:44,1
DA:47,17
DA:48,17
DA:56,17
LF:17
LH:17
BRDA:49,0,0,17
BRDA:49,0,1,13
BRDA:49,0,2,12
BRDA:49,0,3,11
BRF:4
BRH:4
end_of_record
TN:
SF:src/modules/filters/types/index.ts
FNF:0
FNH:0
DA:1,0
LF:1
LH:0
BRF:0
BRH:0
end_of_record
TN:
SF:src/modules/kiosk-voice-capture/index.ts
FN:1,(anonymous_0)
FNF:1
FNH:0
FNDA:0,(anonymous_0)
DA:1,0
LF:1
LH:0
BRF:0
BRH:0
end_of_record
TN:
SF:src/modules/kiosk-voice-capture/components/VoiceCapture.tsx
FN:5,VoiceCapture
FN:12,(anonymous_8)
FN:18,(anonymous_9)
FN:18,(anonymous_10)
FN:25,(anonymous_11)
FN:31,(anonymous_12)
FN:31,(anonymous_13)
FN:47,(anonymous_14)
FN:53,(anonymous_15)
FN:64,(anonymous_16)
FNF:10
FNH:10
FNDA:9,VoiceCapture
FNDA:9,(anonymous_8)
FNDA:3,(anonymous_9)
FNDA:3,(anonymous_10)
FNDA:2,(anonymous_11)
FNDA:2,(anonymous_12)
FNDA:2,(anonymous_13)
FNDA:2,(anonymous_14)
FNDA:2,(anonymous_15)
FNDA:3,(anonymous_16)
DA:1,1
DA:2,1
DA:3,1
DA:5,1
DA:6,9
DA:7,9
DA:8,9
DA:9,9
DA:10,9
DA:12,9
DA:13,9
DA:14,3
DA:18,9
DA:19,3
DA:20,3
DA:21,3
DA:22,3
DA:23,3
DA:25,3
DA:26,2
DA:27,2
DA:31,3
DA:32,2
DA:33,2
DA:34,2
DA:36,2
DA:37,2
DA:38,2
DA:39,2
DA:42,0
DA:44,2
DA:47,2
DA:50,3
DA:53,3
DA:54,2
DA:55,2
DA:59,0
DA:60,0
DA:64,9
DA:65,3
DA:66,3
DA:69,9
DA:70,2
DA:73,7
DA:74,0
DA:77,7
LF:46
LH:42
BRDA:13,0,0,3
BRDA:13,0,1,6
BRDA:26,1,0,2
BRDA:26,1,1,0
BRDA:38,2,0,2
BRDA:38,2,1,0
BRDA:54,3,0,2
BRDA:54,3,1,0
BRDA:54,4,0,2
BRDA:54,4,1,2
BRDA:69,5,0,2
BRDA:69,5,1,7
BRDA:73,6,0,0
BRDA:73,6,1,7
BRDA:79,7,0,4
BRDA:79,7,1,3
BRF:16
BRH:12
end_of_record
TN:
SF:src/modules/kitchen/components/AnimatedKDSOrderCard.tsx
FN:9,(anonymous_10)
FN:15,(anonymous_11)
FN:21,(anonymous_12)
FN:26,(anonymous_13)
FN:31,(anonymous_14)
FNF:5
FNH:0
FNDA:0,(anonymous_10)
FNDA:0,(anonymous_11)
FNDA:0,(anonymous_12)
FNDA:0,(anonymous_13)
FNDA:0,(anonymous_14)
DA:1,0
DA:2,0
DA:3,0
DA:9,0
DA:10,0
DA:11,0
DA:12,0
DA:13,0
DA:15,0
DA:16,0
DA:17,0
DA:18,0
DA:21,0
DA:22,0
DA:25,0
DA:26,0
DA:31,0
DA:32,0
DA:35,0
DA:36,0
DA:40,0
DA:41,0
DA:45,0
DA:46,0
DA:49,0
DA:52,0
LF:26
LH:0
BRDA:16,0,0,0
BRDA:16,0,1,0
BRDA:32,1,0,0
BRDA:32,1,1,0
BRDA:32,2,0,0
BRDA:32,2,1,0
BRDA:35,3,0,0
BRDA:35,3,1,0
BRDA:35,4,0,0
BRDA:35,4,1,0
BRDA:40,5,0,0
BRDA:40,5,1,0
BRDA:40,6,0,0
BRDA:40,6,1,0
BRDA:45,7,0,0
BRDA:45,7,1,0
BRDA:45,8,0,0
BRDA:45,8,1,0
BRDA:55,9,0,0
BRDA:55,9,1,0
BRDA:68,10,0,0
BRDA:68,10,1,0
BRDA:72,11,0,0
BRDA:72,11,1,0
BRDA:73,12,0,0
BRDA:73,12,1,0
BRF:26
BRH:0
end_of_record
TN:
SF:src/modules/kitchen/components/KDSLayout.tsx
FN:15,(anonymous_1)
FN:29,(anonymous_2)
FN:38,(anonymous_3)
FNF:3
FNH:0
FNDA:0,(anonymous_1)
FNDA:0,(anonymous_2)
FNDA:0,(anonymous_3)
DA:1,0
DA:2,0
DA:3,0
DA:4,0
DA:15,0
DA:21,0
DA:29,0
DA:38,0
LF:8
LH:0
BRDA:27,0,0,0
BRDA:27,0,1,0
BRDA:36,1,0,0
BRDA:36,1,1,0
BRDA:50,2,0,0
BRDA:50,2,1,0
BRDA:51,3,0,0
BRDA:51,3,1,0
BRF:8
BRH:0
end_of_record
TN:
SF:src/modules/kitchen/components/KDSOrderCard.tsx
FN:23,(anonymous_9)
FN:33,(anonymous_10)
FN:56,(anonymous_11)
FNF:3
FNH:3
FNDA:14,(anonymous_9)
FNDA:14,(anonymous_10)
FNDA:1,(anonymous_11)
DA:1,1
DA:2,1
DA:3,1
DA:4,1
DA:5,1
DA:6,1
DA:23,1
DA:33,14
DA:34,14
DA:35,14
DA:38,14
DA:64,1
LF:12
LH:12
BRDA:35,0,0,14
BRDA:35,0,1,2
BRDA:41,1,0,14
BRDA:41,1,1,1
BRDA:56,2,0,14
BRDA:56,2,1,1
BRF:6
BRH:6
end_of_record
TN:
SF:src/modules/kitchen/components/KDSOrderListItem.tsx
FN:23,(anonymous_9)
FN:34,(anonymous_10)
FN:37,(anonymous_11)
FN:51,(anonymous_12)
FN:80,(anonymous_13)
FN:93,(anonymous_14)
FN:104,(anonymous_15)
FNF:7
FNH:0
FNDA:0,(anonymous_9)
FNDA:0,(anonymous_10)
FNDA:0,(anonymous_11)
FNDA:0,(anonymous_12)
FNDA:0,(anonymous_13)
FNDA:0,(anonymous_14)
FNDA:0,(anonymous_15)
DA:1,0
DA:2,0
DA:3,0
DA:4,0
DA:5,0
DA:6,0
DA:7,0
DA:8,0
DA:23,0
DA:34,0
DA:35,0
DA:37,0
DA:38,0
DA:39,0
DA:41,0
DA:42,0
DA:44,0
DA:47,0
DA:51,0
DA:53,0
DA:81,0
DA:93,0
DA:105,0
DA:128,0
LF:24
LH:0
BRDA:39,0,0,0
BRDA:39,0,1,0
BRDA:41,1,0,0
BRDA:41,1,1,0
BRDA:56,2,0,0
BRDA:56,2,1,0
BRDA:77,3,0,0
BRDA:77,3,1,0
BRDA:82,4,0,0
BRDA:82,4,1,0
BRDA:109,5,0,0
BRDA:109,5,1,0
BRF:12
BRH:0
end_of_record
TN:
SF:src/modules/kitchen/components/StationFilter.tsx
FN:12,(anonymous_1)
FN:17,(anonymous_2)
FN:24,(anonymous_3)
FN:29,(anonymous_4)
FN:34,(anonymous_5)
FNF:5
FNH:0
FNDA:0,(anonymous_1)
FNDA:0,(anonymous_2)
FNDA:0,(anonymous_3)
FNDA:0,(anonymous_4)
FNDA:0,(anonymous_5)
DA:1,0
DA:2,0
DA:3,0
DA:5,0
DA:12,0
DA:16,0
DA:17,0
DA:19,0
DA:24,0
DA:30,0
DA:34,0
LF:11
LH:0
BRDA:22,0,0,0
BRDA:22,0,1,0
BRDA:32,1,0,0
BRDA:32,1,1,0
BRF:4
BRH:0
end_of_record
TN:
SF:src/modules/orders/index.ts
FN:13,(anonymous_4)
FN:13,(anonymous_5)
FNF:2
FNH:0
FNDA:0,(anonymous_4)
FNDA:0,(anonymous_5)
DA:4,0
DA:7,0
DA:10,0
DA:13,0
LF:4
LH:0
BRF:0
BRH:0
end_of_record
TN:
SF:src/modules/orders/components/index.ts
FNF:0
FNH:0
DA:1,0
DA:2,0
DA:3,0
LF:3
LH:0
BRF:0
BRH:0
end_of_record
TN:
SF:src/modules/orders/components/OrderActions/OrderActionsBar.tsx
FN:14,(anonymous_9)
FN:20,(anonymous_10)
FN:33,(anonymous_11)
FN:64,(anonymous_12)
FN:81,(anonymous_13)
FNF:5
FNH:0
FNDA:0,(anonymous_9)
FNDA:0,(anonymous_10)
FNDA:0,(anonymous_11)
FNDA:0,(anonymous_12)
FNDA:0,(anonymous_13)
DA:1,0
DA:2,0
DA:3,0
DA:5,0
DA:14,0
DA:20,0
DA:21,0
DA:23,0
DA:25,0
DA:27,0
DA:29,0
DA:33,0
DA:34,0
DA:35,0
DA:37,0
DA:56,0
DA:58,0
DA:60,0
DA:62,0
DA:64,0
DA:74,0
DA:76,0
DA:81,0
DA:92,0
LF:24
LH:0
BRDA:21,0,0,0
BRDA:21,0,1,0
BRDA:21,0,2,0
BRDA:21,0,3,0
BRDA:35,1,0,0
BRDA:35,1,1,0
BRDA:56,2,0,0
BRDA:56,2,1,0
BRDA:56,3,0,0
BRDA:56,3,1,0
BRDA:74,4,0,0
BRDA:74,4,1,0
BRDA:79,5,0,0
BRDA:79,5,1,0
BRF:14
BRH:0
end_of_record
TN:
SF:src/modules/orders/components/OrderCard/OrderCard.tsx
FN:20,(anonymous_9)
FN:30,(anonymous_10)
FNF:2
FNH:2
FNDA:10,(anonymous_9)
FNDA:10,(anonymous_10)
DA:1,1
DA:2,1
DA:3,1
DA:4,1
DA:5,1
DA:6,1
DA:20,1
DA:30,10
DA:31,10
DA:32,10
DA:35,10
DA:59,1
LF:12
LH:12
BRDA:32,0,0,10
BRDA:32,0,1,2
BRDA:38,1,0,10
BRDA:38,1,1,1
BRF:4
BRH:4
end_of_record
TN:
SF:src/modules/orders/components/OrderList/OrderList.tsx
FN:14,(anonymous_9)
FN:36,(anonymous_10)
FN:45,(anonymous_11)
FNF:3
FNH:0
FNDA:0,(anonymous_9)
FNDA:0,(anonymous_10)
FNDA:0,(anonymous_11)
DA:1,0
DA:3,0
DA:4,0
DA:14,0
DA:21,0
DA:22,0
DA:29,0
DA:37,0
DA:45,0
DA:52,0
LF:10
LH:0
BRDA:18,0,0,0
BRDA:19,1,0,0
BRDA:21,2,0,0
BRDA:21,2,1,0
BRDA:31,3,0,0
BRDA:31,3,1,0
BRDA:45,4,0,0
BRDA:45,4,1,0
BRDA:45,5,0,0
BRDA:45,5,1,0
BRF:10
BRH:0
end_of_record
TN:
SF:src/modules/orders/hooks/index.ts
FNF:0
FNH:0
DA:1,0
DA:2,0
DA:3,0
LF:3
LH:0
BRF:0
BRH:0
end_of_record
TN:
SF:src/modules/orders/hooks/useOrderActions.ts
FN:12,(anonymous_7)
FN:15,(anonymous_8)
FN:15,(anonymous_9)
FN:29,(anonymous_10)
FN:29,(anonymous_11)
FN:43,(anonymous_12)
FN:43,(anonymous_13)
FNF:7
FNH:0
FNDA:0,(anonymous_7)
FNDA:0,(anonymous_8)
FNDA:0,(anonymous_9)
FNDA:0,(anonymous_10)
FNDA:0,(anonymous_11)
FNDA:0,(anonymous_12)
FNDA:0,(anonymous_13)
DA:1,0
DA:3,0
DA:4,0
DA:12,0
DA:13,0
DA:15,0
DA:16,0
DA:17,0
DA:18,0
DA:19,0
DA:21,0
DA:23,0
DA:24,0
DA:25,0
DA:29,0
DA:30,0
DA:31,0
DA:32,0
DA:33,0
DA:35,0
DA:37,0
DA:38,0
DA:39,0
DA:43,0
DA:44,0
DA:47,0
LF:26
LH:0
BRDA:18,0,0,0
BRDA:18,0,1,0
BRDA:23,1,0,0
BRDA:23,1,1,0
BRDA:32,2,0,0
BRDA:32,2,1,0
BRDA:37,3,0,0
BRDA:37,3,1,0
BRF:8
BRH:0
end_of_record
TN:
SF:src/modules/orders/hooks/useOrderData.ts
FN:14,(anonymous_7)
FN:17,(anonymous_8)
FN:17,(anonymous_9)
FN:28,(anonymous_10)
FN:28,(anonymous_11)
FN:37,(anonymous_12)
FN:37,(anonymous_13)
FN:40,(anonymous_14)
FN:60,(anonymous_15)
FNF:9
FNH:9
FNDA:22,(anonymous_7)
FNDA:8,(anonymous_8)
FNDA:8,(anonymous_9)
FNDA:8,(anonymous_10)
FNDA:8,(anonymous_11)
FNDA:1,(anonymous_12)
FNDA:1,(anonymous_13)
FNDA:2,(anonymous_14)
FNDA:7,(anonymous_15)
DA:1,1
DA:3,1
DA:4,1
DA:14,1
DA:15,22
DA:17,22
DA:19,8
DA:24,8
DA:25,7
DA:28,22
DA:29,8
DA:30,8
DA:37,22
DA:39,1
DA:40,1
DA:41,2
DA:45,1
DA:46,1
DA:47,1
DA:49,0
DA:53,0
DA:54,0
DA:56,0
DA:60,22
DA:61,7
DA:64,22
LF:26
LH:22
BRDA:19,0,0,2
BRDA:19,0,1,6
BRDA:20,1,0,2
BRDA:20,1,1,0
BRDA:20,2,0,2
BRDA:20,2,1,2
BRDA:39,3,0,1
BRDA:39,3,1,0
BRDA:41,4,0,1
BRDA:41,4,1,1
BRDA:47,5,0,0
BRDA:47,5,1,1
BRDA:47,6,0,1
BRDA:47,6,1,0
BRDA:53,7,0,0
BRDA:53,7,1,0
BRDA:65,8,0,22
BRDA:65,8,1,0
BRF:18
BRH:11
end_of_record
TN:
SF:src/modules/orders/hooks/useOrderSubscription.ts
FN:12,(anonymous_0)
FN:15,(anonymous_1)
FN:20,(anonymous_2)
FN:35,(anonymous_3)
FN:39,(anonymous_4)
FNF:5
FNH:0
FNDA:0,(anonymous_0)
FNDA:0,(anonymous_1)
FNDA:0,(anonymous_2)
FNDA:0,(anonymous_3)
FNDA:0,(anonymous_4)
DA:1,0
DA:3,0
DA:4,0
DA:12,0
DA:13,0
DA:15,0
DA:17,0
DA:20,0
DA:21,0
DA:23,0
DA:24,0
DA:26,0
DA:27,0
DA:29,0
DA:30,0
DA:35,0
DA:39,0
DA:40,0
DA:41,0
LF:19
LH:0
BRDA:21,0,0,0
BRDA:21,0,1,0
BRDA:21,0,2,0
BRDA:23,1,0,0
BRDA:23,1,1,0
BRDA:23,2,0,0
BRDA:23,2,1,0
BRDA:26,3,0,0
BRDA:26,3,1,0
BRDA:26,4,0,0
BRDA:26,4,1,0
BRDA:29,5,0,0
BRDA:29,5,1,0
BRDA:29,6,0,0
BRDA:29,6,1,0
BRF:15
BRH:0
end_of_record
TN:
SF:src/modules/orders/services/websocket.service.ts
FN:31,(anonymous_1)
FN:41,(anonymous_2)
FN:63,(anonymous_3)
FN:73,(anonymous_4)
FN:88,(anonymous_5)
FN:110,(anonymous_6)
FN:121,(anonymous_7)
FN:129,(anonymous_8)
FN:137,(anonymous_9)
FN:145,(anonymous_10)
FN:148,(anonymous_11)
FN:155,(anonymous_12)
FN:162,(anonymous_13)
FN:171,(anonymous_14)
FN:178,(anonymous_15)
FN:187,(anonymous_16)
FN:203,(anonymous_17)
FN:206,(anonymous_18)
FN:209,(anonymous_19)
FN:216,(anonymous_20)
FNF:20
FNH:0
FNDA:0,(anonymous_1)
FNDA:0,(anonymous_2)
FNDA:0,(anonymous_3)
FNDA:0,(anonymous_4)
FNDA:0,(anonymous_5)
FNDA:0,(anonymous_6)
FNDA:0,(anonymous_7)
FNDA:0,(anonymous_8)
FNDA:0,(anonymous_9)
FNDA:0,(anonymous_10)
FNDA:0,(anonymous_11)
FNDA:0,(anonymous_12)
FNDA:0,(anonymous_13)
FNDA:0,(anonymous_14)
FNDA:0,(anonymous_15)
FNDA:0,(anonymous_16)
FNDA:0,(anonymous_17)
FNDA:0,(anonymous_18)
FNDA:0,(anonymous_19)
FNDA:0,(anonymous_20)
DA:1,0
DA:2,0
DA:4,0
DA:22,0
DA:23,0
DA:25,0
DA:26,0
DA:27,0
DA:28,0
DA:29,0
DA:32,0
DA:33,0
DA:42,0
DA:43,0
DA:46,0
DA:47,0
DA:49,0
DA:51,0
DA:52,0
DA:54,0
DA:55,0
DA:56,0
DA:57,0
DA:59,0
DA:64,0
DA:65,0
DA:67,0
DA:68,0
DA:69,0
DA:74,0
DA:75,0
DA:76,0
DA:77,0
DA:80,0
DA:81,0
DA:89,0
DA:90,0
DA:93,0
DA:94,0
DA:98,0
DA:99,0
DA:100,0
DA:106,0
DA:111,0
DA:112,0
DA:113,0
DA:116,0
DA:117,0
DA:122,0
DA:123,0
DA:130,0
DA:131,0
DA:134,0
DA:135,0
DA:137,0
DA:138,0
DA:139,0
DA:140,0
DA:146,0
DA:148,0
DA:149,0
DA:150,0
DA:156,0
DA:157,0
DA:158,0
DA:163,0
DA:165,0
DA:166,0
DA:167,0
DA:172,0
DA:173,0
DA:179,0
DA:180,0
DA:188,0
DA:189,0
DA:200,0
DA:203,0
DA:204,0
DA:206,0
DA:207,0
DA:209,0
DA:210,0
DA:213,0
DA:214,0
DA:216,0
DA:217,0
DA:222,0
LF:87
LH:0
BRDA:31,0,0,0
BRDA:34,1,0,0
BRDA:34,1,1,0
BRDA:34,1,2,0
BRDA:35,2,0,0
BRDA:35,2,1,0
BRDA:36,3,0,0
BRDA:36,3,1,0
BRDA:37,4,0,0
BRDA:37,4,1,0
BRDA:42,5,0,0
BRDA:42,5,1,0
BRDA:42,6,0,0
BRDA:42,6,1,0
BRDA:42,7,0,0
BRDA:42,7,1,0
BRDA:67,8,0,0
BRDA:67,8,1,0
BRDA:80,9,0,0
BRDA:80,9,1,0
BRDA:93,10,0,0
BRDA:93,10,1,0
BRDA:98,11,0,0
BRDA:98,11,1,0
BRDA:98,12,0,0
BRDA:98,12,1,0
BRDA:116,13,0,0
BRDA:116,13,1,0
BRDA:116,14,0,0
BRDA:116,14,1,0
BRDA:130,15,0,0
BRDA:130,15,1,0
BRDA:139,16,0,0
BRDA:139,16,1,0
BRDA:149,17,0,0
BRDA:149,17,1,0
BRDA:149,18,0,0
BRDA:149,18,1,0
BRDA:149,19,0,0
BRDA:149,19,1,0
BRDA:156,20,0,0
BRDA:156,20,1,0
BRDA:165,21,0,0
BRDA:165,21,1,0
BRDA:172,22,0,0
BRDA:172,22,1,0
BRDA:172,23,0,0
BRDA:172,23,1,0
BRDA:172,24,0,0
BRDA:172,24,1,0
BRDA:179,25,0,0
BRDA:179,25,1,0
BRDA:188,26,0,0
BRDA:188,26,1,0
BRDA:207,27,0,0
BRDA:207,27,1,0
BRDA:207,28,0,0
BRDA:207,28,1,0
BRDA:207,29,0,0
BRDA:207,29,1,0
BRDA:220,30,0,0
BRDA:220,30,1,0
BRDA:220,31,0,0
BRDA:220,31,1,0
BRF:64
BRH:0
end_of_record
TN:
SF:src/modules/orders/types/index.ts
FNF:0
FNH:0
DA:1,0
LF:1
LH:0
BRF:0
BRH:0
end_of_record
TN:
SF:src/modules/sound/hooks/useSoundEffects.ts
FN:13,(anonymous_0)
FN:16,(anonymous_1)
FN:20,(anonymous_2)
FN:24,(anonymous_3)
FN:28,(anonymous_4)
FN:32,(anonymous_5)
FN:36,(anonymous_6)
FNF:7
FNH:0
FNDA:0,(anonymous_0)
FNDA:0,(anonymous_1)
FNDA:0,(anonymous_2)
FNDA:0,(anonymous_3)
FNDA:0,(anonymous_4)
FNDA:0,(anonymous_5)
FNDA:0,(anonymous_6)
DA:1,0
DA:2,0
DA:13,0
DA:14,0
DA:16,0
DA:17,0
DA:20,0
DA:21,0
DA:24,0
DA:25,0
DA:28,0
DA:29,0
DA:32,0
DA:33,0
DA:36,0
DA:37,0
DA:40,0
LF:17
LH:0
BRF:0
BRH:0
end_of_record
TN:
SF:src/modules/voice/index.ts
FNF:0
FNH:0
DA:2,0
DA:3,0
DA:4,0
DA:5,0
DA:6,0
DA:7,0
LF:6
LH:0
BRF:0
BRH:0
end_of_record
TN:
SF:src/modules/voice/components/MicrophonePermission.tsx
FN:32,(anonymous_1)
FNF:1
FNH:1
FNDA:31,(anonymous_1)
DA:1,2
DA:2,2
DA:3,2
DA:13,2
DA:32,2
DA:37,31
DA:38,12
DA:41,19
DA:42,19
DA:44,19
LF:10
LH:10
BRDA:37,0,0,12
BRDA:37,0,1,19
BRDA:42,1,0,19
BRDA:42,1,1,18
BRDA:45,2,0,14
BRDA:45,2,1,5
BRDA:46,3,0,14
BRDA:46,3,1,5
BRF:8
BRH:8
end_of_record
TN:
SF:src/modules/voice/components/OrderSuccessAnimation.tsx
FN:9,(anonymous_1)
FNF:1
FNH:1
FNDA:18,(anonymous_1)
DA:1,1
DA:2,1
DA:9,1
DA:13,18
DA:15,2
LF:5
LH:5
BRDA:13,0,0,16
BRDA:13,0,1,2
BRF:2
BRH:2
end_of_record
TN:
SF:src/modules/voice/components/RecordingIndicator.tsx
FN:11,(anonymous_1)
FNF:1
FNH:1
FNDA:15,(anonymous_1)
DA:1,2
DA:2,2
DA:3,2
DA:11,2
DA:16,15
DA:18,7
LF:6
LH:6
BRDA:13,0,0,14
BRDA:16,1,0,8
BRDA:16,1,1,7
BRF:3
BRH:3
end_of_record
TN:
SF:src/modules/voice/components/TranscriptionDisplay.tsx
FN:15,(anonymous_1)
FNF:1
FNH:1
FNDA:16,(anonymous_1)
DA:1,2
DA:2,2
DA:3,2
DA:4,2
DA:5,2
DA:15,2
DA:22,16
DA:24,8
LF:8
LH:8
BRDA:17,0,0,4
BRDA:18,1,0,4
BRDA:22,2,0,8
BRDA:22,2,1,8
BRDA:22,3,0,16
BRDA:22,3,1,13
BRDA:29,4,0,8
BRDA:29,4,1,1
BRDA:34,5,0,5
BRDA:34,5,1,3
BRDA:42,6,0,3
BRDA:42,6,1,1
BRF:12
BRH:12
end_of_record
TN:
SF:src/modules/voice/components/VoiceCapture.tsx
FN:14,(anonymous_16)
FN:27,(anonymous_17)
FN:37,(anonymous_18)
FN:37,(anonymous_19)
FNF:4
FNH:3
FNDA:26,(anonymous_16)
FNDA:0,(anonymous_17)
FNDA:6,(anonymous_18)
FNDA:6,(anonymous_19)
DA:1,1
DA:2,1
DA:3,1
DA:4,1
DA:5,1
DA:6,1
DA:7,1
DA:14,1
DA:18,26
DA:19,26
DA:26,26
DA:28,0
DA:29,0
DA:31,0
DA:32,0
DA:37,26
DA:38,6
DA:39,0
DA:41,6
DA:45,26
LF:20
LH:15
BRDA:31,0,0,0
BRDA:31,0,1,0
BRDA:31,1,0,0
BRDA:31,1,1,0
BRDA:32,2,0,0
BRDA:32,2,1,0
BRDA:32,3,0,0
BRDA:32,3,1,0
BRDA:38,4,0,0
BRDA:38,4,1,6
BRDA:53,5,0,4
BRDA:53,5,1,22
BRDA:55,6,0,4
BRDA:55,6,1,22
BRDA:63,7,0,26
BRDA:63,7,1,4
BRF:16
BRH:7
end_of_record
TN:
SF:src/modules/voice/hooks/useAudioCapture.ts
FN:17,(anonymous_7)
FN:29,(anonymous_8)
FN:38,(anonymous_9)
FN:38,(anonymous_10)
FN:55,(anonymous_11)
FN:61,(anonymous_12)
FN:61,(anonymous_13)
FN:64,(anonymous_14)
FN:87,(anonymous_15)
FN:93,(anonymous_16)
FN:101,(anonymous_17)
FN:102,(anonymous_18)
FNF:12
FNH:10
FNDA:26,(anonymous_7)
FNDA:7,(anonymous_8)
FNDA:6,(anonymous_9)
FNDA:6,(anonymous_10)
FNDA:0,(anonymous_11)
FNDA:1,(anonymous_12)
FNDA:1,(anonymous_13)
FNDA:0,(anonymous_14)
FNDA:7,(anonymous_15)
FNDA:4,(anonymous_16)
FNDA:7,(anonymous_17)
FNDA:7,(anonymous_18)
DA:1,1
DA:17,1
DA:21,26
DA:22,26
DA:23,26
DA:25,26
DA:26,26
DA:29,26
DA:30,7
DA:31,0
DA:32,0
DA:34,7
DA:38,26
DA:39,6
DA:40,6
DA:41,6
DA:44,6
DA:45,4
DA:46,4
DA:49,4
DA:50,4
DA:53,4
DA:55,4
DA:56,0
DA:57,0
DA:61,4
DA:64,1
DA:65,0
DA:70,4
DA:71,4
DA:74,2
DA:76,2
DA:77,1
DA:78,1
DA:79,1
DA:82,2
DA:83,2
DA:87,26
DA:88,7
DA:89,0
DA:92,7
DA:93,4
DA:94,4
DA:97,7
DA:101,26
DA:102,7
DA:103,7
DA:107,26
LF:48
LH:42
BRDA:17,0,0,0
BRDA:30,1,0,0
BRDA:30,1,1,7
BRDA:30,2,0,7
BRDA:30,2,1,7
BRDA:56,3,0,0
BRDA:56,3,1,0
BRDA:65,4,0,0
BRDA:65,4,1,0
BRDA:65,5,0,0
BRDA:65,5,1,0
BRDA:76,6,0,1
BRDA:76,6,1,1
BRDA:76,7,0,2
BRDA:76,7,1,1
BRDA:78,8,0,1
BRDA:78,8,1,0
BRDA:83,9,0,2
BRDA:83,9,1,0
BRDA:83,10,0,2
BRDA:83,10,1,2
BRDA:88,11,0,0
BRDA:88,11,1,7
BRDA:88,12,0,7
BRDA:88,12,1,4
BRDA:92,13,0,4
BRDA:92,13,1,3
BRF:27
BRH:16
end_of_record
TN:
SF:src/modules/voice/mocks/index.ts
FNF:0
FNH:0
DA:5,0
LF:1
LH:0
BRF:0
BRH:0
end_of_record
TN:
SF:src/modules/voice/services/orderIntegration.ts
FN:19,(anonymous_7)
FN:33,(anonymous_8)
FN:35,(anonymous_9)
FN:59,(anonymous_10)
FN:86,(anonymous_11)
FN:107,(anonymous_12)
FN:107,(anonymous_13)
FN:111,(anonymous_14)
FN:125,(anonymous_15)
FN:135,(anonymous_16)
FNF:10
FNH:10
FNDA:17,(anonymous_7)
FNDA:85,(anonymous_8)
FNDA:31,(anonymous_9)
FNDA:31,(anonymous_10)
FNDA:16,(anonymous_11)
FNDA:4,(anonymous_12)
FNDA:4,(anonymous_13)
FNDA:8,(anonymous_14)
FNDA:4,(anonymous_15)
FNDA:8,(anonymous_16)
DA:1,2
DA:19,2
DA:20,17
DA:21,17
DA:24,17
DA:33,17
DA:34,85
DA:35,85
DA:36,31
DA:37,31
DA:38,31
DA:42,17
DA:45,16
DA:48,16
DA:52,16
DA:59,2
DA:60,31
DA:61,31
DA:64,31
DA:65,15
DA:66,15
DA:67,15
DA:68,15
DA:71,31
DA:72,13
DA:73,13
DA:74,13
DA:77,31
DA:78,3
DA:79,3
DA:80,3
DA:83,31
DA:86,2
DA:88,16
DA:94,16
DA:95,46
DA:96,46
DA:97,2
DA:101,14
DA:107,4
DA:109,4
DA:111,8
DA:122,4
DA:125,2
DA:127,4
DA:135,4
DA:136,8
DA:137,8
LF:48
LH:48
BRDA:36,0,0,15
BRDA:36,0,1,16
BRDA:42,1,0,1
BRDA:42,1,1,16
BRDA:48,2,0,1
BRDA:48,2,1,15
BRDA:48,3,0,16
BRDA:48,3,1,16
BRDA:64,4,0,15
BRDA:64,4,1,16
BRDA:65,5,0,1
BRDA:65,5,1,14
BRDA:66,6,0,11
BRDA:66,6,1,4
BRDA:67,7,0,1
BRDA:67,7,1,14
BRDA:68,8,0,0
BRDA:68,8,1,15
BRDA:71,9,0,13
BRDA:71,9,1,18
BRDA:72,10,0,11
BRDA:72,10,1,2
BRDA:73,11,0,11
BRDA:73,11,1,2
BRDA:74,12,0,0
BRDA:74,12,1,13
BRDA:77,13,0,3
BRDA:77,13,1,28
BRDA:78,14,0,0
BRDA:78,14,1,3
BRDA:79,15,0,1
BRDA:79,15,1,2
BRDA:80,16,0,0
BRDA:80,16,1,3
BRDA:96,17,0,2
BRDA:96,17,1,44
BRDA:136,18,0,8
BRDA:136,18,1,0
BRF:38
BRH:33
end_of_record
TN:
SF:src/pages/Dashboard.tsx
FN:22,DashboardCard
FN:67,Dashboard
FNF:2
FNH:0
FNDA:0,DashboardCard
FNDA:0,Dashboard
DA:1,0
DA:2,0
DA:3,0
DA:4,0
DA:5,0
DA:12,0
DA:29,0
DA:67,0
DA:68,0
LF:9
LH:0
BRDA:27,0,0,0
BRF:1
BRH:0
end_of_record
TN:
SF:src/pages/HomePage.tsx
FN:31,FeatureCard
FN:94,HomePage
FNF:2
FNH:0
FNDA:0,FeatureCard
FNDA:0,HomePage
DA:1,0
DA:2,0
DA:3,0
DA:4,0
DA:5,0
DA:6,0
DA:18,0
DA:41,0
DA:94,0
DA:95,0
LF:10
LH:0
BRDA:39,0,0,0
BRF:1
BRH:0
end_of_record
TN:
SF:src/pages/KioskDemo.tsx
FN:19,(anonymous_16)
FN:27,(anonymous_17)
FN:28,(anonymous_18)
FN:46,(anonymous_19)
FN:46,(anonymous_20)
FN:62,(anonymous_21)
FN:138,(anonymous_22)
FN:195,(anonymous_23)
FNF:8
FNH:8
FNDA:18,(anonymous_16)
FNDA:5,(anonymous_17)
FNDA:5,(anonymous_18)
FNDA:4,(anonymous_19)
FNDA:4,(anonymous_20)
FNDA:1,(anonymous_21)
FNDA:24,(anonymous_22)
FNDA:12,(anonymous_23)
DA:1,1
DA:2,1
DA:3,1
DA:4,1
DA:5,1
DA:6,1
DA:7,1
DA:8,1
DA:19,1
DA:20,18
DA:21,18
DA:22,18
DA:23,18
DA:24,18
DA:25,18
DA:27,18
DA:28,5
DA:29,5
DA:31,5
DA:32,5
DA:36,5
DA:38,0
DA:42,0
DA:46,18
DA:47,4
DA:49,4
DA:50,4
DA:51,4
DA:52,4
DA:54,4
DA:56,3
DA:57,3
DA:58,3
DA:59,3
DA:62,3
DA:63,1
DA:64,1
DA:65,1
DA:66,1
DA:70,1
DA:71,1
DA:73,4
DA:77,18
DA:139,24
DA:196,12
LF:45
LH:43
BRDA:31,0,0,5
BRDA:31,0,1,0
BRDA:47,1,0,0
BRDA:47,1,1,4
BRDA:47,2,0,4
BRDA:47,2,1,4
BRDA:52,3,0,0
BRDA:52,3,1,4
BRDA:56,4,0,3
BRDA:56,4,1,0
BRDA:81,5,0,18
BRDA:81,5,1,2
BRDA:127,6,0,12
BRDA:127,6,1,6
BRDA:127,7,0,18
BRDA:127,7,1,12
BRDA:145,8,0,24
BRDA:145,8,1,24
BRDA:145,8,2,24
BRDA:158,9,0,12
BRDA:158,9,1,8
BRDA:161,10,0,2
BRDA:161,10,1,10
BRDA:166,11,0,4
BRDA:166,11,1,6
BRDA:188,12,0,18
BRDA:188,12,1,12
BRF:27
BRH:23
end_of_record
TN:
SF:src/pages/KitchenDisplay.tsx
FN:26,KitchenDisplay
FN:54,(anonymous_17)
FN:54,(anonymous_18)
FN:55,(anonymous_19)
FN:59,(anonymous_20)
FN:60,(anonymous_21)
FN:61,(anonymous_22)
FN:67,(anonymous_23)
FN:76,(anonymous_24)
FN:76,(anonymous_25)
FN:91,(anonymous_26)
FN:91,(anonymous_27)
FN:99,(anonymous_28)
FN:100,(anonymous_29)
FN:112,(anonymous_30)
FN:116,(anonymous_31)
FN:120,(anonymous_32)
FN:124,(anonymous_33)
FN:130,(anonymous_34)
FN:141,(anonymous_35)
FN:142,(anonymous_36)
FN:177,(anonymous_37)
FN:229,(anonymous_38)
FN:239,(anonymous_39)
FN:249,(anonymous_40)
FN:267,(anonymous_41)
FN:267,(anonymous_42)
FN:284,(anonymous_43)
FNF:28
FNH:0
FNDA:0,KitchenDisplay
FNDA:0,(anonymous_17)
FNDA:0,(anonymous_18)
FNDA:0,(anonymous_19)
FNDA:0,(anonymous_20)
FNDA:0,(anonymous_21)
FNDA:0,(anonymous_22)
FNDA:0,(anonymous_23)
FNDA:0,(anonymous_24)
FNDA:0,(anonymous_25)
FNDA:0,(anonymous_26)
FNDA:0,(anonymous_27)
FNDA:0,(anonymous_28)
FNDA:0,(anonymous_29)
FNDA:0,(anonymous_30)
FNDA:0,(anonymous_31)
FNDA:0,(anonymous_32)
FNDA:0,(anonymous_33)
FNDA:0,(anonymous_34)
FNDA:0,(anonymous_35)
FNDA:0,(anonymous_36)
FNDA:0,(anonymous_37)
FNDA:0,(anonymous_38)
FNDA:0,(anonymous_39)
FNDA:0,(anonymous_40)
FNDA:0,(anonymous_41)
FNDA:0,(anonymous_42)
FNDA:0,(anonymous_43)
DA:1,0
DA:2,0
DA:3,0
DA:4,0
DA:5,0
DA:6,0
DA:7,0
DA:8,0
DA:11,0
DA:12,0
DA:13,0
DA:16,0
DA:17,0
DA:18,0
DA:19,0
DA:20,0
DA:21,0
DA:22,0
DA:23,0
DA:24,0
DA:26,0
DA:27,0
DA:28,0
DA:29,0
DA:30,0
DA:31,0
DA:39,0
DA:50,0
DA:53,0
DA:54,0
DA:55,0
DA:56,0
DA:57,0
DA:60,0
DA:61,0
DA:62,0
DA:66,0
DA:67,0
DA:68,0
DA:69,0
DA:70,0
DA:76,0
DA:77,0
DA:79,0
DA:80,0
DA:81,0
DA:82,0
DA:83,0
DA:84,0
DA:86,0
DA:87,0
DA:91,0
DA:92,0
DA:94,0
DA:95,0
DA:96,0
DA:97,0
DA:99,0
DA:100,0
DA:101,0
DA:105,0
DA:107,0
DA:108,0
DA:112,0
DA:113,0
DA:116,0
DA:120,0
DA:124,0
DA:125,0
DA:128,0
DA:129,0
DA:130,0
DA:131,0
DA:132,0
DA:137,0
DA:140,0
DA:141,0
DA:142,0
DA:143,0
DA:144,0
DA:150,0
DA:152,0
DA:155,0
DA:156,0
DA:166,0
DA:177,0
DA:230,0
DA:239,0
DA:249,0
DA:267,0
DA:268,0
DA:281,0
DA:282,0
DA:283,0
DA:284,0
DA:285,0
DA:288,0
LF:97
LH:0
BRDA:62,0,0,0
BRDA:62,0,1,0
BRDA:66,1,0,0
BRDA:66,1,1,0
BRDA:68,2,0,0
BRDA:68,2,1,0
BRDA:101,3,0,0
BRDA:101,3,1,0
BRDA:128,4,0,0
BRDA:128,4,1,0
BRDA:132,5,0,0
BRDA:132,5,1,0
BRDA:140,6,0,0
BRDA:140,6,1,0
BRDA:144,7,0,0
BRDA:144,7,1,0
BRDA:155,8,0,0
BRDA:155,8,1,0
BRDA:155,9,0,0
BRDA:155,9,1,0
BRDA:172,10,0,0
BRDA:172,10,1,0
BRDA:172,11,0,0
BRDA:172,11,1,0
BRDA:172,12,0,0
BRDA:172,12,1,0
BRDA:212,13,0,0
BRDA:212,13,1,0
BRDA:216,14,0,0
BRDA:216,14,1,0
BRDA:230,15,0,0
BRDA:230,15,1,0
BRDA:275,16,0,0
BRDA:275,16,1,0
BRDA:283,17,0,0
BRDA:283,17,1,0
BRF:36
BRH:0
end_of_record
TN:
SF:src/pages/OrderHistory.tsx
FN:12,(anonymous_1)
FN:61,(anonymous_2)
FNF:2
FNH:0
FNDA:0,(anonymous_1)
FNDA:0,(anonymous_2)
DA:1,0
DA:2,0
DA:3,0
DA:4,0
DA:5,0
DA:6,0
DA:7,0
DA:8,0
DA:9,0
DA:10,0
DA:12,0
DA:28,0
DA:30,0
DA:61,0
LF:14
LH:0
BRDA:40,0,0,0
BRDA:40,0,1,0
BRDA:85,1,0,0
BRDA:85,1,1,0
BRDA:103,2,0,0
BRDA:103,2,1,0
BRF:6
BRH:0
end_of_record
TN:
SF:src/pages/PerformanceDashboard.tsx
FN:12,(anonymous_1)
FN:28,(anonymous_2)
FN:31,(anonymous_3)
FN:34,(anonymous_4)
FNF:4
FNH:0
FNDA:0,(anonymous_1)
FNDA:0,(anonymous_2)
FNDA:0,(anonymous_3)
FNDA:0,(anonymous_4)
DA:1,0
DA:2,0
DA:3,0
DA:4,0
DA:5,0
DA:6,0
DA:7,0
DA:8,0
DA:9,0
DA:10,0
DA:12,0
DA:19,0
DA:21,0
DA:22,0
DA:25,0
DA:26,0
DA:27,0
DA:28,0
DA:30,0
DA:31,0
DA:33,0
DA:34,0
DA:37,0
DA:39,0
LF:24
LH:0
BRDA:22,0,0,0
BRDA:22,0,1,0
BRDA:27,1,0,0
BRDA:27,1,1,0
BRDA:30,2,0,0
BRDA:30,2,1,0
BRDA:33,3,0,0
BRDA:33,3,1,0
BRDA:64,4,0,0
BRDA:64,4,1,0
BRDA:74,5,0,0
BRDA:74,5,1,0
BRDA:80,6,0,0
BRDA:80,6,1,0
BRDA:100,7,0,0
BRDA:100,7,1,0
BRDA:117,8,0,0
BRDA:117,8,1,0
BRDA:134,9,0,0
BRDA:134,9,1,0
BRDA:150,10,0,0
BRDA:150,10,1,0
BRDA:153,11,0,0
BRDA:153,11,1,0
BRF:24
BRH:0
end_of_record
TN:
SF:src/pages/SplashScreen.tsx
FN:7,SplashScreen
FN:8,(anonymous_10)
FN:10,(anonymous_11)
FN:14,(anonymous_12)
FNF:4
FNH:0
FNDA:0,SplashScreen
FNDA:0,(anonymous_10)
FNDA:0,(anonymous_11)
FNDA:0,(anonymous_12)
DA:1,0
DA:7,0
DA:8,0
DA:10,0
DA:11,0
DA:14,0
DA:17,0
LF:7
LH:0
BRF:0
BRH:0
end_of_record
TN:
SF:src/services/api.ts
FN:15,submitAudioForTranscription
FN:16,(anonymous_13)
FN:17,(anonymous_14)
FNF:3
FNH:0
FNDA:0,submitAudioForTranscription
FNDA:0,(anonymous_13)
FNDA:0,(anonymous_14)
DA:4,3
DA:12,3
DA:15,3
DA:16,0
DA:17,0
DA:18,0
DA:27,3
LF:7
LH:4
BRF:0
BRH:0
end_of_record
TN:
SF:src/services/index.ts
FN:2,(anonymous_0)
FN:3,(anonymous_1)
FN:4,(anonymous_2)
FN:5,(anonymous_3)
FN:6,(anonymous_4)
FNF:5
FNH:5
FNDA:30,(anonymous_0)
FNDA:6,(anonymous_1)
FNDA:18,(anonymous_2)
FNDA:6,(anonymous_3)
FNDA:6,(anonymous_4)
DA:2,33
DA:3,9
DA:4,21
DA:5,9
DA:6,9
LF:5
LH:5
BRF:0
BRH:0
end_of_record
TN:
SF:src/services/mockData.ts
FNF:0
FNH:0
DA:4,4
LF:1
LH:1
BRF:0
BRH:0
end_of_record
TN:
SF:src/services/secureApi.ts
FN:14,(anonymous_8)
FN:19,(anonymous_9)
FN:20,(anonymous_10)
FN:38,(anonymous_11)
FN:52,(anonymous_12)
FN:65,(anonymous_13)
FN:121,(anonymous_14)
FN:125,(anonymous_16)
FN:141,(anonymous_18)
FN:157,(anonymous_20)
FN:173,(anonymous_22)
FN:180,(anonymous_24)
FN:184,(anonymous_25)
FN:192,(anonymous_27)
FN:200,(anonymous_28)
FN:209,(anonymous_29)
FN:210,(anonymous_30)
FN:218,(anonymous_31)
FNF:18
FNH:0
FNDA:0,(anonymous_8)
FNDA:0,(anonymous_9)
FNDA:0,(anonymous_10)
FNDA:0,(anonymous_11)
FNDA:0,(anonymous_12)
FNDA:0,(anonymous_13)
FNDA:0,(anonymous_14)
FNDA:0,(anonymous_16)
FNDA:0,(anonymous_18)
FNDA:0,(anonymous_20)
FNDA:0,(anonymous_22)
FNDA:0,(anonymous_24)
FNDA:0,(anonymous_25)
FNDA:0,(anonymous_27)
FNDA:0,(anonymous_28)
FNDA:0,(anonymous_29)
FNDA:0,(anonymous_30)
FNDA:0,(anonymous_31)
DA:2,0
DA:10,0
DA:15,0
DA:16,0
DA:20,0
DA:27,0
DA:28,0
DA:31,0
DA:34,0
DA:35,0
DA:36,0
DA:38,0
DA:39,0
DA:42,0
DA:46,0
DA:49,0
DA:50,0
DA:51,0
DA:52,0
DA:53,0
DA:56,0
DA:61,0
DA:64,0
DA:65,0
DA:67,0
DA:68,0
DA:75,0
DA:78,0
DA:79,0
DA:87,0
DA:88,0
DA:89,0
DA:97,0
DA:98,0
DA:101,0
DA:104,0
DA:105,0
DA:109,0
DA:110,0
DA:111,0
DA:114,0
DA:122,0
DA:130,0
DA:146,0
DA:162,0
DA:174,0
DA:181,0
DA:185,0
DA:186,0
DA:188,0
DA:193,0
DA:195,0
DA:197,0
DA:202,0
DA:203,0
DA:204,0
DA:205,0
DA:206,0
DA:210,0
DA:217,0
DA:220,0
DA:221,0
DA:223,0
DA:224,0
DA:231,0
LF:65
LH:0
BRDA:14,0,0,0
BRDA:14,1,0,0
BRDA:21,2,0,0
BRDA:24,3,0,0
BRDA:25,4,0,0
BRDA:26,5,0,0
BRDA:34,6,0,0
BRDA:34,6,1,0
BRDA:34,7,0,0
BRDA:34,7,1,0
BRDA:49,8,0,0
BRDA:49,8,1,0
BRDA:49,9,0,0
BRDA:49,9,1,0
BRDA:78,10,0,0
BRDA:78,10,1,0
BRDA:80,11,0,0
BRDA:80,11,1,0
BRDA:88,12,0,0
BRDA:88,12,1,0
BRDA:88,13,0,0
BRDA:88,13,1,0
BRDA:104,14,0,0
BRDA:104,14,1,0
BRDA:104,15,0,0
BRDA:104,15,1,0
BRDA:109,16,0,0
BRDA:109,16,1,0
BRDA:109,17,0,0
BRDA:109,17,1,0
BRDA:133,18,0,0
BRDA:133,18,1,0
BRDA:136,19,0,0
BRDA:136,19,1,0
BRDA:136,20,0,0
BRDA:136,20,1,0
BRDA:149,21,0,0
BRDA:149,21,1,0
BRDA:152,22,0,0
BRDA:152,22,1,0
BRDA:152,23,0,0
BRDA:152,23,1,0
BRDA:165,24,0,0
BRDA:165,24,1,0
BRDA:168,25,0,0
BRDA:168,25,1,0
BRDA:168,26,0,0
BRDA:168,26,1,0
BRDA:193,27,0,0
BRDA:193,27,1,0
BRDA:195,28,0,0
BRDA:195,28,1,0
BRDA:232,29,0,0
BRDA:232,29,1,0
BRF:54
BRH:0
end_of_record
TN:
SF:src/services/stationRouting.ts
FN:17,(anonymous_0)
FN:21,(anonymous_1)
FN:22,(anonymous_2)
FN:25,(anonymous_3)
FN:39,(anonymous_4)
FN:48,(anonymous_5)
FN:53,(anonymous_6)
FN:74,(anonymous_7)
FN:78,(anonymous_8)
FN:79,(anonymous_9)
FN:89,(anonymous_10)
FN:97,(anonymous_11)
FN:104,(anonymous_12)
FN:106,(anonymous_13)
FN:114,(anonymous_14)
FN:115,(anonymous_15)
FN:120,(anonymous_16)
FN:121,(anonymous_17)
FNF:18
FNH:13
FNDA:3,(anonymous_0)
FNDA:1,(anonymous_1)
FNDA:6,(anonymous_2)
FNDA:33,(anonymous_3)
FNDA:5,(anonymous_4)
FNDA:42,(anonymous_5)
FNDA:0,(anonymous_6)
FNDA:1,(anonymous_7)
FNDA:0,(anonymous_8)
FNDA:0,(anonymous_9)
FNDA:2,(anonymous_10)
FNDA:2,(anonymous_11)
FNDA:1,(anonymous_12)
FNDA:4,(anonymous_13)
FNDA:0,(anonymous_14)
FNDA:0,(anonymous_15)
FNDA:2,(anonymous_16)
FNDA:2,(anonymous_17)
DA:2,2
DA:5,2
DA:14,2
DA:16,2
DA:18,3
DA:22,6
DA:26,33
DA:28,33
DA:29,57
DA:30,153
DA:31,32
DA:36,1
DA:40,5
DA:42,5
DA:43,7
DA:44,7
DA:47,7
DA:48,42
DA:51,7
DA:53,7
DA:54,0
DA:57,7
DA:65,7
DA:66,7
DA:69,5
DA:71,5
DA:75,1
DA:79,0
DA:80,0
DA:82,0
DA:85,0
DA:94,2
DA:95,2
DA:97,2
DA:98,2
DA:100,2
DA:103,2
DA:104,1
DA:105,1
DA:106,4
DA:110,2
DA:115,0
DA:116,0
DA:121,2
DA:122,2
DA:124,2
DA:125,2
LF:47
LH:40
BRDA:30,0,0,32
BRDA:30,0,1,121
BRDA:44,1,0,0
BRDA:44,1,1,7
BRDA:48,2,0,42
BRDA:48,2,1,7
BRDA:51,3,0,0
BRDA:51,3,1,7
BRDA:54,4,0,0
BRDA:54,4,1,0
BRDA:75,5,0,1
BRDA:75,5,1,0
BRDA:80,6,0,0
BRDA:80,6,1,0
BRDA:95,7,0,0
BRDA:95,7,1,2
BRDA:98,8,0,0
BRDA:98,8,1,2
BRDA:103,9,0,1
BRDA:103,9,1,1
BRDA:105,10,0,1
BRDA:105,10,1,0
BRDA:116,11,0,0
BRDA:116,11,1,0
BRDA:116,12,0,0
BRDA:116,12,1,0
BRDA:116,13,0,0
BRDA:116,13,1,0
BRDA:122,14,0,0
BRDA:122,14,1,2
BRF:30
BRH:13
end_of_record
TN:
SF:src/services/audio/soundEffects.ts
FN:13,(anonymous_7)
FN:23,(anonymous_8)
FN:32,(anonymous_9)
FN:72,(anonymous_11)
FN:115,(anonymous_12)
FN:146,(anonymous_14)
FN:153,(anonymous_15)
FN:160,(anonymous_16)
FN:167,(anonymous_17)
FN:174,(anonymous_18)
FN:185,(anonymous_19)
FN:191,(anonymous_20)
FNF:12
FNH:10
FNDA:1,(anonymous_7)
FNDA:13,(anonymous_8)
FNDA:6,(anonymous_9)
FNDA:4,(anonymous_11)
FNDA:4,(anonymous_12)
FNDA:17,(anonymous_14)
FNDA:4,(anonymous_15)
FNDA:1,(anonymous_16)
FNDA:0,(anonymous_17)
FNDA:0,(anonymous_18)
FNDA:1,(anonymous_19)
FNDA:1,(anonymous_20)
DA:13,1
DA:14,1
DA:15,1
DA:24,13
DA:25,1
DA:33,6
DA:34,1
DA:37,5
DA:38,5
DA:39,4
DA:41,4
DA:42,4
DA:45,4
DA:46,4
DA:47,4
DA:50,4
DA:53,4
DA:54,4
DA:55,4
DA:59,4
DA:62,4
DA:63,4
DA:65,1
DA:73,4
DA:75,1
DA:82,1
DA:89,1
DA:96,1
DA:103,0
DA:116,4
DA:117,1
DA:120,3
DA:122,3
DA:123,9
DA:124,9
DA:126,9
DA:127,9
DA:129,9
DA:130,9
DA:132,9
DA:133,9
DA:134,9
DA:136,9
DA:137,9
DA:139,9
DA:147,17
DA:154,4
DA:161,1
DA:168,0
DA:175,0
DA:180,1
DA:181,1
DA:184,1
DA:185,1
DA:191,1
LF:55
LH:52
BRDA:24,0,0,1
BRDA:24,0,1,12
BRDA:24,1,0,13
BRDA:24,1,1,1
BRDA:24,1,2,1
BRDA:33,2,0,1
BRDA:33,2,1,5
BRDA:33,3,0,6
BRDA:33,3,1,5
BRDA:73,4,0,1
BRDA:73,4,1,1
BRDA:73,4,2,1
BRDA:73,4,3,1
BRDA:73,4,4,0
BRDA:116,5,0,1
BRDA:116,5,1,3
BRDA:116,6,0,4
BRDA:116,6,1,3
BRF:18
BRH:17
end_of_record
TN:
SF:src/services/base/BaseService.ts
FN:5,(anonymous_7)
FN:8,(anonymous_8)
FN:9,(anonymous_10)
FN:12,(anonymous_11)
FNF:4
FNH:4
FNDA:32,(anonymous_7)
FNDA:21,(anonymous_8)
FNDA:21,(anonymous_10)
FNDA:50,(anonymous_11)
DA:3,5
DA:5,5
DA:6,32
DA:9,21
DA:13,50
DA:14,14
DA:17,50
DA:18,50
DA:19,5
DA:20,5
DA:21,5
LF:11
LH:11
BRDA:12,0,0,19
BRDA:12,1,0,19
BRDA:13,2,0,14
BRDA:13,2,1,36
BRDA:18,3,0,5
BRDA:18,3,1,45
BRF:6
BRH:6
end_of_record
TN:
SF:src/services/menu/MenuService.ts
FN:12,(anonymous_7)
FN:16,(anonymous_9)
FN:22,(anonymous_10)
FN:24,(anonymous_12)
FN:29,(anonymous_13)
FN:31,(anonymous_15)
FNF:6
FNH:0
FNDA:0,(anonymous_7)
FNDA:0,(anonymous_9)
FNDA:0,(anonymous_10)
FNDA:0,(anonymous_12)
FNDA:0,(anonymous_13)
FNDA:0,(anonymous_15)
DA:1,3
DA:3,3
DA:11,3
DA:13,0
DA:15,0
DA:16,0
DA:19,0
DA:23,0
DA:24,0
DA:25,0
DA:26,0
DA:30,0
DA:31,0
DA:32,0
DA:34,0
DA:35,0
DA:36,0
DA:41,3
LF:18
LH:4
BRDA:15,0,0,0
BRDA:15,0,1,0
BRDA:25,1,0,0
BRDA:25,1,1,0
BRDA:32,2,0,0
BRDA:32,2,1,0
BRF:6
BRH:0
end_of_record
TN:
SF:src/services/orders/OrderHistoryService.ts
FN:18,(anonymous_7)
FN:23,(anonymous_8)
FN:46,(anonymous_9)
FN:59,(anonymous_11)
FN:63,(anonymous_12)
FN:68,(anonymous_13)
FN:71,(anonymous_14)
FNF:7
FNH:2
FNDA:3,(anonymous_7)
FNDA:3,(anonymous_8)
FNDA:0,(anonymous_9)
FNDA:0,(anonymous_11)
FNDA:0,(anonymous_12)
FNDA:0,(anonymous_13)
FNDA:0,(anonymous_14)
DA:1,3
DA:3,3
DA:15,3
DA:16,3
DA:19,3
DA:20,3
DA:24,3
DA:27,3
DA:28,150
DA:29,150
DA:31,150
DA:53,0
DA:56,0
DA:58,0
DA:59,0
DA:62,0
DA:63,0
DA:66,0
DA:67,0
DA:68,0
DA:69,0
DA:71,0
DA:76,0
DA:77,0
DA:78,0
DA:79,0
DA:81,0
DA:83,0
DA:94,3
LF:29
LH:12
BRDA:36,0,0,4
BRDA:36,0,1,146
BRDA:58,1,0,0
BRDA:58,1,1,0
BRDA:58,2,0,0
BRDA:58,2,1,0
BRDA:58,3,0,0
BRDA:58,3,1,0
BRDA:62,4,0,0
BRDA:62,4,1,0
BRDA:62,5,0,0
BRDA:62,5,1,0
BRDA:62,6,0,0
BRDA:62,6,1,0
BRDA:66,7,0,0
BRDA:66,7,1,0
BRDA:66,8,0,0
BRDA:66,8,1,0
BRDA:66,9,0,0
BRDA:66,9,1,0
BRDA:69,10,0,0
BRDA:69,10,1,0
BRDA:69,10,2,0
BRDA:76,11,0,0
BRDA:76,11,1,0
BRDA:76,12,0,0
BRDA:76,12,1,0
BRDA:76,13,0,0
BRDA:76,13,1,0
BRDA:77,14,0,0
BRDA:77,14,1,0
BRDA:77,15,0,0
BRDA:77,15,1,0
BRDA:77,16,0,0
BRDA:77,16,1,0
BRF:35
BRH:2
end_of_record
TN:
SF:src/services/orders/OrderService.ts
FN:15,(anonymous_7)
FN:31,(anonymous_8)
FN:38,(anonymous_10)
FN:42,(anonymous_11)
FN:43,(anonymous_12)
FN:48,(anonymous_13)
FN:56,(anonymous_14)
FN:58,(anonymous_16)
FN:66,(anonymous_17)
FN:70,(anonymous_19)
FN:89,(anonymous_20)
FN:101,(anonymous_22)
FN:159,(anonymous_23)
FN:164,(anonymous_24)
FN:172,(anonymous_25)
FNF:15
FNH:10
FNDA:14,(anonymous_7)
FNDA:13,(anonymous_8)
FNDA:2,(anonymous_10)
FNDA:0,(anonymous_11)
FNDA:0,(anonymous_12)
FNDA:12,(anonymous_13)
FNDA:2,(anonymous_14)
FNDA:2,(anonymous_16)
FNDA:2,(anonymous_17)
FNDA:2,(anonymous_19)
FNDA:4,(anonymous_20)
FNDA:3,(anonymous_22)
FNDA:0,(anonymous_23)
FNDA:0,(anonymous_24)
FNDA:0,(anonymous_25)
DA:1,4
DA:3,4
DA:4,4
DA:12,4
DA:15,4
DA:16,14
DA:17,0
DA:19,14
DA:30,4
DA:32,13
DA:33,12
DA:35,12
DA:37,12
DA:38,2
DA:41,12
DA:42,0
DA:43,0
DA:48,12
DA:53,12
DA:57,2
DA:58,2
DA:59,2
DA:60,1
DA:67,2
DA:68,2
DA:70,2
DA:71,2
DA:73,1
DA:74,1
DA:77,1
DA:79,1
DA:80,1
DA:90,4
DA:91,4
DA:94,4
DA:96,4
DA:97,1
DA:101,3
DA:102,3
DA:103,3
DA:104,0
DA:107,3
DA:108,3
DA:109,0
DA:112,3
DA:115,3
DA:118,3
DA:121,3
DA:132,3
DA:134,3
DA:135,0
DA:138,3
DA:150,3
DA:153,3
DA:155,3
DA:156,3
DA:161,0
DA:164,0
DA:165,0
DA:166,0
DA:167,0
DA:168,0
DA:172,0
DA:173,0
DA:174,0
DA:180,4
LF:66
LH:51
BRDA:16,0,0,0
BRDA:16,0,1,14
BRDA:37,1,0,1
BRDA:37,1,1,11
BRDA:37,2,0,11
BRDA:37,2,1,1
BRDA:37,3,0,12
BRDA:37,3,1,12
BRDA:41,4,0,0
BRDA:41,4,1,12
BRDA:41,5,0,11
BRDA:41,5,1,1
BRDA:41,6,0,12
BRDA:41,6,1,12
BRDA:43,7,0,0
BRDA:43,7,1,0
BRDA:59,8,0,1
BRDA:59,8,1,1
BRDA:71,9,0,1
BRDA:71,9,1,1
BRDA:94,10,0,4
BRDA:94,10,1,0
BRDA:96,11,0,1
BRDA:96,11,1,3
BRDA:101,12,0,3
BRDA:101,12,1,0
BRDA:102,13,0,3
BRDA:102,13,1,0
BRDA:103,14,0,0
BRDA:103,14,1,3
BRDA:108,15,0,0
BRDA:108,15,1,3
BRDA:112,16,0,0
BRDA:112,16,1,3
BRDA:115,17,0,0
BRDA:115,17,1,3
BRDA:118,18,0,0
BRDA:118,18,1,3
BRDA:126,19,0,3
BRDA:126,19,1,0
BRDA:127,20,0,3
BRDA:127,20,1,0
BRDA:132,21,0,3
BRDA:132,21,1,0
BRDA:134,22,0,0
BRDA:134,22,1,3
BRDA:147,23,0,3
BRDA:147,23,1,0
BRDA:147,23,2,3
BRF:49
BRH:32
end_of_record
TN:
SF:src/services/performance/performanceMonitor.ts
FN:49,(anonymous_0)
FN:63,(anonymous_1)
FN:79,(anonymous_2)
FN:96,(anonymous_3)
FN:124,(anonymous_4)
FN:131,(anonymous_5)
FN:136,(anonymous_6)
FN:156,(anonymous_7)
FN:180,(anonymous_8)
FN:181,(anonymous_9)
FN:198,(anonymous_10)
FN:199,(anonymous_11)
FN:205,(anonymous_12)
FN:206,(anonymous_13)
FN:212,(anonymous_14)
FN:218,(anonymous_15)
FN:219,(anonymous_16)
FN:220,(anonymous_17)
FN:234,(anonymous_18)
FN:245,(anonymous_19)
FN:256,(anonymous_20)
FN:257,(anonymous_21)
FN:261,(anonymous_22)
FN:269,(anonymous_23)
FNF:24
FNH:17
FNDA:1,(anonymous_0)
FNDA:1510,(anonymous_1)
FNDA:8,(anonymous_2)
FNDA:2,(anonymous_3)
FNDA:7,(anonymous_4)
FNDA:3,(anonymous_5)
FNDA:4,(anonymous_6)
FNDA:3,(anonymous_7)
FNDA:9,(anonymous_8)
FNDA:9,(anonymous_9)
FNDA:1,(anonymous_10)
FNDA:2,(anonymous_11)
FNDA:1,(anonymous_12)
FNDA:2,(anonymous_13)
FNDA:3,(anonymous_14)
FNDA:0,(anonymous_15)
FNDA:0,(anonymous_16)
FNDA:0,(anonymous_17)
FNDA:13,(anonymous_18)
FNDA:1,(anonymous_19)
FNDA:0,(anonymous_20)
FNDA:0,(anonymous_21)
FNDA:0,(anonymous_22)
FNDA:0,(anonymous_23)
DA:50,1
DA:56,1
DA:57,1
DA:58,1
DA:64,1510
DA:71,1510
DA:72,500
DA:80,8
DA:88,8
DA:89,0
DA:97,2
DA:98,2
DA:105,2
DA:106,2
DA:114,2
DA:115,0
DA:125,7
DA:132,3
DA:133,3
DA:136,3
DA:137,4
DA:138,2
DA:147,4
DA:148,4
DA:149,4
DA:150,4
DA:151,4
DA:152,4
DA:156,3
DA:157,3
DA:158,1
DA:168,3
DA:169,3
DA:170,3
DA:171,2
DA:173,1
DA:175,3
DA:176,3
DA:179,3
DA:180,9
DA:181,9
DA:182,3
DA:186,3
DA:188,3
DA:199,2
DA:206,2
DA:213,3
DA:214,3
DA:217,0
DA:218,0
DA:219,0
DA:220,0
DA:222,0
DA:235,13
DA:246,1
DA:257,0
DA:258,0
DA:261,0
DA:266,1
DA:269,1
DA:275,0
LF:61
LH:50
BRDA:71,0,0,500
BRDA:71,0,1,1010
BRDA:88,1,0,0
BRDA:88,1,1,8
BRDA:97,2,0,2
BRDA:97,2,1,0
BRDA:105,3,0,2
BRDA:105,3,1,0
BRDA:114,4,0,0
BRDA:114,4,1,2
BRDA:137,5,0,2
BRDA:137,5,1,2
BRDA:157,6,0,1
BRDA:157,6,1,2
BRDA:170,7,0,2
BRDA:170,7,1,1
BRDA:198,8,0,0
BRDA:205,9,0,0
BRDA:213,10,0,3
BRDA:213,10,1,0
BRDA:256,11,0,0
BRDA:278,12,0,0
BRDA:278,12,1,0
BRF:23
BRH:13
end_of_record
TN:
SF:src/services/realtime/orderSubscription.ts
FN:19,(anonymous_0)
FN:20,(anonymous_1)
FN:22,(anonymous_2)
FN:31,(anonymous_3)
FN:35,(anonymous_4)
FN:41,(anonymous_5)
FN:46,(anonymous_6)
FN:51,(anonymous_7)
FN:59,(anonymous_8)
FN:83,(anonymous_9)
FN:103,(anonymous_10)
FN:104,(anonymous_11)
FN:122,(anonymous_12)
FN:123,(anonymous_13)
FN:124,(anonymous_14)
FN:133,(anonymous_15)
FNF:16
FNH:6
FNDA:3,(anonymous_0)
FNDA:0,(anonymous_1)
FNDA:0,(anonymous_2)
FNDA:0,(anonymous_3)
FNDA:0,(anonymous_4)
FNDA:3,(anonymous_5)
FNDA:0,(anonymous_6)
FNDA:1,(anonymous_7)
FNDA:0,(anonymous_8)
FNDA:150,(anonymous_9)
FNDA:388,(anonymous_10)
FNDA:1689,(anonymous_11)
FNDA:0,(anonymous_12)
FNDA:0,(anonymous_13)
FNDA:0,(anonymous_14)
FNDA:0,(anonymous_15)
DA:12,4
DA:15,4
DA:20,3
DA:22,0
DA:27,4
DA:30,4
DA:32,0
DA:35,0
DA:36,0
DA:42,3
DA:43,3
DA:47,0
DA:48,0
DA:52,1
DA:53,1
DA:54,0
DA:55,0
DA:60,0
DA:61,0
DA:66,4
DA:84,150
DA:85,150
DA:87,150
DA:88,388
DA:89,388
DA:90,388
DA:92,388
DA:103,150
DA:104,1689
DA:105,388
DA:108,150
DA:122,4
DA:123,0
DA:124,0
DA:125,0
DA:126,0
DA:127,0
DA:128,0
DA:133,0
LF:39
LH:22
BRDA:53,0,0,0
BRDA:53,0,1,1
BRDA:96,1,0,171
BRDA:96,1,1,217
BRDA:99,2,0,81
BRDA:99,2,1,307
BRDA:105,3,0,388
BRDA:105,3,1,0
BRDA:105,4,0,0
BRDA:105,4,1,388
BRDA:105,5,0,388
BRDA:105,5,1,388
BRDA:111,6,0,49
BRDA:111,6,1,101
BRDA:116,7,0,112
BRDA:116,7,1,38
BRDA:125,8,0,0
BRDA:125,8,1,0
BRDA:125,9,0,0
BRDA:125,9,1,0
BRDA:127,10,0,0
BRDA:127,10,1,0
BRDA:127,11,0,0
BRDA:127,11,1,0
BRF:24
BRH:13
end_of_record
TN:
SF:src/services/statistics/OrderStatisticsService.ts
FN:10,(anonymous_7)
FN:14,(anonymous_8)
FN:22,(anonymous_10)
FN:23,(anonymous_11)
FN:24,(anonymous_12)
FN:25,(anonymous_13)
FN:26,(anonymous_14)
FN:26,(anonymous_15)
FN:26,(anonymous_16)
FN:27,(anonymous_17)
FN:29,(anonymous_18)
FNF:11
FNH:1
FNDA:3,(anonymous_7)
FNDA:0,(anonymous_8)
FNDA:0,(anonymous_10)
FNDA:0,(anonymous_11)
FNDA:0,(anonymous_12)
FNDA:0,(anonymous_13)
FNDA:0,(anonymous_14)
FNDA:0,(anonymous_15)
FNDA:0,(anonymous_16)
FNDA:0,(anonymous_17)
FNDA:0,(anonymous_18)
DA:1,3
DA:3,3
DA:9,3
DA:10,3
DA:11,3
DA:15,0
DA:17,0
DA:20,0
DA:22,0
DA:23,0
DA:24,0
DA:25,0
DA:26,0
DA:27,0
DA:29,0
DA:33,0
DA:38,3
LF:17
LH:6
BRDA:25,0,0,0
BRDA:25,0,1,0
BRDA:26,1,0,0
BRDA:26,1,1,0
BRF:4
BRH:0
end_of_record
TN:
SF:src/services/tables/TableService.ts
FN:12,(anonymous_7)
FN:17,(anonymous_9)
FN:19,(anonymous_11)
FN:24,(anonymous_12)
FN:26,(anonymous_14)
FNF:5
FNH:0
FNDA:0,(anonymous_7)
FNDA:0,(anonymous_9)
FNDA:0,(anonymous_11)
FNDA:0,(anonymous_12)
FNDA:0,(anonymous_14)
DA:1,3
DA:3,3
DA:11,3
DA:13,0
DA:14,0
DA:18,0
DA:19,0
DA:20,0
DA:21,0
DA:25,0
DA:26,0
DA:27,0
DA:29,0
DA:30,0
DA:31,0
DA:36,3
LF:16
LH:4
BRDA:20,0,0,0
BRDA:20,0,1,0
BRDA:27,1,0,0
BRDA:27,1,1,0
BRF:4
BRH:0
end_of_record
TN:
SF:src/types/filters.ts
FN:48,(anonymous_0)
FN:49,(anonymous_1)
FN:74,(anonymous_2)
FN:87,(anonymous_3)
FN:88,(anonymous_4)
FN:107,(anonymous_5)
FN:108,(anonymous_6)
FN:120,(anonymous_7)
FNF:8
FNH:0
FNDA:0,(anonymous_0)
FNDA:0,(anonymous_1)
FNDA:0,(anonymous_2)
FNDA:0,(anonymous_3)
FNDA:0,(anonymous_4)
FNDA:0,(anonymous_5)
FNDA:0,(anonymous_6)
FNDA:0,(anonymous_7)
DA:38,2
DA:48,2
DA:49,0
DA:51,0
DA:52,0
DA:59,0
DA:60,0
DA:61,0
DA:62,0
DA:64,0
DA:65,0
DA:70,0
DA:71,0
DA:72,0
DA:73,0
DA:74,0
DA:75,0
DA:78,0
DA:79,0
DA:83,0
DA:87,2
DA:88,0
DA:89,0
DA:91,0
DA:93,0
DA:94,0
DA:96,0
DA:97,0
DA:99,0
DA:100,0
DA:102,0
DA:103,0
DA:104,0
DA:107,0
DA:108,0
DA:109,0
DA:110,0
DA:114,0
DA:117,0
DA:120,2
DA:121,0
DA:122,0
DA:124,0
DA:126,0
DA:127,0
DA:129,0
DA:130,0
DA:132,0
DA:133,0
DA:135,0
DA:136,0
DA:139,0
LF:52
LH:4
BRDA:51,0,0,0
BRDA:51,0,1,0
BRDA:51,1,0,0
BRDA:51,1,1,0
BRDA:59,2,0,0
BRDA:59,2,1,0
BRDA:59,3,0,0
BRDA:59,3,1,0
BRDA:61,4,0,0
BRDA:61,4,1,0
BRDA:61,5,0,0
BRDA:61,5,1,0
BRDA:64,6,0,0
BRDA:64,6,1,0
BRDA:64,7,0,0
BRDA:64,7,1,0
BRDA:70,8,0,0
BRDA:70,8,1,0
BRDA:78,9,0,0
BRDA:78,9,1,0
BRDA:78,10,0,0
BRDA:78,10,1,0
BRDA:78,10,2,0
BRDA:91,11,0,0
BRDA:91,11,1,0
BRDA:91,11,2,0
BRDA:91,11,3,0
BRDA:91,11,4,0
BRDA:114,12,0,0
BRDA:114,12,1,0
BRDA:124,13,0,0
BRDA:124,13,1,0
BRDA:124,13,2,0
BRDA:124,13,3,0
BRF:34
BRH:0
end_of_record
TN:
SF:src/types/order.ts
FN:42,(anonymous_0)
FN:46,(anonymous_1)
FNF:2
FNH:0
FNDA:0,(anonymous_0)
FNDA:0,(anonymous_1)
DA:5,0
DA:33,0
DA:42,0
DA:43,0
DA:46,0
DA:47,0
LF:6
LH:0
BRF:0
BRH:0
end_of_record
TN:
SF:src/types/station.ts
FNF:0
FNH:0
DA:20,3
LF:1
LH:1
BRF:0
BRH:0
end_of_record
TN:
SF:src/utils/cn.ts
FN:4,cn
FNF:1
FNH:0
FNDA:0,cn
DA:1,0
DA:2,0
DA:4,0
DA:5,0
LF:4
LH:0
BRF:0
BRH:0
end_of_record
TN:
SF:src/utils/index.ts
FN:6,cn
FN:11,(anonymous_1)
FN:19,(anonymous_2)
FN:24,(anonymous_3)
FN:29,(anonymous_4)
FN:33,(anonymous_5)
FN:40,(anonymous_6)
FN:45,(anonymous_7)
FN:47,(anonymous_8)
FN:51,(anonymous_9)
FN:54,(anonymous_10)
FN:60,(anonymous_11)
FN:69,(anonymous_12)
FN:76,(anonymous_13)
FN:81,(anonymous_14)
FN:85,(anonymous_15)
FN:95,(anonymous_16)
FN:101,(anonymous_17)
FN:104,(anonymous_18)
FN:112,(anonymous_19)
FN:118,(anonymous_20)
FN:122,(anonymous_21)
FN:127,(anonymous_22)
FNF:23
FNH:10
FNDA:1022,cn
FNDA:7,(anonymous_1)
FNDA:0,(anonymous_2)
FNDA:4,(anonymous_3)
FNDA:3,(anonymous_4)
FNDA:3,(anonymous_5)
FNDA:3,(anonymous_6)
FNDA:0,(anonymous_7)
FNDA:0,(anonymous_8)
FNDA:0,(anonymous_9)
FNDA:0,(anonymous_10)
FNDA:70,(anonymous_11)
FNDA:0,(anonymous_12)
FNDA:14,(anonymous_13)
FNDA:50,(anonymous_14)
FNDA:131,(anonymous_15)
FNDA:0,(anonymous_16)
FNDA:0,(anonymous_17)
FNDA:0,(anonymous_18)
FNDA:0,(anonymous_19)
FNDA:0,(anonymous_20)
FNDA:0,(anonymous_21)
FNDA:0,(anonymous_22)
DA:2,17
DA:3,17
DA:6,17
DA:7,1022
DA:11,17
DA:12,7
DA:19,17
DA:20,0
DA:21,0
DA:24,17
DA:25,4
DA:26,4
DA:29,17
DA:30,3
DA:33,17
DA:34,3
DA:35,0
DA:37,3
DA:40,17
DA:41,3
DA:42,3
DA:45,17
DA:46,0
DA:48,0
DA:49,0
DA:51,0
DA:54,17
DA:55,0
DA:56,0
DA:60,17
DA:61,70
DA:69,70
DA:73,17
DA:74,14
DA:77,14
DA:78,14
DA:82,50
DA:83,50
DA:85,131
DA:87,50
DA:88,45
DA:89,45
DA:92,5
DA:96,0
DA:101,17
DA:102,0
DA:103,0
DA:104,0
DA:108,17
DA:109,17
DA:110,17
DA:113,0
DA:114,0
DA:115,0
DA:119,0
DA:123,0
DA:124,0
DA:128,0
DA:129,0
DA:130,0
DA:132,0
LF:61
LH:38
BRDA:21,0,0,0
BRDA:21,0,1,0
BRDA:21,1,0,0
BRDA:21,1,1,0
BRDA:26,2,0,3
BRDA:26,2,1,1
BRDA:26,3,0,4
BRDA:26,3,1,3
BRDA:30,4,0,3
BRDA:30,4,1,0
BRDA:30,5,0,3
BRDA:30,5,1,3
BRDA:30,5,2,3
BRDA:34,6,0,0
BRDA:34,6,1,3
BRDA:34,7,0,3
BRDA:34,7,1,3
BRDA:34,7,2,3
BRDA:34,7,3,3
BRDA:42,8,0,3
BRDA:42,8,1,0
BRDA:42,9,0,3
BRDA:42,9,1,3
BRDA:49,10,0,0
BRDA:49,10,1,0
BRDA:49,11,0,0
BRDA:49,11,1,0
BRDA:56,12,0,0
BRDA:56,12,1,0
BRDA:56,13,0,0
BRDA:56,13,1,0
BRDA:69,14,0,0
BRDA:69,14,1,0
BRDA:87,15,0,45
BRDA:87,15,1,5
BRDA:101,16,0,0
BRDA:124,17,0,0
BRDA:124,17,1,0
BRDA:129,18,0,0
BRDA:129,18,1,0
BRF:40
BRH:18
end_of_record
