TN:
SF:src/App.tsx
FN:9,App
FN:13,(anonymous_10)
FN:24,(anonymous_11)
FNF:3
FNH:0
FNDA:0,App
FNDA:0,(anonymous_10)
FNDA:0,(anonymous_11)
DA:1,0
DA:2,0
DA:3,0
DA:4,0
DA:5,0
DA:6,0
DA:7,0
DA:10,0
DA:11,0
DA:13,0
DA:14,0
DA:17,0
DA:18,0
DA:21,0
DA:26,0
DA:38,0
LF:16
LH:0
BRDA:17,0,0,0
BRDA:17,0,1,0
BRF:2
BRH:0
end_of_record
TN:
SF:src/main.performance.tsx
FNF:0
FNH:0
DA:1,0
DA:2,0
DA:3,0
DA:7,0
LF:4
LH:0
BRF:0
BRH:0
end_of_record
TN:
SF:src/components/brand/MaconLogo.tsx
FN:17,(anonymous_1)
FNF:1
FNH:0
FNDA:0,(anonymous_1)
DA:1,0
DA:2,0
DA:10,0
DA:17,0
DA:22,0
DA:25,0
DA:27,0
LF:7
LH:0
BRDA:18,0,0,0
BRDA:19,1,0,0
BRDA:25,2,0,0
BRDA:25,2,1,0
BRF:4
BRH:0
end_of_record
TN:
SF:src/components/layout/AppContent.tsx
FN:14,AppContent
FNF:1
FNH:0
FNDA:0,AppContent
DA:1,0
DA:2,0
DA:3,0
DA:4,0
DA:5,0
DA:6,0
DA:7,0
DA:8,0
DA:14,0
DA:15,0
DA:16,0
DA:18,0
DA:20,0
LF:13
LH:0
BRDA:24,0,0,0
BRDA:24,0,1,0
BRDA:25,1,0,0
BRDA:25,1,1,0
BRDA:29,2,0,0
BRDA:29,2,1,0
BRF:6
BRH:0
end_of_record
TN:
SF:src/components/layout/AppRoutes.tsx
FN:15,(anonymous_9)
FN:23,AppRoutes
FNF:2
FNH:0
FNDA:0,(anonymous_9)
FNDA:0,AppRoutes
DA:1,0
DA:2,0
DA:3,0
DA:4,0
DA:5,0
DA:6,0
DA:7,0
DA:8,0
DA:9,0
DA:10,0
DA:11,0
DA:12,0
DA:15,0
DA:20,0
DA:23,0
DA:24,0
LF:16
LH:0
BRF:0
BRH:0
end_of_record
TN:
SF:src/components/layout/Navigation.tsx
FN:6,Navigation
FNF:1
FNH:0
FNDA:0,Navigation
DA:1,0
DA:2,0
DA:3,0
DA:4,0
DA:6,0
DA:7,0
LF:6
LH:0
BRF:0
BRH:0
end_of_record
TN:
SF:src/components/shared/accessibility/SkipNavigation.tsx
FN:18,(anonymous_1)
FN:24,(anonymous_2)
FNF:2
FNH:0
FNDA:0,(anonymous_1)
FNDA:0,(anonymous_2)
DA:1,0
DA:12,0
DA:18,0
DA:21,0
DA:25,0
LF:5
LH:0
BRDA:19,0,0,0
BRF:1
BRH:0
end_of_record
TN:
SF:src/components/shared/badges/index.tsx
FN:12,(anonymous_9)
FN:56,(anonymous_10)
FN:83,(anonymous_11)
FN:91,(anonymous_12)
FN:95,(anonymous_13)
FN:98,(anonymous_14)
FN:103,(anonymous_15)
FNF:7
FNH:2
FNDA:20,(anonymous_9)
FNDA:10,(anonymous_10)
FNDA:0,(anonymous_11)
FNDA:0,(anonymous_12)
FNDA:0,(anonymous_13)
FNDA:0,(anonymous_14)
FNDA:0,(anonymous_15)
DA:1,1
DA:2,1
DA:3,1
DA:4,1
DA:12,1
DA:13,20
DA:15,20
DA:33,1
DA:56,1
DA:61,10
DA:63,10
DA:83,1
DA:88,0
DA:89,0
DA:91,0
DA:92,0
DA:93,0
DA:95,0
DA:96,0
DA:98,0
DA:99,0
DA:103,0
DA:105,0
DA:109,0
DA:115,0
LF:25
LH:12
BRDA:18,0,0,20
BRDA:18,0,1,0
BRDA:58,1,0,10
BRDA:67,2,0,10
BRDA:67,2,1,0
BRDA:92,3,0,0
BRDA:92,3,1,0
BRDA:92,4,0,0
BRDA:92,4,1,0
BRDA:110,5,0,0
BRDA:110,5,1,0
BRDA:111,6,0,0
BRDA:111,6,1,0
BRDA:111,6,2,0
BRDA:112,7,0,0
BRDA:112,7,1,0
BRDA:112,7,2,0
BRDA:119,8,0,0
BRDA:119,8,1,0
BRDA:119,8,2,0
BRF:20
BRH:3
end_of_record
TN:
SF:src/components/shared/buttons/StatusActionButton.tsx
FN:35,(anonymous_1)
FNF:1
FNH:1
FNDA:10,(anonymous_1)
DA:1,1
DA:2,1
DA:3,1
DA:4,1
DA:17,1
DA:35,1
DA:45,10
DA:46,10
DA:47,10
DA:49,10
LF:10
LH:10
BRDA:38,0,0,10
BRDA:39,1,0,10
BRDA:47,2,0,10
BRDA:47,2,1,10
BRDA:47,2,2,10
BRDA:56,3,0,10
BRDA:56,3,1,1
BRDA:59,4,0,10
BRDA:59,4,1,0
BRDA:64,5,0,10
BRDA:64,5,1,2
BRDA:65,6,0,0
BRDA:65,6,1,10
BRDA:68,7,0,10
BRDA:68,7,1,0
BRF:15
BRH:12
end_of_record
TN:
SF:src/components/shared/controls/SoundControl.tsx
FN:24,(anonymous_1)
FN:68,(anonymous_2)
FNF:2
FNH:1
FNDA:9,(anonymous_1)
FNDA:0,(anonymous_2)
DA:1,1
DA:2,1
DA:3,1
DA:4,1
DA:5,1
DA:10,1
DA:24,1
DA:31,9
DA:68,0
LF:9
LH:8
BRDA:38,0,0,6
BRDA:38,0,1,3
BRDA:40,1,0,6
BRDA:40,1,1,3
BRDA:52,2,0,6
BRDA:52,2,1,3
BRDA:56,3,0,6
BRDA:56,3,1,3
BRDA:60,4,0,9
BRDA:60,4,1,6
BRF:10
BRH:10
end_of_record
TN:
SF:src/components/shared/debug/PerformanceOverlay.tsx
FN:13,(anonymous_9)
FN:30,(anonymous_10)
FN:36,(anonymous_11)
FN:40,(anonymous_12)
FN:49,(anonymous_13)
FN:70,(anonymous_14)
FN:78,(anonymous_15)
FN:154,(anonymous_16)
FN:156,(anonymous_17)
FN:180,(anonymous_18)
FNF:10
FNH:0
FNDA:0,(anonymous_9)
FNDA:0,(anonymous_10)
FNDA:0,(anonymous_11)
FNDA:0,(anonymous_12)
FNDA:0,(anonymous_13)
FNDA:0,(anonymous_14)
FNDA:0,(anonymous_15)
FNDA:0,(anonymous_16)
FNDA:0,(anonymous_17)
FNDA:0,(anonymous_18)
DA:1,0
DA:2,0
DA:3,0
DA:4,0
DA:5,0
DA:6,0
DA:7,0
DA:13,0
DA:14,0
DA:15,0
DA:16,0
DA:18,0
DA:20,0
DA:21,0
DA:22,0
DA:23,0
DA:28,0
DA:29,0
DA:30,0
DA:34,0
DA:35,0
DA:36,0
DA:39,0
DA:40,0
DA:43,0
DA:44,0
DA:49,0
DA:58,0
DA:70,0
DA:78,0
DA:154,0
DA:157,0
DA:180,0
LF:33
LH:0
BRDA:13,0,0,0
BRDA:18,1,0,0
BRDA:18,1,1,0
BRDA:22,2,0,0
BRDA:22,2,1,0
BRDA:23,3,0,0
BRDA:23,3,1,0
BRDA:29,4,0,0
BRDA:29,4,1,0
BRDA:35,5,0,0
BRDA:35,5,1,0
BRDA:39,6,0,0
BRDA:39,6,1,0
BRDA:43,7,0,0
BRDA:43,7,1,0
BRDA:92,8,0,0
BRDA:92,8,1,0
BRDA:101,9,0,0
BRDA:101,9,1,0
BRDA:102,10,0,0
BRDA:102,10,1,0
BRDA:115,11,0,0
BRDA:115,11,1,0
BRDA:120,12,0,0
BRDA:120,12,1,0
BRDA:135,13,0,0
BRDA:135,13,1,0
BRDA:140,14,0,0
BRDA:140,14,1,0
BRF:29
BRH:0
end_of_record
TN:
SF:src/components/shared/display/OrderIdentifiers.tsx
FN:13,(anonymous_1)
FN:27,(anonymous_2)
FNF:2
FNH:2
FNDA:10,(anonymous_1)
FNDA:10,(anonymous_2)
DA:1,1
DA:2,1
DA:13,1
DA:19,10
DA:24,10
DA:27,1
DA:32,10
LF:7
LH:7
BRDA:15,0,0,10
BRDA:16,1,0,0
BRDA:29,2,0,10
BRF:3
BRH:2
end_of_record
TN:
SF:src/components/shared/errors/ErrorBoundary.tsx
FN:19,(anonymous_9)
FN:33,(anonymous_10)
FN:22,(anonymous_11)
FN:26,(anonymous_12)
FN:35,(anonymous_13)
FN:49,(anonymous_14)
FN:85,withErrorBoundary
FN:89,(anonymous_16)
FNF:8
FNH:6
FNDA:27,(anonymous_9)
FNDA:0,(anonymous_10)
FNDA:26,(anonymous_11)
FNDA:13,(anonymous_12)
FNDA:54,(anonymous_13)
FNDA:0,(anonymous_14)
FNDA:2,withErrorBoundary
FNDA:7,(anonymous_16)
DA:1,1
DA:2,1
DA:3,1
DA:4,1
DA:5,1
DA:19,1
DA:20,26
DA:23,26
DA:27,13
DA:28,4
DA:30,13
DA:33,26
DA:36,54
DA:37,54
DA:39,54
DA:40,26
DA:42,24
DA:49,0
DA:81,24
DA:85,1
DA:89,2
DA:90,7
LF:22
LH:21
BRDA:27,0,0,4
BRDA:27,0,1,9
BRDA:30,1,0,11
BRDA:30,1,1,2
BRDA:30,2,0,13
BRDA:30,2,1,13
BRDA:37,3,0,30
BRDA:39,4,0,28
BRDA:39,4,1,26
BRDA:40,5,0,2
BRDA:40,5,1,24
BRDA:81,6,0,24
BRDA:81,6,1,0
BRF:13
BRH:12
end_of_record
TN:
SF:src/components/shared/filters/FilterPanel.tsx
FN:37,(anonymous_9)
FN:51,(anonymous_10)
FN:52,(anonymous_11)
FN:56,(anonymous_12)
FN:59,(anonymous_13)
FN:61,(anonymous_14)
FN:66,(anonymous_15)
FN:70,(anonymous_16)
FN:72,(anonymous_17)
FN:110,(anonymous_18)
FN:124,(anonymous_19)
FN:142,(anonymous_20)
FN:150,(anonymous_21)
FN:175,(anonymous_22)
FN:185,(anonymous_23)
FN:193,(anonymous_24)
FN:220,(anonymous_25)
FN:224,(anonymous_26)
FNF:18
FNH:11
FNDA:19,(anonymous_9)
FNDA:12,(anonymous_10)
FNDA:0,(anonymous_11)
FNDA:12,(anonymous_12)
FNDA:1,(anonymous_13)
FNDA:3,(anonymous_14)
FNDA:0,(anonymous_15)
FNDA:0,(anonymous_16)
FNDA:0,(anonymous_17)
FNDA:7,(anonymous_18)
FNDA:1,(anonymous_19)
FNDA:21,(anonymous_20)
FNDA:1,(anonymous_21)
FNDA:0,(anonymous_22)
FNDA:49,(anonymous_23)
FNDA:0,(anonymous_24)
FNDA:0,(anonymous_25)
FNDA:28,(anonymous_26)
DA:1,1
DA:2,1
DA:3,1
DA:4,1
DA:5,1
DA:6,1
DA:7,1
DA:8,1
DA:11,1
DA:24,1
DA:30,1
DA:37,1
DA:47,19
DA:48,19
DA:51,19
DA:52,12
DA:53,0
DA:56,12
DA:59,19
DA:60,1
DA:61,3
DA:63,1
DA:66,19
DA:67,0
DA:68,0
DA:70,0
DA:71,0
DA:72,0
DA:75,0
DA:79,19
DA:110,7
DA:124,1
DA:143,21
DA:150,1
DA:175,0
DA:186,49
DA:193,0
DA:220,0
DA:225,28
LF:39
LH:29
BRDA:60,0,0,1
BRDA:60,0,1,0
BRDA:67,1,0,0
BRDA:67,1,1,0
BRDA:71,2,0,0
BRDA:71,2,1,0
BRDA:75,3,0,0
BRDA:75,3,1,0
BRDA:89,4,0,19
BRDA:89,4,1,2
BRDA:96,5,0,19
BRDA:96,5,1,2
BRDA:112,6,0,7
BRDA:112,6,1,12
BRDA:136,7,0,19
BRDA:136,7,1,7
BRDA:154,8,0,20
BRDA:154,8,1,1
BRDA:157,9,0,20
BRDA:157,9,1,1
BRDA:179,10,0,7
BRDA:179,10,1,0
BRDA:198,11,0,0
BRDA:198,11,1,49
BRDA:201,12,0,49
BRDA:201,12,1,0
BRDA:219,13,0,7
BRDA:219,13,1,0
BRF:28
BRH:17
end_of_record
TN:
SF:src/components/shared/filters/SortControl.tsx
FN:29,(anonymous_1)
FN:36,(anonymous_2)
FN:48,(anonymous_3)
FN:51,(anonymous_4)
FNF:4
FNH:0
FNDA:0,(anonymous_1)
FNDA:0,(anonymous_2)
FNDA:0,(anonymous_3)
FNDA:0,(anonymous_4)
DA:1,0
DA:2,0
DA:3,0
DA:4,0
DA:11,0
DA:21,0
DA:29,0
DA:36,0
DA:38,0
DA:49,0
DA:51,0
LF:11
LH:0
BRDA:36,0,0,0
BRDA:36,0,1,0
BRDA:36,1,0,0
BRDA:36,1,1,0
BRDA:36,2,0,0
BRDA:36,2,1,0
BRDA:54,3,0,0
BRDA:54,3,1,0
BRDA:68,4,0,0
BRDA:68,4,1,0
BRDA:70,5,0,0
BRDA:70,5,1,0
BRF:12
BRH:0
end_of_record
TN:
SF:src/components/shared/inputs/DateRangePicker.tsx
FN:12,(anonymous_1)
FN:18,(anonymous_2)
FN:25,(anonymous_3)
FN:35,(anonymous_4)
FN:44,(anonymous_5)
FN:53,(anonymous_6)
FN:68,(anonymous_7)
FN:80,(anonymous_8)
FN:91,(anonymous_9)
FN:96,(anonymous_10)
FNF:10
FNH:0
FNDA:0,(anonymous_1)
FNDA:0,(anonymous_2)
FNDA:0,(anonymous_3)
FNDA:0,(anonymous_4)
FNDA:0,(anonymous_5)
FNDA:0,(anonymous_6)
FNDA:0,(anonymous_7)
FNDA:0,(anonymous_8)
FNDA:0,(anonymous_9)
FNDA:0,(anonymous_10)
DA:1,0
DA:2,0
DA:3,0
DA:12,0
DA:18,0
DA:19,0
DA:22,0
DA:26,0
DA:27,0
DA:28,0
DA:29,0
DA:30,0
DA:36,0
DA:37,0
DA:38,0
DA:39,0
DA:45,0
DA:46,0
DA:47,0
DA:48,0
DA:54,0
DA:55,0
DA:56,0
DA:57,0
DA:62,0
DA:69,0
DA:70,0
DA:71,0
DA:81,0
DA:82,0
DA:83,0
DA:92,0
DA:97,0
DA:98,0
LF:34
LH:0
BRDA:70,0,0,0
BRDA:70,0,1,0
BRDA:82,1,0,0
BRDA:82,1,1,0
BRF:4
BRH:0
end_of_record
TN:
SF:src/components/shared/lists/OrderItemRow.tsx
FN:16,(anonymous_1)
FN:36,(anonymous_2)
FNF:2
FNH:2
FNDA:20,(anonymous_1)
FNDA:20,(anonymous_2)
DA:1,1
DA:2,1
DA:3,1
DA:5,1
DA:16,1
DA:24,20
DA:36,20
LF:7
LH:7
BRDA:30,0,0,20
BRDA:30,0,1,20
BRDA:34,1,0,20
BRDA:34,1,1,10
BRDA:34,1,2,10
BRDA:39,2,0,20
BRDA:39,2,1,10
BRF:7
BRH:7
end_of_record
TN:
SF:src/components/shared/order/OrderActions.tsx
FN:14,(anonymous_1)
FN:23,(anonymous_2)
FN:42,(anonymous_3)
FNF:3
FNH:3
FNDA:10,(anonymous_1)
FNDA:1,(anonymous_2)
FNDA:10,(anonymous_3)
DA:1,1
DA:2,1
DA:3,1
DA:4,1
DA:14,1
DA:21,10
DA:23,10
DA:24,1
DA:26,1
DA:27,1
DA:28,1
DA:32,0
DA:33,0
DA:34,0
DA:42,10
DA:43,10
DA:45,8
DA:51,1
DA:57,1
DA:65,10
DA:67,10
LF:21
LH:18
BRDA:17,0,0,0
BRDA:24,1,0,0
BRDA:24,1,1,1
BRDA:26,2,0,1
BRDA:26,2,1,0
BRDA:29,3,0,1
BRDA:29,3,1,0
BRDA:32,4,0,0
BRDA:32,4,1,0
BRDA:35,5,0,0
BRDA:35,5,1,0
BRDA:43,6,0,8
BRDA:43,6,1,1
BRDA:43,6,2,1
BRDA:71,7,0,10
BRDA:71,7,1,0
BRDA:75,8,0,10
BRDA:75,8,1,0
BRF:18
BRH:8
end_of_record
TN:
SF:src/components/shared/order/OrderHeaders.tsx
FN:14,(anonymous_1)
FN:35,(anonymous_2)
FN:59,(anonymous_3)
FNF:3
FNH:2
FNDA:10,(anonymous_1)
FNDA:0,(anonymous_2)
FNDA:10,(anonymous_3)
DA:1,1
DA:2,1
DA:3,1
DA:4,1
DA:5,1
DA:14,1
DA:19,10
DA:35,1
DA:41,0
DA:59,1
DA:64,10
LF:11
LH:10
BRF:0
BRH:0
end_of_record
TN:
SF:src/components/shared/order/OrderItemsList.tsx
FN:19,(anonymous_1)
FN:25,(anonymous_2)
FNF:2
FNH:2
FNDA:10,(anonymous_1)
FNDA:20,(anonymous_2)
DA:1,1
DA:2,1
DA:3,1
DA:4,1
DA:19,1
DA:23,10
DA:26,20
DA:28,20
LF:8
LH:8
BRDA:35,0,0,20
BRDA:35,0,1,0
BRF:2
BRH:1
end_of_record
TN:
SF:src/components/shared/timers/ElapsedTimer.tsx
FN:12,(anonymous_9)
FN:18,(anonymous_10)
FNF:2
FNH:2
FNDA:17,(anonymous_9)
FNDA:17,(anonymous_10)
DA:1,2
DA:2,2
DA:3,2
DA:12,2
DA:18,17
DA:19,17
DA:20,17
DA:21,17
DA:22,17
DA:23,17
DA:24,17
DA:25,17
DA:26,17
DA:28,17
DA:30,1
DA:32,2
DA:33,1
DA:35,1
DA:38,14
DA:42,17
LF:20
LH:20
BRDA:14,0,0,14
BRDA:15,1,0,6
BRDA:28,2,0,1
BRDA:28,2,1,2
BRDA:28,2,2,14
BRDA:28,2,3,14
BRDA:32,3,0,1
BRDA:32,3,1,1
BRDA:44,4,0,17
BRDA:44,4,1,16
BRF:10
BRH:10
end_of_record
TN:
SF:src/components/ui/alert.tsx
FN:25,(anonymous_10)
FN:38,(anonymous_11)
FN:50,(anonymous_12)
FNF:3
FNH:2
FNDA:31,(anonymous_10)
FNDA:0,(anonymous_11)
FNDA:31,(anonymous_12)
DA:1,3
DA:2,3
DA:4,3
DA:6,3
DA:22,3
DA:25,31
DA:33,3
DA:35,3
DA:38,0
DA:45,3
DA:47,3
DA:50,31
DA:57,3
DA:59,3
LF:14
LH:13
BRF:0
BRH:0
end_of_record
TN:
SF:src/components/ui/badge.tsx
FN:54,Badge
FNF:1
FNH:1
FNDA:122,Badge
DA:1,5
DA:2,5
DA:3,5
DA:5,5
DA:54,122
DA:55,122
DA:60,5
LF:7
LH:7
BRF:0
BRH:0
end_of_record
TN:
SF:src/components/ui/button.tsx
FN:77,(anonymous_10)
FNF:1
FNH:1
FNDA:87,(anonymous_10)
DA:1,5
DA:2,5
DA:3,5
DA:4,5
DA:6,5
DA:76,5
DA:77,87
DA:78,87
DA:79,87
DA:88,5
DA:90,5
LF:11
LH:11
BRDA:77,0,0,87
BRDA:78,1,0,0
BRDA:78,1,1,87
BRF:3
BRH:2
end_of_record
TN:
SF:src/components/ui/card.tsx
FN:8,(anonymous_10)
FN:30,(anonymous_11)
FN:42,(anonymous_12)
FN:57,(anonymous_13)
FN:69,(anonymous_14)
FN:77,(anonymous_15)
FNF:6
FNH:4
FNDA:111,(anonymous_10)
FNDA:72,(anonymous_11)
FNDA:48,(anonymous_12)
FNDA:0,(anonymous_13)
FNDA:86,(anonymous_14)
FNDA:0,(anonymous_15)
DA:1,7
DA:3,7
DA:5,7
DA:8,111
DA:25,7
DA:27,7
DA:30,72
DA:37,7
DA:39,7
DA:42,48
DA:52,7
DA:54,7
DA:57,0
DA:64,7
DA:66,7
DA:69,86
DA:72,7
DA:74,7
DA:77,0
DA:84,7
DA:86,7
LF:21
LH:19
BRF:0
BRH:0
end_of_record
TN:
SF:src/components/ui/dropdown-menu.tsx
FN:11,(anonymous_9)
FN:28,(anonymous_10)
FN:32,(anonymous_11)
FN:57,(anonymous_12)
FN:68,(anonymous_13)
FN:69,(anonymous_14)
FN:79,(anonymous_15)
FN:108,(anonymous_16)
FN:116,(anonymous_17)
FNF:9
FNH:0
FNDA:0,(anonymous_9)
FNDA:0,(anonymous_10)
FNDA:0,(anonymous_11)
FNDA:0,(anonymous_12)
FNDA:0,(anonymous_13)
FNDA:0,(anonymous_14)
FNDA:0,(anonymous_15)
FNDA:0,(anonymous_16)
FNDA:0,(anonymous_17)
DA:1,0
DA:2,0
DA:9,0
DA:11,0
DA:12,0
DA:14,0
DA:28,0
DA:29,0
DA:30,0
DA:32,0
DA:33,0
DA:36,0
DA:37,0
DA:44,0
DA:57,0
DA:62,0
DA:63,0
DA:65,0
DA:68,0
DA:69,0
DA:70,0
DA:71,0
DA:75,0
DA:76,0
DA:79,0
DA:80,0
DA:84,0
DA:86,0
DA:108,0
DA:113,0
DA:114,0
DA:116,0
DA:117,0
DA:118,0
DA:121,0
DA:137,0
LF:36
LH:0
BRDA:30,0,0,0
BRDA:30,0,1,0
BRDA:36,1,0,0
BRDA:36,1,1,0
BRDA:36,2,0,0
BRDA:36,2,1,0
BRDA:58,3,0,0
BRDA:63,4,0,0
BRDA:63,4,1,0
BRDA:70,5,0,0
BRDA:70,5,1,0
BRDA:70,6,0,0
BRDA:70,6,1,0
BRDA:75,7,0,0
BRDA:75,7,1,0
BRDA:84,8,0,0
BRDA:84,8,1,0
BRDA:91,9,0,0
BRDA:91,9,1,0
BRDA:92,10,0,0
BRDA:92,10,1,0
BRDA:93,11,0,0
BRDA:93,11,1,0
BRDA:114,12,0,0
BRDA:114,12,1,0
BRDA:117,13,0,0
BRDA:117,13,1,0
BRDA:117,14,0,0
BRDA:117,14,1,0
BRF:29
BRH:0
end_of_record
TN:
SF:src/components/ui/input.tsx
FN:7,(anonymous_10)
FNF:1
FNH:1
FNDA:19,(anonymous_10)
DA:1,1
DA:2,1
DA:6,1
DA:7,19
DA:8,19
DA:30,1
DA:32,1
LF:7
LH:7
BRF:0
BRH:0
end_of_record
TN:
SF:src/components/ui/label.tsx
FN:7,(anonymous_10)
FNF:1
FNH:1
FNDA:21,(anonymous_10)
DA:1,1
DA:2,1
DA:6,1
DA:7,21
DA:8,21
DA:20,1
DA:22,1
LF:7
LH:7
BRF:0
BRH:0
end_of_record
TN:
SF:src/components/ui/popover.tsx
FN:17,(anonymous_9)
FN:21,(anonymous_10)
FN:43,(anonymous_11)
FN:47,(anonymous_12)
FN:70,(anonymous_13)
FN:80,(anonymous_14)
FNF:6
FNH:5
FNDA:15,(anonymous_9)
FNDA:6,(anonymous_10)
FNDA:15,(anonymous_11)
FNDA:6,(anonymous_12)
FNDA:15,(anonymous_13)
FNDA:0,(anonymous_14)
DA:1,1
DA:2,1
DA:9,1
DA:17,1
DA:18,15
DA:19,15
DA:21,15
DA:22,6
DA:23,0
DA:25,6
DA:29,15
DA:43,1
DA:44,15
DA:45,15
DA:47,15
DA:48,6
DA:51,15
DA:52,15
DA:57,0
DA:70,1
DA:71,15
DA:72,15
DA:74,15
DA:76,6
DA:80,0
DA:97,1
LF:26
LH:23
BRDA:19,0,0,0
BRDA:19,0,1,15
BRDA:22,1,0,0
BRDA:22,1,1,6
BRDA:45,2,0,0
BRDA:45,2,1,15
BRDA:51,3,0,15
BRDA:51,3,1,0
BRDA:51,4,0,15
BRDA:51,4,1,15
BRDA:70,5,0,0
BRDA:72,6,0,0
BRDA:72,6,1,15
BRDA:74,7,0,9
BRDA:74,7,1,6
BRDA:85,8,0,6
BRDA:85,8,1,0
BRDA:86,9,0,6
BRDA:86,9,1,0
BRDA:87,10,0,6
BRDA:87,10,1,6
BRF:21
BRH:13
end_of_record
TN:
SF:src/components/ui/select.tsx
FN:19,(anonymous_9)
FN:36,(anonymous_10)
FN:43,(anonymous_11)
FN:60,(anonymous_12)
FN:72,(anonymous_13)
FN:82,(anonymous_14)
FN:103,(anonymous_15)
FN:107,(anonymous_16)
FNF:8
FNH:0
FNDA:0,(anonymous_9)
FNDA:0,(anonymous_10)
FNDA:0,(anonymous_11)
FNDA:0,(anonymous_12)
FNDA:0,(anonymous_13)
FNDA:0,(anonymous_14)
FNDA:0,(anonymous_15)
FNDA:0,(anonymous_16)
DA:1,0
DA:2,0
DA:11,0
DA:19,0
DA:20,0
DA:22,0
DA:36,0
DA:37,0
DA:38,0
DA:40,0
DA:43,0
DA:60,0
DA:61,0
DA:62,0
DA:64,0
DA:72,0
DA:73,0
DA:74,0
DA:76,0
DA:78,0
DA:82,0
DA:103,0
DA:104,0
DA:105,0
DA:107,0
DA:108,0
DA:109,0
DA:112,0
DA:133,0
LF:29
LH:0
BRDA:38,0,0,0
BRDA:38,0,1,0
BRDA:62,1,0,0
BRDA:62,1,1,0
BRDA:64,2,0,0
BRDA:64,2,1,0
BRDA:74,3,0,0
BRDA:74,3,1,0
BRDA:76,4,0,0
BRDA:76,4,1,0
BRDA:105,5,0,0
BRDA:105,5,1,0
BRDA:116,6,0,0
BRDA:116,6,1,0
BRDA:123,7,0,0
BRDA:123,7,1,0
BRF:16
BRH:0
end_of_record
TN:
SF:src/components/ui/slider.tsx
FN:14,(anonymous_10)
FN:15,(anonymous_11)
FNF:2
FNH:1
FNDA:4,(anonymous_10)
FNDA:0,(anonymous_11)
DA:1,1
DA:2,1
DA:13,1
DA:14,4
DA:15,4
DA:16,0
DA:17,0
DA:20,4
DA:62,1
DA:64,1
LF:10
LH:8
BRDA:14,0,0,0
BRDA:14,1,0,4
BRDA:14,2,0,0
BRDA:17,3,0,0
BRDA:17,3,1,0
BRDA:17,4,0,0
BRDA:17,4,1,0
BRF:7
BRH:1
end_of_record
TN:
SF:src/constants/stations.ts
FN:64,getStationColorClasses
FNF:1
FNH:0
FNDA:0,getStationColorClasses
DA:4,0
DA:64,0
DA:65,0
DA:67,0
DA:78,0
DA:88,0
LF:6
LH:0
BRDA:65,0,0,0
BRDA:65,0,1,0
BRF:2
BRH:0
end_of_record
TN:
SF:src/core/RestaurantContext.tsx
FN:6,RestaurantProvider
FN:15,(anonymous_17)
FN:18,(anonymous_18)
FN:18,(anonymous_19)
FN:20,(anonymous_20)
FN:38,(anonymous_21)
FNF:6
FNH:5
FNDA:10,RestaurantProvider
FNDA:5,(anonymous_17)
FNDA:5,(anonymous_18)
FNDA:5,(anonymous_19)
FNDA:5,(anonymous_20)
FNDA:0,(anonymous_21)
DA:1,1
DA:2,1
DA:3,1
DA:6,1
DA:13,10
DA:15,10
DA:18,5
DA:20,5
DA:23,1
DA:35,1
DA:38,5
DA:39,0
DA:43,10
DA:50,10
LF:14
LH:13
BRDA:44,0,0,0
BRDA:44,0,1,10
BRDA:44,1,0,10
BRDA:44,1,1,0
BRF:4
BRH:2
end_of_record
TN:
SF:src/core/restaurant-hooks.ts
FN:4,useRestaurant
FN:13,useRestaurantSettings
FNF:2
FNH:0
FNDA:0,useRestaurant
FNDA:0,useRestaurantSettings
DA:1,0
DA:2,0
DA:4,0
DA:5,0
DA:6,0
DA:7,0
DA:9,0
DA:13,0
DA:14,0
DA:16,0
LF:10
LH:0
BRDA:6,0,0,0
BRDA:6,0,1,0
BRDA:17,1,0,0
BRDA:17,1,1,0
BRDA:17,2,0,0
BRDA:17,2,1,0
BRDA:17,3,0,0
BRDA:17,3,1,0
BRDA:17,4,0,0
BRDA:17,4,1,0
BRDA:17,5,0,0
BRDA:17,5,1,0
BRDA:18,6,0,0
BRDA:18,6,1,0
BRDA:18,7,0,0
BRDA:18,7,1,0
BRDA:18,8,0,0
BRDA:18,8,1,0
BRDA:18,9,0,0
BRDA:18,9,1,0
BRDA:18,10,0,0
BRDA:18,10,1,0
BRDA:18,11,0,0
BRDA:18,11,1,0
BRDA:19,12,0,0
BRDA:19,12,1,0
BRDA:19,13,0,0
BRDA:19,13,1,0
BRDA:19,14,0,0
BRDA:19,14,1,0
BRDA:19,15,0,0
BRDA:19,15,1,0
BRDA:19,16,0,0
BRDA:19,16,1,0
BRDA:20,17,0,0
BRDA:20,17,1,0
BRDA:20,18,0,0
BRDA:20,18,1,0
BRDA:20,19,0,0
BRDA:20,19,1,0
BRDA:21,20,0,0
BRDA:21,20,1,0
BRDA:21,21,0,0
BRDA:21,21,1,0
BRDA:21,22,0,0
BRDA:21,22,1,0
BRF:46
BRH:0
end_of_record
TN:
SF:src/core/restaurant-types.ts
FNF:0
FNH:0
DA:1,1
DA:24,1
LF:2
LH:2
BRF:0
BRH:0
end_of_record
TN:
SF:src/core/supabase.ts
FN:41,(anonymous_7)
FN:63,(anonymous_8)
FN:68,(anonymous_9)
FN:90,(anonymous_10)
FN:98,(anonymous_11)
FN:115,(anonymous_13)
FN:128,(anonymous_15)
FN:143,(anonymous_17)
FN:155,(anonymous_19)
FNF:9
FNH:0
FNDA:0,(anonymous_7)
FNDA:0,(anonymous_8)
FNDA:0,(anonymous_9)
FNDA:0,(anonymous_10)
FNDA:0,(anonymous_11)
FNDA:0,(anonymous_13)
FNDA:0,(anonymous_15)
FNDA:0,(anonymous_17)
FNDA:0,(anonymous_19)
DA:1,0
DA:4,0
DA:5,0
DA:8,0
DA:41,0
DA:49,0
DA:63,0
DA:64,0
DA:68,0
DA:76,0
DA:90,0
DA:91,0
DA:96,0
DA:99,0
DA:105,0
DA:106,0
DA:109,0
DA:110,0
DA:111,0
DA:116,0
DA:123,0
DA:124,0
DA:129,0
DA:135,0
DA:136,0
DA:141,0
DA:144,0
DA:150,0
DA:151,0
DA:156,0
DA:163,0
DA:164,0
LF:32
LH:0
BRDA:4,0,0,0
BRDA:4,0,1,0
BRDA:5,1,0,0
BRDA:5,1,1,0
BRDA:105,2,0,0
BRDA:105,2,1,0
BRDA:105,3,0,0
BRDA:105,3,1,0
BRDA:105,4,0,0
BRDA:105,4,1,0
BRDA:110,5,0,0
BRDA:110,5,1,0
BRDA:123,6,0,0
BRDA:123,6,1,0
BRDA:135,7,0,0
BRDA:135,7,1,0
BRDA:150,8,0,0
BRDA:150,8,1,0
BRDA:163,9,0,0
BRDA:163,9,1,0
BRF:20
BRH:0
end_of_record
TN:
SF:src/hooks/useAsyncState.ts
FN:28,useAsyncState
FN:35,(anonymous_8)
FN:35,(anonymous_9)
FN:52,(anonymous_10)
FN:84,useAsyncOperations
FN:88,(anonymous_12)
FN:90,(anonymous_13)
FN:106,(anonymous_14)
FNF:8
FNH:8
FNDA:63,useAsyncState
FNDA:33,(anonymous_8)
FNDA:33,(anonymous_9)
FNDA:1,(anonymous_10)
FNDA:10,useAsyncOperations
FNDA:3,(anonymous_12)
FNDA:3,(anonymous_13)
FNDA:1,(anonymous_14)
DA:1,3
DA:28,3
DA:31,63
DA:32,63
DA:33,63
DA:35,63
DA:36,33
DA:37,33
DA:39,33
DA:40,33
DA:41,24
DA:42,24
DA:44,5
DA:45,5
DA:46,5
DA:48,29
DA:52,63
DA:53,1
DA:54,1
DA:55,1
DA:58,63
DA:84,3
DA:85,10
DA:86,10
DA:88,10
DA:90,3
DA:91,3
DA:92,3
DA:94,3
DA:95,3
DA:96,2
DA:98,1
DA:99,1
DA:100,1
DA:102,3
DA:106,10
DA:107,1
DA:108,1
DA:111,10
LF:39
LH:39
BRDA:44,0,0,4
BRDA:44,0,1,1
BRDA:98,1,0,1
BRDA:98,1,1,0
BRF:4
BRH:3
end_of_record
TN:
SF:src/hooks/useDebounce.ts
FN:3,useDebounce
FN:6,(anonymous_1)
FN:7,(anonymous_2)
FN:11,(anonymous_3)
FNF:4
FNH:0
FNDA:0,useDebounce
FNDA:0,(anonymous_1)
FNDA:0,(anonymous_2)
FNDA:0,(anonymous_3)
DA:1,0
DA:3,0
DA:4,0
DA:6,0
DA:7,0
DA:8,0
DA:11,0
DA:12,0
DA:16,0
LF:9
LH:0
BRF:0
BRH:0
end_of_record
TN:
SF:src/hooks/useErrorHandler.ts
FN:20,(anonymous_7)
FN:24,(anonymous_8)
FN:63,(anonymous_9)
FN:66,(anonymous_10)
FN:84,(anonymous_11)
FN:113,(anonymous_12)
FN:122,(anonymous_13)
FN:149,(anonymous_14)
FNF:8
FNH:0
FNDA:0,(anonymous_7)
FNDA:0,(anonymous_8)
FNDA:0,(anonymous_9)
FNDA:0,(anonymous_10)
FNDA:0,(anonymous_11)
FNDA:0,(anonymous_12)
FNDA:0,(anonymous_13)
FNDA:0,(anonymous_14)
DA:1,0
DA:2,0
DA:20,0
DA:21,0
DA:23,0
DA:29,0
DA:32,0
DA:37,0
DA:38,0
DA:42,0
DA:43,0
DA:49,0
DA:50,0
DA:54,0
DA:56,0
DA:62,0
DA:66,0
DA:67,0
DA:68,0
DA:70,0
DA:71,0
DA:77,0
DA:84,0
DA:85,0
DA:87,0
DA:88,0
DA:90,0
DA:92,0
DA:94,0
DA:96,0
DA:98,0
DA:100,0
DA:102,0
DA:104,0
DA:107,0
DA:109,0
DA:113,0
DA:122,0
DA:129,0
DA:133,0
DA:134,0
DA:135,0
DA:137,0
DA:139,0
DA:140,0
DA:145,0
DA:146,0
DA:149,0
DA:154,0
LF:49
LH:0
BRDA:24,0,0,0
BRDA:26,1,0,0
BRDA:27,2,0,0
BRDA:32,3,0,0
BRDA:32,3,1,0
BRDA:34,4,0,0
BRDA:34,4,1,0
BRDA:37,5,0,0
BRDA:37,5,1,0
BRDA:42,6,0,0
BRDA:42,6,1,0
BRDA:43,7,0,0
BRDA:43,7,1,0
BRDA:49,8,0,0
BRDA:49,8,1,0
BRDA:54,9,0,0
BRDA:54,9,1,0
BRDA:85,10,0,0
BRDA:85,10,1,0
BRDA:87,11,0,0
BRDA:87,11,1,0
BRDA:87,12,0,0
BRDA:87,12,1,0
BRDA:88,13,0,0
BRDA:88,13,1,0
BRDA:88,13,2,0
BRDA:88,13,3,0
BRDA:88,13,4,0
BRDA:88,13,5,0
BRDA:88,13,6,0
BRDA:88,13,7,0
BRDA:104,14,0,0
BRDA:104,14,1,0
BRDA:115,15,0,0
BRDA:124,16,0,0
BRDA:125,17,0,0
BRDA:126,18,0,0
BRDA:127,19,0,0
BRDA:137,20,0,0
BRDA:137,20,1,0
BRDA:139,21,0,0
BRDA:139,21,1,0
BRDA:145,22,0,0
BRDA:145,22,1,0
BRF:44
BRH:0
end_of_record
TN:
SF:src/hooks/useFocusManagement.ts
FN:11,(anonymous_0)
FN:20,(anonymous_1)
FN:25,(anonymous_2)
FN:48,(anonymous_3)
FN:61,(anonymous_4)
FN:78,(anonymous_5)
FN:127,(anonymous_6)
FN:134,(anonymous_7)
FN:145,(anonymous_8)
FN:152,(anonymous_9)
FN:153,(anonymous_10)
FN:154,(anonymous_11)
FN:155,(anonymous_12)
FN:157,(anonymous_13)
FN:158,(anonymous_14)
FNF:15
FNH:0
FNDA:0,(anonymous_0)
FNDA:0,(anonymous_1)
FNDA:0,(anonymous_2)
FNDA:0,(anonymous_3)
FNDA:0,(anonymous_4)
FNDA:0,(anonymous_5)
FNDA:0,(anonymous_6)
FNDA:0,(anonymous_7)
FNDA:0,(anonymous_8)
FNDA:0,(anonymous_9)
FNDA:0,(anonymous_10)
FNDA:0,(anonymous_11)
FNDA:0,(anonymous_12)
FNDA:0,(anonymous_13)
FNDA:0,(anonymous_14)
DA:1,0
DA:11,0
DA:18,0
DA:20,0
DA:21,0
DA:22,0
DA:25,0
DA:26,0
DA:27,0
DA:30,0
DA:31,0
DA:32,0
DA:34,0
DA:37,0
DA:38,0
DA:39,0
DA:40,0
DA:41,0
DA:45,0
DA:46,0
DA:48,0
DA:49,0
DA:52,0
DA:53,0
DA:54,0
DA:57,0
DA:58,0
DA:61,0
DA:62,0
DA:63,0
DA:65,0
DA:66,0
DA:67,0
DA:68,0
DA:71,0
DA:72,0
DA:75,0
DA:78,0
DA:79,0
DA:80,0
DA:82,0
DA:83,0
DA:85,0
DA:87,0
DA:88,0
DA:89,0
DA:91,0
DA:93,0
DA:94,0
DA:95,0
DA:97,0
DA:99,0
DA:100,0
DA:101,0
DA:103,0
DA:105,0
DA:106,0
DA:107,0
DA:109,0
DA:111,0
DA:112,0
DA:113,0
DA:115,0
DA:116,0
DA:117,0
DA:120,0
DA:121,0
DA:122,0
DA:127,0
DA:128,0
DA:129,0
DA:131,0
DA:134,0
DA:135,0
DA:136,0
DA:137,0
DA:138,0
DA:139,0
DA:143,0
DA:145,0
DA:146,0
DA:147,0
DA:151,0
DA:152,0
DA:153,0
DA:154,0
DA:155,0
DA:157,0
DA:158,0
LF:89
LH:0
BRDA:14,0,0,0
BRDA:15,1,0,0
BRDA:21,2,0,0
BRDA:21,2,1,0
BRDA:27,3,0,0
BRDA:27,3,1,0
BRDA:31,4,0,0
BRDA:31,4,1,0
BRDA:38,5,0,0
BRDA:38,5,1,0
BRDA:41,6,0,0
BRDA:41,6,1,0
BRDA:41,7,0,0
BRDA:41,7,1,0
BRDA:49,8,0,0
BRDA:49,8,1,0
BRDA:49,9,0,0
BRDA:49,9,1,0
BRDA:53,10,0,0
BRDA:53,10,1,0
BRDA:58,11,0,0
BRDA:58,11,1,0
BRDA:67,12,0,0
BRDA:67,12,1,0
BRDA:80,13,0,0
BRDA:80,13,1,0
BRDA:85,14,0,0
BRDA:85,14,1,0
BRDA:85,14,2,0
BRDA:85,14,3,0
BRDA:85,14,4,0
BRDA:85,14,5,0
BRDA:87,15,0,0
BRDA:87,15,1,0
BRDA:87,16,0,0
BRDA:87,16,1,0
BRDA:88,17,0,0
BRDA:88,17,1,0
BRDA:93,18,0,0
BRDA:93,18,1,0
BRDA:93,19,0,0
BRDA:93,19,1,0
BRDA:94,20,0,0
BRDA:94,20,1,0
BRDA:99,21,0,0
BRDA:99,21,1,0
BRDA:99,22,0,0
BRDA:99,22,1,0
BRDA:105,23,0,0
BRDA:105,23,1,0
BRDA:105,24,0,0
BRDA:105,24,1,0
BRDA:120,25,0,0
BRDA:120,25,1,0
BRDA:129,26,0,0
BRDA:129,26,1,0
BRDA:138,27,0,0
BRDA:138,27,1,0
BRF:58
BRH:0
end_of_record
TN:
SF:src/hooks/useGlobalKeyboardShortcuts.tsx
FN:15,(anonymous_0)
FN:19,(anonymous_1)
FN:23,(anonymous_2)
FN:43,(anonymous_3)
FN:49,(anonymous_4)
FN:55,(anonymous_5)
FN:60,(anonymous_6)
FN:72,(anonymous_7)
FN:77,(anonymous_8)
FNF:9
FNH:0
FNDA:0,(anonymous_0)
FNDA:0,(anonymous_1)
FNDA:0,(anonymous_2)
FNDA:0,(anonymous_3)
FNDA:0,(anonymous_4)
FNDA:0,(anonymous_5)
FNDA:0,(anonymous_6)
FNDA:0,(anonymous_7)
FNDA:0,(anonymous_8)
DA:1,0
DA:2,0
DA:3,0
DA:4,0
DA:15,0
DA:16,0
DA:17,0
DA:19,0
DA:20,0
DA:24,0
DA:39,0
DA:43,0
DA:49,0
DA:55,0
DA:62,0
DA:63,0
DA:64,0
DA:72,0
DA:79,0
DA:80,0
DA:81,0
DA:82,0
DA:83,0
DA:91,0
DA:93,0
LF:25
LH:0
BRDA:26,0,0,0
BRDA:26,0,1,0
BRDA:27,1,0,0
BRDA:27,1,1,0
BRDA:28,2,0,0
BRDA:28,2,1,0
BRDA:63,3,0,0
BRDA:63,3,1,0
BRDA:80,4,0,0
BRDA:80,4,1,0
BRDA:82,5,0,0
BRDA:82,5,1,0
BRF:12
BRH:0
end_of_record
TN:
SF:src/hooks/useOrderFilters.ts
FN:36,useOrderFilters
FN:45,(anonymous_1)
FN:51,(anonymous_2)
FN:55,(anonymous_3)
FN:56,(anonymous_4)
FN:59,(anonymous_5)
FN:60,(anonymous_6)
FN:63,(anonymous_7)
FN:67,(anonymous_8)
FN:68,(anonymous_9)
FN:71,(anonymous_10)
FN:72,(anonymous_11)
FN:78,(anonymous_12)
FN:88,(anonymous_13)
FNF:14
FNH:0
FNDA:0,useOrderFilters
FNDA:0,(anonymous_1)
FNDA:0,(anonymous_2)
FNDA:0,(anonymous_3)
FNDA:0,(anonymous_4)
FNDA:0,(anonymous_5)
FNDA:0,(anonymous_6)
FNDA:0,(anonymous_7)
FNDA:0,(anonymous_8)
FNDA:0,(anonymous_9)
FNDA:0,(anonymous_10)
FNDA:0,(anonymous_11)
FNDA:0,(anonymous_12)
FNDA:0,(anonymous_13)
DA:2,0
DA:3,0
DA:27,0
DA:36,0
DA:37,0
DA:38,0
DA:45,0
DA:51,0
DA:52,0
DA:55,0
DA:56,0
DA:59,0
DA:60,0
DA:63,0
DA:64,0
DA:67,0
DA:68,0
DA:71,0
DA:72,0
DA:78,0
DA:79,0
DA:80,0
DA:88,0
DA:89,0
DA:94,0
LF:25
LH:0
BRDA:74,0,0,0
BRDA:74,0,1,0
BRDA:89,1,0,0
BRDA:89,1,1,0
BRDA:89,1,2,0
BRF:5
BRH:0
end_of_record
TN:
SF:src/hooks/useOrderHistory.ts
FN:32,(anonymous_7)
FN:49,(anonymous_8)
FN:49,(anonymous_9)
FN:74,(anonymous_10)
FN:74,(anonymous_11)
FN:87,(anonymous_12)
FN:93,(anonymous_13)
FN:100,(anonymous_14)
FN:106,(anonymous_15)
FN:111,(anonymous_16)
FN:114,(anonymous_17)
FNF:11
FNH:9
FNDA:25,(anonymous_7)
FNDA:12,(anonymous_8)
FNDA:12,(anonymous_9)
FNDA:12,(anonymous_10)
FNDA:12,(anonymous_11)
FNDA:11,(anonymous_12)
FNDA:1,(anonymous_13)
FNDA:1,(anonymous_14)
FNDA:1,(anonymous_15)
FNDA:0,(anonymous_16)
FNDA:0,(anonymous_17)
DA:1,1
DA:2,1
DA:32,1
DA:34,25
DA:35,25
DA:36,25
DA:38,25
DA:39,25
DA:40,25
DA:41,25
DA:42,25
DA:43,25
DA:44,25
DA:45,25
DA:46,25
DA:49,25
DA:50,12
DA:51,12
DA:52,12
DA:54,12
DA:62,11
DA:63,11
DA:65,1
DA:66,1
DA:67,1
DA:69,12
DA:74,25
DA:75,12
DA:76,12
DA:80,12
DA:82,0
DA:87,25
DA:88,11
DA:89,11
DA:93,25
DA:94,1
DA:95,1
DA:96,1
DA:100,25
DA:101,1
DA:102,1
DA:106,25
DA:107,1
DA:109,1
DA:111,0
DA:114,0
DA:123,1
DA:124,1
DA:125,1
DA:126,1
DA:127,1
DA:130,25
LF:52
LH:49
BRDA:57,0,0,12
BRDA:57,0,1,11
BRDA:117,1,0,0
BRDA:117,1,1,0
BRDA:118,2,0,0
BRDA:118,2,1,0
BRF:6
BRH:2
end_of_record
TN:
SF:src/hooks/useOrderSubscription.ts
FN:13,(anonymous_0)
FN:26,(anonymous_1)
FN:45,(anonymous_2)
FN:59,(anonymous_3)
FNF:4
FNH:0
FNDA:0,(anonymous_0)
FNDA:0,(anonymous_1)
FNDA:0,(anonymous_2)
FNDA:0,(anonymous_3)
DA:1,0
DA:3,0
DA:13,0
DA:20,0
DA:22,0
DA:23,0
DA:24,0
DA:26,0
DA:27,0
DA:29,0
DA:31,0
DA:32,0
DA:34,0
DA:35,0
DA:37,0
DA:38,0
DA:40,0
DA:41,0
DA:45,0
DA:46,0
DA:49,0
DA:52,0
DA:57,0
DA:59,0
DA:60,0
DA:61,0
DA:65,0
LF:27
LH:0
BRDA:13,0,0,0
BRDA:19,1,0,0
BRDA:29,2,0,0
BRDA:29,2,1,0
BRDA:29,2,2,0
BRDA:29,2,3,0
BRDA:31,3,0,0
BRDA:31,3,1,0
BRDA:31,4,0,0
BRDA:31,4,1,0
BRDA:34,5,0,0
BRDA:34,5,1,0
BRDA:34,6,0,0
BRDA:34,6,1,0
BRDA:37,7,0,0
BRDA:37,7,1,0
BRDA:37,8,0,0
BRDA:37,8,1,0
BRDA:40,9,0,0
BRDA:40,9,1,0
BRDA:40,10,0,0
BRDA:40,10,1,0
BRDA:46,11,0,0
BRDA:46,11,1,0
BRF:24
BRH:0
end_of_record
TN:
SF:src/hooks/usePerformanceMonitor.ts
FN:10,(anonymous_7)
FN:12,(anonymous_8)
FN:13,(anonymous_9)
FN:17,(anonymous_10)
FN:21,(anonymous_11)
FN:31,(anonymous_12)
FN:39,(anonymous_13)
FN:40,(anonymous_14)
FN:45,(anonymous_15)
FN:49,(anonymous_16)
FN:52,(anonymous_17)
FN:68,(anonymous_18)
FN:76,(anonymous_19)
FN:88,(anonymous_20)
FNF:14
FNH:0
FNDA:0,(anonymous_7)
FNDA:0,(anonymous_8)
FNDA:0,(anonymous_9)
FNDA:0,(anonymous_10)
FNDA:0,(anonymous_11)
FNDA:0,(anonymous_12)
FNDA:0,(anonymous_13)
FNDA:0,(anonymous_14)
FNDA:0,(anonymous_15)
FNDA:0,(anonymous_16)
FNDA:0,(anonymous_17)
FNDA:0,(anonymous_18)
FNDA:0,(anonymous_19)
FNDA:0,(anonymous_20)
DA:1,0
DA:2,0
DA:10,0
DA:11,0
DA:12,0
DA:13,0
DA:14,0
DA:17,0
DA:18,0
DA:19,0
DA:21,0
DA:22,0
DA:23,0
DA:24,0
DA:31,0
DA:32,0
DA:33,0
DA:34,0
DA:39,0
DA:40,0
DA:41,0
DA:42,0
DA:45,0
DA:49,0
DA:52,0
DA:53,0
DA:55,0
DA:56,0
DA:57,0
DA:58,0
DA:59,0
DA:61,0
DA:62,0
DA:63,0
DA:68,0
DA:69,0
DA:76,0
DA:77,0
DA:78,0
DA:79,0
DA:80,0
DA:81,0
DA:82,0
DA:83,0
DA:84,0
DA:88,0
DA:89,0
DA:90,0
DA:91,0
DA:94,0
LF:50
LH:0
BRDA:10,0,0,0
BRDA:11,1,0,0
BRDA:11,2,0,0
BRDA:18,3,0,0
BRDA:18,3,1,0
BRDA:22,4,0,0
BRDA:22,4,1,0
BRDA:32,5,0,0
BRDA:32,5,1,0
BRF:9
BRH:0
end_of_record
TN:
SF:src/hooks/useSoundNotifications.ts
FN:18,(anonymous_7)
FN:19,(anonymous_8)
FN:20,(anonymous_9)
FN:23,(anonymous_10)
FN:28,(anonymous_11)
FN:28,(anonymous_12)
FN:33,(anonymous_13)
FN:33,(anonymous_14)
FN:38,(anonymous_15)
FN:38,(anonymous_16)
FN:43,(anonymous_17)
FN:49,(anonymous_18)
FNF:12
FNH:12
FNDA:27,(anonymous_7)
FNDA:18,(anonymous_8)
FNDA:18,(anonymous_9)
FNDA:18,(anonymous_10)
FNDA:3,(anonymous_11)
FNDA:3,(anonymous_12)
FNDA:2,(anonymous_13)
FNDA:2,(anonymous_14)
FNDA:2,(anonymous_15)
FNDA:2,(anonymous_16)
FNDA:4,(anonymous_17)
FNDA:3,(anonymous_18)
DA:1,2
DA:2,2
DA:18,2
DA:19,27
DA:20,27
DA:23,27
DA:24,18
DA:28,27
DA:29,3
DA:33,27
DA:34,2
DA:38,27
DA:39,2
DA:43,27
DA:44,4
DA:45,4
DA:49,27
DA:50,3
DA:51,3
DA:52,3
DA:55,27
LF:21
LH:21
BRF:0
BRH:0
end_of_record
TN:
SF:src/hooks/useToast.ts
FN:3,(anonymous_1)
FN:6,(anonymous_2)
FN:7,(anonymous_3)
FN:8,(anonymous_4)
FN:9,(anonymous_5)
FNF:5
FNH:0
FNDA:0,(anonymous_1)
FNDA:0,(anonymous_2)
FNDA:0,(anonymous_3)
FNDA:0,(anonymous_4)
FNDA:0,(anonymous_5)
DA:1,0
DA:3,0
DA:4,0
DA:6,0
DA:7,0
DA:8,0
DA:9,0
LF:7
LH:0
BRF:0
BRH:0
end_of_record
TN:
SF:src/hooks/keyboard/index.ts
FN:1,(anonymous_0)
FN:2,(anonymous_1)
FN:3,(anonymous_2)
FN:4,(anonymous_3)
FN:4,(anonymous_4)
FN:5,(anonymous_5)
FNF:6
FNH:1
FNDA:0,(anonymous_0)
FNDA:0,(anonymous_1)
FNDA:10,(anonymous_2)
FNDA:0,(anonymous_3)
FNDA:0,(anonymous_4)
FNDA:0,(anonymous_5)
DA:1,1
DA:2,1
DA:3,11
DA:4,1
DA:5,1
LF:5
LH:5
BRF:0
BRH:0
end_of_record
TN:
SF:src/hooks/keyboard/useAriaLive.ts
FN:9,(anonymous_0)
FN:12,(anonymous_1)
FN:26,(anonymous_2)
FN:34,(anonymous_3)
FN:44,(anonymous_4)
FNF:5
FNH:5
FNDA:15,(anonymous_0)
FNDA:15,(anonymous_1)
FNDA:15,(anonymous_2)
FNDA:5,(anonymous_3)
FNDA:4,(anonymous_4)
DA:1,2
DA:9,2
DA:10,15
DA:12,15
DA:14,15
DA:15,15
DA:16,15
DA:17,15
DA:18,15
DA:19,15
DA:20,15
DA:21,15
DA:23,15
DA:24,15
DA:26,15
DA:27,15
DA:28,15
DA:33,15
DA:35,5
DA:38,5
DA:41,5
DA:44,5
DA:45,4
DA:46,4
DA:53,15
LF:25
LH:25
BRDA:27,0,0,15
BRDA:27,0,1,0
BRDA:34,1,0,3
BRDA:34,2,0,1
BRDA:35,3,0,0
BRDA:35,3,1,5
BRDA:45,4,0,4
BRDA:45,4,1,0
BRF:8
BRH:5
end_of_record
TN:
SF:src/hooks/keyboard/useArrowKeyNavigation.ts
FN:13,(anonymous_0)
FN:21,(anonymous_1)
FN:27,(anonymous_2)
FN:33,(anonymous_3)
FN:39,(anonymous_4)
FNF:5
FNH:0
FNDA:0,(anonymous_0)
FNDA:0,(anonymous_1)
FNDA:0,(anonymous_2)
FNDA:0,(anonymous_3)
FNDA:0,(anonymous_4)
DA:1,1
DA:2,1
DA:13,1
DA:21,0
DA:22,0
DA:23,0
DA:27,0
DA:28,0
DA:29,0
DA:33,0
DA:34,0
DA:35,0
DA:39,0
DA:40,0
DA:41,0
DA:45,0
LF:16
LH:3
BRDA:18,0,0,0
BRDA:19,1,0,0
BRDA:22,2,0,0
BRDA:22,2,1,0
BRDA:22,3,0,0
BRDA:22,3,1,0
BRDA:23,4,0,0
BRDA:23,4,1,0
BRDA:23,5,0,0
BRDA:23,5,1,0
BRDA:28,6,0,0
BRDA:28,6,1,0
BRDA:28,7,0,0
BRDA:28,7,1,0
BRDA:29,8,0,0
BRDA:29,8,1,0
BRDA:29,9,0,0
BRDA:29,9,1,0
BRDA:34,10,0,0
BRDA:34,10,1,0
BRDA:34,11,0,0
BRDA:34,11,1,0
BRDA:35,12,0,0
BRDA:35,12,1,0
BRDA:35,13,0,0
BRDA:35,13,1,0
BRDA:40,14,0,0
BRDA:40,14,1,0
BRDA:40,15,0,0
BRDA:40,15,1,0
BRDA:41,16,0,0
BRDA:41,16,1,0
BRDA:41,17,0,0
BRDA:41,17,1,0
BRF:34
BRH:0
end_of_record
TN:
SF:src/hooks/keyboard/useFocusTrap.ts
FN:10,(anonymous_0)
FN:18,(anonymous_1)
FN:36,(anonymous_2)
FN:40,(anonymous_3)
FN:67,(anonymous_4)
FN:84,(anonymous_5)
FN:92,(anonymous_6)
FNF:7
FNH:0
FNDA:0,(anonymous_0)
FNDA:0,(anonymous_1)
FNDA:0,(anonymous_2)
FNDA:0,(anonymous_3)
FNDA:0,(anonymous_4)
FNDA:0,(anonymous_5)
FNDA:0,(anonymous_6)
DA:1,1
DA:10,1
DA:16,0
DA:18,0
DA:19,0
DA:21,0
DA:32,0
DA:36,0
DA:39,0
DA:41,0
DA:43,0
DA:44,0
DA:46,0
DA:47,0
DA:48,0
DA:50,0
DA:52,0
DA:53,0
DA:54,0
DA:58,0
DA:59,0
DA:60,0
DA:67,0
DA:68,0
DA:71,0
DA:74,0
DA:75,0
DA:77,0
DA:78,0
DA:79,0
DA:84,0
DA:85,0
DA:86,0
DA:90,0
DA:92,0
DA:93,0
DA:96,0
DA:97,0
LF:38
LH:2
BRDA:12,0,0,0
BRDA:14,1,0,0
BRDA:19,2,0,0
BRDA:19,2,1,0
BRDA:41,3,0,0
BRDA:41,3,1,0
BRDA:41,4,0,0
BRDA:41,4,1,0
BRDA:44,5,0,0
BRDA:44,5,1,0
BRDA:50,6,0,0
BRDA:50,6,1,0
BRDA:52,7,0,0
BRDA:52,7,1,0
BRDA:58,8,0,0
BRDA:58,8,1,0
BRDA:68,9,0,0
BRDA:68,9,1,0
BRDA:74,10,0,0
BRDA:74,10,1,0
BRDA:74,11,0,0
BRDA:74,11,1,0
BRDA:74,12,0,0
BRDA:74,12,1,0
BRDA:78,13,0,0
BRDA:78,13,1,0
BRDA:85,14,0,0
BRDA:85,14,1,0
BRDA:96,15,0,0
BRDA:96,15,1,0
BRDA:96,16,0,0
BRDA:96,16,1,0
BRF:32
BRH:0
end_of_record
TN:
SF:src/hooks/keyboard/useKeyboardNavigation.ts
FN:16,(anonymous_0)
FN:33,(anonymous_1)
FN:103,(anonymous_2)
FN:107,(anonymous_3)
FNF:4
FNH:0
FNDA:0,(anonymous_0)
FNDA:0,(anonymous_1)
FNDA:0,(anonymous_2)
FNDA:0,(anonymous_3)
DA:1,1
DA:16,1
DA:30,0
DA:32,0
DA:34,0
DA:36,0
DA:38,0
DA:39,0
DA:40,0
DA:42,0
DA:45,0
DA:46,0
DA:47,0
DA:49,0
DA:51,0
DA:52,0
DA:53,0
DA:55,0
DA:57,0
DA:58,0
DA:59,0
DA:61,0
DA:63,0
DA:64,0
DA:65,0
DA:67,0
DA:69,0
DA:70,0
DA:71,0
DA:73,0
DA:75,0
DA:76,0
DA:77,0
DA:79,0
DA:81,0
DA:82,0
DA:83,0
DA:84,0
DA:86,0
DA:103,0
DA:104,0
DA:106,0
DA:107,0
LF:43
LH:2
BRDA:29,0,0,0
BRDA:34,1,0,0
BRDA:34,1,1,0
BRDA:36,2,0,0
BRDA:36,2,1,0
BRDA:36,2,2,0
BRDA:36,2,3,0
BRDA:36,2,4,0
BRDA:36,2,5,0
BRDA:36,2,6,0
BRDA:36,2,7,0
BRDA:36,2,8,0
BRDA:38,3,0,0
BRDA:38,3,1,0
BRDA:45,4,0,0
BRDA:45,4,1,0
BRDA:51,5,0,0
BRDA:51,5,1,0
BRDA:57,6,0,0
BRDA:57,6,1,0
BRDA:63,7,0,0
BRDA:63,7,1,0
BRDA:69,8,0,0
BRDA:69,8,1,0
BRDA:75,9,0,0
BRDA:75,9,1,0
BRDA:81,10,0,0
BRDA:81,10,1,0
BRDA:81,11,0,0
BRDA:81,11,1,0
BRDA:83,12,0,0
BRDA:83,12,1,0
BRDA:83,13,0,0
BRDA:83,13,1,0
BRDA:104,14,0,0
BRDA:104,14,1,0
BRF:36
BRH:0
end_of_record
TN:
SF:src/hooks/keyboard/useKeyboardShortcut.ts
FN:14,(anonymous_0)
FN:27,(anonymous_1)
FN:51,(anonymous_2)
FN:55,(anonymous_3)
FN:59,(anonymous_4)
FN:61,(anonymous_5)
FN:99,(anonymous_6)
FN:101,(anonymous_7)
FNF:8
FNH:8
FNDA:5,(anonymous_0)
FNDA:6,(anonymous_1)
FNDA:5,(anonymous_2)
FNDA:4,(anonymous_3)
FNDA:2,(anonymous_4)
FNDA:4,(anonymous_5)
FNDA:2,(anonymous_6)
FNDA:2,(anonymous_7)
DA:1,2
DA:14,2
DA:24,5
DA:26,5
DA:28,6
DA:30,6
DA:31,6
DA:32,6
DA:33,6
DA:35,6
DA:42,4
DA:43,4
DA:45,4
DA:51,5
DA:52,5
DA:54,4
DA:55,4
DA:59,2
DA:60,2
DA:63,4
DA:64,4
DA:70,1
DA:73,3
DA:74,4
DA:76,4
DA:77,4
DA:78,4
DA:79,4
DA:81,4
DA:88,3
DA:89,3
DA:91,3
DA:92,3
DA:99,2
DA:100,2
DA:101,2
LF:36
LH:36
BRDA:17,0,0,3
BRDA:18,1,0,5
BRDA:19,2,0,4
BRDA:20,3,0,5
BRDA:22,4,0,4
BRDA:23,5,0,4
BRDA:28,6,0,0
BRDA:28,6,1,6
BRDA:35,7,0,4
BRDA:35,7,1,2
BRDA:36,8,0,6
BRDA:36,8,1,6
BRDA:36,8,2,5
BRDA:36,8,3,5
BRDA:36,8,4,4
BRDA:42,9,0,4
BRDA:42,9,1,0
BRDA:52,10,0,1
BRDA:52,10,1,4
BRDA:64,11,0,1
BRDA:64,11,1,3
BRDA:65,12,0,4
BRDA:65,12,1,3
BRDA:65,12,2,3
BRDA:65,12,3,3
BRDA:74,13,0,0
BRDA:74,13,1,4
BRDA:76,14,0,4
BRDA:76,14,1,4
BRDA:77,15,0,4
BRDA:77,15,1,4
BRDA:78,16,0,4
BRDA:78,16,1,4
BRDA:79,17,0,4
BRDA:79,17,1,4
BRDA:81,18,0,3
BRDA:81,18,1,1
BRDA:82,19,0,4
BRDA:82,19,1,3
BRDA:82,19,2,3
BRDA:82,19,3,3
BRDA:82,19,4,3
BRDA:88,20,0,3
BRDA:88,20,1,0
BRDA:88,21,0,0
BRDA:88,21,1,3
BRDA:88,22,0,3
BRDA:88,22,1,3
BRF:48
BRH:43
end_of_record
TN:
SF:src/modules/analytics/components/APIMetricsTable.tsx
FN:10,(anonymous_1)
FN:12,(anonymous_2)
FN:38,(anonymous_3)
FNF:3
FNH:0
FNDA:0,(anonymous_1)
FNDA:0,(anonymous_2)
FNDA:0,(anonymous_3)
DA:1,0
DA:2,0
DA:4,0
DA:10,0
DA:11,0
DA:12,0
DA:14,0
DA:15,0
DA:22,0
DA:39,0
DA:40,0
DA:41,0
DA:42,0
DA:44,0
LF:14
LH:0
BRDA:14,0,0,0
BRDA:14,0,1,0
BRDA:59,1,0,0
BRDA:59,1,1,0
BRDA:62,2,0,0
BRDA:62,2,1,0
BRDA:70,3,0,0
BRDA:70,3,1,0
BRDA:79,4,0,0
BRDA:79,4,1,0
BRDA:84,5,0,0
BRDA:84,5,1,0
BRDA:88,6,0,0
BRDA:88,6,1,0
BRDA:92,7,0,0
BRDA:92,7,1,0
BRF:16
BRH:0
end_of_record
TN:
SF:src/modules/analytics/components/ComponentMetricsTable.tsx
FN:10,(anonymous_1)
FN:12,(anonymous_2)
FN:37,(anonymous_3)
FNF:3
FNH:0
FNDA:0,(anonymous_1)
FNDA:0,(anonymous_2)
FNDA:0,(anonymous_3)
DA:1,0
DA:2,0
DA:4,0
DA:10,0
DA:11,0
DA:12,0
DA:14,0
DA:15,0
DA:22,0
DA:38,0
DA:39,0
DA:41,0
LF:12
LH:0
BRDA:14,0,0,0
BRDA:14,0,1,0
BRDA:53,1,0,0
BRDA:53,1,1,0
BRDA:62,2,0,0
BRDA:62,2,1,0
BRDA:70,3,0,0
BRDA:70,3,1,0
BRDA:74,4,0,0
BRDA:74,4,1,0
BRF:10
BRH:0
end_of_record
TN:
SF:src/modules/analytics/components/OrderHistoryTable.tsx
FN:15,(anonymous_1)
FN:22,(anonymous_2)
FN:38,(anonymous_3)
FN:47,(anonymous_4)
FN:89,(anonymous_5)
FN:95,(anonymous_6)
FN:136,(anonymous_7)
FN:145,(anonymous_8)
FNF:8
FNH:0
FNDA:0,(anonymous_1)
FNDA:0,(anonymous_2)
FNDA:0,(anonymous_3)
FNDA:0,(anonymous_4)
FNDA:0,(anonymous_5)
FNDA:0,(anonymous_6)
FNDA:0,(anonymous_7)
FNDA:0,(anonymous_8)
DA:1,0
DA:2,0
DA:3,0
DA:4,0
DA:15,0
DA:22,0
DA:23,0
DA:29,0
DA:31,0
DA:38,0
DA:39,0
DA:47,0
DA:48,0
DA:54,0
DA:55,0
DA:63,0
DA:64,0
DA:71,0
DA:90,0
DA:96,0
DA:136,0
DA:145,0
LF:22
LH:0
BRDA:29,0,0,0
BRDA:29,0,1,0
BRDA:54,1,0,0
BRDA:54,1,1,0
BRDA:63,2,0,0
BRDA:63,2,1,0
BRDA:100,3,0,0
BRDA:100,3,1,0
BRDA:112,4,0,0
BRDA:112,4,1,0
BRDA:115,5,0,0
BRDA:115,5,1,0
BRDA:127,6,0,0
BRDA:127,6,1,0
BRF:14
BRH:0
end_of_record
TN:
SF:src/modules/analytics/components/OrderStatisticsCards.tsx
FN:19,(anonymous_1)
FN:20,(anonymous_2)
FN:55,(anonymous_3)
FN:56,(anonymous_4)
FN:56,(anonymous_5)
FN:64,(anonymous_6)
FNF:6
FNH:0
FNDA:0,(anonymous_1)
FNDA:0,(anonymous_2)
FNDA:0,(anonymous_3)
FNDA:0,(anonymous_4)
FNDA:0,(anonymous_5)
FNDA:0,(anonymous_6)
DA:1,0
DA:2,0
DA:3,0
DA:19,0
DA:20,0
DA:21,0
DA:27,0
DA:31,0
DA:55,0
DA:56,0
DA:62,0
DA:65,0
LF:12
LH:0
BRDA:27,0,0,0
BRDA:27,0,1,0
BRDA:56,1,0,0
BRDA:56,1,1,0
BRDA:56,2,0,0
BRDA:56,2,1,0
BRDA:56,3,0,0
BRDA:56,3,1,0
BRF:8
BRH:0
end_of_record
TN:
SF:src/modules/analytics/components/PerformanceChart.tsx
FN:9,(anonymous_1)
FN:26,(anonymous_2)
FN:27,(anonymous_3)
FN:28,(anonymous_4)
FN:36,(anonymous_5)
FN:44,(anonymous_6)
FN:52,(anonymous_7)
FN:60,(anonymous_8)
FN:105,(anonymous_9)
FN:126,(anonymous_10)
FNF:10
FNH:0
FNDA:0,(anonymous_1)
FNDA:0,(anonymous_2)
FNDA:0,(anonymous_3)
FNDA:0,(anonymous_4)
FNDA:0,(anonymous_5)
FNDA:0,(anonymous_6)
FNDA:0,(anonymous_7)
FNDA:0,(anonymous_8)
FNDA:0,(anonymous_9)
FNDA:0,(anonymous_10)
DA:1,0
DA:9,0
DA:10,0
DA:11,0
DA:19,0
DA:20,0
DA:21,0
DA:22,0
DA:23,0
DA:26,0
DA:27,0
DA:28,0
DA:29,0
DA:32,0
DA:35,0
DA:37,0
DA:38,0
DA:39,0
DA:44,0
DA:52,0
DA:57,0
DA:61,0
DA:106,0
DA:127,0
LF:24
LH:0
BRDA:10,0,0,0
BRDA:10,0,1,0
BRDA:29,1,0,0
BRDA:29,1,1,0
BRDA:32,2,0,0
BRDA:32,2,1,0
BRDA:39,3,0,0
BRDA:39,3,1,0
BRDA:48,4,0,0
BRDA:48,4,1,0
BRDA:133,5,0,0
BRDA:133,5,1,0
BRDA:135,6,0,0
BRDA:135,6,1,0
BRDA:151,7,0,0
BRDA:151,7,1,0
BRF:16
BRH:0
end_of_record
TN:
SF:src/modules/filters/components/FilterBar.tsx
FN:19,(anonymous_9)
FNF:1
FNH:0
FNDA:0,(anonymous_9)
DA:1,0
DA:2,0
DA:3,0
DA:4,0
DA:5,0
DA:8,0
DA:19,0
DA:27,0
DA:54,0
LF:9
LH:0
BRDA:30,0,0,0
BRDA:30,0,1,0
BRDA:35,1,0,0
BRDA:35,1,1,0
BRDA:39,2,0,0
BRDA:39,2,1,0
BRF:6
BRH:0
end_of_record
TN:
SF:src/modules/filters/components/SearchFilter.tsx
FN:13,(anonymous_9)
FN:22,(anonymous_10)
FN:28,(anonymous_11)
FN:38,(anonymous_12)
FNF:4
FNH:0
FNDA:0,(anonymous_9)
FNDA:0,(anonymous_10)
FNDA:0,(anonymous_11)
FNDA:0,(anonymous_12)
DA:1,0
DA:2,0
DA:3,0
DA:4,0
DA:13,0
DA:19,0
DA:20,0
DA:22,0
DA:23,0
DA:24,0
DA:28,0
DA:29,0
DA:32,0
DA:38,0
DA:46,0
LF:15
LH:0
BRDA:16,0,0,0
BRDA:17,1,0,0
BRDA:23,2,0,0
BRDA:23,2,1,0
BRF:4
BRH:0
end_of_record
TN:
SF:src/modules/filters/components/StatusFilter.tsx
FN:21,(anonymous_9)
FN:27,(anonymous_10)
FN:32,(anonymous_11)
FNF:3
FNH:0
FNDA:0,(anonymous_9)
FNDA:0,(anonymous_10)
FNDA:0,(anonymous_11)
DA:1,0
DA:2,0
DA:12,0
DA:21,0
DA:26,0
DA:27,0
DA:33,0
DA:47,0
LF:8
LH:0
BRDA:24,0,0,0
BRDA:35,1,0,0
BRDA:35,1,1,0
BRF:3
BRH:0
end_of_record
TN:
SF:src/modules/filters/hooks/useOrderFilters.ts
FN:21,(anonymous_0)
FN:27,(anonymous_1)
FN:28,(anonymous_2)
FN:31,(anonymous_3)
FN:32,(anonymous_4)
FN:35,(anonymous_5)
FN:36,(anonymous_6)
FN:39,(anonymous_7)
FN:40,(anonymous_8)
FN:43,(anonymous_9)
FN:47,(anonymous_10)
FNF:11
FNH:11
FNDA:17,(anonymous_0)
FNDA:4,(anonymous_1)
FNDA:4,(anonymous_2)
FNDA:3,(anonymous_3)
FNDA:3,(anonymous_4)
FNDA:1,(anonymous_5)
FNDA:1,(anonymous_6)
FNDA:3,(anonymous_7)
FNDA:3,(anonymous_8)
FNDA:1,(anonymous_9)
FNDA:17,(anonymous_10)
DA:1,1
DA:15,1
DA:21,1
DA:22,17
DA:27,17
DA:28,4
DA:31,17
DA:32,3
DA:35,17
DA:36,1
DA:39,17
DA:40,3
DA:43,17
DA:44,1
DA:47,17
DA:48,17
DA:56,17
LF:17
LH:17
BRDA:49,0,0,17
BRDA:49,0,1,13
BRDA:49,0,2,12
BRDA:49,0,3,11
BRF:4
BRH:4
end_of_record
TN:
SF:src/modules/filters/types/index.ts
FNF:0
FNH:0
DA:1,0
LF:1
LH:0
BRF:0
BRH:0
end_of_record
TN:
SF:src/modules/floor-plan/components/FloorPlanCanvas.tsx
FN:21,FloorPlanCanvas
FN:49,(anonymous_10)
FN:86,(anonymous_11)
FN:93,(anonymous_12)
FN:101,(anonymous_13)
FN:237,(anonymous_14)
FN:262,(anonymous_15)
FN:282,(anonymous_16)
FN:309,(anonymous_17)
FN:317,(anonymous_18)
FN:345,(anonymous_19)
FN:367,(anonymous_20)
FN:392,(anonymous_21)
FN:418,(anonymous_22)
FN:474,(anonymous_23)
FN:489,(anonymous_24)
FN:505,(anonymous_25)
FN:512,(anonymous_26)
FNF:18
FNH:0
FNDA:0,FloorPlanCanvas
FNDA:0,(anonymous_10)
FNDA:0,(anonymous_11)
FNDA:0,(anonymous_12)
FNDA:0,(anonymous_13)
FNDA:0,(anonymous_14)
FNDA:0,(anonymous_15)
FNDA:0,(anonymous_16)
FNDA:0,(anonymous_17)
FNDA:0,(anonymous_18)
FNDA:0,(anonymous_19)
FNDA:0,(anonymous_20)
FNDA:0,(anonymous_21)
FNDA:0,(anonymous_22)
FNDA:0,(anonymous_23)
FNDA:0,(anonymous_24)
FNDA:0,(anonymous_25)
FNDA:0,(anonymous_26)
DA:1,0
DA:21,0
DA:37,0
DA:38,0
DA:39,0
DA:40,0
DA:41,0
DA:42,0
DA:43,0
DA:44,0
DA:45,0
DA:46,0
DA:47,0
DA:49,0
DA:50,0
DA:51,0
DA:52,0
DA:55,0
DA:56,0
DA:59,0
DA:60,0
DA:61,0
DA:62,0
DA:63,0
DA:67,0
DA:68,0
DA:69,0
DA:70,0
DA:71,0
DA:75,0
DA:76,0
DA:77,0
DA:78,0
DA:79,0
DA:80,0
DA:81,0
DA:86,0
DA:87,0
DA:89,0
DA:90,0
DA:91,0
DA:93,0
DA:94,0
DA:95,0
DA:96,0
DA:97,0
DA:101,0
DA:102,0
DA:103,0
DA:104,0
DA:107,0
DA:108,0
DA:109,0
DA:110,0
DA:114,0
DA:115,0
DA:117,0
DA:121,0
DA:122,0
DA:123,0
DA:124,0
DA:125,0
DA:126,0
DA:128,0
DA:129,0
DA:132,0
DA:135,0
DA:136,0
DA:137,0
DA:138,0
DA:140,0
DA:141,0
DA:142,0
DA:144,0
DA:145,0
DA:146,0
DA:147,0
DA:148,0
DA:149,0
DA:150,0
DA:151,0
DA:152,0
DA:153,0
DA:154,0
DA:155,0
DA:159,0
DA:160,0
DA:161,0
DA:162,0
DA:165,0
DA:167,0
DA:168,0
DA:169,0
DA:170,0
DA:171,0
DA:172,0
DA:174,0
DA:175,0
DA:176,0
DA:178,0
DA:179,0
DA:180,0
DA:181,0
DA:182,0
DA:183,0
DA:184,0
DA:185,0
DA:186,0
DA:187,0
DA:188,0
DA:189,0
DA:193,0
DA:194,0
DA:195,0
DA:196,0
DA:197,0
DA:198,0
DA:200,0
DA:201,0
DA:202,0
DA:204,0
DA:205,0
DA:206,0
DA:207,0
DA:208,0
DA:209,0
DA:210,0
DA:211,0
DA:212,0
DA:213,0
DA:214,0
DA:215,0
DA:219,0
DA:223,0
DA:224,0
DA:225,0
DA:226,0
DA:227,0
DA:230,0
DA:231,0
DA:232,0
DA:234,0
DA:237,0
DA:238,0
DA:239,0
DA:241,0
DA:242,0
DA:249,0
DA:262,0
DA:263,0
DA:264,0
DA:267,0
DA:268,0
DA:269,0
DA:270,0
DA:272,0
DA:273,0
DA:274,0
DA:275,0
DA:279,0
DA:282,0
DA:283,0
DA:284,0
DA:286,0
DA:287,0
DA:290,0
DA:291,0
DA:294,0
DA:297,0
DA:298,0
DA:301,0
DA:302,0
DA:303,0
DA:304,0
DA:305,0
DA:309,0
DA:310,0
DA:314,0
DA:317,0
DA:319,0
DA:320,0
DA:322,0
DA:323,0
DA:324,0
DA:325,0
DA:326,0
DA:327,0
DA:330,0
DA:331,0
DA:332,0
DA:338,0
DA:342,0
DA:345,0
DA:346,0
DA:347,0
DA:349,0
DA:350,0
DA:351,0
DA:354,0
DA:355,0
DA:358,0
DA:359,0
DA:360,0
DA:361,0
DA:362,0
DA:366,0
DA:367,0
DA:368,0
DA:369,0
DA:370,0
DA:371,0
DA:372,0
DA:373,0
DA:374,0
DA:375,0
DA:376,0
DA:381,0
DA:382,0
DA:383,0
DA:384,0
DA:385,0
DA:386,0
DA:388,0
DA:392,0
DA:393,0
DA:394,0
DA:396,0
DA:397,0
DA:398,0
DA:401,0
DA:402,0
DA:405,0
DA:406,0
DA:407,0
DA:408,0
DA:412,0
DA:413,0
DA:417,0
DA:418,0
DA:419,0
DA:421,0
DA:422,0
DA:425,0
DA:426,0
DA:427,0
DA:428,0
DA:430,0
DA:431,0
DA:433,0
DA:434,0
DA:436,0
DA:438,0
DA:439,0
DA:440,0
DA:441,0
DA:442,0
DA:445,0
DA:448,0
DA:449,0
DA:450,0
DA:451,0
DA:455,0
DA:456,0
DA:457,0
DA:460,0
DA:461,0
DA:465,0
DA:466,0
DA:467,0
DA:468,0
DA:469,0
DA:473,0
DA:474,0
DA:475,0
DA:476,0
DA:477,0
DA:478,0
DA:479,0
DA:480,0
DA:485,0
DA:486,0
DA:489,0
DA:490,0
DA:491,0
DA:492,0
DA:493,0
DA:494,0
DA:495,0
DA:496,0
DA:498,0
DA:499,0
DA:500,0
DA:505,0
DA:506,0
DA:507,0
DA:508,0
DA:509,0
DA:512,0
DA:513,0
DA:516,0
LF:300
LH:0
BRDA:114,0,0,0
BRDA:114,0,1,0
BRDA:121,1,0,0
BRDA:121,1,1,0
BRDA:124,2,0,0
BRDA:124,2,1,0
BRDA:135,3,0,0
BRDA:135,3,1,0
BRDA:165,4,0,0
BRDA:165,4,1,0
BRDA:169,5,0,0
BRDA:169,5,1,0
BRDA:195,6,0,0
BRDA:195,6,1,0
BRDA:241,7,0,0
BRDA:241,7,1,0
BRDA:274,8,0,0
BRDA:274,8,1,0
BRDA:284,9,0,0
BRDA:284,9,1,0
BRDA:287,10,0,0
BRDA:287,10,1,0
BRDA:301,11,0,0
BRDA:301,11,1,0
BRDA:324,12,0,0
BRDA:324,12,1,0
BRDA:326,13,0,0
BRDA:326,13,1,0
BRDA:332,14,0,0
BRDA:332,14,1,0
BRDA:333,15,0,0
BRDA:333,15,1,0
BRDA:333,15,2,0
BRDA:333,15,3,0
BRDA:347,16,0,0
BRDA:347,16,1,0
BRDA:358,17,0,0
BRDA:358,17,1,0
BRDA:358,18,0,0
BRDA:358,18,1,0
BRDA:358,18,2,0
BRDA:366,19,0,0
BRDA:366,19,1,0
BRDA:368,20,0,0
BRDA:368,20,1,0
BRDA:370,21,0,0
BRDA:370,21,1,0
BRDA:382,22,0,0
BRDA:382,22,1,0
BRDA:383,23,0,0
BRDA:383,23,1,0
BRDA:383,24,0,0
BRDA:383,24,1,0
BRDA:388,25,0,0
BRDA:388,25,1,0
BRDA:388,26,0,0
BRDA:388,26,1,0
BRDA:394,27,0,0
BRDA:394,27,1,0
BRDA:405,28,0,0
BRDA:405,28,1,0
BRDA:408,29,0,0
BRDA:408,29,1,0
BRDA:408,30,0,0
BRDA:408,30,1,0
BRDA:417,31,0,0
BRDA:417,31,1,0
BRDA:417,32,0,0
BRDA:417,32,1,0
BRDA:417,32,2,0
BRDA:419,33,0,0
BRDA:419,33,1,0
BRDA:436,34,0,0
BRDA:436,34,1,0
BRDA:439,35,0,0
BRDA:439,35,1,0
BRDA:439,36,0,0
BRDA:439,36,1,0
BRDA:440,37,0,0
BRDA:440,37,1,0
BRDA:441,38,0,0
BRDA:441,38,1,0
BRDA:441,39,0,0
BRDA:441,39,1,0
BRDA:442,40,0,0
BRDA:442,40,1,0
BRDA:448,41,0,0
BRDA:448,41,1,0
BRDA:449,42,0,0
BRDA:449,42,1,0
BRDA:450,43,0,0
BRDA:450,43,1,0
BRDA:451,44,0,0
BRDA:451,44,1,0
BRDA:455,45,0,0
BRDA:455,45,1,0
BRDA:460,46,0,0
BRDA:460,46,1,0
BRDA:460,47,0,0
BRDA:460,47,1,0
BRDA:465,48,0,0
BRDA:465,48,1,0
BRDA:465,49,0,0
BRDA:465,49,1,0
BRDA:468,50,0,0
BRDA:468,50,1,0
BRDA:468,51,0,0
BRDA:468,51,1,0
BRDA:473,52,0,0
BRDA:473,52,1,0
BRDA:475,53,0,0
BRDA:475,53,1,0
BRDA:477,54,0,0
BRDA:477,54,1,0
BRDA:486,55,0,0
BRDA:486,55,1,0
BRDA:486,56,0,0
BRDA:486,56,1,0
BRDA:499,57,0,0
BRDA:499,57,1,0
BRDA:507,58,0,0
BRDA:507,58,1,0
BRDA:509,59,0,0
BRDA:509,59,1,0
BRDA:509,60,0,0
BRDA:509,60,1,0
BRF:126
BRH:0
end_of_record
TN:
SF:src/modules/floor-plan/components/FloorPlanEditor.tsx
FN:13,FloorPlanEditor
FN:18,(anonymous_10)
FN:19,(anonymous_11)
FN:28,(anonymous_12)
FN:33,(anonymous_13)
FN:60,(anonymous_14)
FN:68,(anonymous_15)
FN:74,(anonymous_16)
FN:87,(anonymous_17)
FN:96,(anonymous_18)
FN:102,(anonymous_19)
FN:106,(anonymous_20)
FN:110,(anonymous_21)
FN:114,(anonymous_22)
FN:119,(anonymous_23)
FN:120,(anonymous_24)
FN:141,(anonymous_25)
FN:183,(anonymous_26)
FNF:18
FNH:0
FNDA:0,FloorPlanEditor
FNDA:0,(anonymous_10)
FNDA:0,(anonymous_11)
FNDA:0,(anonymous_12)
FNDA:0,(anonymous_13)
FNDA:0,(anonymous_14)
FNDA:0,(anonymous_15)
FNDA:0,(anonymous_16)
FNDA:0,(anonymous_17)
FNDA:0,(anonymous_18)
FNDA:0,(anonymous_19)
FNDA:0,(anonymous_20)
FNDA:0,(anonymous_21)
FNDA:0,(anonymous_22)
FNDA:0,(anonymous_23)
FNDA:0,(anonymous_24)
FNDA:0,(anonymous_25)
FNDA:0,(anonymous_26)
DA:1,0
DA:3,0
DA:4,0
DA:5,0
DA:6,0
DA:13,0
DA:14,0
DA:15,0
DA:18,0
DA:19,0
DA:20,0
DA:21,0
DA:22,0
DA:26,0
DA:27,0
DA:28,0
DA:32,0
DA:34,0
DA:35,0
DA:37,0
DA:59,0
DA:61,0
DA:62,0
DA:63,0
DA:68,0
DA:69,0
DA:70,0
DA:71,0
DA:74,0
DA:75,0
DA:76,0
DA:77,0
DA:83,0
DA:86,0
DA:88,0
DA:89,0
DA:90,0
DA:95,0
DA:97,0
DA:102,0
DA:103,0
DA:106,0
DA:107,0
DA:110,0
DA:111,0
DA:114,0
DA:115,0
DA:119,0
DA:120,0
DA:122,0
DA:123,0
DA:126,0
DA:127,0
DA:130,0
DA:131,0
DA:134,0
DA:135,0
DA:136,0
DA:140,0
DA:141,0
DA:144,0
DA:183,0
LF:62
LH:0
BRDA:20,0,0,0
BRDA:20,0,1,0
BRDA:35,1,0,0
BRDA:35,1,1,0
BRDA:40,2,0,0
BRDA:40,2,1,0
BRDA:43,3,0,0
BRDA:43,3,1,0
BRDA:46,4,0,0
BRDA:46,4,1,0
BRDA:47,5,0,0
BRDA:47,5,1,0
BRDA:47,6,0,0
BRDA:47,6,1,0
BRDA:69,7,0,0
BRDA:69,7,1,0
BRDA:75,8,0,0
BRDA:75,8,1,0
BRDA:88,9,0,0
BRDA:88,9,1,0
BRDA:89,10,0,0
BRDA:89,10,1,0
BRDA:103,11,0,0
BRDA:103,11,1,0
BRDA:103,12,0,0
BRDA:103,12,1,0
BRDA:122,13,0,0
BRDA:122,13,1,0
BRDA:122,14,0,0
BRDA:122,14,1,0
BRDA:126,15,0,0
BRDA:126,15,1,0
BRDA:126,16,0,0
BRDA:126,16,1,0
BRDA:126,16,2,0
BRDA:126,16,3,0
BRDA:126,16,4,0
BRDA:130,17,0,0
BRDA:130,17,1,0
BRDA:130,18,0,0
BRDA:130,18,1,0
BRDA:130,18,2,0
BRDA:130,18,3,0
BRDA:130,18,4,0
BRDA:130,18,5,0
BRDA:134,19,0,0
BRDA:134,19,1,0
BRDA:134,20,0,0
BRDA:134,20,1,0
BRDA:134,20,2,0
BRDA:134,20,3,0
BRF:51
BRH:0
end_of_record
TN:
SF:src/modules/floor-plan/components/FloorPlanSidePanel.tsx
FN:12,FloorPlanSidePanel
FN:33,(anonymous_2)
FN:46,(anonymous_3)
FN:55,(anonymous_4)
FN:79,(anonymous_5)
FN:88,(anonymous_6)
FN:100,(anonymous_7)
FN:109,(anonymous_8)
FN:123,(anonymous_9)
FN:150,(anonymous_10)
FN:160,(anonymous_11)
FNF:11
FNH:0
FNDA:0,FloorPlanSidePanel
FNDA:0,(anonymous_2)
FNDA:0,(anonymous_3)
FNDA:0,(anonymous_4)
FNDA:0,(anonymous_5)
FNDA:0,(anonymous_6)
FNDA:0,(anonymous_7)
FNDA:0,(anonymous_8)
FNDA:0,(anonymous_9)
FNDA:0,(anonymous_10)
FNDA:0,(anonymous_11)
DA:1,0
DA:3,0
DA:12,0
DA:18,0
DA:33,0
DA:46,0
DA:55,0
DA:79,0
DA:88,0
DA:100,0
DA:109,0
DA:123,0
DA:151,0
DA:152,0
DA:160,0
LF:15
LH:0
BRDA:21,0,0,0
BRDA:21,0,1,0
BRDA:46,1,0,0
BRDA:46,1,1,0
BRDA:79,2,0,0
BRDA:79,2,1,0
BRDA:88,3,0,0
BRDA:88,3,1,0
BRDA:100,4,0,0
BRDA:100,4,1,0
BRDA:109,5,0,0
BRDA:109,5,1,0
BRDA:145,6,0,0
BRDA:145,6,1,0
BRDA:151,7,0,0
BRDA:151,7,1,0
BRDA:151,8,0,0
BRDA:151,8,1,0
BRDA:156,9,0,0
BRDA:156,9,1,0
BRDA:163,10,0,0
BRDA:163,10,1,0
BRDA:165,11,0,0
BRDA:165,11,1,0
BRDA:165,12,0,0
BRDA:165,12,1,0
BRDA:166,13,0,0
BRDA:166,13,1,0
BRDA:166,14,0,0
BRDA:166,14,1,0
BRDA:167,15,0,0
BRDA:167,15,1,0
BRDA:167,16,0,0
BRDA:167,16,1,0
BRDA:170,17,0,0
BRDA:170,17,1,0
BRDA:173,18,0,0
BRDA:173,18,1,0
BRDA:178,19,0,0
BRDA:178,19,1,0
BRDA:179,20,0,0
BRDA:179,20,1,0
BRDA:187,21,0,0
BRDA:187,21,1,0
BRF:44
BRH:0
end_of_record
TN:
SF:src/modules/floor-plan/components/FloorPlanToolbar.tsx
FN:26,FloorPlanToolbar
FN:55,(anonymous_2)
FN:64,(anonymous_3)
FN:73,(anonymous_4)
FNF:4
FNH:0
FNDA:0,FloorPlanToolbar
FNDA:0,(anonymous_2)
FNDA:0,(anonymous_3)
FNDA:0,(anonymous_4)
DA:1,0
DA:2,0
DA:3,0
DA:26,0
DA:45,0
DA:55,0
DA:64,0
DA:73,0
LF:8
LH:0
BRDA:117,0,0,0
BRDA:117,0,1,0
BRDA:130,1,0,0
BRDA:130,1,1,0
BRF:4
BRH:0
end_of_record
TN:
SF:src/modules/floor-plan/hooks/useFloorPlanReducer.ts
FN:20,floorPlanReducer
FN:32,(anonymous_1)
FN:40,(anonymous_2)
FN:142,useFloorPlanReducer
FN:145,(anonymous_4)
FN:147,(anonymous_5)
FN:162,(anonymous_6)
FN:163,(anonymous_7)
FN:164,(anonymous_8)
FN:166,(anonymous_9)
FN:167,(anonymous_10)
FN:168,(anonymous_11)
FN:169,(anonymous_12)
FN:171,(anonymous_13)
FN:172,(anonymous_14)
FN:174,(anonymous_15)
FN:175,(anonymous_16)
FN:176,(anonymous_17)
FN:177,(anonymous_18)
FN:179,(anonymous_19)
FN:180,(anonymous_20)
FN:181,(anonymous_21)
FN:182,(anonymous_22)
FNF:23
FNH:0
FNDA:0,floorPlanReducer
FNDA:0,(anonymous_1)
FNDA:0,(anonymous_2)
FNDA:0,useFloorPlanReducer
FNDA:0,(anonymous_4)
FNDA:0,(anonymous_5)
FNDA:0,(anonymous_6)
FNDA:0,(anonymous_7)
FNDA:0,(anonymous_8)
FNDA:0,(anonymous_9)
FNDA:0,(anonymous_10)
FNDA:0,(anonymous_11)
FNDA:0,(anonymous_12)
FNDA:0,(anonymous_13)
FNDA:0,(anonymous_14)
FNDA:0,(anonymous_15)
FNDA:0,(anonymous_16)
FNDA:0,(anonymous_17)
FNDA:0,(anonymous_18)
FNDA:0,(anonymous_19)
FNDA:0,(anonymous_20)
FNDA:0,(anonymous_21)
FNDA:0,(anonymous_22)
DA:1,0
DA:4,0
DA:21,0
DA:23,0
DA:30,0
DA:33,0
DA:38,0
DA:40,0
DA:45,0
DA:51,0
DA:57,0
DA:63,0
DA:69,0
DA:75,0
DA:81,0
DA:87,0
DA:93,0
DA:101,0
DA:109,0
DA:116,0
DA:117,0
DA:118,0
DA:127,0
DA:128,0
DA:129,0
DA:138,0
DA:142,0
DA:143,0
DA:145,0
DA:147,0
DA:162,0
DA:163,0
DA:165,0
DA:166,0
DA:167,0
DA:168,0
DA:170,0
DA:171,0
DA:173,0
DA:174,0
DA:175,0
DA:176,0
DA:178,0
DA:179,0
DA:180,0
DA:181,0
DA:182,0
DA:185,0
LF:48
LH:0
BRDA:21,0,0,0
BRDA:21,0,1,0
BRDA:21,0,2,0
BRDA:21,0,3,0
BRDA:21,0,4,0
BRDA:21,0,5,0
BRDA:21,0,6,0
BRDA:21,0,7,0
BRDA:21,0,8,0
BRDA:21,0,9,0
BRDA:21,0,10,0
BRDA:21,0,11,0
BRDA:21,0,12,0
BRDA:21,0,13,0
BRDA:21,0,14,0
BRDA:21,0,15,0
BRDA:21,0,16,0
BRDA:33,1,0,0
BRDA:33,1,1,0
BRDA:41,2,0,0
BRDA:41,2,1,0
BRDA:116,3,0,0
BRDA:116,3,1,0
BRDA:127,4,0,0
BRDA:127,4,1,0
BRF:25
BRH:0
end_of_record
TN:
SF:src/modules/kitchen/components/AnimatedKDSOrderCard.tsx
FN:9,(anonymous_10)
FN:15,(anonymous_11)
FN:41,(anonymous_12)
FN:45,(anonymous_13)
FNF:4
FNH:0
FNDA:0,(anonymous_10)
FNDA:0,(anonymous_11)
FNDA:0,(anonymous_12)
FNDA:0,(anonymous_13)
DA:1,0
DA:2,0
DA:3,0
DA:9,0
DA:10,0
DA:11,0
DA:12,0
DA:13,0
DA:15,0
DA:17,0
DA:19,0
DA:20,0
DA:23,0
DA:24,0
DA:28,0
DA:29,0
DA:30,0
DA:31,0
DA:32,0
DA:33,0
DA:34,0
DA:38,0
DA:41,0
DA:42,0
DA:45,0
DA:46,0
DA:47,0
DA:53,0
DA:66,0
LF:29
LH:0
BRDA:17,0,0,0
BRDA:17,0,1,0
BRDA:23,1,0,0
BRDA:23,1,1,0
BRDA:29,2,0,0
BRDA:29,2,1,0
BRDA:29,3,0,0
BRDA:29,3,1,0
BRDA:31,4,0,0
BRDA:31,4,1,0
BRDA:31,5,0,0
BRDA:31,5,1,0
BRDA:33,6,0,0
BRDA:33,6,1,0
BRDA:33,7,0,0
BRDA:33,7,1,0
BRDA:46,8,0,0
BRDA:46,8,1,0
BRF:18
BRH:0
end_of_record
TN:
SF:src/modules/kitchen/components/KDSLayout.tsx
FN:15,(anonymous_1)
FN:29,(anonymous_2)
FN:38,(anonymous_3)
FNF:3
FNH:0
FNDA:0,(anonymous_1)
FNDA:0,(anonymous_2)
FNDA:0,(anonymous_3)
DA:1,0
DA:2,0
DA:3,0
DA:4,0
DA:15,0
DA:21,0
DA:29,0
DA:38,0
LF:8
LH:0
BRDA:27,0,0,0
BRDA:27,0,1,0
BRDA:36,1,0,0
BRDA:36,1,1,0
BRDA:50,2,0,0
BRDA:50,2,1,0
BRDA:51,3,0,0
BRDA:51,3,1,0
BRF:8
BRH:0
end_of_record
TN:
SF:src/modules/kitchen/components/KDSOrderCard.tsx
FN:24,(anonymous_9)
FN:35,(anonymous_10)
FN:110,(anonymous_11)
FNF:3
FNH:3
FNDA:14,(anonymous_9)
FNDA:14,(anonymous_10)
FNDA:1,(anonymous_11)
DA:1,1
DA:2,1
DA:3,1
DA:4,1
DA:5,1
DA:6,1
DA:24,1
DA:35,14
DA:36,14
DA:37,14
DA:39,14
DA:40,12
DA:41,12
DA:42,11
DA:45,14
DA:49,14
DA:56,14
DA:121,1
LF:18
LH:18
BRDA:30,0,0,14
BRDA:39,1,0,12
BRDA:39,1,1,2
BRDA:40,2,0,0
BRDA:40,2,1,12
BRDA:41,3,0,1
BRDA:41,3,1,11
BRDA:42,4,0,0
BRDA:42,4,1,11
BRDA:62,5,0,14
BRDA:62,5,1,2
BRDA:64,6,0,14
BRDA:64,6,1,0
BRDA:65,7,0,14
BRDA:65,7,1,14
BRDA:69,8,0,14
BRDA:69,8,1,1
BRDA:69,8,2,1
BRDA:72,9,0,1
BRDA:72,9,1,0
BRDA:73,10,0,1
BRDA:73,10,1,1
BRDA:74,11,0,1
BRDA:74,11,1,0
BRDA:81,12,0,14
BRDA:81,12,1,0
BRDA:91,13,0,14
BRDA:91,13,1,0
BRDA:92,14,0,14
BRDA:92,14,1,14
BRDA:94,15,0,0
BRDA:94,15,1,14
BRDA:110,16,0,14
BRDA:110,16,1,1
BRF:34
BRH:26
end_of_record
TN:
SF:src/modules/kitchen/components/KDSOrderListItem.tsx
FN:23,(anonymous_9)
FN:34,(anonymous_10)
FN:37,(anonymous_11)
FN:51,(anonymous_12)
FN:80,(anonymous_13)
FN:93,(anonymous_14)
FN:104,(anonymous_15)
FNF:7
FNH:0
FNDA:0,(anonymous_9)
FNDA:0,(anonymous_10)
FNDA:0,(anonymous_11)
FNDA:0,(anonymous_12)
FNDA:0,(anonymous_13)
FNDA:0,(anonymous_14)
FNDA:0,(anonymous_15)
DA:1,0
DA:2,0
DA:3,0
DA:4,0
DA:5,0
DA:6,0
DA:7,0
DA:8,0
DA:23,0
DA:34,0
DA:35,0
DA:37,0
DA:38,0
DA:39,0
DA:41,0
DA:42,0
DA:44,0
DA:47,0
DA:51,0
DA:53,0
DA:81,0
DA:93,0
DA:105,0
DA:128,0
LF:24
LH:0
BRDA:39,0,0,0
BRDA:39,0,1,0
BRDA:41,1,0,0
BRDA:41,1,1,0
BRDA:56,2,0,0
BRDA:56,2,1,0
BRDA:77,3,0,0
BRDA:77,3,1,0
BRDA:82,4,0,0
BRDA:82,4,1,0
BRDA:109,5,0,0
BRDA:109,5,1,0
BRF:12
BRH:0
end_of_record
TN:
SF:src/modules/kitchen/components/StationFilter.tsx
FN:12,(anonymous_1)
FN:17,(anonymous_2)
FN:24,(anonymous_3)
FN:29,(anonymous_4)
FN:34,(anonymous_5)
FNF:5
FNH:0
FNDA:0,(anonymous_1)
FNDA:0,(anonymous_2)
FNDA:0,(anonymous_3)
FNDA:0,(anonymous_4)
FNDA:0,(anonymous_5)
DA:1,0
DA:2,0
DA:3,0
DA:5,0
DA:12,0
DA:16,0
DA:17,0
DA:19,0
DA:24,0
DA:30,0
DA:34,0
LF:11
LH:0
BRDA:22,0,0,0
BRDA:22,0,1,0
BRDA:32,1,0,0
BRDA:32,1,1,0
BRF:4
BRH:0
end_of_record
TN:
SF:src/modules/orders/index.ts
FN:13,(anonymous_4)
FN:13,(anonymous_5)
FNF:2
FNH:0
FNDA:0,(anonymous_4)
FNDA:0,(anonymous_5)
DA:4,0
DA:7,0
DA:10,0
DA:13,0
LF:4
LH:0
BRF:0
BRH:0
end_of_record
TN:
SF:src/modules/orders/components/index.ts
FNF:0
FNH:0
DA:1,0
DA:2,0
DA:3,0
LF:3
LH:0
BRF:0
BRH:0
end_of_record
TN:
SF:src/modules/orders/components/OrderActions/OrderActionsBar.tsx
FN:14,(anonymous_9)
FN:20,(anonymous_10)
FN:33,(anonymous_11)
FN:64,(anonymous_12)
FN:81,(anonymous_13)
FNF:5
FNH:0
FNDA:0,(anonymous_9)
FNDA:0,(anonymous_10)
FNDA:0,(anonymous_11)
FNDA:0,(anonymous_12)
FNDA:0,(anonymous_13)
DA:1,0
DA:2,0
DA:3,0
DA:5,0
DA:14,0
DA:20,0
DA:21,0
DA:23,0
DA:25,0
DA:27,0
DA:29,0
DA:33,0
DA:34,0
DA:35,0
DA:37,0
DA:56,0
DA:58,0
DA:60,0
DA:62,0
DA:64,0
DA:74,0
DA:76,0
DA:81,0
DA:92,0
LF:24
LH:0
BRDA:21,0,0,0
BRDA:21,0,1,0
BRDA:21,0,2,0
BRDA:21,0,3,0
BRDA:35,1,0,0
BRDA:35,1,1,0
BRDA:56,2,0,0
BRDA:56,2,1,0
BRDA:56,3,0,0
BRDA:56,3,1,0
BRDA:74,4,0,0
BRDA:74,4,1,0
BRDA:79,5,0,0
BRDA:79,5,1,0
BRF:14
BRH:0
end_of_record
TN:
SF:src/modules/orders/components/OrderCard/OrderCard.tsx
FN:21,(anonymous_9)
FN:31,(anonymous_10)
FNF:2
FNH:2
FNDA:10,(anonymous_9)
FNDA:10,(anonymous_10)
DA:1,1
DA:2,1
DA:3,1
DA:4,1
DA:5,1
DA:6,1
DA:21,1
DA:31,10
DA:32,10
DA:33,10
DA:36,10
DA:60,1
LF:12
LH:12
BRDA:33,0,0,10
BRDA:33,0,1,2
BRDA:39,1,0,10
BRDA:39,1,1,1
BRF:4
BRH:4
end_of_record
TN:
SF:src/modules/orders/components/OrderList/OrderList.tsx
FN:14,(anonymous_9)
FN:36,(anonymous_10)
FN:45,(anonymous_11)
FNF:3
FNH:0
FNDA:0,(anonymous_9)
FNDA:0,(anonymous_10)
FNDA:0,(anonymous_11)
DA:1,0
DA:3,0
DA:4,0
DA:14,0
DA:21,0
DA:22,0
DA:29,0
DA:37,0
DA:45,0
DA:52,0
LF:10
LH:0
BRDA:18,0,0,0
BRDA:19,1,0,0
BRDA:21,2,0,0
BRDA:21,2,1,0
BRDA:31,3,0,0
BRDA:31,3,1,0
BRDA:45,4,0,0
BRDA:45,4,1,0
BRDA:45,5,0,0
BRDA:45,5,1,0
BRF:10
BRH:0
end_of_record
TN:
SF:src/modules/orders/hooks/index.ts
FNF:0
FNH:0
DA:1,0
DA:2,0
DA:3,0
LF:3
LH:0
BRF:0
BRH:0
end_of_record
TN:
SF:src/modules/orders/hooks/useOrderActions.ts
FN:13,(anonymous_7)
FN:17,(anonymous_8)
FN:17,(anonymous_9)
FN:31,(anonymous_10)
FN:31,(anonymous_11)
FN:45,(anonymous_12)
FN:45,(anonymous_13)
FNF:7
FNH:0
FNDA:0,(anonymous_7)
FNDA:0,(anonymous_8)
FNDA:0,(anonymous_9)
FNDA:0,(anonymous_10)
FNDA:0,(anonymous_11)
FNDA:0,(anonymous_12)
FNDA:0,(anonymous_13)
DA:1,0
DA:3,0
DA:4,0
DA:5,0
DA:13,0
DA:14,0
DA:15,0
DA:17,0
DA:18,0
DA:19,0
DA:20,0
DA:21,0
DA:23,0
DA:25,0
DA:26,0
DA:27,0
DA:31,0
DA:32,0
DA:33,0
DA:34,0
DA:35,0
DA:37,0
DA:39,0
DA:40,0
DA:41,0
DA:45,0
DA:46,0
DA:49,0
LF:28
LH:0
BRDA:19,0,0,0
BRDA:19,0,1,0
BRDA:19,1,0,0
BRDA:19,1,1,0
BRDA:19,2,0,0
BRDA:19,2,1,0
BRDA:20,3,0,0
BRDA:20,3,1,0
BRDA:25,4,0,0
BRDA:25,4,1,0
BRDA:29,5,0,0
BRDA:29,5,1,0
BRDA:29,6,0,0
BRDA:29,6,1,0
BRDA:33,7,0,0
BRDA:33,7,1,0
BRDA:33,8,0,0
BRDA:33,8,1,0
BRDA:33,9,0,0
BRDA:33,9,1,0
BRDA:34,10,0,0
BRDA:34,10,1,0
BRDA:39,11,0,0
BRDA:39,11,1,0
BRDA:43,12,0,0
BRDA:43,12,1,0
BRDA:43,13,0,0
BRDA:43,13,1,0
BRF:28
BRH:0
end_of_record
TN:
SF:src/modules/orders/hooks/useOrderData.ts
FN:16,(anonymous_7)
FN:21,(anonymous_8)
FN:21,(anonymous_9)
FN:34,(anonymous_10)
FN:34,(anonymous_11)
FN:44,(anonymous_12)
FN:44,(anonymous_13)
FN:49,(anonymous_14)
FN:73,(anonymous_15)
FNF:9
FNH:9
FNDA:38,(anonymous_7)
FNDA:24,(anonymous_8)
FNDA:24,(anonymous_9)
FNDA:24,(anonymous_10)
FNDA:24,(anonymous_11)
FNDA:1,(anonymous_12)
FNDA:1,(anonymous_13)
FNDA:2,(anonymous_14)
FNDA:23,(anonymous_15)
DA:1,1
DA:3,1
DA:4,1
DA:5,1
DA:6,1
DA:16,1
DA:17,38
DA:18,38
DA:19,38
DA:21,38
DA:22,24
DA:25,24
DA:30,24
DA:31,21
DA:34,38
DA:35,24
DA:36,24
DA:39,3
DA:40,3
DA:44,38
DA:45,1
DA:48,1
DA:49,1
DA:50,2
DA:54,1
DA:55,1
DA:56,1
DA:57,0
DA:59,0
DA:60,0
DA:64,0
DA:66,0
DA:67,0
DA:69,0
DA:73,38
DA:74,23
DA:77,38
LF:37
LH:30
BRDA:22,0,0,24
BRDA:22,0,1,0
BRDA:22,1,0,0
BRDA:22,1,1,24
BRDA:22,2,0,24
BRDA:22,2,1,24
BRDA:25,3,0,5
BRDA:25,3,1,19
BRDA:26,4,0,5
BRDA:26,4,1,0
BRDA:26,5,0,5
BRDA:26,5,1,5
BRDA:32,6,0,0
BRDA:32,6,1,38
BRDA:32,7,0,38
BRDA:32,7,1,38
BRDA:45,8,0,1
BRDA:45,8,1,0
BRDA:45,9,0,0
BRDA:45,9,1,1
BRDA:45,10,0,1
BRDA:45,10,1,1
BRDA:48,11,0,1
BRDA:48,11,1,0
BRDA:50,12,0,1
BRDA:50,12,1,1
BRDA:56,13,0,0
BRDA:56,13,1,1
BRDA:59,14,0,0
BRDA:59,14,1,0
BRDA:66,15,0,0
BRDA:66,15,1,0
BRDA:71,16,0,0
BRDA:71,16,1,38
BRDA:71,17,0,38
BRDA:71,17,1,38
BRDA:78,18,0,38
BRDA:78,18,1,0
BRF:38
BRH:24
end_of_record
TN:
SF:src/modules/orders/hooks/useOrderSubscription.ts
FN:13,(anonymous_0)
FN:17,(anonymous_1)
FN:24,(anonymous_2)
FN:39,(anonymous_3)
FN:43,(anonymous_4)
FNF:5
FNH:0
FNDA:0,(anonymous_0)
FNDA:0,(anonymous_1)
FNDA:0,(anonymous_2)
FNDA:0,(anonymous_3)
FNDA:0,(anonymous_4)
DA:1,0
DA:3,0
DA:4,0
DA:5,0
DA:13,0
DA:14,0
DA:15,0
DA:17,0
DA:18,0
DA:21,0
DA:24,0
DA:25,0
DA:27,0
DA:28,0
DA:30,0
DA:31,0
DA:33,0
DA:34,0
DA:39,0
DA:43,0
DA:44,0
DA:45,0
LF:22
LH:0
BRDA:18,0,0,0
BRDA:18,0,1,0
BRDA:18,1,0,0
BRDA:18,1,1,0
BRDA:18,2,0,0
BRDA:18,2,1,0
BRDA:25,3,0,0
BRDA:25,3,1,0
BRDA:25,3,2,0
BRDA:27,4,0,0
BRDA:27,4,1,0
BRDA:27,5,0,0
BRDA:27,5,1,0
BRDA:30,6,0,0
BRDA:30,6,1,0
BRDA:30,7,0,0
BRDA:30,7,1,0
BRDA:33,8,0,0
BRDA:33,8,1,0
BRDA:33,9,0,0
BRDA:33,9,1,0
BRDA:47,10,0,0
BRDA:47,10,1,0
BRDA:47,11,0,0
BRDA:47,11,1,0
BRF:25
BRH:0
end_of_record
TN:
SF:src/modules/orders/types/index.ts
FNF:0
FNH:0
DA:2,0
LF:1
LH:0
BRF:0
BRH:0
end_of_record
TN:
SF:src/modules/sound/hooks/useSoundEffects.ts
FN:13,(anonymous_0)
FN:16,(anonymous_1)
FN:20,(anonymous_2)
FN:24,(anonymous_3)
FN:28,(anonymous_4)
FN:32,(anonymous_5)
FN:36,(anonymous_6)
FNF:7
FNH:0
FNDA:0,(anonymous_0)
FNDA:0,(anonymous_1)
FNDA:0,(anonymous_2)
FNDA:0,(anonymous_3)
FNDA:0,(anonymous_4)
FNDA:0,(anonymous_5)
FNDA:0,(anonymous_6)
DA:1,0
DA:2,0
DA:13,0
DA:14,0
DA:16,0
DA:17,0
DA:20,0
DA:21,0
DA:24,0
DA:25,0
DA:28,0
DA:29,0
DA:32,0
DA:33,0
DA:36,0
DA:37,0
DA:40,0
LF:17
LH:0
BRF:0
BRH:0
end_of_record
TN:
SF:src/modules/voice/index.ts
FNF:0
FNH:0
DA:2,0
DA:3,0
DA:4,0
DA:5,0
DA:6,0
DA:7,0
LF:6
LH:0
BRF:0
BRH:0
end_of_record
TN:
SF:src/modules/voice/components/MicrophonePermission.tsx
FN:32,(anonymous_1)
FNF:1
FNH:1
FNDA:31,(anonymous_1)
DA:1,2
DA:2,2
DA:3,2
DA:13,2
DA:32,2
DA:37,31
DA:38,12
DA:41,19
DA:42,19
DA:44,19
LF:10
LH:10
BRDA:37,0,0,12
BRDA:37,0,1,19
BRDA:42,1,0,19
BRDA:42,1,1,18
BRDA:45,2,0,14
BRDA:45,2,1,5
BRDA:46,3,0,14
BRDA:46,3,1,5
BRF:8
BRH:8
end_of_record
TN:
SF:src/modules/voice/components/OrderSuccessAnimation.tsx
FN:9,(anonymous_1)
FNF:1
FNH:1
FNDA:18,(anonymous_1)
DA:1,1
DA:2,1
DA:9,1
DA:13,18
DA:15,2
LF:5
LH:5
BRDA:13,0,0,16
BRDA:13,0,1,2
BRF:2
BRH:2
end_of_record
TN:
SF:src/modules/voice/components/RecordingIndicator.tsx
FN:11,(anonymous_1)
FNF:1
FNH:1
FNDA:15,(anonymous_1)
DA:1,2
DA:2,2
DA:3,2
DA:11,2
DA:16,15
DA:18,7
LF:6
LH:6
BRDA:13,0,0,14
BRDA:16,1,0,8
BRDA:16,1,1,7
BRF:3
BRH:3
end_of_record
TN:
SF:src/modules/voice/components/TranscriptionDisplay.tsx
FN:15,(anonymous_1)
FNF:1
FNH:1
FNDA:16,(anonymous_1)
DA:1,2
DA:2,2
DA:3,2
DA:4,2
DA:5,2
DA:15,2
DA:22,16
DA:24,8
LF:8
LH:8
BRDA:17,0,0,4
BRDA:18,1,0,4
BRDA:22,2,0,8
BRDA:22,2,1,8
BRDA:22,3,0,16
BRDA:22,3,1,13
BRDA:29,4,0,8
BRDA:29,4,1,1
BRDA:34,5,0,5
BRDA:34,5,1,3
BRDA:42,6,0,3
BRDA:42,6,1,1
BRF:12
BRH:12
end_of_record
TN:
SF:src/modules/voice/components/VoiceCapture.tsx
FN:14,(anonymous_16)
FN:29,(anonymous_17)
FN:38,(anonymous_18)
FN:44,(anonymous_19)
FN:44,(anonymous_20)
FNF:5
FNH:5
FNDA:26,(anonymous_16)
FNDA:1,(anonymous_17)
FNDA:2,(anonymous_18)
FNDA:6,(anonymous_19)
FNDA:6,(anonymous_20)
DA:1,1
DA:2,1
DA:3,1
DA:4,1
DA:5,1
DA:6,1
DA:7,1
DA:14,1
DA:18,26
DA:19,26
DA:20,26
DA:28,26
DA:30,1
DA:31,1
DA:32,1
DA:34,1
DA:35,1
DA:39,2
DA:40,2
DA:44,26
DA:45,6
DA:46,0
DA:48,6
DA:52,26
LF:24
LH:23
BRDA:34,0,0,1
BRDA:34,0,1,0
BRDA:34,1,0,1
BRDA:34,1,1,1
BRDA:35,2,0,1
BRDA:35,2,1,0
BRDA:35,3,0,1
BRDA:35,3,1,1
BRDA:45,4,0,0
BRDA:45,4,1,6
BRDA:60,5,0,4
BRDA:60,5,1,22
BRDA:62,6,0,4
BRDA:62,6,1,22
BRDA:70,7,0,26
BRDA:70,7,1,4
BRDA:73,8,0,26
BRDA:73,8,1,2
BRF:18
BRH:15
end_of_record
TN:
SF:src/modules/voice/components/VoiceCaptureDemo.tsx
FN:6,(anonymous_1)
FN:7,(anonymous_2)
FNF:2
FNH:0
FNDA:0,(anonymous_1)
FNDA:0,(anonymous_2)
DA:1,0
DA:2,0
DA:3,0
DA:4,0
DA:6,0
DA:7,0
DA:8,0
DA:12,0
LF:8
LH:0
BRF:0
BRH:0
end_of_record
TN:
SF:src/modules/voice/hooks/useAudioCapture.ts
FN:18,(anonymous_7)
FN:30,(anonymous_8)
FN:42,(anonymous_9)
FN:42,(anonymous_10)
FN:59,(anonymous_11)
FN:65,(anonymous_12)
FN:65,(anonymous_13)
FN:99,(anonymous_14)
FN:105,(anonymous_15)
FN:113,(anonymous_16)
FN:114,(anonymous_17)
FNF:11
FNH:10
FNDA:26,(anonymous_7)
FNDA:7,(anonymous_8)
FNDA:6,(anonymous_9)
FNDA:6,(anonymous_10)
FNDA:0,(anonymous_11)
FNDA:1,(anonymous_12)
FNDA:1,(anonymous_13)
FNDA:7,(anonymous_14)
FNDA:4,(anonymous_15)
FNDA:7,(anonymous_16)
FNDA:7,(anonymous_17)
DA:1,1
DA:3,1
DA:18,1
DA:22,26
DA:23,26
DA:24,26
DA:26,26
DA:27,26
DA:30,26
DA:31,7
DA:32,0
DA:33,0
DA:34,7
DA:35,0
DA:36,0
DA:38,7
DA:42,26
DA:43,6
DA:44,6
DA:45,6
DA:48,6
DA:49,4
DA:50,4
DA:53,4
DA:54,4
DA:57,4
DA:59,4
DA:60,0
DA:61,0
DA:65,4
DA:67,1
DA:70,1
DA:72,1
DA:73,1
DA:75,0
DA:76,0
DA:77,0
DA:82,4
DA:83,4
DA:86,2
DA:88,2
DA:89,1
DA:90,1
DA:91,1
DA:94,2
DA:95,2
DA:99,26
DA:100,7
DA:101,0
DA:104,7
DA:105,4
DA:106,4
DA:109,7
DA:113,26
DA:114,7
DA:115,7
DA:119,26
LF:57
LH:47
BRDA:18,0,0,0
BRDA:31,1,0,0
BRDA:31,1,1,7
BRDA:31,2,0,7
BRDA:31,2,1,7
BRDA:34,3,0,0
BRDA:34,3,1,7
BRDA:60,4,0,0
BRDA:60,4,1,0
BRDA:72,5,0,1
BRDA:72,5,1,0
BRDA:72,6,0,1
BRDA:72,6,1,1
BRDA:73,7,0,0
BRDA:73,7,1,1
BRDA:73,8,0,1
BRDA:73,8,1,1
BRDA:75,9,0,0
BRDA:75,9,1,0
BRDA:77,10,0,0
BRDA:77,10,1,0
BRDA:77,11,0,0
BRDA:77,11,1,0
BRDA:88,12,0,1
BRDA:88,12,1,1
BRDA:88,13,0,2
BRDA:88,13,1,1
BRDA:90,14,0,1
BRDA:90,14,1,0
BRDA:95,15,0,0
BRDA:95,15,1,2
BRDA:95,16,0,2
BRDA:95,16,1,2
BRDA:100,17,0,0
BRDA:100,17,1,7
BRDA:100,18,0,7
BRDA:100,18,1,4
BRDA:104,19,0,4
BRDA:104,19,1,3
BRF:39
BRH:23
end_of_record
TN:
SF:src/modules/voice/mocks/index.ts
FNF:0
FNH:0
DA:5,0
LF:1
LH:0
BRF:0
BRH:0
end_of_record
TN:
SF:src/modules/voice/services/orderIntegration.ts
FN:19,(anonymous_7)
FN:33,(anonymous_8)
FN:35,(anonymous_9)
FN:72,(anonymous_10)
FN:99,(anonymous_11)
FN:120,(anonymous_12)
FN:120,(anonymous_13)
FN:124,(anonymous_14)
FN:138,(anonymous_15)
FN:148,(anonymous_16)
FNF:10
FNH:10
FNDA:17,(anonymous_7)
FNDA:85,(anonymous_8)
FNDA:31,(anonymous_9)
FNDA:31,(anonymous_10)
FNDA:16,(anonymous_11)
FNDA:4,(anonymous_12)
FNDA:4,(anonymous_13)
FNDA:8,(anonymous_14)
FNDA:4,(anonymous_15)
FNDA:8,(anonymous_16)
DA:1,2
DA:19,2
DA:20,17
DA:21,17
DA:24,17
DA:33,17
DA:34,85
DA:35,85
DA:36,31
DA:37,31
DA:39,17
DA:40,17
DA:41,15
DA:44,2
DA:47,2
DA:50,31
DA:51,31
DA:55,17
DA:58,16
DA:61,16
DA:65,16
DA:72,2
DA:73,31
DA:74,31
DA:77,31
DA:78,15
DA:79,15
DA:80,15
DA:81,15
DA:84,31
DA:85,13
DA:86,13
DA:87,13
DA:90,31
DA:91,3
DA:92,3
DA:93,3
DA:96,31
DA:99,2
DA:101,16
DA:107,16
DA:108,46
DA:109,46
DA:110,2
DA:114,14
DA:120,4
DA:122,4
DA:124,8
DA:135,4
DA:138,2
DA:140,4
DA:148,4
DA:149,8
DA:150,8
LF:54
LH:54
BRDA:37,0,0,17
BRDA:37,0,1,14
BRDA:40,1,0,15
BRDA:40,1,1,2
BRDA:47,2,0,2
BRDA:47,2,1,0
BRDA:55,3,0,1
BRDA:55,3,1,16
BRDA:61,4,0,1
BRDA:61,4,1,15
BRDA:61,5,0,16
BRDA:61,5,1,16
BRDA:77,6,0,15
BRDA:77,6,1,16
BRDA:78,7,0,1
BRDA:78,7,1,14
BRDA:79,8,0,11
BRDA:79,8,1,4
BRDA:80,9,0,1
BRDA:80,9,1,14
BRDA:81,10,0,0
BRDA:81,10,1,15
BRDA:84,11,0,13
BRDA:84,11,1,18
BRDA:85,12,0,11
BRDA:85,12,1,2
BRDA:86,13,0,11
BRDA:86,13,1,2
BRDA:87,14,0,0
BRDA:87,14,1,13
BRDA:90,15,0,3
BRDA:90,15,1,28
BRDA:91,16,0,0
BRDA:91,16,1,3
BRDA:92,17,0,1
BRDA:92,17,1,2
BRDA:93,18,0,0
BRDA:93,18,1,3
BRDA:109,19,0,2
BRDA:109,19,1,44
BRDA:149,20,0,8
BRDA:149,20,1,0
BRF:42
BRH:36
end_of_record
TN:
SF:src/pages/AdminDashboard.tsx
FN:11,AdminDashboard
FN:21,(anonymous_10)
FN:73,(anonymous_11)
FN:94,(anonymous_12)
FN:120,(anonymous_13)
FN:148,(anonymous_14)
FNF:6
FNH:0
FNDA:0,AdminDashboard
FNDA:0,(anonymous_10)
FNDA:0,(anonymous_11)
FNDA:0,(anonymous_12)
FNDA:0,(anonymous_13)
FNDA:0,(anonymous_14)
DA:1,0
DA:2,0
DA:3,0
DA:4,0
DA:5,0
DA:6,0
DA:7,0
DA:8,0
DA:11,0
DA:12,0
DA:13,0
DA:15,0
DA:16,0
DA:19,0
DA:21,0
DA:22,0
DA:25,0
DA:29,0
DA:30,0
DA:40,0
DA:73,0
DA:94,0
DA:120,0
DA:148,0
LF:24
LH:0
BRDA:15,0,0,0
BRDA:15,0,1,0
BRDA:22,1,0,0
BRDA:22,1,1,0
BRDA:22,2,0,0
BRDA:22,2,1,0
BRDA:29,3,0,0
BRDA:29,3,1,0
BRDA:59,4,0,0
BRDA:59,4,1,0
BRDA:111,5,0,0
BRDA:111,5,1,0
BRDA:139,6,0,0
BRDA:139,6,1,0
BRF:14
BRH:0
end_of_record
TN:
SF:src/pages/Dashboard.tsx
FN:15,DashboardCard
FN:47,Dashboard
FNF:2
FNH:0
FNDA:0,DashboardCard
FNDA:0,Dashboard
DA:1,0
DA:2,0
DA:3,0
DA:4,0
DA:5,0
DA:22,0
DA:47,0
DA:48,0
LF:8
LH:0
BRDA:20,0,0,0
BRF:1
BRH:0
end_of_record
TN:
SF:src/pages/HomePage.tsx
FN:14,NavigationCard
FN:39,HomePage
FN:89,(anonymous_3)
FNF:3
FNH:0
FNDA:0,NavigationCard
FNDA:0,HomePage
FNDA:0,(anonymous_3)
DA:1,0
DA:2,0
DA:3,0
DA:4,0
DA:15,0
DA:39,0
DA:40,0
DA:67,0
DA:90,0
LF:9
LH:0
BRDA:14,0,0,0
BRF:1
BRH:0
end_of_record
TN:
SF:src/pages/KioskDemo.tsx
FN:20,(anonymous_16)
FN:30,(anonymous_17)
FN:31,(anonymous_18)
FN:49,(anonymous_19)
FN:49,(anonymous_20)
FN:65,(anonymous_21)
FN:173,(anonymous_22)
FN:244,(anonymous_23)
FNF:8
FNH:8
FNDA:18,(anonymous_16)
FNDA:5,(anonymous_17)
FNDA:5,(anonymous_18)
FNDA:4,(anonymous_19)
FNDA:4,(anonymous_20)
FNDA:1,(anonymous_21)
FNDA:24,(anonymous_22)
FNDA:12,(anonymous_23)
DA:1,1
DA:2,1
DA:3,1
DA:4,1
DA:5,1
DA:6,1
DA:7,1
DA:8,1
DA:9,1
DA:20,1
DA:21,18
DA:22,18
DA:23,18
DA:24,18
DA:25,18
DA:26,18
DA:30,18
DA:31,5
DA:32,5
DA:34,5
DA:35,5
DA:39,5
DA:41,0
DA:45,0
DA:49,18
DA:50,4
DA:52,4
DA:53,4
DA:54,4
DA:55,4
DA:57,4
DA:59,3
DA:60,3
DA:61,3
DA:62,3
DA:65,3
DA:66,1
DA:67,1
DA:68,1
DA:69,1
DA:73,1
DA:74,1
DA:76,4
DA:80,18
DA:174,24
DA:245,12
LF:46
LH:44
BRDA:34,0,0,5
BRDA:34,0,1,0
BRDA:50,1,0,0
BRDA:50,1,1,4
BRDA:50,2,0,4
BRDA:50,2,1,4
BRDA:55,3,0,0
BRDA:55,3,1,4
BRDA:59,4,0,3
BRDA:59,4,1,0
BRDA:84,5,0,18
BRDA:84,5,1,2
BRDA:162,6,0,12
BRDA:162,6,1,6
BRDA:162,7,0,18
BRDA:162,7,1,12
BRDA:187,8,0,24
BRDA:187,8,1,24
BRDA:187,8,2,24
BRDA:200,9,0,12
BRDA:200,9,1,8
BRDA:203,10,0,2
BRDA:203,10,1,10
BRDA:208,11,0,4
BRDA:208,11,1,6
BRDA:232,12,0,18
BRDA:232,12,1,12
BRF:27
BRH:23
end_of_record
TN:
SF:src/pages/KitchenDisplay.tsx
FN:27,KitchenDisplay
FN:57,(anonymous_17)
FN:62,(anonymous_18)
FN:69,(anonymous_19)
FN:69,(anonymous_20)
FN:70,(anonymous_21)
FN:74,(anonymous_22)
FN:75,(anonymous_23)
FN:76,(anonymous_24)
FN:83,(anonymous_25)
FN:84,(anonymous_26)
FN:94,(anonymous_27)
FN:94,(anonymous_28)
FN:111,(anonymous_29)
FN:111,(anonymous_30)
FN:119,(anonymous_31)
FN:120,(anonymous_32)
FN:125,(anonymous_33)
FN:139,(anonymous_34)
FN:143,(anonymous_35)
FN:147,(anonymous_36)
FN:157,(anonymous_37)
FN:163,(anonymous_38)
FN:174,(anonymous_39)
FN:175,(anonymous_40)
FN:210,(anonymous_41)
FN:268,(anonymous_42)
FN:279,(anonymous_43)
FN:289,(anonymous_44)
FN:310,(anonymous_45)
FN:310,(anonymous_46)
FN:327,(anonymous_47)
FNF:32
FNH:0
FNDA:0,KitchenDisplay
FNDA:0,(anonymous_17)
FNDA:0,(anonymous_18)
FNDA:0,(anonymous_19)
FNDA:0,(anonymous_20)
FNDA:0,(anonymous_21)
FNDA:0,(anonymous_22)
FNDA:0,(anonymous_23)
FNDA:0,(anonymous_24)
FNDA:0,(anonymous_25)
FNDA:0,(anonymous_26)
FNDA:0,(anonymous_27)
FNDA:0,(anonymous_28)
FNDA:0,(anonymous_29)
FNDA:0,(anonymous_30)
FNDA:0,(anonymous_31)
FNDA:0,(anonymous_32)
FNDA:0,(anonymous_33)
FNDA:0,(anonymous_34)
FNDA:0,(anonymous_35)
FNDA:0,(anonymous_36)
FNDA:0,(anonymous_37)
FNDA:0,(anonymous_38)
FNDA:0,(anonymous_39)
FNDA:0,(anonymous_40)
FNDA:0,(anonymous_41)
FNDA:0,(anonymous_42)
FNDA:0,(anonymous_43)
FNDA:0,(anonymous_44)
FNDA:0,(anonymous_45)
FNDA:0,(anonymous_46)
FNDA:0,(anonymous_47)
DA:1,0
DA:2,0
DA:3,0
DA:4,0
DA:5,0
DA:6,0
DA:7,0
DA:8,0
DA:11,0
DA:12,0
DA:13,0
DA:16,0
DA:17,0
DA:18,0
DA:19,0
DA:20,0
DA:21,0
DA:22,0
DA:23,0
DA:24,0
DA:25,0
DA:27,0
DA:28,0
DA:29,0
DA:30,0
DA:31,0
DA:32,0
DA:40,0
DA:51,0
DA:54,0
DA:57,0
DA:58,0
DA:59,0
DA:62,0
DA:63,0
DA:68,0
DA:69,0
DA:70,0
DA:71,0
DA:72,0
DA:75,0
DA:76,0
DA:77,0
DA:81,0
DA:83,0
DA:84,0
DA:85,0
DA:86,0
DA:87,0
DA:94,0
DA:95,0
DA:97,0
DA:98,0
DA:99,0
DA:100,0
DA:101,0
DA:102,0
DA:105,0
DA:106,0
DA:107,0
DA:111,0
DA:112,0
DA:114,0
DA:115,0
DA:116,0
DA:117,0
DA:119,0
DA:120,0
DA:121,0
DA:125,0
DA:126,0
DA:127,0
DA:128,0
DA:129,0
DA:131,0
DA:134,0
DA:135,0
DA:139,0
DA:140,0
DA:143,0
DA:147,0
DA:148,0
DA:150,0
DA:151,0
DA:157,0
DA:158,0
DA:161,0
DA:162,0
DA:163,0
DA:164,0
DA:165,0
DA:170,0
DA:173,0
DA:174,0
DA:175,0
DA:176,0
DA:177,0
DA:183,0
DA:185,0
DA:188,0
DA:189,0
DA:199,0
DA:210,0
DA:269,0
DA:279,0
DA:289,0
DA:310,0
DA:311,0
DA:324,0
DA:325,0
DA:326,0
DA:327,0
DA:328,0
DA:331,0
LF:114
LH:0
BRDA:58,0,0,0
BRDA:58,0,1,0
BRDA:77,1,0,0
BRDA:77,1,1,0
BRDA:81,2,0,0
BRDA:81,2,1,0
BRDA:85,3,0,0
BRDA:85,3,1,0
BRDA:99,4,0,0
BRDA:99,4,1,0
BRDA:99,5,0,0
BRDA:99,5,1,0
BRDA:121,6,0,0
BRDA:121,6,1,0
BRDA:126,7,0,0
BRDA:126,7,1,0
BRDA:126,8,0,0
BRDA:126,8,1,0
BRDA:127,9,0,0
BRDA:127,9,1,0
BRDA:128,10,0,0
BRDA:128,10,1,0
BRDA:150,11,0,0
BRDA:150,11,1,0
BRDA:161,12,0,0
BRDA:161,12,1,0
BRDA:165,13,0,0
BRDA:165,13,1,0
BRDA:173,14,0,0
BRDA:173,14,1,0
BRDA:177,15,0,0
BRDA:177,15,1,0
BRDA:188,16,0,0
BRDA:188,16,1,0
BRDA:188,17,0,0
BRDA:188,17,1,0
BRDA:205,18,0,0
BRDA:205,18,1,0
BRDA:205,19,0,0
BRDA:205,19,1,0
BRDA:205,20,0,0
BRDA:205,20,1,0
BRDA:210,21,0,0
BRDA:210,21,1,0
BRDA:246,22,0,0
BRDA:246,22,1,0
BRDA:254,23,0,0
BRDA:254,23,1,0
BRDA:269,24,0,0
BRDA:269,24,1,0
BRDA:318,25,0,0
BRDA:318,25,1,0
BRDA:326,26,0,0
BRDA:326,26,1,0
BRF:54
BRH:0
end_of_record
TN:
SF:src/pages/OrderHistory.tsx
FN:12,(anonymous_1)
FN:61,(anonymous_2)
FNF:2
FNH:0
FNDA:0,(anonymous_1)
FNDA:0,(anonymous_2)
DA:1,0
DA:2,0
DA:3,0
DA:4,0
DA:5,0
DA:6,0
DA:7,0
DA:8,0
DA:9,0
DA:10,0
DA:12,0
DA:28,0
DA:30,0
DA:61,0
LF:14
LH:0
BRDA:40,0,0,0
BRDA:40,0,1,0
BRDA:85,1,0,0
BRDA:85,1,1,0
BRDA:103,2,0,0
BRDA:103,2,1,0
BRF:6
BRH:0
end_of_record
TN:
SF:src/pages/PerformanceDashboard.tsx
FN:12,(anonymous_1)
FN:28,(anonymous_2)
FN:31,(anonymous_3)
FN:34,(anonymous_4)
FNF:4
FNH:0
FNDA:0,(anonymous_1)
FNDA:0,(anonymous_2)
FNDA:0,(anonymous_3)
FNDA:0,(anonymous_4)
DA:1,0
DA:2,0
DA:3,0
DA:4,0
DA:5,0
DA:6,0
DA:7,0
DA:8,0
DA:9,0
DA:10,0
DA:12,0
DA:19,0
DA:21,0
DA:22,0
DA:25,0
DA:26,0
DA:27,0
DA:28,0
DA:30,0
DA:31,0
DA:33,0
DA:34,0
DA:37,0
DA:39,0
LF:24
LH:0
BRDA:22,0,0,0
BRDA:22,0,1,0
BRDA:27,1,0,0
BRDA:27,1,1,0
BRDA:30,2,0,0
BRDA:30,2,1,0
BRDA:33,3,0,0
BRDA:33,3,1,0
BRDA:64,4,0,0
BRDA:64,4,1,0
BRDA:74,5,0,0
BRDA:74,5,1,0
BRDA:80,6,0,0
BRDA:80,6,1,0
BRDA:100,7,0,0
BRDA:100,7,1,0
BRDA:117,8,0,0
BRDA:117,8,1,0
BRDA:134,9,0,0
BRDA:134,9,1,0
BRDA:150,10,0,0
BRDA:150,10,1,0
BRDA:153,11,0,0
BRDA:153,11,1,0
BRF:24
BRH:0
end_of_record
TN:
SF:src/pages/ServerView.tsx
FN:12,(anonymous_9)
FN:42,ServerView
FN:53,(anonymous_11)
FN:55,(anonymous_12)
FN:56,(anonymous_13)
FN:57,(anonymous_14)
FN:58,(anonymous_15)
FN:60,(anonymous_16)
FN:61,(anonymous_17)
FN:73,(anonymous_18)
FN:74,(anonymous_19)
FN:78,(anonymous_20)
FN:79,(anonymous_21)
FN:87,(anonymous_22)
FN:91,(anonymous_23)
FN:104,(anonymous_24)
FN:111,(anonymous_25)
FN:112,(anonymous_26)
FN:125,(anonymous_27)
FN:197,(anonymous_28)
FN:207,(anonymous_29)
FN:207,(anonymous_30)
FN:210,(anonymous_31)
FNF:23
FNH:0
FNDA:0,(anonymous_9)
FNDA:0,ServerView
FNDA:0,(anonymous_11)
FNDA:0,(anonymous_12)
FNDA:0,(anonymous_13)
FNDA:0,(anonymous_14)
FNDA:0,(anonymous_15)
FNDA:0,(anonymous_16)
FNDA:0,(anonymous_17)
FNDA:0,(anonymous_18)
FNDA:0,(anonymous_19)
FNDA:0,(anonymous_20)
FNDA:0,(anonymous_21)
FNDA:0,(anonymous_22)
FNDA:0,(anonymous_23)
FNDA:0,(anonymous_24)
FNDA:0,(anonymous_25)
FNDA:0,(anonymous_26)
FNDA:0,(anonymous_27)
FNDA:0,(anonymous_28)
FNDA:0,(anonymous_29)
FNDA:0,(anonymous_30)
FNDA:0,(anonymous_31)
DA:1,0
DA:2,0
DA:3,0
DA:4,0
DA:5,0
DA:6,0
DA:7,0
DA:9,0
DA:12,0
DA:13,0
DA:39,0
DA:42,0
DA:43,0
DA:44,0
DA:45,0
DA:46,0
DA:47,0
DA:48,0
DA:49,0
DA:50,0
DA:53,0
DA:54,0
DA:55,0
DA:56,0
DA:57,0
DA:58,0
DA:59,0
DA:60,0
DA:61,0
DA:63,0
DA:73,0
DA:74,0
DA:78,0
DA:79,0
DA:80,0
DA:81,0
DA:82,0
DA:83,0
DA:87,0
DA:88,0
DA:91,0
DA:92,0
DA:94,0
DA:104,0
DA:105,0
DA:106,0
DA:107,0
DA:111,0
DA:112,0
DA:113,0
DA:114,0
DA:115,0
DA:116,0
DA:123,0
DA:124,0
DA:125,0
DA:127,0
DA:197,0
DA:207,0
DA:208,0
DA:210,0
LF:61
LH:0
BRDA:80,0,0,0
BRDA:80,0,1,0
BRDA:80,1,0,0
BRDA:80,1,1,0
BRDA:92,2,0,0
BRDA:92,2,1,0
BRDA:92,3,0,0
BRDA:92,3,1,0
BRDA:98,4,0,0
BRDA:98,4,1,0
BRDA:98,5,0,0
BRDA:98,5,1,0
BRDA:114,6,0,0
BRDA:114,6,1,0
BRDA:184,7,0,0
BRDA:184,7,1,0
BRDA:184,7,2,0
BRDA:214,8,0,0
BRDA:214,8,1,0
BRF:19
BRH:0
end_of_record
TN:
SF:src/pages/SplashScreen.tsx
FN:8,SplashScreen
FN:11,(anonymous_10)
FN:13,(anonymous_11)
FN:18,(anonymous_12)
FN:22,(anonymous_13)
FNF:5
FNH:0
FNDA:0,SplashScreen
FNDA:0,(anonymous_10)
FNDA:0,(anonymous_11)
FNDA:0,(anonymous_12)
FNDA:0,(anonymous_13)
DA:1,0
DA:2,0
DA:8,0
DA:9,0
DA:11,0
DA:13,0
DA:14,0
DA:18,0
DA:19,0
DA:22,0
DA:23,0
DA:24,0
DA:28,0
LF:13
LH:0
BRDA:63,0,0,0
BRDA:63,0,1,0
BRDA:78,1,0,0
BRDA:78,1,1,0
BRDA:92,2,0,0
BRDA:92,2,1,0
BRDA:131,3,0,0
BRDA:131,3,1,0
BRDA:158,4,0,0
BRDA:158,4,1,0
BRF:10
BRH:0
end_of_record
TN:
SF:src/services/api.ts
FN:17,submitAudioForTranscription
FN:43,(anonymous_13)
FN:44,(anonymous_14)
FN:45,(anonymous_15)
FN:46,(anonymous_16)
FN:47,(anonymous_17)
FN:50,(anonymous_18)
FN:51,(anonymous_19)
FN:52,(anonymous_20)
FNF:9
FNH:0
FNDA:0,submitAudioForTranscription
FNDA:0,(anonymous_13)
FNDA:0,(anonymous_14)
FNDA:0,(anonymous_15)
FNDA:0,(anonymous_16)
FNDA:0,(anonymous_17)
FNDA:0,(anonymous_18)
FNDA:0,(anonymous_19)
FNDA:0,(anonymous_20)
DA:4,2
DA:12,2
DA:14,2
DA:17,2
DA:19,0
DA:20,0
DA:27,0
DA:29,0
DA:38,2
DA:41,2
DA:43,0
DA:44,0
DA:45,0
DA:46,0
DA:47,0
DA:50,0
DA:51,0
DA:52,0
LF:18
LH:6
BRDA:19,0,0,0
BRDA:19,0,1,0
BRDA:31,1,0,0
BRDA:31,1,1,0
BRDA:31,1,2,0
BRF:5
BRH:0
end_of_record
TN:
SF:src/services/index.ts
FN:2,(anonymous_0)
FN:3,(anonymous_1)
FN:4,(anonymous_2)
FN:5,(anonymous_3)
FN:6,(anonymous_4)
FNF:5
FNH:3
FNDA:0,(anonymous_0)
FNDA:4,(anonymous_1)
FNDA:0,(anonymous_2)
FNDA:4,(anonymous_3)
FNDA:4,(anonymous_4)
DA:2,2
DA:3,6
DA:4,2
DA:5,6
DA:6,6
LF:5
LH:5
BRF:0
BRH:0
end_of_record
TN:
SF:src/services/mockData.ts
FNF:0
FNH:0
DA:4,3
LF:1
LH:1
BRF:0
BRH:0
end_of_record
TN:
SF:src/services/secureApi.ts
FN:14,(anonymous_8)
FN:19,(anonymous_9)
FN:20,(anonymous_10)
FN:38,(anonymous_11)
FN:52,(anonymous_12)
FN:65,(anonymous_13)
FN:121,(anonymous_14)
FN:125,(anonymous_16)
FN:141,(anonymous_18)
FN:157,(anonymous_20)
FN:173,(anonymous_22)
FN:180,(anonymous_24)
FN:184,(anonymous_25)
FN:192,(anonymous_27)
FN:200,(anonymous_28)
FN:209,(anonymous_29)
FN:210,(anonymous_30)
FN:218,(anonymous_31)
FNF:18
FNH:0
FNDA:0,(anonymous_8)
FNDA:0,(anonymous_9)
FNDA:0,(anonymous_10)
FNDA:0,(anonymous_11)
FNDA:0,(anonymous_12)
FNDA:0,(anonymous_13)
FNDA:0,(anonymous_14)
FNDA:0,(anonymous_16)
FNDA:0,(anonymous_18)
FNDA:0,(anonymous_20)
FNDA:0,(anonymous_22)
FNDA:0,(anonymous_24)
FNDA:0,(anonymous_25)
FNDA:0,(anonymous_27)
FNDA:0,(anonymous_28)
FNDA:0,(anonymous_29)
FNDA:0,(anonymous_30)
FNDA:0,(anonymous_31)
DA:2,0
DA:10,0
DA:15,0
DA:16,0
DA:20,0
DA:27,0
DA:28,0
DA:31,0
DA:34,0
DA:35,0
DA:36,0
DA:38,0
DA:39,0
DA:42,0
DA:46,0
DA:49,0
DA:50,0
DA:51,0
DA:52,0
DA:53,0
DA:56,0
DA:61,0
DA:64,0
DA:65,0
DA:67,0
DA:68,0
DA:75,0
DA:78,0
DA:79,0
DA:87,0
DA:88,0
DA:89,0
DA:97,0
DA:98,0
DA:101,0
DA:104,0
DA:105,0
DA:109,0
DA:110,0
DA:111,0
DA:114,0
DA:122,0
DA:130,0
DA:146,0
DA:162,0
DA:174,0
DA:181,0
DA:185,0
DA:186,0
DA:188,0
DA:193,0
DA:195,0
DA:197,0
DA:202,0
DA:203,0
DA:204,0
DA:205,0
DA:206,0
DA:210,0
DA:217,0
DA:220,0
DA:221,0
DA:223,0
DA:224,0
DA:231,0
LF:65
LH:0
BRDA:14,0,0,0
BRDA:14,1,0,0
BRDA:21,2,0,0
BRDA:24,3,0,0
BRDA:25,4,0,0
BRDA:26,5,0,0
BRDA:34,6,0,0
BRDA:34,6,1,0
BRDA:34,7,0,0
BRDA:34,7,1,0
BRDA:49,8,0,0
BRDA:49,8,1,0
BRDA:49,9,0,0
BRDA:49,9,1,0
BRDA:78,10,0,0
BRDA:78,10,1,0
BRDA:80,11,0,0
BRDA:80,11,1,0
BRDA:88,12,0,0
BRDA:88,12,1,0
BRDA:88,13,0,0
BRDA:88,13,1,0
BRDA:104,14,0,0
BRDA:104,14,1,0
BRDA:104,15,0,0
BRDA:104,15,1,0
BRDA:109,16,0,0
BRDA:109,16,1,0
BRDA:109,17,0,0
BRDA:109,17,1,0
BRDA:133,18,0,0
BRDA:133,18,1,0
BRDA:136,19,0,0
BRDA:136,19,1,0
BRDA:136,20,0,0
BRDA:136,20,1,0
BRDA:149,21,0,0
BRDA:149,21,1,0
BRDA:152,22,0,0
BRDA:152,22,1,0
BRDA:152,23,0,0
BRDA:152,23,1,0
BRDA:165,24,0,0
BRDA:165,24,1,0
BRDA:168,25,0,0
BRDA:168,25,1,0
BRDA:168,26,0,0
BRDA:168,26,1,0
BRDA:193,27,0,0
BRDA:193,27,1,0
BRDA:195,28,0,0
BRDA:195,28,1,0
BRDA:232,29,0,0
BRDA:232,29,1,0
BRF:54
BRH:0
end_of_record
TN:
SF:src/services/stationRouting.ts
FN:17,(anonymous_0)
FN:21,(anonymous_1)
FN:22,(anonymous_2)
FN:25,(anonymous_3)
FN:39,(anonymous_4)
FN:48,(anonymous_5)
FN:53,(anonymous_6)
FN:74,(anonymous_7)
FN:78,(anonymous_8)
FN:79,(anonymous_9)
FN:89,(anonymous_10)
FN:97,(anonymous_11)
FN:104,(anonymous_12)
FN:106,(anonymous_13)
FN:114,(anonymous_14)
FN:115,(anonymous_15)
FN:120,(anonymous_16)
FN:121,(anonymous_17)
FNF:18
FNH:13
FNDA:3,(anonymous_0)
FNDA:1,(anonymous_1)
FNDA:6,(anonymous_2)
FNDA:33,(anonymous_3)
FNDA:5,(anonymous_4)
FNDA:42,(anonymous_5)
FNDA:0,(anonymous_6)
FNDA:1,(anonymous_7)
FNDA:0,(anonymous_8)
FNDA:0,(anonymous_9)
FNDA:2,(anonymous_10)
FNDA:2,(anonymous_11)
FNDA:1,(anonymous_12)
FNDA:4,(anonymous_13)
FNDA:0,(anonymous_14)
FNDA:0,(anonymous_15)
FNDA:2,(anonymous_16)
FNDA:2,(anonymous_17)
DA:2,2
DA:5,2
DA:14,2
DA:16,2
DA:18,3
DA:22,6
DA:26,33
DA:28,33
DA:29,57
DA:30,153
DA:31,32
DA:36,1
DA:40,5
DA:42,5
DA:43,7
DA:44,7
DA:47,7
DA:48,42
DA:51,7
DA:53,7
DA:54,0
DA:57,7
DA:65,7
DA:66,7
DA:69,5
DA:71,5
DA:75,1
DA:79,0
DA:80,0
DA:82,0
DA:85,0
DA:94,2
DA:95,2
DA:97,2
DA:98,2
DA:100,2
DA:103,2
DA:104,1
DA:105,1
DA:106,4
DA:110,2
DA:115,0
DA:116,0
DA:121,2
DA:122,2
DA:124,2
DA:125,2
LF:47
LH:40
BRDA:30,0,0,32
BRDA:30,0,1,121
BRDA:44,1,0,0
BRDA:44,1,1,7
BRDA:48,2,0,42
BRDA:48,2,1,7
BRDA:51,3,0,0
BRDA:51,3,1,7
BRDA:54,4,0,0
BRDA:54,4,1,0
BRDA:75,5,0,1
BRDA:75,5,1,0
BRDA:80,6,0,0
BRDA:80,6,1,0
BRDA:95,7,0,0
BRDA:95,7,1,2
BRDA:98,8,0,0
BRDA:98,8,1,2
BRDA:103,9,0,1
BRDA:103,9,1,1
BRDA:105,10,0,1
BRDA:105,10,1,0
BRDA:116,11,0,0
BRDA:116,11,1,0
BRDA:116,12,0,0
BRDA:116,12,1,0
BRDA:116,13,0,0
BRDA:116,13,1,0
BRDA:122,14,0,0
BRDA:122,14,1,2
BRF:30
BRH:13
end_of_record
TN:
SF:src/services/audio/soundEffects.ts
FN:13,(anonymous_7)
FN:23,(anonymous_8)
FN:32,(anonymous_9)
FN:72,(anonymous_11)
FN:115,(anonymous_12)
FN:146,(anonymous_14)
FN:153,(anonymous_15)
FN:160,(anonymous_16)
FN:167,(anonymous_17)
FN:174,(anonymous_18)
FN:185,(anonymous_19)
FN:191,(anonymous_20)
FNF:12
FNH:10
FNDA:1,(anonymous_7)
FNDA:13,(anonymous_8)
FNDA:6,(anonymous_9)
FNDA:4,(anonymous_11)
FNDA:4,(anonymous_12)
FNDA:17,(anonymous_14)
FNDA:4,(anonymous_15)
FNDA:1,(anonymous_16)
FNDA:0,(anonymous_17)
FNDA:0,(anonymous_18)
FNDA:1,(anonymous_19)
FNDA:1,(anonymous_20)
DA:13,1
DA:14,1
DA:15,1
DA:24,13
DA:25,1
DA:33,6
DA:34,1
DA:37,5
DA:38,5
DA:39,4
DA:41,4
DA:42,4
DA:45,4
DA:46,4
DA:47,4
DA:50,4
DA:53,4
DA:54,4
DA:55,4
DA:59,4
DA:62,4
DA:63,4
DA:65,1
DA:73,4
DA:75,1
DA:82,1
DA:89,1
DA:96,1
DA:103,0
DA:116,4
DA:117,1
DA:120,3
DA:122,3
DA:123,9
DA:124,9
DA:126,9
DA:127,9
DA:129,9
DA:130,9
DA:132,9
DA:133,9
DA:134,9
DA:136,9
DA:137,9
DA:139,9
DA:147,17
DA:154,4
DA:161,1
DA:168,0
DA:175,0
DA:180,1
DA:181,1
DA:184,1
DA:185,1
DA:191,1
LF:55
LH:52
BRDA:24,0,0,1
BRDA:24,0,1,12
BRDA:24,1,0,13
BRDA:24,1,1,1
BRDA:24,1,2,1
BRDA:33,2,0,1
BRDA:33,2,1,5
BRDA:33,3,0,6
BRDA:33,3,1,5
BRDA:73,4,0,1
BRDA:73,4,1,1
BRDA:73,4,2,1
BRDA:73,4,3,1
BRDA:73,4,4,0
BRDA:116,5,0,1
BRDA:116,5,1,3
BRDA:116,6,0,4
BRDA:116,6,1,3
BRF:18
BRH:17
end_of_record
TN:
SF:src/services/base/BaseService.ts
FN:5,(anonymous_7)
FN:8,(anonymous_8)
FN:9,(anonymous_10)
FN:12,(anonymous_11)
FNF:4
FNH:4
FNDA:27,(anonymous_7)
FNDA:21,(anonymous_8)
FNDA:21,(anonymous_10)
FNDA:50,(anonymous_11)
DA:3,4
DA:5,4
DA:6,27
DA:9,21
DA:13,50
DA:14,14
DA:17,50
DA:18,50
DA:19,5
DA:20,5
DA:21,5
LF:11
LH:11
BRDA:12,0,0,19
BRDA:12,1,0,19
BRDA:13,2,0,14
BRDA:13,2,1,36
BRDA:18,3,0,5
BRDA:18,3,1,45
BRF:6
BRH:6
end_of_record
TN:
SF:src/services/menu/MenuService.ts
FN:12,(anonymous_7)
FN:16,(anonymous_9)
FN:22,(anonymous_10)
FN:24,(anonymous_12)
FN:29,(anonymous_13)
FN:31,(anonymous_15)
FNF:6
FNH:0
FNDA:0,(anonymous_7)
FNDA:0,(anonymous_9)
FNDA:0,(anonymous_10)
FNDA:0,(anonymous_12)
FNDA:0,(anonymous_13)
FNDA:0,(anonymous_15)
DA:1,2
DA:3,2
DA:11,2
DA:13,0
DA:15,0
DA:16,0
DA:19,0
DA:23,0
DA:24,0
DA:25,0
DA:26,0
DA:30,0
DA:31,0
DA:32,0
DA:34,0
DA:35,0
DA:36,0
DA:41,2
LF:18
LH:4
BRDA:15,0,0,0
BRDA:15,0,1,0
BRDA:25,1,0,0
BRDA:25,1,1,0
BRDA:32,2,0,0
BRDA:32,2,1,0
BRF:6
BRH:0
end_of_record
TN:
SF:src/services/orders/OrderHistoryService.ts
FN:18,(anonymous_7)
FN:23,(anonymous_8)
FN:46,(anonymous_9)
FN:59,(anonymous_11)
FN:63,(anonymous_12)
FN:68,(anonymous_13)
FN:71,(anonymous_14)
FNF:7
FNH:2
FNDA:2,(anonymous_7)
FNDA:2,(anonymous_8)
FNDA:0,(anonymous_9)
FNDA:0,(anonymous_11)
FNDA:0,(anonymous_12)
FNDA:0,(anonymous_13)
FNDA:0,(anonymous_14)
DA:1,2
DA:3,2
DA:15,2
DA:16,2
DA:19,2
DA:20,2
DA:24,2
DA:27,2
DA:28,100
DA:29,100
DA:31,100
DA:53,0
DA:56,0
DA:58,0
DA:59,0
DA:62,0
DA:63,0
DA:66,0
DA:67,0
DA:68,0
DA:69,0
DA:71,0
DA:76,0
DA:77,0
DA:78,0
DA:79,0
DA:81,0
DA:83,0
DA:94,2
LF:29
LH:12
BRDA:36,0,0,3
BRDA:36,0,1,97
BRDA:58,1,0,0
BRDA:58,1,1,0
BRDA:58,2,0,0
BRDA:58,2,1,0
BRDA:58,3,0,0
BRDA:58,3,1,0
BRDA:62,4,0,0
BRDA:62,4,1,0
BRDA:62,5,0,0
BRDA:62,5,1,0
BRDA:62,6,0,0
BRDA:62,6,1,0
BRDA:66,7,0,0
BRDA:66,7,1,0
BRDA:66,8,0,0
BRDA:66,8,1,0
BRDA:66,9,0,0
BRDA:66,9,1,0
BRDA:69,10,0,0
BRDA:69,10,1,0
BRDA:69,10,2,0
BRDA:76,11,0,0
BRDA:76,11,1,0
BRDA:76,12,0,0
BRDA:76,12,1,0
BRDA:76,13,0,0
BRDA:76,13,1,0
BRDA:77,14,0,0
BRDA:77,14,1,0
BRDA:77,15,0,0
BRDA:77,15,1,0
BRDA:77,16,0,0
BRDA:77,16,1,0
BRF:35
BRH:2
end_of_record
TN:
SF:src/services/orders/OrderService.ts
FN:15,(anonymous_7)
FN:31,(anonymous_8)
FN:37,(anonymous_9)
FN:41,(anonymous_11)
FN:44,(anonymous_12)
FN:48,(anonymous_13)
FN:49,(anonymous_14)
FN:54,(anonymous_15)
FN:62,(anonymous_16)
FN:64,(anonymous_18)
FN:72,(anonymous_19)
FN:76,(anonymous_21)
FN:95,(anonymous_22)
FN:107,(anonymous_24)
FN:166,(anonymous_25)
FN:171,(anonymous_26)
FN:178,(anonymous_27)
FN:187,(anonymous_28)
FNF:18
FNH:12
FNDA:14,(anonymous_7)
FNDA:13,(anonymous_8)
FNDA:13,(anonymous_9)
FNDA:13,(anonymous_11)
FNDA:2,(anonymous_12)
FNDA:0,(anonymous_13)
FNDA:0,(anonymous_14)
FNDA:12,(anonymous_15)
FNDA:2,(anonymous_16)
FNDA:2,(anonymous_18)
FNDA:2,(anonymous_19)
FNDA:2,(anonymous_21)
FNDA:4,(anonymous_22)
FNDA:3,(anonymous_24)
FNDA:0,(anonymous_25)
FNDA:0,(anonymous_26)
FNDA:0,(anonymous_27)
FNDA:0,(anonymous_28)
DA:1,3
DA:3,3
DA:4,3
DA:12,3
DA:15,3
DA:16,14
DA:17,0
DA:19,14
DA:30,3
DA:32,13
DA:34,13
DA:38,13
DA:39,12
DA:41,13
DA:43,12
DA:44,2
DA:47,12
DA:48,0
DA:49,0
DA:54,12
DA:59,12
DA:63,2
DA:64,2
DA:65,2
DA:66,1
DA:73,2
DA:74,2
DA:76,2
DA:77,2
DA:79,1
DA:80,1
DA:83,1
DA:85,1
DA:86,1
DA:96,4
DA:97,4
DA:100,4
DA:102,4
DA:103,1
DA:107,3
DA:108,3
DA:109,3
DA:110,0
DA:113,3
DA:114,3
DA:115,0
DA:118,3
DA:121,3
DA:124,3
DA:127,3
DA:138,3
DA:140,3
DA:141,0
DA:144,3
DA:157,3
DA:160,3
DA:162,3
DA:163,3
DA:168,0
DA:171,0
DA:172,0
DA:173,0
DA:178,0
DA:179,0
DA:181,0
DA:182,0
DA:183,0
DA:187,0
DA:188,0
DA:189,0
DA:190,0
DA:196,3
LF:72
LH:53
BRDA:16,0,0,0
BRDA:16,0,1,14
BRDA:43,1,0,1
BRDA:43,1,1,11
BRDA:43,2,0,11
BRDA:43,2,1,1
BRDA:43,3,0,12
BRDA:43,3,1,12
BRDA:47,4,0,0
BRDA:47,4,1,12
BRDA:47,5,0,11
BRDA:47,5,1,1
BRDA:47,6,0,12
BRDA:47,6,1,12
BRDA:49,7,0,0
BRDA:49,7,1,0
BRDA:64,8,0,2
BRDA:64,8,1,1
BRDA:65,9,0,1
BRDA:65,9,1,1
BRDA:76,10,0,2
BRDA:76,10,1,1
BRDA:77,11,0,1
BRDA:77,11,1,1
BRDA:100,12,0,4
BRDA:100,12,1,0
BRDA:102,13,0,1
BRDA:102,13,1,3
BRDA:107,14,0,3
BRDA:107,14,1,0
BRDA:108,15,0,3
BRDA:108,15,1,0
BRDA:109,16,0,0
BRDA:109,16,1,3
BRDA:114,17,0,0
BRDA:114,17,1,3
BRDA:118,18,0,0
BRDA:118,18,1,3
BRDA:121,19,0,0
BRDA:121,19,1,3
BRDA:124,20,0,0
BRDA:124,20,1,3
BRDA:132,21,0,3
BRDA:132,21,1,0
BRDA:133,22,0,3
BRDA:133,22,1,0
BRDA:138,23,0,3
BRDA:138,23,1,0
BRDA:140,24,0,0
BRDA:140,24,1,3
BRDA:154,25,0,3
BRDA:154,25,1,0
BRDA:154,25,2,3
BRDA:172,26,0,0
BRDA:172,26,1,0
BRDA:172,27,0,0
BRDA:172,27,1,0
BRF:57
BRH:36
end_of_record
TN:
SF:src/services/performance/performanceMonitor.ts
FN:49,(anonymous_0)
FN:63,(anonymous_1)
FN:79,(anonymous_2)
FN:96,(anonymous_3)
FN:124,(anonymous_4)
FN:131,(anonymous_5)
FN:136,(anonymous_6)
FN:156,(anonymous_7)
FN:180,(anonymous_8)
FN:181,(anonymous_9)
FN:198,(anonymous_10)
FN:199,(anonymous_11)
FN:205,(anonymous_12)
FN:206,(anonymous_13)
FN:212,(anonymous_14)
FN:218,(anonymous_15)
FN:219,(anonymous_16)
FN:220,(anonymous_17)
FN:234,(anonymous_18)
FN:245,(anonymous_19)
FN:256,(anonymous_20)
FN:257,(anonymous_21)
FN:261,(anonymous_22)
FN:269,(anonymous_23)
FNF:24
FNH:17
FNDA:1,(anonymous_0)
FNDA:1510,(anonymous_1)
FNDA:8,(anonymous_2)
FNDA:2,(anonymous_3)
FNDA:7,(anonymous_4)
FNDA:3,(anonymous_5)
FNDA:4,(anonymous_6)
FNDA:3,(anonymous_7)
FNDA:9,(anonymous_8)
FNDA:9,(anonymous_9)
FNDA:1,(anonymous_10)
FNDA:2,(anonymous_11)
FNDA:1,(anonymous_12)
FNDA:2,(anonymous_13)
FNDA:3,(anonymous_14)
FNDA:0,(anonymous_15)
FNDA:0,(anonymous_16)
FNDA:0,(anonymous_17)
FNDA:13,(anonymous_18)
FNDA:1,(anonymous_19)
FNDA:0,(anonymous_20)
FNDA:0,(anonymous_21)
FNDA:0,(anonymous_22)
FNDA:0,(anonymous_23)
DA:50,1
DA:56,1
DA:57,1
DA:58,1
DA:64,1510
DA:71,1510
DA:72,500
DA:80,8
DA:88,8
DA:89,0
DA:97,2
DA:98,2
DA:105,2
DA:106,2
DA:114,2
DA:115,0
DA:125,7
DA:132,3
DA:133,3
DA:136,3
DA:137,4
DA:138,2
DA:147,4
DA:148,4
DA:149,4
DA:150,4
DA:151,4
DA:152,4
DA:156,3
DA:157,3
DA:158,1
DA:168,3
DA:169,3
DA:170,3
DA:171,2
DA:173,1
DA:175,3
DA:176,3
DA:179,3
DA:180,9
DA:181,9
DA:182,3
DA:186,3
DA:188,3
DA:199,2
DA:206,2
DA:213,3
DA:214,3
DA:217,0
DA:218,0
DA:219,0
DA:220,0
DA:222,0
DA:235,13
DA:246,1
DA:257,0
DA:258,0
DA:261,0
DA:266,1
DA:269,1
DA:275,0
LF:61
LH:50
BRDA:71,0,0,500
BRDA:71,0,1,1010
BRDA:88,1,0,0
BRDA:88,1,1,8
BRDA:97,2,0,2
BRDA:97,2,1,0
BRDA:105,3,0,2
BRDA:105,3,1,0
BRDA:114,4,0,0
BRDA:114,4,1,2
BRDA:137,5,0,2
BRDA:137,5,1,2
BRDA:157,6,0,1
BRDA:157,6,1,2
BRDA:170,7,0,2
BRDA:170,7,1,1
BRDA:198,8,0,0
BRDA:205,9,0,0
BRDA:213,10,0,3
BRDA:213,10,1,0
BRDA:256,11,0,0
BRDA:278,12,0,0
BRDA:278,12,1,0
BRF:23
BRH:13
end_of_record
TN:
SF:src/services/realtime/orderSubscription.ts
FN:18,(anonymous_0)
FN:22,(anonymous_1)
FN:27,(anonymous_2)
FN:30,(anonymous_3)
FN:35,(anonymous_4)
FN:46,(anonymous_5)
FN:48,(anonymous_6)
FN:49,(anonymous_7)
FN:59,(anonymous_8)
FN:63,(anonymous_9)
FN:69,(anonymous_10)
FN:74,(anonymous_11)
FN:79,(anonymous_12)
FN:87,(anonymous_13)
FN:114,(anonymous_14)
FN:134,(anonymous_15)
FN:135,(anonymous_16)
FN:160,(anonymous_17)
FN:161,(anonymous_18)
FN:167,(anonymous_19)
FN:170,(anonymous_20)
FN:177,(anonymous_21)
FN:190,(anonymous_22)
FN:195,(anonymous_23)
FNF:24
FNH:12
FNDA:3,(anonymous_0)
FNDA:4,(anonymous_1)
FNDA:4,(anonymous_2)
FNDA:3,(anonymous_3)
FNDA:3,(anonymous_4)
FNDA:0,(anonymous_5)
FNDA:0,(anonymous_6)
FNDA:0,(anonymous_7)
FNDA:0,(anonymous_8)
FNDA:0,(anonymous_9)
FNDA:3,(anonymous_10)
FNDA:0,(anonymous_11)
FNDA:1,(anonymous_12)
FNDA:0,(anonymous_13)
FNDA:100,(anonymous_14)
FNDA:248,(anonymous_15)
FNDA:1329,(anonymous_16)
FNDA:13,(anonymous_17)
FNDA:35,(anonymous_18)
FNDA:0,(anonymous_19)
FNDA:0,(anonymous_20)
FNDA:0,(anonymous_21)
FNDA:0,(anonymous_22)
FNDA:0,(anonymous_23)
DA:12,3
DA:15,3
DA:19,3
DA:20,3
DA:23,4
DA:24,4
DA:28,4
DA:30,4
DA:31,3
DA:36,3
DA:37,0
DA:38,0
DA:41,3
DA:42,3
DA:43,3
DA:46,3
DA:48,0
DA:49,0
DA:55,3
DA:58,3
DA:60,0
DA:63,0
DA:64,0
DA:70,3
DA:71,3
DA:75,0
DA:76,0
DA:80,1
DA:81,1
DA:82,1
DA:83,1
DA:88,0
DA:89,0
DA:94,3
DA:115,100
DA:116,100
DA:118,100
DA:119,248
DA:120,248
DA:121,248
DA:123,248
DA:134,100
DA:135,1329
DA:136,248
DA:139,100
DA:140,100
DA:144,100
DA:160,3
DA:161,13
DA:162,35
DA:167,3
DA:168,0
DA:170,0
DA:171,0
DA:172,0
DA:175,0
DA:177,0
DA:178,0
DA:180,0
DA:181,0
DA:182,0
DA:183,0
DA:184,0
DA:185,0
DA:190,0
DA:191,0
DA:195,0
LF:67
LH:40
BRDA:28,0,0,0
BRDA:28,0,1,4
BRDA:36,1,0,0
BRDA:36,1,1,3
BRDA:81,2,0,1
BRDA:81,2,1,0
BRDA:127,3,0,105
BRDA:127,3,1,143
BRDA:130,4,0,39
BRDA:130,4,1,209
BRDA:136,5,0,248
BRDA:136,5,1,0
BRDA:136,6,0,0
BRDA:136,6,1,248
BRDA:136,7,0,248
BRDA:136,7,1,248
BRDA:140,8,0,46
BRDA:140,8,1,54
BRDA:153,9,0,46
BRDA:153,9,1,54
BRDA:153,10,0,33
BRDA:153,10,1,21
BRDA:154,11,0,46
BRDA:154,11,1,54
BRDA:180,12,0,0
BRDA:180,12,1,0
BRDA:180,13,0,0
BRDA:180,13,1,0
BRDA:182,14,0,0
BRDA:182,14,1,0
BRDA:182,15,0,0
BRDA:182,15,1,0
BRDA:184,16,0,0
BRDA:184,16,1,0
BRDA:184,17,0,0
BRDA:184,17,1,0
BRF:36
BRH:19
end_of_record
TN:
SF:src/services/statistics/OrderStatisticsService.ts
FN:10,(anonymous_7)
FN:14,(anonymous_8)
FN:22,(anonymous_10)
FN:23,(anonymous_11)
FN:24,(anonymous_12)
FN:25,(anonymous_13)
FN:26,(anonymous_14)
FN:26,(anonymous_15)
FN:26,(anonymous_16)
FN:27,(anonymous_17)
FN:29,(anonymous_18)
FNF:11
FNH:1
FNDA:2,(anonymous_7)
FNDA:0,(anonymous_8)
FNDA:0,(anonymous_10)
FNDA:0,(anonymous_11)
FNDA:0,(anonymous_12)
FNDA:0,(anonymous_13)
FNDA:0,(anonymous_14)
FNDA:0,(anonymous_15)
FNDA:0,(anonymous_16)
FNDA:0,(anonymous_17)
FNDA:0,(anonymous_18)
DA:1,2
DA:3,2
DA:9,2
DA:10,2
DA:11,2
DA:15,0
DA:17,0
DA:20,0
DA:22,0
DA:23,0
DA:24,0
DA:25,0
DA:26,0
DA:27,0
DA:29,0
DA:33,0
DA:38,2
LF:17
LH:6
BRDA:25,0,0,0
BRDA:25,0,1,0
BRDA:26,1,0,0
BRDA:26,1,1,0
BRF:4
BRH:0
end_of_record
TN:
SF:src/services/tables/TableService.ts
FN:12,(anonymous_7)
FN:17,(anonymous_9)
FN:19,(anonymous_11)
FN:24,(anonymous_12)
FN:26,(anonymous_14)
FNF:5
FNH:0
FNDA:0,(anonymous_7)
FNDA:0,(anonymous_9)
FNDA:0,(anonymous_11)
FNDA:0,(anonymous_12)
FNDA:0,(anonymous_14)
DA:1,2
DA:3,2
DA:11,2
DA:13,0
DA:14,0
DA:18,0
DA:19,0
DA:20,0
DA:21,0
DA:25,0
DA:26,0
DA:27,0
DA:29,0
DA:30,0
DA:31,0
DA:36,2
LF:16
LH:4
BRDA:20,0,0,0
BRDA:20,0,1,0
BRDA:27,1,0,0
BRDA:27,1,1,0
BRF:4
BRH:0
end_of_record
TN:
SF:src/services/transcription/TranscriptionService.ts
FN:12,(anonymous_8)
FN:28,(anonymous_9)
FN:34,(anonymous_11)
FN:120,(anonymous_12)
FNF:4
FNH:0
FNDA:0,(anonymous_8)
FNDA:0,(anonymous_9)
FNDA:0,(anonymous_11)
FNDA:0,(anonymous_12)
DA:1,0
DA:9,0
DA:10,0
DA:14,0
DA:18,0
DA:21,0
DA:29,0
DA:31,0
DA:32,0
DA:34,0
DA:37,0
DA:43,0
DA:45,0
DA:51,0
DA:58,0
DA:60,0
DA:64,0
DA:71,0
DA:76,0
DA:79,0
DA:80,0
DA:81,0
DA:86,0
DA:87,0
DA:92,0
DA:93,0
DA:102,0
DA:103,0
DA:111,0
DA:121,0
DA:126,0
LF:31
LH:0
BRDA:14,0,0,0
BRDA:14,0,1,0
BRDA:14,1,0,0
BRDA:14,1,1,0
BRDA:18,2,0,0
BRDA:18,2,1,0
BRDA:29,3,0,0
BRDA:29,3,1,0
BRDA:31,4,0,0
BRDA:31,4,1,0
BRDA:61,5,0,0
BRDA:61,5,1,0
BRDA:79,6,0,0
BRDA:79,6,1,0
BRDA:80,7,0,0
BRDA:80,7,1,0
BRDA:86,8,0,0
BRDA:86,8,1,0
BRDA:92,9,0,0
BRDA:92,9,1,0
BRDA:102,10,0,0
BRDA:102,10,1,0
BRDA:102,11,0,0
BRDA:102,11,1,0
BRDA:114,12,0,0
BRDA:114,12,1,0
BRF:26
BRH:0
end_of_record
TN:
SF:src/services/transcription/index.ts
FN:1,(anonymous_0)
FNF:1
FNH:0
FNDA:0,(anonymous_0)
DA:1,0
LF:1
LH:0
BRF:0
BRH:0
end_of_record
TN:
SF:src/types/common.ts
FNF:0
FNH:0
DA:48,0
DA:49,0
LF:2
LH:0
BRF:0
BRH:0
end_of_record
TN:
SF:src/types/filters.ts
FN:48,(anonymous_0)
FN:49,(anonymous_1)
FN:74,(anonymous_2)
FN:87,(anonymous_3)
FN:88,(anonymous_4)
FN:107,(anonymous_5)
FN:108,(anonymous_6)
FN:120,(anonymous_7)
FNF:8
FNH:0
FNDA:0,(anonymous_0)
FNDA:0,(anonymous_1)
FNDA:0,(anonymous_2)
FNDA:0,(anonymous_3)
FNDA:0,(anonymous_4)
FNDA:0,(anonymous_5)
FNDA:0,(anonymous_6)
FNDA:0,(anonymous_7)
DA:38,1
DA:48,1
DA:49,0
DA:51,0
DA:52,0
DA:59,0
DA:60,0
DA:61,0
DA:62,0
DA:64,0
DA:65,0
DA:70,0
DA:71,0
DA:72,0
DA:73,0
DA:74,0
DA:75,0
DA:78,0
DA:79,0
DA:83,0
DA:87,1
DA:88,0
DA:89,0
DA:91,0
DA:93,0
DA:94,0
DA:96,0
DA:97,0
DA:99,0
DA:100,0
DA:102,0
DA:103,0
DA:104,0
DA:107,0
DA:108,0
DA:109,0
DA:110,0
DA:114,0
DA:117,0
DA:120,1
DA:121,0
DA:122,0
DA:124,0
DA:126,0
DA:127,0
DA:129,0
DA:130,0
DA:132,0
DA:133,0
DA:135,0
DA:136,0
DA:139,0
LF:52
LH:4
BRDA:51,0,0,0
BRDA:51,0,1,0
BRDA:51,1,0,0
BRDA:51,1,1,0
BRDA:59,2,0,0
BRDA:59,2,1,0
BRDA:59,3,0,0
BRDA:59,3,1,0
BRDA:61,4,0,0
BRDA:61,4,1,0
BRDA:61,5,0,0
BRDA:61,5,1,0
BRDA:64,6,0,0
BRDA:64,6,1,0
BRDA:64,7,0,0
BRDA:64,7,1,0
BRDA:70,8,0,0
BRDA:70,8,1,0
BRDA:78,9,0,0
BRDA:78,9,1,0
BRDA:78,10,0,0
BRDA:78,10,1,0
BRDA:78,10,2,0
BRDA:91,11,0,0
BRDA:91,11,1,0
BRDA:91,11,2,0
BRDA:91,11,3,0
BRDA:91,11,4,0
BRDA:114,12,0,0
BRDA:114,12,1,0
BRDA:124,13,0,0
BRDA:124,13,1,0
BRDA:124,13,2,0
BRDA:124,13,3,0
BRF:34
BRH:0
end_of_record
TN:
SF:src/types/station.ts
FNF:0
FNH:0
DA:20,3
LF:1
LH:1
BRF:0
BRH:0
end_of_record
TN:
SF:src/utils/cn.ts
FN:4,cn
FNF:1
FNH:0
FNDA:0,cn
DA:1,0
DA:2,0
DA:4,0
DA:5,0
LF:4
LH:0
BRF:0
BRH:0
end_of_record
TN:
SF:src/utils/index.ts
FN:6,cn
FN:11,(anonymous_1)
FN:19,(anonymous_2)
FN:24,(anonymous_3)
FN:29,(anonymous_4)
FN:33,(anonymous_5)
FN:40,(anonymous_6)
FN:45,(anonymous_7)
FN:47,(anonymous_8)
FN:51,(anonymous_9)
FN:54,(anonymous_10)
FN:60,(anonymous_11)
FN:69,(anonymous_12)
FN:76,(anonymous_13)
FN:81,(anonymous_14)
FN:85,(anonymous_15)
FN:95,(anonymous_16)
FN:101,(anonymous_17)
FN:104,(anonymous_18)
FN:112,(anonymous_19)
FN:118,(anonymous_20)
FN:122,(anonymous_21)
FN:127,(anonymous_22)
FNF:23
FNH:10
FNDA:965,cn
FNDA:7,(anonymous_1)
FNDA:0,(anonymous_2)
FNDA:4,(anonymous_3)
FNDA:3,(anonymous_4)
FNDA:3,(anonymous_5)
FNDA:3,(anonymous_6)
FNDA:0,(anonymous_7)
FNDA:0,(anonymous_8)
FNDA:0,(anonymous_9)
FNDA:0,(anonymous_10)
FNDA:70,(anonymous_11)
FNDA:0,(anonymous_12)
FNDA:14,(anonymous_13)
FNDA:50,(anonymous_14)
FNDA:131,(anonymous_15)
FNDA:0,(anonymous_16)
FNDA:0,(anonymous_17)
FNDA:0,(anonymous_18)
FNDA:0,(anonymous_19)
FNDA:0,(anonymous_20)
FNDA:0,(anonymous_21)
FNDA:0,(anonymous_22)
DA:2,15
DA:3,15
DA:6,15
DA:7,965
DA:11,15
DA:12,7
DA:19,15
DA:20,0
DA:21,0
DA:24,15
DA:25,4
DA:26,4
DA:29,15
DA:30,3
DA:33,15
DA:34,3
DA:35,0
DA:37,3
DA:40,15
DA:41,3
DA:42,3
DA:45,15
DA:46,0
DA:48,0
DA:49,0
DA:51,0
DA:54,15
DA:55,0
DA:56,0
DA:60,15
DA:61,70
DA:69,70
DA:73,15
DA:74,14
DA:77,14
DA:78,14
DA:82,50
DA:83,50
DA:85,131
DA:87,50
DA:88,45
DA:89,45
DA:92,5
DA:96,0
DA:101,15
DA:102,0
DA:103,0
DA:104,0
DA:108,15
DA:109,15
DA:110,15
DA:113,0
DA:114,0
DA:115,0
DA:119,0
DA:123,0
DA:124,0
DA:128,0
DA:129,0
DA:130,0
DA:132,0
LF:61
LH:38
BRDA:21,0,0,0
BRDA:21,0,1,0
BRDA:21,1,0,0
BRDA:21,1,1,0
BRDA:26,2,0,3
BRDA:26,2,1,1
BRDA:26,3,0,4
BRDA:26,3,1,3
BRDA:30,4,0,3
BRDA:30,4,1,0
BRDA:30,5,0,3
BRDA:30,5,1,3
BRDA:30,5,2,3
BRDA:34,6,0,0
BRDA:34,6,1,3
BRDA:34,7,0,3
BRDA:34,7,1,3
BRDA:34,7,2,3
BRDA:34,7,3,3
BRDA:42,8,0,3
BRDA:42,8,1,0
BRDA:42,9,0,3
BRDA:42,9,1,3
BRDA:49,10,0,0
BRDA:49,10,1,0
BRDA:49,11,0,0
BRDA:49,11,1,0
BRDA:56,12,0,0
BRDA:56,12,1,0
BRDA:56,13,0,0
BRDA:56,13,1,0
BRDA:69,14,0,0
BRDA:69,14,1,0
BRDA:87,15,0,45
BRDA:87,15,1,5
BRDA:101,16,0,0
BRDA:124,17,0,0
BRDA:124,17,1,0
BRDA:129,18,0,0
BRDA:129,18,1,0
BRF:40
BRH:18
end_of_record
TN:
SF:src/utils/motion.ts
FNF:0
FNH:0
DA:4,0
DA:10,0
DA:16,0
DA:23,0
DA:40,0
DA:57,0
DA:75,0
DA:85,0
DA:98,0
DA:119,0
DA:131,0
DA:143,0
DA:156,0
LF:13
LH:0
BRF:0
BRH:0
end_of_record
TN:
SF:src/utils/performanceDebugger.ts
FN:16,(anonymous_0)
FN:21,(anonymous_1)
FN:25,(anonymous_2)
FN:38,(anonymous_3)
FN:57,(anonymous_4)
FN:71,(anonymous_5)
FN:83,(anonymous_6)
FN:87,(anonymous_7)
FN:90,(anonymous_8)
FN:98,(anonymous_9)
FN:112,usePerformanceTracking
FN:119,logPerformanceReport
FNF:12
FNH:0
FNDA:0,(anonymous_0)
FNDA:0,(anonymous_1)
FNDA:0,(anonymous_2)
FNDA:0,(anonymous_3)
FNDA:0,(anonymous_4)
FNDA:0,(anonymous_5)
FNDA:0,(anonymous_6)
FNDA:0,(anonymous_7)
FNDA:0,(anonymous_8)
FNDA:0,(anonymous_9)
FNDA:0,usePerformanceTracking
FNDA:0,logPerformanceReport
DA:13,0
DA:17,0
DA:18,0
DA:23,0
DA:25,0
DA:26,0
DA:29,0
DA:30,0
DA:34,0
DA:39,0
DA:46,0
DA:47,0
DA:49,0
DA:52,0
DA:53,0
DA:58,0
DA:65,0
DA:66,0
DA:68,0
DA:72,0
DA:73,0
DA:80,0
DA:84,0
DA:88,0
DA:90,0
DA:91,0
DA:92,0
DA:93,0
DA:94,0
DA:96,0
DA:97,0
DA:98,0
DA:99,0
DA:104,0
DA:109,0
DA:112,0
DA:113,0
DA:114,0
DA:119,0
DA:120,0
DA:121,0
LF:41
LH:0
BRDA:23,0,0,0
BRDA:23,0,1,0
BRDA:26,1,0,0
BRDA:26,1,1,0
BRDA:26,2,0,0
BRDA:26,2,1,0
BRDA:26,3,0,0
BRDA:26,3,1,0
BRDA:29,4,0,0
BRDA:29,4,1,0
BRDA:39,5,0,0
BRDA:39,5,1,0
BRDA:52,6,0,0
BRDA:52,6,1,0
BRDA:58,7,0,0
BRDA:58,7,1,0
BRDA:72,8,0,0
BRDA:72,8,1,0
BRDA:73,9,0,0
BRDA:73,9,1,0
BRDA:96,10,0,0
BRDA:96,10,1,0
BRDA:113,11,0,0
BRDA:113,11,1,0
BRDA:120,12,0,0
BRDA:120,12,1,0
BRF:26
BRH:0
end_of_record
